[0.014s] Invoking command in '/home/vini_dunker/COSMOS-AFS/cosmos_ws/build/state_machine_pkg': CMAKE_PREFIX_PATH=${CMAKE_PREFIX_PATH}:/home/vini_dunker/Automation/mrt19ROS_ws/install/traverse_state_pkg:/home/vini_dunker/Automation/mrt19ROS_ws/install/state_machine_pkg:/home/vini_dunker/Automation/mrt19ROS_ws/install/mrt19_pkg:/home/vini_dunker/Automation/mrt19ROS_ws/install/drum_pkg:/home/vini_dunker/Automation/mrt19ROS_ws/install/data_acquition_pkg:/home/vini_dunker/udemy_ws/install/my_py_pkg:/home/vini_dunker/mrt_ws/install/traverse_stage:/home/vini_dunker/mrt_ws/install/state_machine:/home/vini_dunker/mrt_ws/install/data_acquisition:/opt/ros/humble /usr/bin/cmake /home/vini_dunker/COSMOS-AFS/cosmos_ws/src/state_machine_pkg -DCMAKE_INSTALL_PREFIX=/home/vini_dunker/COSMOS-AFS/cosmos_ws/install/state_machine_pkg
[0.249s] -- The C compiler identification is GNU 11.4.0
[1.289s] -- The CXX compiler identification is GNU 11.4.0
[2.119s] -- Detecting C compiler ABI info
[2.357s] -- Detecting C compiler ABI info - done
[2.365s] -- Check for working C compiler: /usr/bin/cc - skipped
[2.365s] -- Detecting C compile features
[2.365s] -- Detecting C compile features - done
[2.368s] -- Detecting CXX compiler ABI info
[2.609s] -- Detecting CXX compiler ABI info - done
[2.617s] -- Check for working CXX compiler: /usr/bin/c++ - skipped
[2.617s] -- Detecting CXX compile features
[2.618s] -- Detecting CXX compile features - done
[2.621s] -- Found ament_cmake: 1.3.4 (/opt/ros/humble/share/ament_cmake/cmake)
[2.766s] -- Found Python3: /usr/bin/python3.10 (found version "3.10.6") found components: Interpreter 
[2.853s] -- Found rclcpp: 16.0.4 (/opt/ros/humble/share/rclcpp/cmake)
[3.169s] -- Found rosidl_generator_c: 3.1.4 (/opt/ros/humble/share/rosidl_generator_c/cmake)
[3.174s] -- Found rosidl_adapter: 3.1.4 (/opt/ros/humble/share/rosidl_adapter/cmake)
[3.183s] -- Found rosidl_generator_cpp: 3.1.4 (/opt/ros/humble/share/rosidl_generator_cpp/cmake)
[3.195s] -- Using all available rosidl_typesupport_c: rosidl_typesupport_fastrtps_c;rosidl_typesupport_introspection_c
[3.214s] -- Using all available rosidl_typesupport_cpp: rosidl_typesupport_fastrtps_cpp;rosidl_typesupport_introspection_cpp
[3.283s] -- Found rmw_implementation_cmake: 6.1.1 (/opt/ros/humble/share/rmw_implementation_cmake/cmake)
[3.286s] -- Found rmw_fastrtps_cpp: 6.2.2 (/opt/ros/humble/share/rmw_fastrtps_cpp/cmake)
[6.168s] -- Found OpenSSL: /usr/lib/x86_64-linux-gnu/libcrypto.so (found version "3.0.2")  
[9.361s] -- Found FastRTPS: /opt/ros/humble/include  
[15.220s] -- Using RMW implementation 'rmw_fastrtps_cpp' as default
[15.237s] -- Looking for pthread.h
[15.478s] -- Looking for pthread.h - found
[15.478s] -- Performing Test CMAKE_HAVE_LIBC_PTHREAD
[15.719s] -- Performing Test CMAKE_HAVE_LIBC_PTHREAD - Success
[15.720s] -- Found Threads: TRUE  
[15.889s] [31mCMake Error at /opt/ros/humble/share/ament_cmake_target_dependencies/cmake/ament_target_dependencies.cmake:42 (message):
[15.889s]   ament_target_dependencies() the first argument must be a valid target name
[15.889s] Call Stack (most recent call first):
[15.889s]   CMakeLists.txt:13 (ament_target_dependencies)
[15.889s] 
[15.889s] [0m
[15.890s] -- Configuring incomplete, errors occurred!
[15.890s] See also "/home/vini_dunker/COSMOS-AFS/cosmos_ws/build/state_machine_pkg/CMakeFiles/CMakeOutput.log".
[15.897s] Invoked command in '/home/vini_dunker/COSMOS-AFS/cosmos_ws/build/state_machine_pkg' returned '1': CMAKE_PREFIX_PATH=${CMAKE_PREFIX_PATH}:/home/vini_dunker/Automation/mrt19ROS_ws/install/traverse_state_pkg:/home/vini_dunker/Automation/mrt19ROS_ws/install/state_machine_pkg:/home/vini_dunker/Automation/mrt19ROS_ws/install/mrt19_pkg:/home/vini_dunker/Automation/mrt19ROS_ws/install/drum_pkg:/home/vini_dunker/Automation/mrt19ROS_ws/install/data_acquition_pkg:/home/vini_dunker/udemy_ws/install/my_py_pkg:/home/vini_dunker/mrt_ws/install/traverse_stage:/home/vini_dunker/mrt_ws/install/state_machine:/home/vini_dunker/mrt_ws/install/data_acquisition:/opt/ros/humble /usr/bin/cmake /home/vini_dunker/COSMOS-AFS/cosmos_ws/src/state_machine_pkg -DCMAKE_INSTALL_PREFIX=/home/vini_dunker/COSMOS-AFS/cosmos_ws/install/state_machine_pkg
