running egg_info
creating ../../build/attitude_service_pkg/attitude_service_pkg.egg-info
writing ../../build/attitude_service_pkg/attitude_service_pkg.egg-info/PKG-INFO
writing dependency_links to ../../build/attitude_service_pkg/attitude_service_pkg.egg-info/dependency_links.txt
writing entry points to ../../build/attitude_service_pkg/attitude_service_pkg.egg-info/entry_points.txt
writing requirements to ../../build/attitude_service_pkg/attitude_service_pkg.egg-info/requires.txt
writing top-level names to ../../build/attitude_service_pkg/attitude_service_pkg.egg-info/top_level.txt
writing manifest file '../../build/attitude_service_pkg/attitude_service_pkg.egg-info/SOURCES.txt'
reading manifest file '../../build/attitude_service_pkg/attitude_service_pkg.egg-info/SOURCES.txt'
writing manifest file '../../build/attitude_service_pkg/attitude_service_pkg.egg-info/SOURCES.txt'
running build
running build_py
creating /home/vini_dunker/COSMOS-AFS/cosmos_ws/build/attitude_service_pkg/build
creating /home/vini_dunker/COSMOS-AFS/cosmos_ws/build/attitude_service_pkg/build/lib
creating /home/vini_dunker/COSMOS-AFS/cosmos_ws/build/attitude_service_pkg/build/lib/attitude_service_pkg
copying attitude_service_pkg/__init__.py -> /home/vini_dunker/COSMOS-AFS/cosmos_ws/build/attitude_service_pkg/build/lib/attitude_service_pkg
copying attitude_service_pkg/SkewServ.py -> /home/vini_dunker/COSMOS-AFS/cosmos_ws/build/attitude_service_pkg/build/lib/attitude_service_pkg
copying attitude_service_pkg/AxisAngleToDCM.py -> /home/vini_dunker/COSMOS-AFS/cosmos_ws/build/attitude_service_pkg/build/lib/attitude_service_pkg
running install
running install_lib
creating /home/vini_dunker/COSMOS-AFS/cosmos_ws/install/attitude_service_pkg/lib/python3.10/site-packages/attitude_service_pkg
copying /home/vini_dunker/COSMOS-AFS/cosmos_ws/build/attitude_service_pkg/build/lib/attitude_service_pkg/__init__.py -> /home/vini_dunker/COSMOS-AFS/cosmos_ws/install/attitude_service_pkg/lib/python3.10/site-packages/attitude_service_pkg
copying /home/vini_dunker/COSMOS-AFS/cosmos_ws/build/attitude_service_pkg/build/lib/attitude_service_pkg/SkewServ.py -> /home/vini_dunker/COSMOS-AFS/cosmos_ws/install/attitude_service_pkg/lib/python3.10/site-packages/attitude_service_pkg
copying /home/vini_dunker/COSMOS-AFS/cosmos_ws/build/attitude_service_pkg/build/lib/attitude_service_pkg/AxisAngleToDCM.py -> /home/vini_dunker/COSMOS-AFS/cosmos_ws/install/attitude_service_pkg/lib/python3.10/site-packages/attitude_service_pkg
byte-compiling /home/vini_dunker/COSMOS-AFS/cosmos_ws/install/attitude_service_pkg/lib/python3.10/site-packages/attitude_service_pkg/__init__.py to __init__.cpython-310.pyc
byte-compiling /home/vini_dunker/COSMOS-AFS/cosmos_ws/install/attitude_service_pkg/lib/python3.10/site-packages/attitude_service_pkg/SkewServ.py to SkewServ.cpython-310.pyc
byte-compiling /home/vini_dunker/COSMOS-AFS/cosmos_ws/install/attitude_service_pkg/lib/python3.10/site-packages/attitude_service_pkg/AxisAngleToDCM.py to AxisAngleToDCM.cpython-310.pyc
running install_data
creating /home/vini_dunker/COSMOS-AFS/cosmos_ws/install/attitude_service_pkg/share/ament_index
creating /home/vini_dunker/COSMOS-AFS/cosmos_ws/install/attitude_service_pkg/share/ament_index/resource_index
creating /home/vini_dunker/COSMOS-AFS/cosmos_ws/install/attitude_service_pkg/share/ament_index/resource_index/packages
copying resource/attitude_service_pkg -> /home/vini_dunker/COSMOS-AFS/cosmos_ws/install/attitude_service_pkg/share/ament_index/resource_index/packages
copying package.xml -> /home/vini_dunker/COSMOS-AFS/cosmos_ws/install/attitude_service_pkg/share/attitude_service_pkg
running install_egg_info
Copying ../../build/attitude_service_pkg/attitude_service_pkg.egg-info to /home/vini_dunker/COSMOS-AFS/cosmos_ws/install/attitude_service_pkg/lib/python3.10/site-packages/attitude_service_pkg-0.0.0-py3.10.egg-info
running install_scripts
Installing AxisAngleToDCM script to /home/vini_dunker/COSMOS-AFS/cosmos_ws/install/attitude_service_pkg/lib/attitude_service_pkg
Installing SkewServ script to /home/vini_dunker/COSMOS-AFS/cosmos_ws/install/attitude_service_pkg/lib/attitude_service_pkg
writing list of installed files to '/home/vini_dunker/COSMOS-AFS/cosmos_ws/build/attitude_service_pkg/install.log'
