[1.146s] Invoking command in '/home/vini_dunker/COSMOS-AFS/cosmos_ws/src/attitude_service_pkg': PYTHONPATH=/home/vini_dunker/COSMOS-AFS/cosmos_ws/build/attitude_service_pkg/prefix_override:/home/vini_dunker/COSMOS-AFS/cosmos_ws/install/attitude_service_pkg/lib/python3.10/site-packages:${PYTHONPATH} /usr/bin/python3 setup.py egg_info --egg-base ../../build/attitude_service_pkg build --build-base /home/vini_dunker/COSMOS-AFS/cosmos_ws/build/attitude_service_pkg/build install --record /home/vini_dunker/COSMOS-AFS/cosmos_ws/build/attitude_service_pkg/install.log --single-version-externally-managed
[1.429s] running egg_info
[1.430s] creating ../../build/attitude_service_pkg/attitude_service_pkg.egg-info
[1.431s] writing ../../build/attitude_service_pkg/attitude_service_pkg.egg-info/PKG-INFO
[1.431s] writing dependency_links to ../../build/attitude_service_pkg/attitude_service_pkg.egg-info/dependency_links.txt
[1.431s] writing entry points to ../../build/attitude_service_pkg/attitude_service_pkg.egg-info/entry_points.txt
[1.431s] writing requirements to ../../build/attitude_service_pkg/attitude_service_pkg.egg-info/requires.txt
[1.431s] writing top-level names to ../../build/attitude_service_pkg/attitude_service_pkg.egg-info/top_level.txt
[1.432s] writing manifest file '../../build/attitude_service_pkg/attitude_service_pkg.egg-info/SOURCES.txt'
[1.435s] reading manifest file '../../build/attitude_service_pkg/attitude_service_pkg.egg-info/SOURCES.txt'
[1.435s] writing manifest file '../../build/attitude_service_pkg/attitude_service_pkg.egg-info/SOURCES.txt'
[1.436s] running build
[1.436s] running build_py
[1.436s] creating /home/vini_dunker/COSMOS-AFS/cosmos_ws/build/attitude_service_pkg/build
[1.437s] creating /home/vini_dunker/COSMOS-AFS/cosmos_ws/build/attitude_service_pkg/build/lib
[1.437s] creating /home/vini_dunker/COSMOS-AFS/cosmos_ws/build/attitude_service_pkg/build/lib/attitude_service_pkg
[1.437s] copying attitude_service_pkg/__init__.py -> /home/vini_dunker/COSMOS-AFS/cosmos_ws/build/attitude_service_pkg/build/lib/attitude_service_pkg
[1.437s] copying attitude_service_pkg/SkewServ.py -> /home/vini_dunker/COSMOS-AFS/cosmos_ws/build/attitude_service_pkg/build/lib/attitude_service_pkg
[1.437s] copying attitude_service_pkg/AxisAngleToDCM.py -> /home/vini_dunker/COSMOS-AFS/cosmos_ws/build/attitude_service_pkg/build/lib/attitude_service_pkg
[1.437s] running install
[1.437s] running install_lib
[1.438s] creating /home/vini_dunker/COSMOS-AFS/cosmos_ws/install/attitude_service_pkg/lib/python3.10/site-packages/attitude_service_pkg
[1.438s] copying /home/vini_dunker/COSMOS-AFS/cosmos_ws/build/attitude_service_pkg/build/lib/attitude_service_pkg/__init__.py -> /home/vini_dunker/COSMOS-AFS/cosmos_ws/install/attitude_service_pkg/lib/python3.10/site-packages/attitude_service_pkg
[1.439s] copying /home/vini_dunker/COSMOS-AFS/cosmos_ws/build/attitude_service_pkg/build/lib/attitude_service_pkg/SkewServ.py -> /home/vini_dunker/COSMOS-AFS/cosmos_ws/install/attitude_service_pkg/lib/python3.10/site-packages/attitude_service_pkg
[1.439s] copying /home/vini_dunker/COSMOS-AFS/cosmos_ws/build/attitude_service_pkg/build/lib/attitude_service_pkg/AxisAngleToDCM.py -> /home/vini_dunker/COSMOS-AFS/cosmos_ws/install/attitude_service_pkg/lib/python3.10/site-packages/attitude_service_pkg
[1.439s] byte-compiling /home/vini_dunker/COSMOS-AFS/cosmos_ws/install/attitude_service_pkg/lib/python3.10/site-packages/attitude_service_pkg/__init__.py to __init__.cpython-310.pyc
[1.440s] byte-compiling /home/vini_dunker/COSMOS-AFS/cosmos_ws/install/attitude_service_pkg/lib/python3.10/site-packages/attitude_service_pkg/SkewServ.py to SkewServ.cpython-310.pyc
[1.440s] byte-compiling /home/vini_dunker/COSMOS-AFS/cosmos_ws/install/attitude_service_pkg/lib/python3.10/site-packages/attitude_service_pkg/AxisAngleToDCM.py to AxisAngleToDCM.cpython-310.pyc
[1.440s] running install_data
[1.441s] creating /home/vini_dunker/COSMOS-AFS/cosmos_ws/install/attitude_service_pkg/share/ament_index
[1.441s] creating /home/vini_dunker/COSMOS-AFS/cosmos_ws/install/attitude_service_pkg/share/ament_index/resource_index
[1.441s] creating /home/vini_dunker/COSMOS-AFS/cosmos_ws/install/attitude_service_pkg/share/ament_index/resource_index/packages
[1.442s] copying resource/attitude_service_pkg -> /home/vini_dunker/COSMOS-AFS/cosmos_ws/install/attitude_service_pkg/share/ament_index/resource_index/packages
[1.442s] copying package.xml -> /home/vini_dunker/COSMOS-AFS/cosmos_ws/install/attitude_service_pkg/share/attitude_service_pkg
[1.442s] running install_egg_info
[1.443s] Copying ../../build/attitude_service_pkg/attitude_service_pkg.egg-info to /home/vini_dunker/COSMOS-AFS/cosmos_ws/install/attitude_service_pkg/lib/python3.10/site-packages/attitude_service_pkg-0.0.0-py3.10.egg-info
[1.445s] running install_scripts
[1.466s] Installing AxisAngleToDCM script to /home/vini_dunker/COSMOS-AFS/cosmos_ws/install/attitude_service_pkg/lib/attitude_service_pkg
[1.466s] Installing SkewServ script to /home/vini_dunker/COSMOS-AFS/cosmos_ws/install/attitude_service_pkg/lib/attitude_service_pkg
[1.467s] writing list of installed files to '/home/vini_dunker/COSMOS-AFS/cosmos_ws/build/attitude_service_pkg/install.log'
[1.510s] Invoked command in '/home/vini_dunker/COSMOS-AFS/cosmos_ws/src/attitude_service_pkg' returned '0': PYTHONPATH=/home/vini_dunker/COSMOS-AFS/cosmos_ws/build/attitude_service_pkg/prefix_override:/home/vini_dunker/COSMOS-AFS/cosmos_ws/install/attitude_service_pkg/lib/python3.10/site-packages:${PYTHONPATH} /usr/bin/python3 setup.py egg_info --egg-base ../../build/attitude_service_pkg build --build-base /home/vini_dunker/COSMOS-AFS/cosmos_ws/build/attitude_service_pkg/build install --record /home/vini_dunker/COSMOS-AFS/cosmos_ws/build/attitude_service_pkg/install.log --single-version-externally-managed
