[1.326s] Invoking command in '/home/vini_dunker/COSMOS-AFS/cosmos_ws/src/attitude_control_pkg': PYTHONPATH=/home/vini_dunker/COSMOS-AFS/cosmos_ws/build/attitude_control_pkg/prefix_override:/home/vini_dunker/COSMOS-AFS/cosmos_ws/install/attitude_control_pkg/lib/python3.10/site-packages:${PYTHONPATH} /usr/bin/python3 setup.py egg_info --egg-base ../../build/attitude_control_pkg build --build-base /home/vini_dunker/COSMOS-AFS/cosmos_ws/build/attitude_control_pkg/build install --record /home/vini_dunker/COSMOS-AFS/cosmos_ws/build/attitude_control_pkg/install.log --single-version-externally-managed
[1.544s] running egg_info
[1.544s] creating ../../build/attitude_control_pkg/attitude_control_pkg.egg-info
[1.544s] writing ../../build/attitude_control_pkg/attitude_control_pkg.egg-info/PKG-INFO
[1.545s] writing dependency_links to ../../build/attitude_control_pkg/attitude_control_pkg.egg-info/dependency_links.txt
[1.545s] writing entry points to ../../build/attitude_control_pkg/attitude_control_pkg.egg-info/entry_points.txt
[1.545s] writing requirements to ../../build/attitude_control_pkg/attitude_control_pkg.egg-info/requires.txt
[1.546s] writing top-level names to ../../build/attitude_control_pkg/attitude_control_pkg.egg-info/top_level.txt
[1.546s] writing manifest file '../../build/attitude_control_pkg/attitude_control_pkg.egg-info/SOURCES.txt'
[1.547s] reading manifest file '../../build/attitude_control_pkg/attitude_control_pkg.egg-info/SOURCES.txt'
[1.548s] writing manifest file '../../build/attitude_control_pkg/attitude_control_pkg.egg-info/SOURCES.txt'
[1.549s] running build
[1.549s] running build_py
[1.549s] creating /home/vini_dunker/COSMOS-AFS/cosmos_ws/build/attitude_control_pkg/build
[1.550s] creating /home/vini_dunker/COSMOS-AFS/cosmos_ws/build/attitude_control_pkg/build/lib
[1.550s] creating /home/vini_dunker/COSMOS-AFS/cosmos_ws/build/attitude_control_pkg/build/lib/attitude_control_pkg
[1.550s] copying attitude_control_pkg/__init__.py -> /home/vini_dunker/COSMOS-AFS/cosmos_ws/build/attitude_control_pkg/build/lib/attitude_control_pkg
[1.550s] copying attitude_control_pkg/reaction_wheels_node.py -> /home/vini_dunker/COSMOS-AFS/cosmos_ws/build/attitude_control_pkg/build/lib/attitude_control_pkg
[1.550s] running install
[1.551s] running install_lib
[1.551s] creating /home/vini_dunker/COSMOS-AFS/cosmos_ws/install/attitude_control_pkg/lib/python3.10/site-packages/attitude_control_pkg
[1.551s] copying /home/vini_dunker/COSMOS-AFS/cosmos_ws/build/attitude_control_pkg/build/lib/attitude_control_pkg/__init__.py -> /home/vini_dunker/COSMOS-AFS/cosmos_ws/install/attitude_control_pkg/lib/python3.10/site-packages/attitude_control_pkg
[1.551s] copying /home/vini_dunker/COSMOS-AFS/cosmos_ws/build/attitude_control_pkg/build/lib/attitude_control_pkg/reaction_wheels_node.py -> /home/vini_dunker/COSMOS-AFS/cosmos_ws/install/attitude_control_pkg/lib/python3.10/site-packages/attitude_control_pkg
[1.552s] byte-compiling /home/vini_dunker/COSMOS-AFS/cosmos_ws/install/attitude_control_pkg/lib/python3.10/site-packages/attitude_control_pkg/__init__.py to __init__.cpython-310.pyc
[1.552s] byte-compiling /home/vini_dunker/COSMOS-AFS/cosmos_ws/install/attitude_control_pkg/lib/python3.10/site-packages/attitude_control_pkg/reaction_wheels_node.py to reaction_wheels_node.cpython-310.pyc
[1.552s] running install_data
[1.553s] creating /home/vini_dunker/COSMOS-AFS/cosmos_ws/install/attitude_control_pkg/share/ament_index
[1.553s] creating /home/vini_dunker/COSMOS-AFS/cosmos_ws/install/attitude_control_pkg/share/ament_index/resource_index
[1.553s] creating /home/vini_dunker/COSMOS-AFS/cosmos_ws/install/attitude_control_pkg/share/ament_index/resource_index/packages
[1.553s] copying resource/attitude_control_pkg -> /home/vini_dunker/COSMOS-AFS/cosmos_ws/install/attitude_control_pkg/share/ament_index/resource_index/packages
[1.553s] copying package.xml -> /home/vini_dunker/COSMOS-AFS/cosmos_ws/install/attitude_control_pkg/share/attitude_control_pkg
[1.553s] running install_egg_info
[1.555s] Copying ../../build/attitude_control_pkg/attitude_control_pkg.egg-info to /home/vini_dunker/COSMOS-AFS/cosmos_ws/install/attitude_control_pkg/lib/python3.10/site-packages/attitude_control_pkg-0.0.0-py3.10.egg-info
[1.557s] running install_scripts
[1.577s] writing list of installed files to '/home/vini_dunker/COSMOS-AFS/cosmos_ws/build/attitude_control_pkg/install.log'
[1.608s] Invoked command in '/home/vini_dunker/COSMOS-AFS/cosmos_ws/src/attitude_control_pkg' returned '0': PYTHONPATH=/home/vini_dunker/COSMOS-AFS/cosmos_ws/build/attitude_control_pkg/prefix_override:/home/vini_dunker/COSMOS-AFS/cosmos_ws/install/attitude_control_pkg/lib/python3.10/site-packages:${PYTHONPATH} /usr/bin/python3 setup.py egg_info --egg-base ../../build/attitude_control_pkg build --build-base /home/vini_dunker/COSMOS-AFS/cosmos_ws/build/attitude_control_pkg/build install --record /home/vini_dunker/COSMOS-AFS/cosmos_ws/build/attitude_control_pkg/install.log --single-version-externally-managed
