running egg_info
creating ../../build/communication_pkg/communication_pkg.egg-info
writing ../../build/communication_pkg/communication_pkg.egg-info/PKG-INFO
writing dependency_links to ../../build/communication_pkg/communication_pkg.egg-info/dependency_links.txt
writing entry points to ../../build/communication_pkg/communication_pkg.egg-info/entry_points.txt
writing requirements to ../../build/communication_pkg/communication_pkg.egg-info/requires.txt
writing top-level names to ../../build/communication_pkg/communication_pkg.egg-info/top_level.txt
writing manifest file '../../build/communication_pkg/communication_pkg.egg-info/SOURCES.txt'
reading manifest file '../../build/communication_pkg/communication_pkg.egg-info/SOURCES.txt'
writing manifest file '../../build/communication_pkg/communication_pkg.egg-info/SOURCES.txt'
running build
running build_py
creating /home/cosmos/COSMOS-AFS/cosmos_ws/build/communication_pkg/build
creating /home/cosmos/COSMOS-AFS/cosmos_ws/build/communication_pkg/build/lib
creating /home/cosmos/COSMOS-AFS/cosmos_ws/build/communication_pkg/build/lib/communication_pkg
copying communication_pkg/SerialCommunication.py -> /home/cosmos/COSMOS-AFS/cosmos_ws/build/communication_pkg/build/lib/communication_pkg
copying communication_pkg/__init__.py -> /home/cosmos/COSMOS-AFS/cosmos_ws/build/communication_pkg/build/lib/communication_pkg
running install
running install_lib
creating /home/cosmos/COSMOS-AFS/cosmos_ws/install/communication_pkg/lib/python3.10/site-packages/communication_pkg
copying /home/cosmos/COSMOS-AFS/cosmos_ws/build/communication_pkg/build/lib/communication_pkg/SerialCommunication.py -> /home/cosmos/COSMOS-AFS/cosmos_ws/install/communication_pkg/lib/python3.10/site-packages/communication_pkg
copying /home/cosmos/COSMOS-AFS/cosmos_ws/build/communication_pkg/build/lib/communication_pkg/__init__.py -> /home/cosmos/COSMOS-AFS/cosmos_ws/install/communication_pkg/lib/python3.10/site-packages/communication_pkg
byte-compiling /home/cosmos/COSMOS-AFS/cosmos_ws/install/communication_pkg/lib/python3.10/site-packages/communication_pkg/SerialCommunication.py to SerialCommunication.cpython-310.pyc
byte-compiling /home/cosmos/COSMOS-AFS/cosmos_ws/install/communication_pkg/lib/python3.10/site-packages/communication_pkg/__init__.py to __init__.cpython-310.pyc
running install_data
creating /home/cosmos/COSMOS-AFS/cosmos_ws/install/communication_pkg/share/ament_index
creating /home/cosmos/COSMOS-AFS/cosmos_ws/install/communication_pkg/share/ament_index/resource_index
creating /home/cosmos/COSMOS-AFS/cosmos_ws/install/communication_pkg/share/ament_index/resource_index/packages
copying resource/communication_pkg -> /home/cosmos/COSMOS-AFS/cosmos_ws/install/communication_pkg/share/ament_index/resource_index/packages
copying package.xml -> /home/cosmos/COSMOS-AFS/cosmos_ws/install/communication_pkg/share/communication_pkg
running install_egg_info
Copying ../../build/communication_pkg/communication_pkg.egg-info to /home/cosmos/COSMOS-AFS/cosmos_ws/install/communication_pkg/lib/python3.10/site-packages/communication_pkg-0.0.0-py3.10.egg-info
running install_scripts
Installing SerialCommunication script to /home/cosmos/COSMOS-AFS/cosmos_ws/install/communication_pkg/lib/communication_pkg
writing list of installed files to '/home/cosmos/COSMOS-AFS/cosmos_ws/build/communication_pkg/install.log'
