[0.165s] Invoking command in '/home/vini_dunker/COSMOS-AFS/cosmos_ws/build/attitude_control_pkg': CMAKE_PREFIX_PATH=/home/vini_dunker/COSMOS-AFS/cosmos_ws/install/cosmos_interfaces:/home/vini_dunker/udemy_ws/install/udemy_bringup:/home/vini_dunker/udemy_ws/install/my_cpp_pkg:/home/vini_dunker/udemy_ws/install/udemy_interfaces:/home/vini_dunker/udemy_ws/install/px4_ros_com:/home/vini_dunker/udemy_ws/install/px4_msgs:/home/vini_dunker/COSMOS-AFS/cosmos_ws/install/cosmos_bringup:/home/vini_dunker/COSMOS-AFS/cosmos_ws/install/state_machine_pkg:/home/vini_dunker/COSMOS-AFS/cosmos_ws/install/attitude_control_pkg:/home/vini_dunker/MRT-19/ros_drone_ws/install/drone_control:/home/vini_dunker/udemy_ws/install/my_py_pkg:/home/vini_dunker/COSMOS-AFS/cosmos_ws/install/sensors_pkg:/home/vini_dunker/COSMOS-AFS/cosmos_ws/install/communication_pkg:/home/vini_dunker/COSMOS-AFS/cosmos_ws/install/camera_pkg:/home/vini_dunker/COSMOS-AFS/cosmos_ws/install/attitude_service_pkg:/home/vini_dunker/Automation/mrt19ROS_ws/install/traverse_state_pkg:/home/vini_dunker/Automation/mrt19ROS_ws/install/state_machine_pkg:/home/vini_dunker/Automation/mrt19ROS_ws/install/mrt19_pkg:/home/vini_dunker/Automation/mrt19ROS_ws/install/drum_pkg:/home/vini_dunker/Automation/mrt19ROS_ws/install/data_acquition_pkg:/home/vini_dunker/mrt_ws/install/traverse_stage:/home/vini_dunker/mrt_ws/install/state_machine:/home/vini_dunker/mrt_ws/install/data_acquisition:/opt/ros/humble LD_LIBRARY_PATH=/home/vini_dunker/COSMOS-AFS/cosmos_ws/install/cosmos_interfaces/lib:/home/vini_dunker/udemy_ws/install/udemy_interfaces/lib:/home/vini_dunker/udemy_ws/install/px4_ros_com/lib:/home/vini_dunker/udemy_ws/install/px4_msgs/lib:/opt/ros/humble/opt/rviz_ogre_vendor/lib:/opt/ros/humble/lib/x86_64-linux-gnu:/opt/ros/humble/lib /usr/bin/cmake --build /home/vini_dunker/COSMOS-AFS/cosmos_ws/build/attitude_control_pkg -- -j12 -l12
[0.195s] -- Found ament_cmake: 1.3.4 (/opt/ros/humble/share/ament_cmake/cmake)
[0.368s] -- Found rclcpp: 16.0.4 (/opt/ros/humble/share/rclcpp/cmake)
[0.630s] -- Found rosidl_generator_c: 3.1.4 (/opt/ros/humble/share/rosidl_generator_c/cmake)
[0.632s] -- Found rosidl_adapter: 3.1.4 (/opt/ros/humble/share/rosidl_adapter/cmake)
[0.641s] -- Found rosidl_generator_cpp: 3.1.4 (/opt/ros/humble/share/rosidl_generator_cpp/cmake)
[0.655s] -- Using all available rosidl_typesupport_c: rosidl_typesupport_fastrtps_c;rosidl_typesupport_introspection_c
[0.672s] -- Using all available rosidl_typesupport_cpp: rosidl_typesupport_fastrtps_cpp;rosidl_typesupport_introspection_cpp
[0.735s] -- Found rmw_implementation_cmake: 6.1.1 (/opt/ros/humble/share/rmw_implementation_cmake/cmake)
[0.737s] -- Found rmw_fastrtps_cpp: 6.2.2 (/opt/ros/humble/share/rmw_fastrtps_cpp/cmake)
[7.630s] -- Using RMW implementation 'rmw_fastrtps_cpp' as default
[7.792s] -- Found cosmos_interfaces: 0.0.0 (/home/vini_dunker/COSMOS-AFS/cosmos_ws/install/cosmos_interfaces/share/cosmos_interfaces/cmake)
[7.876s] -- Configuring done
[7.896s] -- Generating done
[7.898s] -- Build files have been written to: /home/vini_dunker/COSMOS-AFS/cosmos_ws/build/attitude_control_pkg
[7.918s] [35m[1mConsolidate compiler generated dependencies of target attitude_control[0m
[7.924s] [ 25%] [32mBuilding CXX object CMakeFiles/kinematics.dir/src/kinematics_node.cpp.o[0m
[7.933s] [ 50%] [32mBuilding CXX object CMakeFiles/attitude_control.dir/src/attitude_control_node.cpp.o[0m
[10.374s] [ 75%] [32m[1mLinking CXX executable kinematics[0m
[10.573s] [ 75%] Built target kinematics
[17.738s] [100%] [32m[1mLinking CXX executable attitude_control[0m
[18.226s] [100%] Built target attitude_control
[18.234s] Invoked command in '/home/vini_dunker/COSMOS-AFS/cosmos_ws/build/attitude_control_pkg' returned '0': CMAKE_PREFIX_PATH=/home/vini_dunker/COSMOS-AFS/cosmos_ws/install/cosmos_interfaces:/home/vini_dunker/udemy_ws/install/udemy_bringup:/home/vini_dunker/udemy_ws/install/my_cpp_pkg:/home/vini_dunker/udemy_ws/install/udemy_interfaces:/home/vini_dunker/udemy_ws/install/px4_ros_com:/home/vini_dunker/udemy_ws/install/px4_msgs:/home/vini_dunker/COSMOS-AFS/cosmos_ws/install/cosmos_bringup:/home/vini_dunker/COSMOS-AFS/cosmos_ws/install/state_machine_pkg:/home/vini_dunker/COSMOS-AFS/cosmos_ws/install/attitude_control_pkg:/home/vini_dunker/MRT-19/ros_drone_ws/install/drone_control:/home/vini_dunker/udemy_ws/install/my_py_pkg:/home/vini_dunker/COSMOS-AFS/cosmos_ws/install/sensors_pkg:/home/vini_dunker/COSMOS-AFS/cosmos_ws/install/communication_pkg:/home/vini_dunker/COSMOS-AFS/cosmos_ws/install/camera_pkg:/home/vini_dunker/COSMOS-AFS/cosmos_ws/install/attitude_service_pkg:/home/vini_dunker/Automation/mrt19ROS_ws/install/traverse_state_pkg:/home/vini_dunker/Automation/mrt19ROS_ws/install/state_machine_pkg:/home/vini_dunker/Automation/mrt19ROS_ws/install/mrt19_pkg:/home/vini_dunker/Automation/mrt19ROS_ws/install/drum_pkg:/home/vini_dunker/Automation/mrt19ROS_ws/install/data_acquition_pkg:/home/vini_dunker/mrt_ws/install/traverse_stage:/home/vini_dunker/mrt_ws/install/state_machine:/home/vini_dunker/mrt_ws/install/data_acquisition:/opt/ros/humble LD_LIBRARY_PATH=/home/vini_dunker/COSMOS-AFS/cosmos_ws/install/cosmos_interfaces/lib:/home/vini_dunker/udemy_ws/install/udemy_interfaces/lib:/home/vini_dunker/udemy_ws/install/px4_ros_com/lib:/home/vini_dunker/udemy_ws/install/px4_msgs/lib:/opt/ros/humble/opt/rviz_ogre_vendor/lib:/opt/ros/humble/lib/x86_64-linux-gnu:/opt/ros/humble/lib /usr/bin/cmake --build /home/vini_dunker/COSMOS-AFS/cosmos_ws/build/attitude_control_pkg -- -j12 -l12
[18.254s] Invoking command in '/home/vini_dunker/COSMOS-AFS/cosmos_ws/build/attitude_control_pkg': CMAKE_PREFIX_PATH=/home/vini_dunker/COSMOS-AFS/cosmos_ws/install/cosmos_interfaces:/home/vini_dunker/udemy_ws/install/udemy_bringup:/home/vini_dunker/udemy_ws/install/my_cpp_pkg:/home/vini_dunker/udemy_ws/install/udemy_interfaces:/home/vini_dunker/udemy_ws/install/px4_ros_com:/home/vini_dunker/udemy_ws/install/px4_msgs:/home/vini_dunker/COSMOS-AFS/cosmos_ws/install/cosmos_bringup:/home/vini_dunker/COSMOS-AFS/cosmos_ws/install/state_machine_pkg:/home/vini_dunker/COSMOS-AFS/cosmos_ws/install/attitude_control_pkg:/home/vini_dunker/MRT-19/ros_drone_ws/install/drone_control:/home/vini_dunker/udemy_ws/install/my_py_pkg:/home/vini_dunker/COSMOS-AFS/cosmos_ws/install/sensors_pkg:/home/vini_dunker/COSMOS-AFS/cosmos_ws/install/communication_pkg:/home/vini_dunker/COSMOS-AFS/cosmos_ws/install/camera_pkg:/home/vini_dunker/COSMOS-AFS/cosmos_ws/install/attitude_service_pkg:/home/vini_dunker/Automation/mrt19ROS_ws/install/traverse_state_pkg:/home/vini_dunker/Automation/mrt19ROS_ws/install/state_machine_pkg:/home/vini_dunker/Automation/mrt19ROS_ws/install/mrt19_pkg:/home/vini_dunker/Automation/mrt19ROS_ws/install/drum_pkg:/home/vini_dunker/Automation/mrt19ROS_ws/install/data_acquition_pkg:/home/vini_dunker/mrt_ws/install/traverse_stage:/home/vini_dunker/mrt_ws/install/state_machine:/home/vini_dunker/mrt_ws/install/data_acquisition:/opt/ros/humble LD_LIBRARY_PATH=/home/vini_dunker/COSMOS-AFS/cosmos_ws/install/cosmos_interfaces/lib:/home/vini_dunker/udemy_ws/install/udemy_interfaces/lib:/home/vini_dunker/udemy_ws/install/px4_ros_com/lib:/home/vini_dunker/udemy_ws/install/px4_msgs/lib:/opt/ros/humble/opt/rviz_ogre_vendor/lib:/opt/ros/humble/lib/x86_64-linux-gnu:/opt/ros/humble/lib /usr/bin/cmake --install /home/vini_dunker/COSMOS-AFS/cosmos_ws/build/attitude_control_pkg
[18.259s] -- Install configuration: ""
[18.259s] -- Installing: /home/vini_dunker/COSMOS-AFS/cosmos_ws/install/attitude_control_pkg/lib/attitude_control_pkg/attitude_control
[18.265s] -- Set runtime path of "/home/vini_dunker/COSMOS-AFS/cosmos_ws/install/attitude_control_pkg/lib/attitude_control_pkg/attitude_control" to ""
[18.265s] -- Installing: /home/vini_dunker/COSMOS-AFS/cosmos_ws/install/attitude_control_pkg/lib/attitude_control_pkg/kinematics
[18.266s] -- Set runtime path of "/home/vini_dunker/COSMOS-AFS/cosmos_ws/install/attitude_control_pkg/lib/attitude_control_pkg/kinematics" to ""
[18.266s] -- Up-to-date: /home/vini_dunker/COSMOS-AFS/cosmos_ws/install/attitude_control_pkg/include/attitude_control_pkg
[18.266s] -- Up-to-date: /home/vini_dunker/COSMOS-AFS/cosmos_ws/install/attitude_control_pkg/include/attitude_control_pkg/attitude_control_pkg
[18.267s] -- Installing: /home/vini_dunker/COSMOS-AFS/cosmos_ws/install/attitude_control_pkg/include/attitude_control_pkg/attitude_control_pkg/kinematics_node.hpp
[18.267s] -- Installing: /home/vini_dunker/COSMOS-AFS/cosmos_ws/install/attitude_control_pkg/include/attitude_control_pkg/attitude_control_pkg/attitude_control_node.hpp
[18.267s] -- Up-to-date: /home/vini_dunker/COSMOS-AFS/cosmos_ws/install/attitude_control_pkg/share/ament_index/resource_index/package_run_dependencies/attitude_control_pkg
[18.267s] -- Up-to-date: /home/vini_dunker/COSMOS-AFS/cosmos_ws/install/attitude_control_pkg/share/ament_index/resource_index/parent_prefix_path/attitude_control_pkg
[18.267s] -- Up-to-date: /home/vini_dunker/COSMOS-AFS/cosmos_ws/install/attitude_control_pkg/share/attitude_control_pkg/environment/ament_prefix_path.sh
[18.268s] -- Installing: /home/vini_dunker/COSMOS-AFS/cosmos_ws/install/attitude_control_pkg/share/attitude_control_pkg/environment/ament_prefix_path.dsv
[18.268s] -- Up-to-date: /home/vini_dunker/COSMOS-AFS/cosmos_ws/install/attitude_control_pkg/share/attitude_control_pkg/environment/path.sh
[18.268s] -- Installing: /home/vini_dunker/COSMOS-AFS/cosmos_ws/install/attitude_control_pkg/share/attitude_control_pkg/environment/path.dsv
[18.268s] -- Up-to-date: /home/vini_dunker/COSMOS-AFS/cosmos_ws/install/attitude_control_pkg/share/attitude_control_pkg/local_setup.bash
[18.268s] -- Up-to-date: /home/vini_dunker/COSMOS-AFS/cosmos_ws/install/attitude_control_pkg/share/attitude_control_pkg/local_setup.sh
[18.268s] -- Up-to-date: /home/vini_dunker/COSMOS-AFS/cosmos_ws/install/attitude_control_pkg/share/attitude_control_pkg/local_setup.zsh
[18.268s] -- Installing: /home/vini_dunker/COSMOS-AFS/cosmos_ws/install/attitude_control_pkg/share/attitude_control_pkg/local_setup.dsv
[18.268s] -- Installing: /home/vini_dunker/COSMOS-AFS/cosmos_ws/install/attitude_control_pkg/share/attitude_control_pkg/package.dsv
[18.268s] -- Up-to-date: /home/vini_dunker/COSMOS-AFS/cosmos_ws/install/attitude_control_pkg/share/ament_index/resource_index/packages/attitude_control_pkg
[18.268s] -- Up-to-date: /home/vini_dunker/COSMOS-AFS/cosmos_ws/install/attitude_control_pkg/share/attitude_control_pkg/cmake/attitude_control_pkgConfig.cmake
[18.268s] -- Up-to-date: /home/vini_dunker/COSMOS-AFS/cosmos_ws/install/attitude_control_pkg/share/attitude_control_pkg/cmake/attitude_control_pkgConfig-version.cmake
[18.268s] -- Up-to-date: /home/vini_dunker/COSMOS-AFS/cosmos_ws/install/attitude_control_pkg/share/attitude_control_pkg/package.xml
[18.270s] Invoked command in '/home/vini_dunker/COSMOS-AFS/cosmos_ws/build/attitude_control_pkg' returned '0': CMAKE_PREFIX_PATH=/home/vini_dunker/COSMOS-AFS/cosmos_ws/install/cosmos_interfaces:/home/vini_dunker/udemy_ws/install/udemy_bringup:/home/vini_dunker/udemy_ws/install/my_cpp_pkg:/home/vini_dunker/udemy_ws/install/udemy_interfaces:/home/vini_dunker/udemy_ws/install/px4_ros_com:/home/vini_dunker/udemy_ws/install/px4_msgs:/home/vini_dunker/COSMOS-AFS/cosmos_ws/install/cosmos_bringup:/home/vini_dunker/COSMOS-AFS/cosmos_ws/install/state_machine_pkg:/home/vini_dunker/COSMOS-AFS/cosmos_ws/install/attitude_control_pkg:/home/vini_dunker/MRT-19/ros_drone_ws/install/drone_control:/home/vini_dunker/udemy_ws/install/my_py_pkg:/home/vini_dunker/COSMOS-AFS/cosmos_ws/install/sensors_pkg:/home/vini_dunker/COSMOS-AFS/cosmos_ws/install/communication_pkg:/home/vini_dunker/COSMOS-AFS/cosmos_ws/install/camera_pkg:/home/vini_dunker/COSMOS-AFS/cosmos_ws/install/attitude_service_pkg:/home/vini_dunker/Automation/mrt19ROS_ws/install/traverse_state_pkg:/home/vini_dunker/Automation/mrt19ROS_ws/install/state_machine_pkg:/home/vini_dunker/Automation/mrt19ROS_ws/install/mrt19_pkg:/home/vini_dunker/Automation/mrt19ROS_ws/install/drum_pkg:/home/vini_dunker/Automation/mrt19ROS_ws/install/data_acquition_pkg:/home/vini_dunker/mrt_ws/install/traverse_stage:/home/vini_dunker/mrt_ws/install/state_machine:/home/vini_dunker/mrt_ws/install/data_acquisition:/opt/ros/humble LD_LIBRARY_PATH=/home/vini_dunker/COSMOS-AFS/cosmos_ws/install/cosmos_interfaces/lib:/home/vini_dunker/udemy_ws/install/udemy_interfaces/lib:/home/vini_dunker/udemy_ws/install/px4_ros_com/lib:/home/vini_dunker/udemy_ws/install/px4_msgs/lib:/opt/ros/humble/opt/rviz_ogre_vendor/lib:/opt/ros/humble/lib/x86_64-linux-gnu:/opt/ros/humble/lib /usr/bin/cmake --install /home/vini_dunker/COSMOS-AFS/cosmos_ws/build/attitude_control_pkg
