[0.832s] Invoking command in '/home/vini_dunker/COSMOS-AFS/cosmos_ws/src/communication_pkg': CMAKE_PREFIX_PATH=/home/vini_dunker/COSMOS-AFS/cosmos_ws/install/cosmos_interfaces:/home/vini_dunker/udemy_ws/install/udemy_bringup:/home/vini_dunker/udemy_ws/install/my_cpp_pkg:/home/vini_dunker/udemy_ws/install/udemy_interfaces:/home/vini_dunker/udemy_ws/install/px4_ros_com:/home/vini_dunker/udemy_ws/install/px4_msgs:/home/vini_dunker/COSMOS-AFS/cosmos_ws/install/cosmos_bringup:/home/vini_dunker/COSMOS-AFS/cosmos_ws/install/state_machine_pkg:/home/vini_dunker/COSMOS-AFS/cosmos_ws/install/attitude_control_pkg LD_LIBRARY_PATH=/home/vini_dunker/COSMOS-AFS/cosmos_ws/install/cosmos_interfaces/lib:/home/vini_dunker/udemy_ws/install/udemy_interfaces/lib:/home/vini_dunker/udemy_ws/install/px4_ros_com/lib:/home/vini_dunker/udemy_ws/install/px4_msgs/lib:/opt/ros/humble/opt/rviz_ogre_vendor/lib:/opt/ros/humble/lib/x86_64-linux-gnu:/opt/ros/humble/lib PYTHONPATH=/home/vini_dunker/COSMOS-AFS/cosmos_ws/build/communication_pkg/prefix_override:/home/vini_dunker/COSMOS-AFS/cosmos_ws/install/communication_pkg/lib/python3.10/site-packages:${PYTHONPATH} /usr/bin/python3 setup.py egg_info --egg-base ../../build/communication_pkg build --build-base /home/vini_dunker/COSMOS-AFS/cosmos_ws/build/communication_pkg/build install --record /home/vini_dunker/COSMOS-AFS/cosmos_ws/build/communication_pkg/install.log --single-version-externally-managed
[1.039s] running egg_info
[1.040s] creating ../../build/communication_pkg/communication_pkg.egg-info
[1.040s] writing ../../build/communication_pkg/communication_pkg.egg-info/PKG-INFO
[1.040s] writing dependency_links to ../../build/communication_pkg/communication_pkg.egg-info/dependency_links.txt
[1.041s] writing entry points to ../../build/communication_pkg/communication_pkg.egg-info/entry_points.txt
[1.041s] writing requirements to ../../build/communication_pkg/communication_pkg.egg-info/requires.txt
[1.041s] writing top-level names to ../../build/communication_pkg/communication_pkg.egg-info/top_level.txt
[1.041s] writing manifest file '../../build/communication_pkg/communication_pkg.egg-info/SOURCES.txt'
[1.042s] reading manifest file '../../build/communication_pkg/communication_pkg.egg-info/SOURCES.txt'
[1.043s] writing manifest file '../../build/communication_pkg/communication_pkg.egg-info/SOURCES.txt'
[1.043s] running build
[1.043s] running build_py
[1.043s] creating /home/vini_dunker/COSMOS-AFS/cosmos_ws/build/communication_pkg/build
[1.043s] creating /home/vini_dunker/COSMOS-AFS/cosmos_ws/build/communication_pkg/build/lib
[1.044s] creating /home/vini_dunker/COSMOS-AFS/cosmos_ws/build/communication_pkg/build/lib/communication_pkg
[1.044s] copying communication_pkg/__init__.py -> /home/vini_dunker/COSMOS-AFS/cosmos_ws/build/communication_pkg/build/lib/communication_pkg
[1.044s] copying communication_pkg/SerialCommunication.py -> /home/vini_dunker/COSMOS-AFS/cosmos_ws/build/communication_pkg/build/lib/communication_pkg
[1.044s] running install
[1.044s] running install_lib
[1.045s] creating /home/vini_dunker/COSMOS-AFS/cosmos_ws/install/communication_pkg/lib/python3.10/site-packages/communication_pkg
[1.045s] copying /home/vini_dunker/COSMOS-AFS/cosmos_ws/build/communication_pkg/build/lib/communication_pkg/__init__.py -> /home/vini_dunker/COSMOS-AFS/cosmos_ws/install/communication_pkg/lib/python3.10/site-packages/communication_pkg
[1.045s] copying /home/vini_dunker/COSMOS-AFS/cosmos_ws/build/communication_pkg/build/lib/communication_pkg/SerialCommunication.py -> /home/vini_dunker/COSMOS-AFS/cosmos_ws/install/communication_pkg/lib/python3.10/site-packages/communication_pkg
[1.046s] byte-compiling /home/vini_dunker/COSMOS-AFS/cosmos_ws/install/communication_pkg/lib/python3.10/site-packages/communication_pkg/__init__.py to __init__.cpython-310.pyc
[1.046s] byte-compiling /home/vini_dunker/COSMOS-AFS/cosmos_ws/install/communication_pkg/lib/python3.10/site-packages/communication_pkg/SerialCommunication.py to SerialCommunication.cpython-310.pyc
[1.047s] running install_data
[1.047s] creating /home/vini_dunker/COSMOS-AFS/cosmos_ws/install/communication_pkg/share/ament_index
[1.047s] creating /home/vini_dunker/COSMOS-AFS/cosmos_ws/install/communication_pkg/share/ament_index/resource_index
[1.047s] creating /home/vini_dunker/COSMOS-AFS/cosmos_ws/install/communication_pkg/share/ament_index/resource_index/packages
[1.047s] copying resource/communication_pkg -> /home/vini_dunker/COSMOS-AFS/cosmos_ws/install/communication_pkg/share/ament_index/resource_index/packages
[1.048s] copying package.xml -> /home/vini_dunker/COSMOS-AFS/cosmos_ws/install/communication_pkg/share/communication_pkg
[1.048s] running install_egg_info
[1.049s] Copying ../../build/communication_pkg/communication_pkg.egg-info to /home/vini_dunker/COSMOS-AFS/cosmos_ws/install/communication_pkg/lib/python3.10/site-packages/communication_pkg-0.0.0-py3.10.egg-info
[1.050s] running install_scripts
[1.069s] Installing SerialCommunication script to /home/vini_dunker/COSMOS-AFS/cosmos_ws/install/communication_pkg/lib/communication_pkg
[1.070s] writing list of installed files to '/home/vini_dunker/COSMOS-AFS/cosmos_ws/build/communication_pkg/install.log'
[1.092s] Invoked command in '/home/vini_dunker/COSMOS-AFS/cosmos_ws/src/communication_pkg' returned '0': CMAKE_PREFIX_PATH=/home/vini_dunker/COSMOS-AFS/cosmos_ws/install/cosmos_interfaces:/home/vini_dunker/udemy_ws/install/udemy_bringup:/home/vini_dunker/udemy_ws/install/my_cpp_pkg:/home/vini_dunker/udemy_ws/install/udemy_interfaces:/home/vini_dunker/udemy_ws/install/px4_ros_com:/home/vini_dunker/udemy_ws/install/px4_msgs:/home/vini_dunker/COSMOS-AFS/cosmos_ws/install/cosmos_bringup:/home/vini_dunker/COSMOS-AFS/cosmos_ws/install/state_machine_pkg:/home/vini_dunker/COSMOS-AFS/cosmos_ws/install/attitude_control_pkg LD_LIBRARY_PATH=/home/vini_dunker/COSMOS-AFS/cosmos_ws/install/cosmos_interfaces/lib:/home/vini_dunker/udemy_ws/install/udemy_interfaces/lib:/home/vini_dunker/udemy_ws/install/px4_ros_com/lib:/home/vini_dunker/udemy_ws/install/px4_msgs/lib:/opt/ros/humble/opt/rviz_ogre_vendor/lib:/opt/ros/humble/lib/x86_64-linux-gnu:/opt/ros/humble/lib PYTHONPATH=/home/vini_dunker/COSMOS-AFS/cosmos_ws/build/communication_pkg/prefix_override:/home/vini_dunker/COSMOS-AFS/cosmos_ws/install/communication_pkg/lib/python3.10/site-packages:${PYTHONPATH} /usr/bin/python3 setup.py egg_info --egg-base ../../build/communication_pkg build --build-base /home/vini_dunker/COSMOS-AFS/cosmos_ws/build/communication_pkg/build install --record /home/vini_dunker/COSMOS-AFS/cosmos_ws/build/communication_pkg/install.log --single-version-externally-managed
