[1.274s] Invoking command in '/home/vini_dunker/COSMOS-AFS/cosmos_ws/src/camera_pkg': PYTHONPATH=/home/vini_dunker/COSMOS-AFS/cosmos_ws/build/camera_pkg/prefix_override:/home/vini_dunker/COSMOS-AFS/cosmos_ws/install/camera_pkg/lib/python3.10/site-packages:${PYTHONPATH} /usr/bin/python3 setup.py egg_info --egg-base ../../build/camera_pkg build --build-base /home/vini_dunker/COSMOS-AFS/cosmos_ws/build/camera_pkg/build install --record /home/vini_dunker/COSMOS-AFS/cosmos_ws/build/camera_pkg/install.log --single-version-externally-managed
[1.517s] running egg_info
[1.517s] creating ../../build/camera_pkg/camera_pkg.egg-info
[1.518s] writing ../../build/camera_pkg/camera_pkg.egg-info/PKG-INFO
[1.518s] writing dependency_links to ../../build/camera_pkg/camera_pkg.egg-info/dependency_links.txt
[1.518s] writing entry points to ../../build/camera_pkg/camera_pkg.egg-info/entry_points.txt
[1.518s] writing requirements to ../../build/camera_pkg/camera_pkg.egg-info/requires.txt
[1.519s] writing top-level names to ../../build/camera_pkg/camera_pkg.egg-info/top_level.txt
[1.519s] writing manifest file '../../build/camera_pkg/camera_pkg.egg-info/SOURCES.txt'
[1.520s] reading manifest file '../../build/camera_pkg/camera_pkg.egg-info/SOURCES.txt'
[1.520s] writing manifest file '../../build/camera_pkg/camera_pkg.egg-info/SOURCES.txt'
[1.521s] running build
[1.521s] running build_py
[1.521s] creating /home/vini_dunker/COSMOS-AFS/cosmos_ws/build/camera_pkg/build
[1.521s] creating /home/vini_dunker/COSMOS-AFS/cosmos_ws/build/camera_pkg/build/lib
[1.521s] creating /home/vini_dunker/COSMOS-AFS/cosmos_ws/build/camera_pkg/build/lib/camera_pkg
[1.522s] copying camera_pkg/ImageToDCM.py -> /home/vini_dunker/COSMOS-AFS/cosmos_ws/build/camera_pkg/build/lib/camera_pkg
[1.522s] copying camera_pkg/__init__.py -> /home/vini_dunker/COSMOS-AFS/cosmos_ws/build/camera_pkg/build/lib/camera_pkg
[1.522s] copying camera_pkg/CameraSM.py -> /home/vini_dunker/COSMOS-AFS/cosmos_ws/build/camera_pkg/build/lib/camera_pkg
[1.522s] copying camera_pkg/GetImage.py -> /home/vini_dunker/COSMOS-AFS/cosmos_ws/build/camera_pkg/build/lib/camera_pkg
[1.522s] running install
[1.522s] running install_lib
[1.523s] creating /home/vini_dunker/COSMOS-AFS/cosmos_ws/install/camera_pkg/lib/python3.10/site-packages/camera_pkg
[1.523s] copying /home/vini_dunker/COSMOS-AFS/cosmos_ws/build/camera_pkg/build/lib/camera_pkg/ImageToDCM.py -> /home/vini_dunker/COSMOS-AFS/cosmos_ws/install/camera_pkg/lib/python3.10/site-packages/camera_pkg
[1.523s] copying /home/vini_dunker/COSMOS-AFS/cosmos_ws/build/camera_pkg/build/lib/camera_pkg/__init__.py -> /home/vini_dunker/COSMOS-AFS/cosmos_ws/install/camera_pkg/lib/python3.10/site-packages/camera_pkg
[1.524s] copying /home/vini_dunker/COSMOS-AFS/cosmos_ws/build/camera_pkg/build/lib/camera_pkg/CameraSM.py -> /home/vini_dunker/COSMOS-AFS/cosmos_ws/install/camera_pkg/lib/python3.10/site-packages/camera_pkg
[1.524s] copying /home/vini_dunker/COSMOS-AFS/cosmos_ws/build/camera_pkg/build/lib/camera_pkg/GetImage.py -> /home/vini_dunker/COSMOS-AFS/cosmos_ws/install/camera_pkg/lib/python3.10/site-packages/camera_pkg
[1.524s] byte-compiling /home/vini_dunker/COSMOS-AFS/cosmos_ws/install/camera_pkg/lib/python3.10/site-packages/camera_pkg/ImageToDCM.py to ImageToDCM.cpython-310.pyc
[1.526s] byte-compiling /home/vini_dunker/COSMOS-AFS/cosmos_ws/install/camera_pkg/lib/python3.10/site-packages/camera_pkg/__init__.py to __init__.cpython-310.pyc
[1.526s] byte-compiling /home/vini_dunker/COSMOS-AFS/cosmos_ws/install/camera_pkg/lib/python3.10/site-packages/camera_pkg/CameraSM.py to CameraSM.cpython-310.pyc
[1.527s] byte-compiling /home/vini_dunker/COSMOS-AFS/cosmos_ws/install/camera_pkg/lib/python3.10/site-packages/camera_pkg/GetImage.py to GetImage.cpython-310.pyc
[1.527s] running install_data
[1.528s] creating /home/vini_dunker/COSMOS-AFS/cosmos_ws/install/camera_pkg/share/ament_index
[1.528s] creating /home/vini_dunker/COSMOS-AFS/cosmos_ws/install/camera_pkg/share/ament_index/resource_index
[1.529s] creating /home/vini_dunker/COSMOS-AFS/cosmos_ws/install/camera_pkg/share/ament_index/resource_index/packages
[1.529s] copying resource/camera_pkg -> /home/vini_dunker/COSMOS-AFS/cosmos_ws/install/camera_pkg/share/ament_index/resource_index/packages
[1.529s] copying package.xml -> /home/vini_dunker/COSMOS-AFS/cosmos_ws/install/camera_pkg/share/camera_pkg
[1.529s] running install_egg_info
[1.531s] Copying ../../build/camera_pkg/camera_pkg.egg-info to /home/vini_dunker/COSMOS-AFS/cosmos_ws/install/camera_pkg/lib/python3.10/site-packages/camera_pkg-0.0.0-py3.10.egg-info
[1.532s] running install_scripts
[1.551s] Installing CameraSM script to /home/vini_dunker/COSMOS-AFS/cosmos_ws/install/camera_pkg/lib/camera_pkg
[1.551s] Installing GetImage script to /home/vini_dunker/COSMOS-AFS/cosmos_ws/install/camera_pkg/lib/camera_pkg
[1.551s] Installing ImageToDCM script to /home/vini_dunker/COSMOS-AFS/cosmos_ws/install/camera_pkg/lib/camera_pkg
[1.552s] writing list of installed files to '/home/vini_dunker/COSMOS-AFS/cosmos_ws/build/camera_pkg/install.log'
[1.583s] Invoked command in '/home/vini_dunker/COSMOS-AFS/cosmos_ws/src/camera_pkg' returned '0': PYTHONPATH=/home/vini_dunker/COSMOS-AFS/cosmos_ws/build/camera_pkg/prefix_override:/home/vini_dunker/COSMOS-AFS/cosmos_ws/install/camera_pkg/lib/python3.10/site-packages:${PYTHONPATH} /usr/bin/python3 setup.py egg_info --egg-base ../../build/camera_pkg build --build-base /home/vini_dunker/COSMOS-AFS/cosmos_ws/build/camera_pkg/build install --record /home/vini_dunker/COSMOS-AFS/cosmos_ws/build/camera_pkg/install.log --single-version-externally-managed
