[1.444s] Invoking command in '/home/vini_dunker/COSMOS-AFS/cosmos_ws/src/kinematics_pkg': PYTHONPATH=/home/vini_dunker/COSMOS-AFS/cosmos_ws/build/kinematics_pkg/prefix_override:/home/vini_dunker/COSMOS-AFS/cosmos_ws/install/kinematics_pkg/lib/python3.10/site-packages:${PYTHONPATH} /usr/bin/python3 setup.py egg_info --egg-base ../../build/kinematics_pkg build --build-base /home/vini_dunker/COSMOS-AFS/cosmos_ws/build/kinematics_pkg/build install --record /home/vini_dunker/COSMOS-AFS/cosmos_ws/build/kinematics_pkg/install.log --single-version-externally-managed
[1.769s] running egg_info
[1.769s] creating ../../build/kinematics_pkg/kinematics_pkg.egg-info
[1.770s] writing ../../build/kinematics_pkg/kinematics_pkg.egg-info/PKG-INFO
[1.771s] writing dependency_links to ../../build/kinematics_pkg/kinematics_pkg.egg-info/dependency_links.txt
[1.772s] writing entry points to ../../build/kinematics_pkg/kinematics_pkg.egg-info/entry_points.txt
[1.772s] writing requirements to ../../build/kinematics_pkg/kinematics_pkg.egg-info/requires.txt
[1.772s] writing top-level names to ../../build/kinematics_pkg/kinematics_pkg.egg-info/top_level.txt
[1.772s] writing manifest file '../../build/kinematics_pkg/kinematics_pkg.egg-info/SOURCES.txt'
[1.773s] reading manifest file '../../build/kinematics_pkg/kinematics_pkg.egg-info/SOURCES.txt'
[1.774s] writing manifest file '../../build/kinematics_pkg/kinematics_pkg.egg-info/SOURCES.txt'
[1.774s] running build
[1.774s] running build_py
[1.775s] creating /home/vini_dunker/COSMOS-AFS/cosmos_ws/build/kinematics_pkg/build
[1.775s] creating /home/vini_dunker/COSMOS-AFS/cosmos_ws/build/kinematics_pkg/build/lib
[1.775s] creating /home/vini_dunker/COSMOS-AFS/cosmos_ws/build/kinematics_pkg/build/lib/kinematics_pkg
[1.776s] copying kinematics_pkg/__init__.py -> /home/vini_dunker/COSMOS-AFS/cosmos_ws/build/kinematics_pkg/build/lib/kinematics_pkg
[1.776s] copying kinematics_pkg/Kinematics.py -> /home/vini_dunker/COSMOS-AFS/cosmos_ws/build/kinematics_pkg/build/lib/kinematics_pkg
[1.776s] running install
[1.777s] running install_lib
[1.779s] creating /home/vini_dunker/COSMOS-AFS/cosmos_ws/install/kinematics_pkg/lib/python3.10/site-packages/kinematics_pkg
[1.779s] copying /home/vini_dunker/COSMOS-AFS/cosmos_ws/build/kinematics_pkg/build/lib/kinematics_pkg/__init__.py -> /home/vini_dunker/COSMOS-AFS/cosmos_ws/install/kinematics_pkg/lib/python3.10/site-packages/kinematics_pkg
[1.779s] copying /home/vini_dunker/COSMOS-AFS/cosmos_ws/build/kinematics_pkg/build/lib/kinematics_pkg/Kinematics.py -> /home/vini_dunker/COSMOS-AFS/cosmos_ws/install/kinematics_pkg/lib/python3.10/site-packages/kinematics_pkg
[1.780s] byte-compiling /home/vini_dunker/COSMOS-AFS/cosmos_ws/install/kinematics_pkg/lib/python3.10/site-packages/kinematics_pkg/__init__.py to __init__.cpython-310.pyc
[1.780s] byte-compiling /home/vini_dunker/COSMOS-AFS/cosmos_ws/install/kinematics_pkg/lib/python3.10/site-packages/kinematics_pkg/Kinematics.py to Kinematics.cpython-310.pyc
[1.783s] running install_data
[1.784s] creating /home/vini_dunker/COSMOS-AFS/cosmos_ws/install/kinematics_pkg/share/ament_index
[1.784s] creating /home/vini_dunker/COSMOS-AFS/cosmos_ws/install/kinematics_pkg/share/ament_index/resource_index
[1.785s] creating /home/vini_dunker/COSMOS-AFS/cosmos_ws/install/kinematics_pkg/share/ament_index/resource_index/packages
[1.785s] copying resource/kinematics_pkg -> /home/vini_dunker/COSMOS-AFS/cosmos_ws/install/kinematics_pkg/share/ament_index/resource_index/packages
[1.785s] copying package.xml -> /home/vini_dunker/COSMOS-AFS/cosmos_ws/install/kinematics_pkg/share/kinematics_pkg
[1.785s] running install_egg_info
[1.788s] Copying ../../build/kinematics_pkg/kinematics_pkg.egg-info to /home/vini_dunker/COSMOS-AFS/cosmos_ws/install/kinematics_pkg/lib/python3.10/site-packages/kinematics_pkg-0.0.0-py3.10.egg-info
[1.790s] running install_scripts
[1.816s] Installing Kinematics script to /home/vini_dunker/COSMOS-AFS/cosmos_ws/install/kinematics_pkg/lib/kinematics_pkg
[1.819s] writing list of installed files to '/home/vini_dunker/COSMOS-AFS/cosmos_ws/build/kinematics_pkg/install.log'
[2.016s] Invoked command in '/home/vini_dunker/COSMOS-AFS/cosmos_ws/src/kinematics_pkg' returned '0': PYTHONPATH=/home/vini_dunker/COSMOS-AFS/cosmos_ws/build/kinematics_pkg/prefix_override:/home/vini_dunker/COSMOS-AFS/cosmos_ws/install/kinematics_pkg/lib/python3.10/site-packages:${PYTHONPATH} /usr/bin/python3 setup.py egg_info --egg-base ../../build/kinematics_pkg build --build-base /home/vini_dunker/COSMOS-AFS/cosmos_ws/build/kinematics_pkg/build install --record /home/vini_dunker/COSMOS-AFS/cosmos_ws/build/kinematics_pkg/install.log --single-version-externally-managed
