[0.444s] DEBUG:colcon:Command line arguments: ['/usr/bin/colcon', 'build']
[0.445s] DEBUG:colcon:Parsed command line arguments: Namespace(log_base=None, log_level=None, verb_name='build', build_base='build', install_base='install', merge_install=False, symlink_install=False, test_result_base=None, continue_on_error=False, executor='parallel', parallel_workers=12, event_handlers=None, ignore_user_meta=False, metas=['./colcon.meta'], base_paths=['.'], packages_ignore=None, packages_ignore_regex=None, paths=None, packages_up_to=None, packages_up_to_regex=None, packages_above=None, packages_above_and_dependencies=None, packages_above_depth=None, packages_select_by_dep=None, packages_skip_by_dep=None, packages_skip_up_to=None, packages_select_build_failed=False, packages_skip_build_finished=False, packages_select_test_failures=False, packages_skip_test_passed=False, packages_select=None, packages_skip=None, packages_select_regex=None, packages_skip_regex=None, packages_start=None, packages_end=None, allow_overriding=[], cmake_args=None, cmake_target=None, cmake_target_skip_unavailable=False, cmake_clean_cache=False, cmake_clean_first=False, cmake_force_configure=False, ament_cmake_args=None, catkin_cmake_args=None, catkin_skip_building_tests=False, verb_parser=<colcon_defaults.argument_parser.defaults.DefaultArgumentsDecorator object at 0x7f2becb8f040>, verb_extension=<colcon_core.verb.build.BuildVerb object at 0x7f2becb8ead0>, main=<bound method BuildVerb.main of <colcon_core.verb.build.BuildVerb object at 0x7f2becb8ead0>>)
[0.463s] Level 1:colcon.colcon_core.package_discovery:discover_packages(colcon_meta) check parameters
[0.463s] Level 1:colcon.colcon_core.package_discovery:discover_packages(recursive) check parameters
[0.463s] Level 1:colcon.colcon_core.package_discovery:discover_packages(ignore) check parameters
[0.463s] Level 1:colcon.colcon_core.package_discovery:discover_packages(path) check parameters
[0.463s] Level 1:colcon.colcon_core.package_discovery:discover_packages(colcon_meta) discover
[0.464s] Level 1:colcon.colcon_core.package_discovery:discover_packages(recursive) discover
[0.464s] INFO:colcon.colcon_core.package_discovery:Crawling recursively for packages in '/home/vini_dunker/COSMOS-AFS/cosmos_ws'
[0.464s] Level 1:colcon.colcon_core.package_identification:_identify(.) by extensions ['ignore', 'ignore_ament_install']
[0.464s] Level 1:colcon.colcon_core.package_identification:_identify(.) by extension 'ignore'
[0.464s] Level 1:colcon.colcon_core.package_identification:_identify(.) by extension 'ignore_ament_install'
[0.464s] Level 1:colcon.colcon_core.package_identification:_identify(.) by extensions ['colcon_pkg']
[0.464s] Level 1:colcon.colcon_core.package_identification:_identify(.) by extension 'colcon_pkg'
[0.464s] Level 1:colcon.colcon_core.package_identification:_identify(.) by extensions ['colcon_meta']
[0.464s] Level 1:colcon.colcon_core.package_identification:_identify(.) by extension 'colcon_meta'
[0.464s] Level 1:colcon.colcon_core.package_identification:_identify(.) by extensions ['ros']
[0.464s] Level 1:colcon.colcon_core.package_identification:_identify(.) by extension 'ros'
[0.473s] Level 1:colcon.colcon_core.package_identification:_identify(.) by extensions ['cmake', 'python']
[0.473s] Level 1:colcon.colcon_core.package_identification:_identify(.) by extension 'cmake'
[0.473s] Level 1:colcon.colcon_core.package_identification:_identify(.) by extension 'python'
[0.473s] Level 1:colcon.colcon_core.package_identification:_identify(.) by extensions ['python_setup_py']
[0.473s] Level 1:colcon.colcon_core.package_identification:_identify(.) by extension 'python_setup_py'
[0.473s] Level 1:colcon.colcon_core.package_identification:_identify(build) by extensions ['ignore', 'ignore_ament_install']
[0.473s] Level 1:colcon.colcon_core.package_identification:_identify(build) by extension 'ignore'
[0.473s] Level 1:colcon.colcon_core.package_identification:_identify(build) ignored
[0.474s] Level 1:colcon.colcon_core.package_identification:_identify(install) by extensions ['ignore', 'ignore_ament_install']
[0.474s] Level 1:colcon.colcon_core.package_identification:_identify(install) by extension 'ignore'
[0.474s] Level 1:colcon.colcon_core.package_identification:_identify(install) ignored
[0.474s] Level 1:colcon.colcon_core.package_identification:_identify(log) by extensions ['ignore', 'ignore_ament_install']
[0.474s] Level 1:colcon.colcon_core.package_identification:_identify(log) by extension 'ignore'
[0.474s] Level 1:colcon.colcon_core.package_identification:_identify(log) ignored
[0.474s] Level 1:colcon.colcon_core.package_identification:_identify(src) by extensions ['ignore', 'ignore_ament_install']
[0.474s] Level 1:colcon.colcon_core.package_identification:_identify(src) by extension 'ignore'
[0.474s] Level 1:colcon.colcon_core.package_identification:_identify(src) by extension 'ignore_ament_install'
[0.474s] Level 1:colcon.colcon_core.package_identification:_identify(src) by extensions ['colcon_pkg']
[0.474s] Level 1:colcon.colcon_core.package_identification:_identify(src) by extension 'colcon_pkg'
[0.474s] Level 1:colcon.colcon_core.package_identification:_identify(src) by extensions ['colcon_meta']
[0.474s] Level 1:colcon.colcon_core.package_identification:_identify(src) by extension 'colcon_meta'
[0.474s] Level 1:colcon.colcon_core.package_identification:_identify(src) by extensions ['ros']
[0.474s] Level 1:colcon.colcon_core.package_identification:_identify(src) by extension 'ros'
[0.474s] Level 1:colcon.colcon_core.package_identification:_identify(src) by extensions ['cmake', 'python']
[0.474s] Level 1:colcon.colcon_core.package_identification:_identify(src) by extension 'cmake'
[0.474s] Level 1:colcon.colcon_core.package_identification:_identify(src) by extension 'python'
[0.474s] Level 1:colcon.colcon_core.package_identification:_identify(src) by extensions ['python_setup_py']
[0.474s] Level 1:colcon.colcon_core.package_identification:_identify(src) by extension 'python_setup_py'
[0.475s] Level 1:colcon.colcon_core.package_identification:_identify(src/attitude_control_pkg) by extensions ['ignore', 'ignore_ament_install']
[0.475s] Level 1:colcon.colcon_core.package_identification:_identify(src/attitude_control_pkg) by extension 'ignore'
[0.475s] Level 1:colcon.colcon_core.package_identification:_identify(src/attitude_control_pkg) by extension 'ignore_ament_install'
[0.475s] Level 1:colcon.colcon_core.package_identification:_identify(src/attitude_control_pkg) by extensions ['colcon_pkg']
[0.475s] Level 1:colcon.colcon_core.package_identification:_identify(src/attitude_control_pkg) by extension 'colcon_pkg'
[0.475s] Level 1:colcon.colcon_core.package_identification:_identify(src/attitude_control_pkg) by extensions ['colcon_meta']
[0.475s] Level 1:colcon.colcon_core.package_identification:_identify(src/attitude_control_pkg) by extension 'colcon_meta'
[0.475s] Level 1:colcon.colcon_core.package_identification:_identify(src/attitude_control_pkg) by extensions ['ros']
[0.475s] Level 1:colcon.colcon_core.package_identification:_identify(src/attitude_control_pkg) by extension 'ros'
[0.477s] DEBUG:colcon.colcon_core.package_identification:Package 'src/attitude_control_pkg' with type 'ros.ament_python' and name 'attitude_control_pkg'
[0.477s] Level 1:colcon.colcon_core.package_identification:_identify(src/camera_pkg) by extensions ['ignore', 'ignore_ament_install']
[0.477s] Level 1:colcon.colcon_core.package_identification:_identify(src/camera_pkg) by extension 'ignore'
[0.477s] Level 1:colcon.colcon_core.package_identification:_identify(src/camera_pkg) by extension 'ignore_ament_install'
[0.477s] Level 1:colcon.colcon_core.package_identification:_identify(src/camera_pkg) by extensions ['colcon_pkg']
[0.477s] Level 1:colcon.colcon_core.package_identification:_identify(src/camera_pkg) by extension 'colcon_pkg'
[0.477s] Level 1:colcon.colcon_core.package_identification:_identify(src/camera_pkg) by extensions ['colcon_meta']
[0.477s] Level 1:colcon.colcon_core.package_identification:_identify(src/camera_pkg) by extension 'colcon_meta'
[0.477s] Level 1:colcon.colcon_core.package_identification:_identify(src/camera_pkg) by extensions ['ros']
[0.477s] Level 1:colcon.colcon_core.package_identification:_identify(src/camera_pkg) by extension 'ros'
[0.478s] DEBUG:colcon.colcon_core.package_identification:Package 'src/camera_pkg' with type 'ros.ament_python' and name 'camera_pkg'
[0.478s] Level 1:colcon.colcon_core.package_identification:_identify(src/communication_pkg) by extensions ['ignore', 'ignore_ament_install']
[0.478s] Level 1:colcon.colcon_core.package_identification:_identify(src/communication_pkg) by extension 'ignore'
[0.478s] Level 1:colcon.colcon_core.package_identification:_identify(src/communication_pkg) by extension 'ignore_ament_install'
[0.478s] Level 1:colcon.colcon_core.package_identification:_identify(src/communication_pkg) by extensions ['colcon_pkg']
[0.478s] Level 1:colcon.colcon_core.package_identification:_identify(src/communication_pkg) by extension 'colcon_pkg'
[0.478s] Level 1:colcon.colcon_core.package_identification:_identify(src/communication_pkg) by extensions ['colcon_meta']
[0.478s] Level 1:colcon.colcon_core.package_identification:_identify(src/communication_pkg) by extension 'colcon_meta'
[0.478s] Level 1:colcon.colcon_core.package_identification:_identify(src/communication_pkg) by extensions ['ros']
[0.478s] Level 1:colcon.colcon_core.package_identification:_identify(src/communication_pkg) by extension 'ros'
[0.479s] DEBUG:colcon.colcon_core.package_identification:Package 'src/communication_pkg' with type 'ros.ament_python' and name 'communication_pkg'
[0.479s] Level 1:colcon.colcon_core.package_identification:_identify(src/sensors_pkg) by extensions ['ignore', 'ignore_ament_install']
[0.479s] Level 1:colcon.colcon_core.package_identification:_identify(src/sensors_pkg) by extension 'ignore'
[0.479s] Level 1:colcon.colcon_core.package_identification:_identify(src/sensors_pkg) by extension 'ignore_ament_install'
[0.479s] Level 1:colcon.colcon_core.package_identification:_identify(src/sensors_pkg) by extensions ['colcon_pkg']
[0.480s] Level 1:colcon.colcon_core.package_identification:_identify(src/sensors_pkg) by extension 'colcon_pkg'
[0.480s] Level 1:colcon.colcon_core.package_identification:_identify(src/sensors_pkg) by extensions ['colcon_meta']
[0.480s] Level 1:colcon.colcon_core.package_identification:_identify(src/sensors_pkg) by extension 'colcon_meta'
[0.480s] Level 1:colcon.colcon_core.package_identification:_identify(src/sensors_pkg) by extensions ['ros']
[0.480s] Level 1:colcon.colcon_core.package_identification:_identify(src/sensors_pkg) by extension 'ros'
[0.480s] DEBUG:colcon.colcon_core.package_identification:Package 'src/sensors_pkg' with type 'ros.ament_python' and name 'sensors_pkg'
[0.480s] Level 1:colcon.colcon_core.package_identification:_identify(src/state_machine_pkg) by extensions ['ignore', 'ignore_ament_install']
[0.480s] Level 1:colcon.colcon_core.package_identification:_identify(src/state_machine_pkg) by extension 'ignore'
[0.480s] Level 1:colcon.colcon_core.package_identification:_identify(src/state_machine_pkg) by extension 'ignore_ament_install'
[0.480s] Level 1:colcon.colcon_core.package_identification:_identify(src/state_machine_pkg) by extensions ['colcon_pkg']
[0.480s] Level 1:colcon.colcon_core.package_identification:_identify(src/state_machine_pkg) by extension 'colcon_pkg'
[0.480s] Level 1:colcon.colcon_core.package_identification:_identify(src/state_machine_pkg) by extensions ['colcon_meta']
[0.481s] Level 1:colcon.colcon_core.package_identification:_identify(src/state_machine_pkg) by extension 'colcon_meta'
[0.481s] Level 1:colcon.colcon_core.package_identification:_identify(src/state_machine_pkg) by extensions ['ros']
[0.481s] Level 1:colcon.colcon_core.package_identification:_identify(src/state_machine_pkg) by extension 'ros'
[0.481s] DEBUG:colcon.colcon_core.package_identification:Package 'src/state_machine_pkg' with type 'ros.ament_cmake' and name 'state_machine_pkg'
[0.481s] Level 1:colcon.colcon_core.package_discovery:discover_packages(recursive) using defaults
[0.481s] Level 1:colcon.colcon_core.package_discovery:discover_packages(ignore) discover
[0.481s] Level 1:colcon.colcon_core.package_discovery:discover_packages(ignore) using defaults
[0.481s] Level 1:colcon.colcon_core.package_discovery:discover_packages(path) discover
[0.481s] Level 1:colcon.colcon_core.package_discovery:discover_packages(path) using defaults
[0.501s] Level 1:colcon.colcon_core.package_discovery:discover_packages(prefix_path) check parameters
[0.501s] Level 1:colcon.colcon_core.package_discovery:discover_packages(prefix_path) discover
[0.504s] DEBUG:colcon.colcon_installed_package_information.package_discovery:Found 1 installed packages in /home/vini_dunker/COSMOS-AFS/cosmos_ws/install
[0.505s] DEBUG:colcon.colcon_installed_package_information.package_discovery:Found 5 installed packages in /home/vini_dunker/Automation/mrt19ROS_ws/install
[0.506s] DEBUG:colcon.colcon_installed_package_information.package_discovery:Found 3 installed packages in /home/vini_dunker/mrt_ws/install
[0.506s] DEBUG:colcon.colcon_installed_package_information.package_discovery:Found 4 installed packages in /home/vini_dunker/udemy_ws/install
[0.508s] DEBUG:colcon.colcon_installed_package_information.package_discovery:Found 284 installed packages in /opt/ros/humble
[0.509s] Level 1:colcon.colcon_core.package_discovery:discover_packages(prefix_path) using defaults
[0.561s] Level 5:colcon.colcon_core.verb:set package 'attitude_control_pkg' build argument 'cmake_args' from command line to 'None'
[0.561s] Level 5:colcon.colcon_core.verb:set package 'attitude_control_pkg' build argument 'cmake_target' from command line to 'None'
[0.561s] Level 5:colcon.colcon_core.verb:set package 'attitude_control_pkg' build argument 'cmake_target_skip_unavailable' from command line to 'False'
[0.561s] Level 5:colcon.colcon_core.verb:set package 'attitude_control_pkg' build argument 'cmake_clean_cache' from command line to 'False'
[0.561s] Level 5:colcon.colcon_core.verb:set package 'attitude_control_pkg' build argument 'cmake_clean_first' from command line to 'False'
[0.561s] Level 5:colcon.colcon_core.verb:set package 'attitude_control_pkg' build argument 'cmake_force_configure' from command line to 'False'
[0.561s] Level 5:colcon.colcon_core.verb:set package 'attitude_control_pkg' build argument 'ament_cmake_args' from command line to 'None'
[0.561s] Level 5:colcon.colcon_core.verb:set package 'attitude_control_pkg' build argument 'catkin_cmake_args' from command line to 'None'
[0.561s] Level 5:colcon.colcon_core.verb:set package 'attitude_control_pkg' build argument 'catkin_skip_building_tests' from command line to 'False'
[0.561s] DEBUG:colcon.colcon_core.verb:Building package 'attitude_control_pkg' with the following arguments: {'ament_cmake_args': None, 'build_base': '/home/vini_dunker/COSMOS-AFS/cosmos_ws/build/attitude_control_pkg', 'catkin_cmake_args': None, 'catkin_skip_building_tests': False, 'cmake_args': None, 'cmake_clean_cache': False, 'cmake_clean_first': False, 'cmake_force_configure': False, 'cmake_target': None, 'cmake_target_skip_unavailable': False, 'install_base': '/home/vini_dunker/COSMOS-AFS/cosmos_ws/install/attitude_control_pkg', 'merge_install': False, 'path': '/home/vini_dunker/COSMOS-AFS/cosmos_ws/src/attitude_control_pkg', 'symlink_install': False, 'test_result_base': None}
[0.562s] Level 5:colcon.colcon_core.verb:set package 'camera_pkg' build argument 'cmake_args' from command line to 'None'
[0.562s] Level 5:colcon.colcon_core.verb:set package 'camera_pkg' build argument 'cmake_target' from command line to 'None'
[0.562s] Level 5:colcon.colcon_core.verb:set package 'camera_pkg' build argument 'cmake_target_skip_unavailable' from command line to 'False'
[0.562s] Level 5:colcon.colcon_core.verb:set package 'camera_pkg' build argument 'cmake_clean_cache' from command line to 'False'
[0.562s] Level 5:colcon.colcon_core.verb:set package 'camera_pkg' build argument 'cmake_clean_first' from command line to 'False'
[0.562s] Level 5:colcon.colcon_core.verb:set package 'camera_pkg' build argument 'cmake_force_configure' from command line to 'False'
[0.562s] Level 5:colcon.colcon_core.verb:set package 'camera_pkg' build argument 'ament_cmake_args' from command line to 'None'
[0.562s] Level 5:colcon.colcon_core.verb:set package 'camera_pkg' build argument 'catkin_cmake_args' from command line to 'None'
[0.562s] Level 5:colcon.colcon_core.verb:set package 'camera_pkg' build argument 'catkin_skip_building_tests' from command line to 'False'
[0.562s] DEBUG:colcon.colcon_core.verb:Building package 'camera_pkg' with the following arguments: {'ament_cmake_args': None, 'build_base': '/home/vini_dunker/COSMOS-AFS/cosmos_ws/build/camera_pkg', 'catkin_cmake_args': None, 'catkin_skip_building_tests': False, 'cmake_args': None, 'cmake_clean_cache': False, 'cmake_clean_first': False, 'cmake_force_configure': False, 'cmake_target': None, 'cmake_target_skip_unavailable': False, 'install_base': '/home/vini_dunker/COSMOS-AFS/cosmos_ws/install/camera_pkg', 'merge_install': False, 'path': '/home/vini_dunker/COSMOS-AFS/cosmos_ws/src/camera_pkg', 'symlink_install': False, 'test_result_base': None}
[0.563s] Level 5:colcon.colcon_core.verb:set package 'communication_pkg' build argument 'cmake_args' from command line to 'None'
[0.563s] Level 5:colcon.colcon_core.verb:set package 'communication_pkg' build argument 'cmake_target' from command line to 'None'
[0.563s] Level 5:colcon.colcon_core.verb:set package 'communication_pkg' build argument 'cmake_target_skip_unavailable' from command line to 'False'
[0.563s] Level 5:colcon.colcon_core.verb:set package 'communication_pkg' build argument 'cmake_clean_cache' from command line to 'False'
[0.563s] Level 5:colcon.colcon_core.verb:set package 'communication_pkg' build argument 'cmake_clean_first' from command line to 'False'
[0.563s] Level 5:colcon.colcon_core.verb:set package 'communication_pkg' build argument 'cmake_force_configure' from command line to 'False'
[0.563s] Level 5:colcon.colcon_core.verb:set package 'communication_pkg' build argument 'ament_cmake_args' from command line to 'None'
[0.563s] Level 5:colcon.colcon_core.verb:set package 'communication_pkg' build argument 'catkin_cmake_args' from command line to 'None'
[0.563s] Level 5:colcon.colcon_core.verb:set package 'communication_pkg' build argument 'catkin_skip_building_tests' from command line to 'False'
[0.563s] DEBUG:colcon.colcon_core.verb:Building package 'communication_pkg' with the following arguments: {'ament_cmake_args': None, 'build_base': '/home/vini_dunker/COSMOS-AFS/cosmos_ws/build/communication_pkg', 'catkin_cmake_args': None, 'catkin_skip_building_tests': False, 'cmake_args': None, 'cmake_clean_cache': False, 'cmake_clean_first': False, 'cmake_force_configure': False, 'cmake_target': None, 'cmake_target_skip_unavailable': False, 'install_base': '/home/vini_dunker/COSMOS-AFS/cosmos_ws/install/communication_pkg', 'merge_install': False, 'path': '/home/vini_dunker/COSMOS-AFS/cosmos_ws/src/communication_pkg', 'symlink_install': False, 'test_result_base': None}
[0.564s] Level 5:colcon.colcon_core.verb:set package 'sensors_pkg' build argument 'cmake_args' from command line to 'None'
[0.564s] Level 5:colcon.colcon_core.verb:set package 'sensors_pkg' build argument 'cmake_target' from command line to 'None'
[0.564s] Level 5:colcon.colcon_core.verb:set package 'sensors_pkg' build argument 'cmake_target_skip_unavailable' from command line to 'False'
[0.564s] Level 5:colcon.colcon_core.verb:set package 'sensors_pkg' build argument 'cmake_clean_cache' from command line to 'False'
[0.564s] Level 5:colcon.colcon_core.verb:set package 'sensors_pkg' build argument 'cmake_clean_first' from command line to 'False'
[0.564s] Level 5:colcon.colcon_core.verb:set package 'sensors_pkg' build argument 'cmake_force_configure' from command line to 'False'
[0.564s] Level 5:colcon.colcon_core.verb:set package 'sensors_pkg' build argument 'ament_cmake_args' from command line to 'None'
[0.564s] Level 5:colcon.colcon_core.verb:set package 'sensors_pkg' build argument 'catkin_cmake_args' from command line to 'None'
[0.564s] Level 5:colcon.colcon_core.verb:set package 'sensors_pkg' build argument 'catkin_skip_building_tests' from command line to 'False'
[0.564s] DEBUG:colcon.colcon_core.verb:Building package 'sensors_pkg' with the following arguments: {'ament_cmake_args': None, 'build_base': '/home/vini_dunker/COSMOS-AFS/cosmos_ws/build/sensors_pkg', 'catkin_cmake_args': None, 'catkin_skip_building_tests': False, 'cmake_args': None, 'cmake_clean_cache': False, 'cmake_clean_first': False, 'cmake_force_configure': False, 'cmake_target': None, 'cmake_target_skip_unavailable': False, 'install_base': '/home/vini_dunker/COSMOS-AFS/cosmos_ws/install/sensors_pkg', 'merge_install': False, 'path': '/home/vini_dunker/COSMOS-AFS/cosmos_ws/src/sensors_pkg', 'symlink_install': False, 'test_result_base': None}
[0.565s] Level 5:colcon.colcon_core.verb:set package 'state_machine_pkg' build argument 'cmake_args' from command line to 'None'
[0.565s] Level 5:colcon.colcon_core.verb:set package 'state_machine_pkg' build argument 'cmake_target' from command line to 'None'
[0.565s] Level 5:colcon.colcon_core.verb:set package 'state_machine_pkg' build argument 'cmake_target_skip_unavailable' from command line to 'False'
[0.565s] Level 5:colcon.colcon_core.verb:set package 'state_machine_pkg' build argument 'cmake_clean_cache' from command line to 'False'
[0.565s] Level 5:colcon.colcon_core.verb:set package 'state_machine_pkg' build argument 'cmake_clean_first' from command line to 'False'
[0.565s] Level 5:colcon.colcon_core.verb:set package 'state_machine_pkg' build argument 'cmake_force_configure' from command line to 'False'
[0.565s] Level 5:colcon.colcon_core.verb:set package 'state_machine_pkg' build argument 'ament_cmake_args' from command line to 'None'
[0.565s] Level 5:colcon.colcon_core.verb:set package 'state_machine_pkg' build argument 'catkin_cmake_args' from command line to 'None'
[0.565s] Level 5:colcon.colcon_core.verb:set package 'state_machine_pkg' build argument 'catkin_skip_building_tests' from command line to 'False'
[0.565s] DEBUG:colcon.colcon_core.verb:Building package 'state_machine_pkg' with the following arguments: {'ament_cmake_args': None, 'build_base': '/home/vini_dunker/COSMOS-AFS/cosmos_ws/build/state_machine_pkg', 'catkin_cmake_args': None, 'catkin_skip_building_tests': False, 'cmake_args': None, 'cmake_clean_cache': False, 'cmake_clean_first': False, 'cmake_force_configure': False, 'cmake_target': None, 'cmake_target_skip_unavailable': False, 'install_base': '/home/vini_dunker/COSMOS-AFS/cosmos_ws/install/state_machine_pkg', 'merge_install': False, 'path': '/home/vini_dunker/COSMOS-AFS/cosmos_ws/src/state_machine_pkg', 'symlink_install': False, 'test_result_base': None}
[0.566s] INFO:colcon.colcon_core.executor:Executing jobs using 'parallel' executor
[0.569s] DEBUG:colcon.colcon_parallel_executor.executor.parallel:run_until_complete
[0.569s] INFO:colcon.colcon_ros.task.ament_python.build:Building ROS package in '/home/vini_dunker/COSMOS-AFS/cosmos_ws/src/attitude_control_pkg' with build type 'ament_python'
[0.570s] Level 1:colcon.colcon_core.shell:create_environment_hook('attitude_control_pkg', 'ament_prefix_path')
[0.573s] INFO:colcon.colcon_core.plugin_system:Skipping extension 'colcon_core.shell.bat': Not used on non-Windows systems
[0.574s] INFO:colcon.colcon_core.shell:Creating environment hook '/home/vini_dunker/COSMOS-AFS/cosmos_ws/install/attitude_control_pkg/share/attitude_control_pkg/hook/ament_prefix_path.ps1'
[0.575s] INFO:colcon.colcon_core.shell:Creating environment descriptor '/home/vini_dunker/COSMOS-AFS/cosmos_ws/install/attitude_control_pkg/share/attitude_control_pkg/hook/ament_prefix_path.dsv'
[0.575s] INFO:colcon.colcon_core.shell:Creating environment hook '/home/vini_dunker/COSMOS-AFS/cosmos_ws/install/attitude_control_pkg/share/attitude_control_pkg/hook/ament_prefix_path.sh'
[0.576s] INFO:colcon.colcon_core.shell:Skip shell extension 'powershell' for command environment: Not usable outside of PowerShell
[0.576s] DEBUG:colcon.colcon_core.shell:Skip shell extension 'dsv' for command environment
[0.582s] INFO:colcon.colcon_ros.task.ament_python.build:Building ROS package in '/home/vini_dunker/COSMOS-AFS/cosmos_ws/src/camera_pkg' with build type 'ament_python'
[0.582s] Level 1:colcon.colcon_core.shell:create_environment_hook('camera_pkg', 'ament_prefix_path')
[0.584s] INFO:colcon.colcon_core.shell:Creating environment hook '/home/vini_dunker/COSMOS-AFS/cosmos_ws/install/camera_pkg/share/camera_pkg/hook/ament_prefix_path.ps1'
[0.584s] INFO:colcon.colcon_core.shell:Creating environment descriptor '/home/vini_dunker/COSMOS-AFS/cosmos_ws/install/camera_pkg/share/camera_pkg/hook/ament_prefix_path.dsv'
[0.585s] INFO:colcon.colcon_core.shell:Creating environment hook '/home/vini_dunker/COSMOS-AFS/cosmos_ws/install/camera_pkg/share/camera_pkg/hook/ament_prefix_path.sh'
[0.587s] INFO:colcon.colcon_core.shell:Skip shell extension 'powershell' for command environment: Not usable outside of PowerShell
[0.587s] DEBUG:colcon.colcon_core.shell:Skip shell extension 'dsv' for command environment
[0.592s] INFO:colcon.colcon_ros.task.ament_python.build:Building ROS package in '/home/vini_dunker/COSMOS-AFS/cosmos_ws/src/communication_pkg' with build type 'ament_python'
[0.592s] Level 1:colcon.colcon_core.shell:create_environment_hook('communication_pkg', 'ament_prefix_path')
[0.593s] INFO:colcon.colcon_core.shell:Creating environment hook '/home/vini_dunker/COSMOS-AFS/cosmos_ws/install/communication_pkg/share/communication_pkg/hook/ament_prefix_path.ps1'
[0.594s] INFO:colcon.colcon_core.shell:Creating environment descriptor '/home/vini_dunker/COSMOS-AFS/cosmos_ws/install/communication_pkg/share/communication_pkg/hook/ament_prefix_path.dsv'
[0.595s] INFO:colcon.colcon_core.shell:Creating environment hook '/home/vini_dunker/COSMOS-AFS/cosmos_ws/install/communication_pkg/share/communication_pkg/hook/ament_prefix_path.sh'
[0.596s] INFO:colcon.colcon_core.shell:Skip shell extension 'powershell' for command environment: Not usable outside of PowerShell
[0.596s] DEBUG:colcon.colcon_core.shell:Skip shell extension 'dsv' for command environment
[0.602s] INFO:colcon.colcon_ros.task.ament_python.build:Building ROS package in '/home/vini_dunker/COSMOS-AFS/cosmos_ws/src/sensors_pkg' with build type 'ament_python'
[0.602s] Level 1:colcon.colcon_core.shell:create_environment_hook('sensors_pkg', 'ament_prefix_path')
[0.603s] INFO:colcon.colcon_core.shell:Creating environment hook '/home/vini_dunker/COSMOS-AFS/cosmos_ws/install/sensors_pkg/share/sensors_pkg/hook/ament_prefix_path.ps1'
[0.604s] INFO:colcon.colcon_core.shell:Creating environment descriptor '/home/vini_dunker/COSMOS-AFS/cosmos_ws/install/sensors_pkg/share/sensors_pkg/hook/ament_prefix_path.dsv'
[0.604s] INFO:colcon.colcon_core.shell:Creating environment hook '/home/vini_dunker/COSMOS-AFS/cosmos_ws/install/sensors_pkg/share/sensors_pkg/hook/ament_prefix_path.sh'
[0.605s] INFO:colcon.colcon_core.shell:Skip shell extension 'powershell' for command environment: Not usable outside of PowerShell
[0.605s] DEBUG:colcon.colcon_core.shell:Skip shell extension 'dsv' for command environment
[0.611s] INFO:colcon.colcon_ros.task.ament_cmake.build:Building ROS package in '/home/vini_dunker/COSMOS-AFS/cosmos_ws/src/state_machine_pkg' with build type 'ament_cmake'
[0.611s] INFO:colcon.colcon_cmake.task.cmake.build:Building CMake package in '/home/vini_dunker/COSMOS-AFS/cosmos_ws/src/state_machine_pkg'
[0.612s] INFO:colcon.colcon_core.shell:Skip shell extension 'powershell' for command environment: Not usable outside of PowerShell
[0.612s] DEBUG:colcon.colcon_core.shell:Skip shell extension 'dsv' for command environment
[0.858s] INFO:colcon.colcon_core.task.python.build:Building Python package in '/home/vini_dunker/COSMOS-AFS/cosmos_ws/src/attitude_control_pkg'
[0.860s] INFO:colcon.colcon_core.shell:Skip shell extension 'powershell' for command environment: Not usable outside of PowerShell
[0.860s] DEBUG:colcon.colcon_core.shell:Skip shell extension 'dsv' for command environment
[1.086s] INFO:colcon.colcon_core.task.python.build:Building Python package in '/home/vini_dunker/COSMOS-AFS/cosmos_ws/src/camera_pkg'
[1.087s] INFO:colcon.colcon_core.shell:Skip shell extension 'powershell' for command environment: Not usable outside of PowerShell
[1.087s] DEBUG:colcon.colcon_core.shell:Skip shell extension 'dsv' for command environment
[1.316s] INFO:colcon.colcon_core.task.python.build:Building Python package in '/home/vini_dunker/COSMOS-AFS/cosmos_ws/src/communication_pkg'
[1.317s] INFO:colcon.colcon_core.shell:Skip shell extension 'powershell' for command environment: Not usable outside of PowerShell
[1.317s] DEBUG:colcon.colcon_core.shell:Skip shell extension 'dsv' for command environment
[1.539s] INFO:colcon.colcon_core.task.python.build:Building Python package in '/home/vini_dunker/COSMOS-AFS/cosmos_ws/src/sensors_pkg'
[1.540s] INFO:colcon.colcon_core.shell:Skip shell extension 'powershell' for command environment: Not usable outside of PowerShell
[1.540s] DEBUG:colcon.colcon_core.shell:Skip shell extension 'dsv' for command environment
[1.554s] DEBUG:colcon.colcon_core.event_handler.log_command:Invoking command in '/home/vini_dunker/COSMOS-AFS/cosmos_ws/build/state_machine_pkg': CMAKE_PREFIX_PATH=${CMAKE_PREFIX_PATH}:/home/vini_dunker/Automation/mrt19ROS_ws/install/traverse_state_pkg:/home/vini_dunker/Automation/mrt19ROS_ws/install/state_machine_pkg:/home/vini_dunker/Automation/mrt19ROS_ws/install/mrt19_pkg:/home/vini_dunker/Automation/mrt19ROS_ws/install/drum_pkg:/home/vini_dunker/Automation/mrt19ROS_ws/install/data_acquition_pkg:/home/vini_dunker/udemy_ws/install/my_py_pkg:/home/vini_dunker/mrt_ws/install/traverse_stage:/home/vini_dunker/mrt_ws/install/state_machine:/home/vini_dunker/mrt_ws/install/data_acquisition:/opt/ros/humble /usr/bin/cmake --build /home/vini_dunker/COSMOS-AFS/cosmos_ws/build/state_machine_pkg -- -j12 -l12
[1.609s] DEBUG:colcon.colcon_core.event_handler.log_command:Invoked command in '/home/vini_dunker/COSMOS-AFS/cosmos_ws/build/state_machine_pkg' returned '0': CMAKE_PREFIX_PATH=${CMAKE_PREFIX_PATH}:/home/vini_dunker/Automation/mrt19ROS_ws/install/traverse_state_pkg:/home/vini_dunker/Automation/mrt19ROS_ws/install/state_machine_pkg:/home/vini_dunker/Automation/mrt19ROS_ws/install/mrt19_pkg:/home/vini_dunker/Automation/mrt19ROS_ws/install/drum_pkg:/home/vini_dunker/Automation/mrt19ROS_ws/install/data_acquition_pkg:/home/vini_dunker/udemy_ws/install/my_py_pkg:/home/vini_dunker/mrt_ws/install/traverse_stage:/home/vini_dunker/mrt_ws/install/state_machine:/home/vini_dunker/mrt_ws/install/data_acquisition:/opt/ros/humble /usr/bin/cmake --build /home/vini_dunker/COSMOS-AFS/cosmos_ws/build/state_machine_pkg -- -j12 -l12
[1.634s] DEBUG:colcon.colcon_core.event_handler.log_command:Invoking command in '/home/vini_dunker/COSMOS-AFS/cosmos_ws/build/state_machine_pkg': CMAKE_PREFIX_PATH=${CMAKE_PREFIX_PATH}:/home/vini_dunker/Automation/mrt19ROS_ws/install/traverse_state_pkg:/home/vini_dunker/Automation/mrt19ROS_ws/install/state_machine_pkg:/home/vini_dunker/Automation/mrt19ROS_ws/install/mrt19_pkg:/home/vini_dunker/Automation/mrt19ROS_ws/install/drum_pkg:/home/vini_dunker/Automation/mrt19ROS_ws/install/data_acquition_pkg:/home/vini_dunker/udemy_ws/install/my_py_pkg:/home/vini_dunker/mrt_ws/install/traverse_stage:/home/vini_dunker/mrt_ws/install/state_machine:/home/vini_dunker/mrt_ws/install/data_acquisition:/opt/ros/humble /usr/bin/cmake --install /home/vini_dunker/COSMOS-AFS/cosmos_ws/build/state_machine_pkg
[1.643s] Level 1:colcon.colcon_core.environment:create_environment_scripts_only(state_machine_pkg)
[1.644s] DEBUG:colcon.colcon_core.event_handler.log_command:Invoked command in '/home/vini_dunker/COSMOS-AFS/cosmos_ws/build/state_machine_pkg' returned '0': CMAKE_PREFIX_PATH=${CMAKE_PREFIX_PATH}:/home/vini_dunker/Automation/mrt19ROS_ws/install/traverse_state_pkg:/home/vini_dunker/Automation/mrt19ROS_ws/install/state_machine_pkg:/home/vini_dunker/Automation/mrt19ROS_ws/install/mrt19_pkg:/home/vini_dunker/Automation/mrt19ROS_ws/install/drum_pkg:/home/vini_dunker/Automation/mrt19ROS_ws/install/data_acquition_pkg:/home/vini_dunker/udemy_ws/install/my_py_pkg:/home/vini_dunker/mrt_ws/install/traverse_stage:/home/vini_dunker/mrt_ws/install/state_machine:/home/vini_dunker/mrt_ws/install/data_acquisition:/opt/ros/humble /usr/bin/cmake --install /home/vini_dunker/COSMOS-AFS/cosmos_ws/build/state_machine_pkg
[1.649s] Level 1:colcon.colcon_core.environment:checking '/home/vini_dunker/COSMOS-AFS/cosmos_ws/install/state_machine_pkg' for CMake module files
[1.650s] Level 1:colcon.colcon_core.environment:checking '/home/vini_dunker/COSMOS-AFS/cosmos_ws/install/state_machine_pkg' for CMake config files
[1.650s] Level 1:colcon.colcon_core.shell:create_environment_hook('state_machine_pkg', 'cmake_prefix_path')
[1.652s] INFO:colcon.colcon_core.shell:Creating environment hook '/home/vini_dunker/COSMOS-AFS/cosmos_ws/install/state_machine_pkg/share/state_machine_pkg/hook/cmake_prefix_path.ps1'
[1.652s] INFO:colcon.colcon_core.shell:Creating environment descriptor '/home/vini_dunker/COSMOS-AFS/cosmos_ws/install/state_machine_pkg/share/state_machine_pkg/hook/cmake_prefix_path.dsv'
[1.653s] INFO:colcon.colcon_core.shell:Creating environment hook '/home/vini_dunker/COSMOS-AFS/cosmos_ws/install/state_machine_pkg/share/state_machine_pkg/hook/cmake_prefix_path.sh'
[1.653s] Level 1:colcon.colcon_core.environment:checking '/home/vini_dunker/COSMOS-AFS/cosmos_ws/install/state_machine_pkg/lib'
[1.654s] Level 1:colcon.colcon_core.environment:checking '/home/vini_dunker/COSMOS-AFS/cosmos_ws/install/state_machine_pkg/bin'
[1.654s] Level 1:colcon.colcon_core.environment:checking '/home/vini_dunker/COSMOS-AFS/cosmos_ws/install/state_machine_pkg/lib/pkgconfig/state_machine_pkg.pc'
[1.654s] Level 1:colcon.colcon_core.environment:checking '/home/vini_dunker/COSMOS-AFS/cosmos_ws/install/state_machine_pkg/lib/python3.10/site-packages'
[1.654s] Level 1:colcon.colcon_core.environment:checking '/home/vini_dunker/COSMOS-AFS/cosmos_ws/install/state_machine_pkg/bin'
[1.656s] INFO:colcon.colcon_core.shell:Creating package script '/home/vini_dunker/COSMOS-AFS/cosmos_ws/install/state_machine_pkg/share/state_machine_pkg/package.ps1'
[1.657s] INFO:colcon.colcon_core.shell:Creating package descriptor '/home/vini_dunker/COSMOS-AFS/cosmos_ws/install/state_machine_pkg/share/state_machine_pkg/package.dsv'
[1.658s] INFO:colcon.colcon_core.shell:Creating package script '/home/vini_dunker/COSMOS-AFS/cosmos_ws/install/state_machine_pkg/share/state_machine_pkg/package.sh'
[1.658s] INFO:colcon.colcon_core.shell:Creating package script '/home/vini_dunker/COSMOS-AFS/cosmos_ws/install/state_machine_pkg/share/state_machine_pkg/package.bash'
[1.659s] INFO:colcon.colcon_core.shell:Creating package script '/home/vini_dunker/COSMOS-AFS/cosmos_ws/install/state_machine_pkg/share/state_machine_pkg/package.zsh'
[1.659s] Level 1:colcon.colcon_core.environment:create_file_with_runtime_dependencies(/home/vini_dunker/COSMOS-AFS/cosmos_ws/install/state_machine_pkg/share/colcon-core/packages/state_machine_pkg)
[1.677s] Level 1:colcon.colcon_core.environment:create_environment_scripts_only(state_machine_pkg)
[1.678s] Level 1:colcon.colcon_core.environment:checking '/home/vini_dunker/COSMOS-AFS/cosmos_ws/install/state_machine_pkg' for CMake module files
[1.679s] Level 1:colcon.colcon_core.environment:checking '/home/vini_dunker/COSMOS-AFS/cosmos_ws/install/state_machine_pkg' for CMake config files
[1.679s] Level 1:colcon.colcon_core.shell:create_environment_hook('state_machine_pkg', 'cmake_prefix_path')
[1.680s] INFO:colcon.colcon_core.shell:Creating environment hook '/home/vini_dunker/COSMOS-AFS/cosmos_ws/install/state_machine_pkg/share/state_machine_pkg/hook/cmake_prefix_path.ps1'
[1.680s] INFO:colcon.colcon_core.shell:Creating environment descriptor '/home/vini_dunker/COSMOS-AFS/cosmos_ws/install/state_machine_pkg/share/state_machine_pkg/hook/cmake_prefix_path.dsv'
[1.680s] INFO:colcon.colcon_core.shell:Creating environment hook '/home/vini_dunker/COSMOS-AFS/cosmos_ws/install/state_machine_pkg/share/state_machine_pkg/hook/cmake_prefix_path.sh'
[1.681s] Level 1:colcon.colcon_core.environment:checking '/home/vini_dunker/COSMOS-AFS/cosmos_ws/install/state_machine_pkg/lib'
[1.681s] Level 1:colcon.colcon_core.environment:checking '/home/vini_dunker/COSMOS-AFS/cosmos_ws/install/state_machine_pkg/bin'
[1.681s] Level 1:colcon.colcon_core.environment:checking '/home/vini_dunker/COSMOS-AFS/cosmos_ws/install/state_machine_pkg/lib/pkgconfig/state_machine_pkg.pc'
[1.681s] Level 1:colcon.colcon_core.environment:checking '/home/vini_dunker/COSMOS-AFS/cosmos_ws/install/state_machine_pkg/lib/python3.10/site-packages'
[1.681s] Level 1:colcon.colcon_core.environment:checking '/home/vini_dunker/COSMOS-AFS/cosmos_ws/install/state_machine_pkg/bin'
[1.682s] INFO:colcon.colcon_core.shell:Creating package script '/home/vini_dunker/COSMOS-AFS/cosmos_ws/install/state_machine_pkg/share/state_machine_pkg/package.ps1'
[1.683s] INFO:colcon.colcon_core.shell:Creating package descriptor '/home/vini_dunker/COSMOS-AFS/cosmos_ws/install/state_machine_pkg/share/state_machine_pkg/package.dsv'
[1.683s] INFO:colcon.colcon_core.shell:Creating package script '/home/vini_dunker/COSMOS-AFS/cosmos_ws/install/state_machine_pkg/share/state_machine_pkg/package.sh'
[1.683s] INFO:colcon.colcon_core.shell:Creating package script '/home/vini_dunker/COSMOS-AFS/cosmos_ws/install/state_machine_pkg/share/state_machine_pkg/package.bash'
[1.684s] INFO:colcon.colcon_core.shell:Creating package script '/home/vini_dunker/COSMOS-AFS/cosmos_ws/install/state_machine_pkg/share/state_machine_pkg/package.zsh'
[1.684s] Level 1:colcon.colcon_core.environment:create_file_with_runtime_dependencies(/home/vini_dunker/COSMOS-AFS/cosmos_ws/install/state_machine_pkg/share/colcon-core/packages/state_machine_pkg)
[1.896s] DEBUG:colcon.colcon_core.event_handler.log_command:Invoking command in '/home/vini_dunker/COSMOS-AFS/cosmos_ws/src/attitude_control_pkg': PYTHONPATH=/home/vini_dunker/COSMOS-AFS/cosmos_ws/build/attitude_control_pkg/prefix_override:/home/vini_dunker/COSMOS-AFS/cosmos_ws/install/attitude_control_pkg/lib/python3.10/site-packages:${PYTHONPATH} /usr/bin/python3 setup.py egg_info --egg-base ../../build/attitude_control_pkg build --build-base /home/vini_dunker/COSMOS-AFS/cosmos_ws/build/attitude_control_pkg/build install --record /home/vini_dunker/COSMOS-AFS/cosmos_ws/build/attitude_control_pkg/install.log --single-version-externally-managed
[1.900s] DEBUG:colcon.colcon_core.event_handler.log_command:Invoking command in '/home/vini_dunker/COSMOS-AFS/cosmos_ws/src/sensors_pkg': PYTHONPATH=/home/vini_dunker/COSMOS-AFS/cosmos_ws/build/sensors_pkg/prefix_override:/home/vini_dunker/COSMOS-AFS/cosmos_ws/install/sensors_pkg/lib/python3.10/site-packages:${PYTHONPATH} /usr/bin/python3 setup.py egg_info --egg-base ../../build/sensors_pkg build --build-base /home/vini_dunker/COSMOS-AFS/cosmos_ws/build/sensors_pkg/build install --record /home/vini_dunker/COSMOS-AFS/cosmos_ws/build/sensors_pkg/install.log --single-version-externally-managed
[1.901s] DEBUG:colcon.colcon_core.event_handler.log_command:Invoking command in '/home/vini_dunker/COSMOS-AFS/cosmos_ws/src/camera_pkg': PYTHONPATH=/home/vini_dunker/COSMOS-AFS/cosmos_ws/build/camera_pkg/prefix_override:/home/vini_dunker/COSMOS-AFS/cosmos_ws/install/camera_pkg/lib/python3.10/site-packages:${PYTHONPATH} /usr/bin/python3 setup.py egg_info --egg-base ../../build/camera_pkg build --build-base /home/vini_dunker/COSMOS-AFS/cosmos_ws/build/camera_pkg/build install --record /home/vini_dunker/COSMOS-AFS/cosmos_ws/build/camera_pkg/install.log --single-version-externally-managed
[1.902s] DEBUG:colcon.colcon_core.event_handler.log_command:Invoking command in '/home/vini_dunker/COSMOS-AFS/cosmos_ws/src/communication_pkg': PYTHONPATH=/home/vini_dunker/COSMOS-AFS/cosmos_ws/build/communication_pkg/prefix_override:/home/vini_dunker/COSMOS-AFS/cosmos_ws/install/communication_pkg/lib/python3.10/site-packages:${PYTHONPATH} /usr/bin/python3 setup.py egg_info --egg-base ../../build/communication_pkg build --build-base /home/vini_dunker/COSMOS-AFS/cosmos_ws/build/communication_pkg/build install --record /home/vini_dunker/COSMOS-AFS/cosmos_ws/build/communication_pkg/install.log --single-version-externally-managed
[2.177s] Level 1:colcon.colcon_core.environment:checking '/home/vini_dunker/COSMOS-AFS/cosmos_ws/install/attitude_control_pkg' for CMake module files
[2.178s] DEBUG:colcon.colcon_core.event_handler.log_command:Invoked command in '/home/vini_dunker/COSMOS-AFS/cosmos_ws/src/attitude_control_pkg' returned '0': PYTHONPATH=/home/vini_dunker/COSMOS-AFS/cosmos_ws/build/attitude_control_pkg/prefix_override:/home/vini_dunker/COSMOS-AFS/cosmos_ws/install/attitude_control_pkg/lib/python3.10/site-packages:${PYTHONPATH} /usr/bin/python3 setup.py egg_info --egg-base ../../build/attitude_control_pkg build --build-base /home/vini_dunker/COSMOS-AFS/cosmos_ws/build/attitude_control_pkg/build install --record /home/vini_dunker/COSMOS-AFS/cosmos_ws/build/attitude_control_pkg/install.log --single-version-externally-managed
[2.178s] Level 1:colcon.colcon_core.environment:checking '/home/vini_dunker/COSMOS-AFS/cosmos_ws/install/attitude_control_pkg' for CMake config files
[2.179s] Level 1:colcon.colcon_core.environment:checking '/home/vini_dunker/COSMOS-AFS/cosmos_ws/install/attitude_control_pkg/lib'
[2.179s] Level 1:colcon.colcon_core.environment:checking '/home/vini_dunker/COSMOS-AFS/cosmos_ws/install/attitude_control_pkg/bin'
[2.179s] Level 1:colcon.colcon_core.environment:checking '/home/vini_dunker/COSMOS-AFS/cosmos_ws/install/attitude_control_pkg/lib/pkgconfig/attitude_control_pkg.pc'
[2.179s] Level 1:colcon.colcon_core.environment:checking '/home/vini_dunker/COSMOS-AFS/cosmos_ws/install/attitude_control_pkg/lib/python3.10/site-packages'
[2.179s] Level 1:colcon.colcon_core.shell:create_environment_hook('attitude_control_pkg', 'pythonpath')
[2.181s] INFO:colcon.colcon_core.shell:Creating environment hook '/home/vini_dunker/COSMOS-AFS/cosmos_ws/install/attitude_control_pkg/share/attitude_control_pkg/hook/pythonpath.ps1'
[2.182s] INFO:colcon.colcon_core.shell:Creating environment descriptor '/home/vini_dunker/COSMOS-AFS/cosmos_ws/install/attitude_control_pkg/share/attitude_control_pkg/hook/pythonpath.dsv'
[2.182s] INFO:colcon.colcon_core.shell:Creating environment hook '/home/vini_dunker/COSMOS-AFS/cosmos_ws/install/attitude_control_pkg/share/attitude_control_pkg/hook/pythonpath.sh'
[2.182s] Level 1:colcon.colcon_core.environment:checking '/home/vini_dunker/COSMOS-AFS/cosmos_ws/install/attitude_control_pkg/bin'
[2.183s] Level 1:colcon.colcon_core.environment:create_environment_scripts_only(attitude_control_pkg)
[2.184s] INFO:colcon.colcon_core.shell:Creating package script '/home/vini_dunker/COSMOS-AFS/cosmos_ws/install/attitude_control_pkg/share/attitude_control_pkg/package.ps1'
[2.185s] INFO:colcon.colcon_core.shell:Creating package descriptor '/home/vini_dunker/COSMOS-AFS/cosmos_ws/install/attitude_control_pkg/share/attitude_control_pkg/package.dsv'
[2.188s] INFO:colcon.colcon_core.shell:Creating package script '/home/vini_dunker/COSMOS-AFS/cosmos_ws/install/attitude_control_pkg/share/attitude_control_pkg/package.sh'
[2.188s] INFO:colcon.colcon_core.shell:Creating package script '/home/vini_dunker/COSMOS-AFS/cosmos_ws/install/attitude_control_pkg/share/attitude_control_pkg/package.bash'
[2.189s] INFO:colcon.colcon_core.shell:Creating package script '/home/vini_dunker/COSMOS-AFS/cosmos_ws/install/attitude_control_pkg/share/attitude_control_pkg/package.zsh'
[2.189s] Level 1:colcon.colcon_core.environment:create_file_with_runtime_dependencies(/home/vini_dunker/COSMOS-AFS/cosmos_ws/install/attitude_control_pkg/share/colcon-core/packages/attitude_control_pkg)
[2.194s] Level 1:colcon.colcon_core.environment:checking '/home/vini_dunker/COSMOS-AFS/cosmos_ws/install/camera_pkg' for CMake module files
[2.195s] DEBUG:colcon.colcon_core.event_handler.log_command:Invoked command in '/home/vini_dunker/COSMOS-AFS/cosmos_ws/src/camera_pkg' returned '0': PYTHONPATH=/home/vini_dunker/COSMOS-AFS/cosmos_ws/build/camera_pkg/prefix_override:/home/vini_dunker/COSMOS-AFS/cosmos_ws/install/camera_pkg/lib/python3.10/site-packages:${PYTHONPATH} /usr/bin/python3 setup.py egg_info --egg-base ../../build/camera_pkg build --build-base /home/vini_dunker/COSMOS-AFS/cosmos_ws/build/camera_pkg/build install --record /home/vini_dunker/COSMOS-AFS/cosmos_ws/build/camera_pkg/install.log --single-version-externally-managed
[2.195s] Level 1:colcon.colcon_core.environment:checking '/home/vini_dunker/COSMOS-AFS/cosmos_ws/install/camera_pkg' for CMake config files
[2.196s] Level 1:colcon.colcon_core.environment:checking '/home/vini_dunker/COSMOS-AFS/cosmos_ws/install/camera_pkg/lib'
[2.196s] Level 1:colcon.colcon_core.environment:checking '/home/vini_dunker/COSMOS-AFS/cosmos_ws/install/camera_pkg/bin'
[2.196s] Level 1:colcon.colcon_core.environment:checking '/home/vini_dunker/COSMOS-AFS/cosmos_ws/install/camera_pkg/lib/pkgconfig/camera_pkg.pc'
[2.196s] Level 1:colcon.colcon_core.environment:checking '/home/vini_dunker/COSMOS-AFS/cosmos_ws/install/camera_pkg/lib/python3.10/site-packages'
[2.196s] Level 1:colcon.colcon_core.shell:create_environment_hook('camera_pkg', 'pythonpath')
[2.197s] INFO:colcon.colcon_core.shell:Creating environment hook '/home/vini_dunker/COSMOS-AFS/cosmos_ws/install/camera_pkg/share/camera_pkg/hook/pythonpath.ps1'
[2.197s] INFO:colcon.colcon_core.shell:Creating environment descriptor '/home/vini_dunker/COSMOS-AFS/cosmos_ws/install/camera_pkg/share/camera_pkg/hook/pythonpath.dsv'
[2.198s] INFO:colcon.colcon_core.shell:Creating environment hook '/home/vini_dunker/COSMOS-AFS/cosmos_ws/install/camera_pkg/share/camera_pkg/hook/pythonpath.sh'
[2.198s] Level 1:colcon.colcon_core.environment:checking '/home/vini_dunker/COSMOS-AFS/cosmos_ws/install/camera_pkg/bin'
[2.198s] Level 1:colcon.colcon_core.environment:create_environment_scripts_only(camera_pkg)
[2.199s] INFO:colcon.colcon_core.shell:Creating package script '/home/vini_dunker/COSMOS-AFS/cosmos_ws/install/camera_pkg/share/camera_pkg/package.ps1'
[2.199s] INFO:colcon.colcon_core.shell:Creating package descriptor '/home/vini_dunker/COSMOS-AFS/cosmos_ws/install/camera_pkg/share/camera_pkg/package.dsv'
[2.200s] INFO:colcon.colcon_core.shell:Creating package script '/home/vini_dunker/COSMOS-AFS/cosmos_ws/install/camera_pkg/share/camera_pkg/package.sh'
[2.200s] INFO:colcon.colcon_core.shell:Creating package script '/home/vini_dunker/COSMOS-AFS/cosmos_ws/install/camera_pkg/share/camera_pkg/package.bash'
[2.200s] INFO:colcon.colcon_core.shell:Creating package script '/home/vini_dunker/COSMOS-AFS/cosmos_ws/install/camera_pkg/share/camera_pkg/package.zsh'
[2.201s] Level 1:colcon.colcon_core.environment:create_file_with_runtime_dependencies(/home/vini_dunker/COSMOS-AFS/cosmos_ws/install/camera_pkg/share/colcon-core/packages/camera_pkg)
[2.203s] Level 1:colcon.colcon_core.environment:checking '/home/vini_dunker/COSMOS-AFS/cosmos_ws/install/sensors_pkg' for CMake module files
[2.205s] DEBUG:colcon.colcon_core.event_handler.log_command:Invoked command in '/home/vini_dunker/COSMOS-AFS/cosmos_ws/src/sensors_pkg' returned '0': PYTHONPATH=/home/vini_dunker/COSMOS-AFS/cosmos_ws/build/sensors_pkg/prefix_override:/home/vini_dunker/COSMOS-AFS/cosmos_ws/install/sensors_pkg/lib/python3.10/site-packages:${PYTHONPATH} /usr/bin/python3 setup.py egg_info --egg-base ../../build/sensors_pkg build --build-base /home/vini_dunker/COSMOS-AFS/cosmos_ws/build/sensors_pkg/build install --record /home/vini_dunker/COSMOS-AFS/cosmos_ws/build/sensors_pkg/install.log --single-version-externally-managed
[2.205s] Level 1:colcon.colcon_core.environment:checking '/home/vini_dunker/COSMOS-AFS/cosmos_ws/install/sensors_pkg' for CMake config files
[2.206s] Level 1:colcon.colcon_core.environment:checking '/home/vini_dunker/COSMOS-AFS/cosmos_ws/install/sensors_pkg/lib'
[2.206s] Level 1:colcon.colcon_core.environment:checking '/home/vini_dunker/COSMOS-AFS/cosmos_ws/install/sensors_pkg/bin'
[2.206s] Level 1:colcon.colcon_core.environment:checking '/home/vini_dunker/COSMOS-AFS/cosmos_ws/install/sensors_pkg/lib/pkgconfig/sensors_pkg.pc'
[2.206s] Level 1:colcon.colcon_core.environment:checking '/home/vini_dunker/COSMOS-AFS/cosmos_ws/install/sensors_pkg/lib/python3.10/site-packages'
[2.206s] Level 1:colcon.colcon_core.shell:create_environment_hook('sensors_pkg', 'pythonpath')
[2.207s] INFO:colcon.colcon_core.shell:Creating environment hook '/home/vini_dunker/COSMOS-AFS/cosmos_ws/install/sensors_pkg/share/sensors_pkg/hook/pythonpath.ps1'
[2.208s] INFO:colcon.colcon_core.shell:Creating environment descriptor '/home/vini_dunker/COSMOS-AFS/cosmos_ws/install/sensors_pkg/share/sensors_pkg/hook/pythonpath.dsv'
[2.208s] INFO:colcon.colcon_core.shell:Creating environment hook '/home/vini_dunker/COSMOS-AFS/cosmos_ws/install/sensors_pkg/share/sensors_pkg/hook/pythonpath.sh'
[2.208s] Level 1:colcon.colcon_core.environment:checking '/home/vini_dunker/COSMOS-AFS/cosmos_ws/install/sensors_pkg/bin'
[2.208s] Level 1:colcon.colcon_core.environment:create_environment_scripts_only(sensors_pkg)
[2.209s] INFO:colcon.colcon_core.shell:Creating package script '/home/vini_dunker/COSMOS-AFS/cosmos_ws/install/sensors_pkg/share/sensors_pkg/package.ps1'
[2.210s] INFO:colcon.colcon_core.shell:Creating package descriptor '/home/vini_dunker/COSMOS-AFS/cosmos_ws/install/sensors_pkg/share/sensors_pkg/package.dsv'
[2.210s] INFO:colcon.colcon_core.shell:Creating package script '/home/vini_dunker/COSMOS-AFS/cosmos_ws/install/sensors_pkg/share/sensors_pkg/package.sh'
[2.210s] INFO:colcon.colcon_core.shell:Creating package script '/home/vini_dunker/COSMOS-AFS/cosmos_ws/install/sensors_pkg/share/sensors_pkg/package.bash'
[2.211s] INFO:colcon.colcon_core.shell:Creating package script '/home/vini_dunker/COSMOS-AFS/cosmos_ws/install/sensors_pkg/share/sensors_pkg/package.zsh'
[2.211s] Level 1:colcon.colcon_core.environment:create_file_with_runtime_dependencies(/home/vini_dunker/COSMOS-AFS/cosmos_ws/install/sensors_pkg/share/colcon-core/packages/sensors_pkg)
[2.214s] Level 1:colcon.colcon_core.environment:checking '/home/vini_dunker/COSMOS-AFS/cosmos_ws/install/communication_pkg' for CMake module files
[2.215s] DEBUG:colcon.colcon_core.event_handler.log_command:Invoked command in '/home/vini_dunker/COSMOS-AFS/cosmos_ws/src/communication_pkg' returned '0': PYTHONPATH=/home/vini_dunker/COSMOS-AFS/cosmos_ws/build/communication_pkg/prefix_override:/home/vini_dunker/COSMOS-AFS/cosmos_ws/install/communication_pkg/lib/python3.10/site-packages:${PYTHONPATH} /usr/bin/python3 setup.py egg_info --egg-base ../../build/communication_pkg build --build-base /home/vini_dunker/COSMOS-AFS/cosmos_ws/build/communication_pkg/build install --record /home/vini_dunker/COSMOS-AFS/cosmos_ws/build/communication_pkg/install.log --single-version-externally-managed
[2.215s] Level 1:colcon.colcon_core.environment:checking '/home/vini_dunker/COSMOS-AFS/cosmos_ws/install/communication_pkg' for CMake config files
[2.216s] Level 1:colcon.colcon_core.environment:checking '/home/vini_dunker/COSMOS-AFS/cosmos_ws/install/communication_pkg/lib'
[2.216s] Level 1:colcon.colcon_core.environment:checking '/home/vini_dunker/COSMOS-AFS/cosmos_ws/install/communication_pkg/bin'
[2.216s] Level 1:colcon.colcon_core.environment:checking '/home/vini_dunker/COSMOS-AFS/cosmos_ws/install/communication_pkg/lib/pkgconfig/communication_pkg.pc'
[2.216s] Level 1:colcon.colcon_core.environment:checking '/home/vini_dunker/COSMOS-AFS/cosmos_ws/install/communication_pkg/lib/python3.10/site-packages'
[2.216s] Level 1:colcon.colcon_core.shell:create_environment_hook('communication_pkg', 'pythonpath')
[2.217s] INFO:colcon.colcon_core.shell:Creating environment hook '/home/vini_dunker/COSMOS-AFS/cosmos_ws/install/communication_pkg/share/communication_pkg/hook/pythonpath.ps1'
[2.218s] INFO:colcon.colcon_core.shell:Creating environment descriptor '/home/vini_dunker/COSMOS-AFS/cosmos_ws/install/communication_pkg/share/communication_pkg/hook/pythonpath.dsv'
[2.218s] INFO:colcon.colcon_core.shell:Creating environment hook '/home/vini_dunker/COSMOS-AFS/cosmos_ws/install/communication_pkg/share/communication_pkg/hook/pythonpath.sh'
[2.218s] Level 1:colcon.colcon_core.environment:checking '/home/vini_dunker/COSMOS-AFS/cosmos_ws/install/communication_pkg/bin'
[2.218s] Level 1:colcon.colcon_core.environment:create_environment_scripts_only(communication_pkg)
[2.220s] INFO:colcon.colcon_core.shell:Creating package script '/home/vini_dunker/COSMOS-AFS/cosmos_ws/install/communication_pkg/share/communication_pkg/package.ps1'
[2.220s] INFO:colcon.colcon_core.shell:Creating package descriptor '/home/vini_dunker/COSMOS-AFS/cosmos_ws/install/communication_pkg/share/communication_pkg/package.dsv'
[2.220s] INFO:colcon.colcon_core.shell:Creating package script '/home/vini_dunker/COSMOS-AFS/cosmos_ws/install/communication_pkg/share/communication_pkg/package.sh'
[2.221s] INFO:colcon.colcon_core.shell:Creating package script '/home/vini_dunker/COSMOS-AFS/cosmos_ws/install/communication_pkg/share/communication_pkg/package.bash'
[2.221s] INFO:colcon.colcon_core.shell:Creating package script '/home/vini_dunker/COSMOS-AFS/cosmos_ws/install/communication_pkg/share/communication_pkg/package.zsh'
[2.221s] Level 1:colcon.colcon_core.environment:create_file_with_runtime_dependencies(/home/vini_dunker/COSMOS-AFS/cosmos_ws/install/communication_pkg/share/colcon-core/packages/communication_pkg)
[2.222s] DEBUG:colcon.colcon_parallel_executor.executor.parallel:closing loop
[2.222s] DEBUG:colcon.colcon_parallel_executor.executor.parallel:loop closed
[2.222s] DEBUG:colcon.colcon_parallel_executor.executor.parallel:run_until_complete finished with '0'
[2.222s] DEBUG:colcon.colcon_core.event_reactor:joining thread
[2.315s] INFO:colcon.colcon_core.plugin_system:Skipping extension 'colcon_notification.desktop_notification.notify_send': Could not find 'notify-send'
[2.315s] INFO:colcon.colcon_core.plugin_system:Skipping extension 'colcon_notification.desktop_notification.terminal_notifier': Not used on non-Darwin systems
[2.315s] INFO:colcon.colcon_core.plugin_system:Skipping extension 'colcon_notification.desktop_notification.win32': Not used on non-Windows systems
[2.315s] INFO:colcon.colcon_notification.desktop_notification:Sending desktop notification using 'notify2'
[2.320s] DEBUG:colcon.colcon_notification.desktop_notification.notify2:Failed to initialize notify2: org.freedesktop.DBus.Error.ServiceUnknown: The name org.freedesktop.Notifications was not provided by any .service files
[2.320s] DEBUG:colcon.colcon_core.event_reactor:joined thread
[2.322s] INFO:colcon.colcon_core.shell:Creating prefix script '/home/vini_dunker/COSMOS-AFS/cosmos_ws/install/local_setup.ps1'
[2.322s] INFO:colcon.colcon_core.shell:Creating prefix util module '/home/vini_dunker/COSMOS-AFS/cosmos_ws/install/_local_setup_util_ps1.py'
[2.323s] INFO:colcon.colcon_core.shell:Creating prefix chain script '/home/vini_dunker/COSMOS-AFS/cosmos_ws/install/setup.ps1'
[2.325s] INFO:colcon.colcon_core.shell:Creating prefix script '/home/vini_dunker/COSMOS-AFS/cosmos_ws/install/local_setup.sh'
[2.325s] INFO:colcon.colcon_core.shell:Creating prefix util module '/home/vini_dunker/COSMOS-AFS/cosmos_ws/install/_local_setup_util_sh.py'
[2.325s] INFO:colcon.colcon_core.shell:Creating prefix chain script '/home/vini_dunker/COSMOS-AFS/cosmos_ws/install/setup.sh'
[2.327s] INFO:colcon.colcon_core.shell:Creating prefix script '/home/vini_dunker/COSMOS-AFS/cosmos_ws/install/local_setup.bash'
[2.327s] INFO:colcon.colcon_core.shell:Creating prefix chain script '/home/vini_dunker/COSMOS-AFS/cosmos_ws/install/setup.bash'
[2.329s] INFO:colcon.colcon_core.shell:Creating prefix script '/home/vini_dunker/COSMOS-AFS/cosmos_ws/install/local_setup.zsh'
[2.329s] INFO:colcon.colcon_core.shell:Creating prefix chain script '/home/vini_dunker/COSMOS-AFS/cosmos_ws/install/setup.zsh'
