[1.396s] Invoking command in '/home/vini_dunker/COSMOS-AFS/cosmos_ws/src/attitude_service_pkg': PYTHONPATH=/home/vini_dunker/COSMOS-AFS/cosmos_ws/build/attitude_service_pkg/prefix_override:/home/vini_dunker/COSMOS-AFS/cosmos_ws/install/attitude_service_pkg/lib/python3.10/site-packages:${PYTHONPATH} /usr/bin/python3 setup.py egg_info --egg-base ../../build/attitude_service_pkg build --build-base /home/vini_dunker/COSMOS-AFS/cosmos_ws/build/attitude_service_pkg/build install --record /home/vini_dunker/COSMOS-AFS/cosmos_ws/build/attitude_service_pkg/install.log --single-version-externally-managed
[1.715s] running egg_info
[1.715s] writing ../../build/attitude_service_pkg/attitude_service_pkg.egg-info/PKG-INFO
[1.716s] writing dependency_links to ../../build/attitude_service_pkg/attitude_service_pkg.egg-info/dependency_links.txt
[1.716s] writing entry points to ../../build/attitude_service_pkg/attitude_service_pkg.egg-info/entry_points.txt
[1.716s] writing requirements to ../../build/attitude_service_pkg/attitude_service_pkg.egg-info/requires.txt
[1.716s] writing top-level names to ../../build/attitude_service_pkg/attitude_service_pkg.egg-info/top_level.txt
[1.718s] reading manifest file '../../build/attitude_service_pkg/attitude_service_pkg.egg-info/SOURCES.txt'
[1.719s] writing manifest file '../../build/attitude_service_pkg/attitude_service_pkg.egg-info/SOURCES.txt'
[1.719s] running build
[1.720s] running build_py
[1.720s] copying attitude_service_pkg/SkewServ.py -> /home/vini_dunker/COSMOS-AFS/cosmos_ws/build/attitude_service_pkg/build/lib/attitude_service_pkg
[1.720s] running install
[1.720s] running install_lib
[1.721s] copying /home/vini_dunker/COSMOS-AFS/cosmos_ws/build/attitude_service_pkg/build/lib/attitude_service_pkg/SkewServ.py -> /home/vini_dunker/COSMOS-AFS/cosmos_ws/install/attitude_service_pkg/lib/python3.10/site-packages/attitude_service_pkg
[1.722s] byte-compiling /home/vini_dunker/COSMOS-AFS/cosmos_ws/install/attitude_service_pkg/lib/python3.10/site-packages/attitude_service_pkg/SkewServ.py to SkewServ.cpython-310.pyc
[1.722s] running install_data
[1.723s] running install_egg_info
[1.724s] removing '/home/vini_dunker/COSMOS-AFS/cosmos_ws/install/attitude_service_pkg/lib/python3.10/site-packages/attitude_service_pkg-0.0.0-py3.10.egg-info' (and everything under it)
[1.725s] Copying ../../build/attitude_service_pkg/attitude_service_pkg.egg-info to /home/vini_dunker/COSMOS-AFS/cosmos_ws/install/attitude_service_pkg/lib/python3.10/site-packages/attitude_service_pkg-0.0.0-py3.10.egg-info
[1.727s] running install_scripts
[1.748s] Installing AxisAngleToDCM script to /home/vini_dunker/COSMOS-AFS/cosmos_ws/install/attitude_service_pkg/lib/attitude_service_pkg
[1.749s] Installing SkewServ script to /home/vini_dunker/COSMOS-AFS/cosmos_ws/install/attitude_service_pkg/lib/attitude_service_pkg
[1.749s] writing list of installed files to '/home/vini_dunker/COSMOS-AFS/cosmos_ws/build/attitude_service_pkg/install.log'
[1.829s] Invoked command in '/home/vini_dunker/COSMOS-AFS/cosmos_ws/src/attitude_service_pkg' returned '0': PYTHONPATH=/home/vini_dunker/COSMOS-AFS/cosmos_ws/build/attitude_service_pkg/prefix_override:/home/vini_dunker/COSMOS-AFS/cosmos_ws/install/attitude_service_pkg/lib/python3.10/site-packages:${PYTHONPATH} /usr/bin/python3 setup.py egg_info --egg-base ../../build/attitude_service_pkg build --build-base /home/vini_dunker/COSMOS-AFS/cosmos_ws/build/attitude_service_pkg/build install --record /home/vini_dunker/COSMOS-AFS/cosmos_ws/build/attitude_service_pkg/install.log --single-version-externally-managed
