[1.702s] Invoking command in '/home/vini_dunker/COSMOS-AFS/cosmos_ws/src/camera_pkg': PYTHONPATH=/home/vini_dunker/COSMOS-AFS/cosmos_ws/build/camera_pkg/prefix_override:/home/vini_dunker/COSMOS-AFS/cosmos_ws/install/camera_pkg/lib/python3.10/site-packages:${PYTHONPATH} /usr/bin/python3 setup.py egg_info --egg-base ../../build/camera_pkg build --build-base /home/vini_dunker/COSMOS-AFS/cosmos_ws/build/camera_pkg/build install --record /home/vini_dunker/COSMOS-AFS/cosmos_ws/build/camera_pkg/install.log --single-version-externally-managed
[2.053s] running egg_info
[2.054s] writing ../../build/camera_pkg/camera_pkg.egg-info/PKG-INFO
[2.054s] writing dependency_links to ../../build/camera_pkg/camera_pkg.egg-info/dependency_links.txt
[2.055s] writing entry points to ../../build/camera_pkg/camera_pkg.egg-info/entry_points.txt
[2.055s] writing requirements to ../../build/camera_pkg/camera_pkg.egg-info/requires.txt
[2.055s] writing top-level names to ../../build/camera_pkg/camera_pkg.egg-info/top_level.txt
[2.057s] reading manifest file '../../build/camera_pkg/camera_pkg.egg-info/SOURCES.txt'
[2.059s] writing manifest file '../../build/camera_pkg/camera_pkg.egg-info/SOURCES.txt'
[2.059s] running build
[2.059s] running build_py
[2.059s] copying camera_pkg/GetImage.py -> /home/vini_dunker/COSMOS-AFS/cosmos_ws/build/camera_pkg/build/lib/camera_pkg
[2.059s] running install
[2.060s] running install_lib
[2.061s] copying /home/vini_dunker/COSMOS-AFS/cosmos_ws/build/camera_pkg/build/lib/camera_pkg/GetImage.py -> /home/vini_dunker/COSMOS-AFS/cosmos_ws/install/camera_pkg/lib/python3.10/site-packages/camera_pkg
[2.063s] byte-compiling /home/vini_dunker/COSMOS-AFS/cosmos_ws/install/camera_pkg/lib/python3.10/site-packages/camera_pkg/image_to_pixel.py to image_to_pixel.cpython-310.pyc
[2.063s] byte-compiling /home/vini_dunker/COSMOS-AFS/cosmos_ws/install/camera_pkg/lib/python3.10/site-packages/camera_pkg/GetImage.py to GetImage.cpython-310.pyc
[2.063s] Sorry: IndentationError: expected an indented block after function definition on line 6 (image_to_pixel.py, line 14)
[2.064s] running install_data
[2.065s] running install_egg_info
[2.066s] removing '/home/vini_dunker/COSMOS-AFS/cosmos_ws/install/camera_pkg/lib/python3.10/site-packages/camera_pkg-0.0.0-py3.10.egg-info' (and everything under it)
[2.067s] Copying ../../build/camera_pkg/camera_pkg.egg-info to /home/vini_dunker/COSMOS-AFS/cosmos_ws/install/camera_pkg/lib/python3.10/site-packages/camera_pkg-0.0.0-py3.10.egg-info
[2.069s] running install_scripts
[2.100s] Installing CameraSM script to /home/vini_dunker/COSMOS-AFS/cosmos_ws/install/camera_pkg/lib/camera_pkg
[2.100s] Installing GetImage script to /home/vini_dunker/COSMOS-AFS/cosmos_ws/install/camera_pkg/lib/camera_pkg
[2.101s] Installing ImageToDCM script to /home/vini_dunker/COSMOS-AFS/cosmos_ws/install/camera_pkg/lib/camera_pkg
[2.102s] writing list of installed files to '/home/vini_dunker/COSMOS-AFS/cosmos_ws/build/camera_pkg/install.log'
[2.200s] Invoked command in '/home/vini_dunker/COSMOS-AFS/cosmos_ws/src/camera_pkg' returned '0': PYTHONPATH=/home/vini_dunker/COSMOS-AFS/cosmos_ws/build/camera_pkg/prefix_override:/home/vini_dunker/COSMOS-AFS/cosmos_ws/install/camera_pkg/lib/python3.10/site-packages:${PYTHONPATH} /usr/bin/python3 setup.py egg_info --egg-base ../../build/camera_pkg build --build-base /home/vini_dunker/COSMOS-AFS/cosmos_ws/build/camera_pkg/build install --record /home/vini_dunker/COSMOS-AFS/cosmos_ws/build/camera_pkg/install.log --single-version-externally-managed
