[0.050s] Invoking command in '/home/vini_dunker/COSMOS-AFS/cosmos_ws/build/cosmos_interfaces': CMAKE_PREFIX_PATH=${CMAKE_PREFIX_PATH}:/home/vini_dunker/MRT-19/ros_drone_ws/install/drone_control:/home/vini_dunker/udemy_ws/install/my_py_pkg:/home/vini_dunker/COSMOS-AFS/cosmos_ws/install/sensors_pkg:/home/vini_dunker/COSMOS-AFS/cosmos_ws/install/communication_pkg:/home/vini_dunker/COSMOS-AFS/cosmos_ws/install/camera_pkg:/home/vini_dunker/COSMOS-AFS/cosmos_ws/install/attitude_service_pkg:/home/vini_dunker/Automation/mrt19ROS_ws/install/traverse_state_pkg:/home/vini_dunker/Automation/mrt19ROS_ws/install/state_machine_pkg:/home/vini_dunker/Automation/mrt19ROS_ws/install/mrt19_pkg:/home/vini_dunker/Automation/mrt19ROS_ws/install/drum_pkg:/home/vini_dunker/Automation/mrt19ROS_ws/install/data_acquition_pkg:/home/vini_dunker/mrt_ws/install/traverse_stage:/home/vini_dunker/mrt_ws/install/state_machine:/home/vini_dunker/mrt_ws/install/data_acquisition:/opt/ros/humble /usr/bin/cmake --build /home/vini_dunker/COSMOS-AFS/cosmos_ws/build/cosmos_interfaces -- -j12 -l12
[0.810s] -- Found ament_cmake: 1.3.4 (/opt/ros/humble/share/ament_cmake/cmake)
[0.811s] -- Found rosidl_default_generators: 1.2.0 (/opt/ros/humble/share/rosidl_default_generators/cmake)
[0.812s] -- Using all available rosidl_typesupport_c: rosidl_typesupport_fastrtps_c;rosidl_typesupport_introspection_c
[0.812s] -- Found rosidl_adapter: 3.1.4 (/opt/ros/humble/share/rosidl_adapter/cmake)
[0.812s] -- Using all available rosidl_typesupport_cpp: rosidl_typesupport_fastrtps_cpp;rosidl_typesupport_introspection_cpp
[0.812s] -- Found ament_cmake_ros: 0.10.0 (/opt/ros/humble/share/ament_cmake_ros/cmake)
[0.859s] -- Using all available rosidl_typesupport_c: rosidl_typesupport_fastrtps_c;rosidl_typesupport_introspection_c
[1.088s] -- Using all available rosidl_typesupport_cpp: rosidl_typesupport_fastrtps_cpp;rosidl_typesupport_introspection_cpp
[1.108s] -- Found python_cmake_module: 0.10.0 (/opt/ros/humble/share/python_cmake_module/cmake)
[1.150s] -- Using PYTHON_EXECUTABLE: /usr/bin/python3
[1.150s] -- Using PYTHON_INCLUDE_DIRS: /usr/include/python3.10
[1.150s] -- Using PYTHON_LIBRARIES: /usr/lib/x86_64-linux-gnu/libpython3.10.so
[1.174s] -- Configuring done
[1.210s] -- Generating done
[1.214s] -- Build files have been written to: /home/vini_dunker/COSMOS-AFS/cosmos_ws/build/cosmos_interfaces
[1.234s] [  1%] [34m[1mGenerating C code for ROS interfaces[0m
[1.240s] [  2%] [34m[1mGenerating C++ code for ROS interfaces[0m
[1.254s] [  2%] Built target ament_cmake_python_copy_cosmos_interfaces
[1.478s] Traceback (most recent call last):
[1.478s]   File "/home/vini_dunker/COSMOS-AFS/cosmos_ws/build/cosmos_interfaces/ament_cmake_python/cosmos_interfaces/setup.py", line 1, in <module>
[1.478s]     from setuptools import find_packages
[1.479s]   File "/home/vini_dunker/.local/lib/python3.10/site-packages/setuptools/__init__.py", line 16, in <module>
[1.479s]     import setuptools.version
[1.479s]   File "/home/vini_dunker/.local/lib/python3.10/site-packages/setuptools/version.py", line 1, in <module>
[1.479s]     import pkg_resources
[1.479s]   File "/home/vini_dunker/.local/lib/python3.10/site-packages/pkg_resources/__init__.py", line 3243, in <module>
[1.480s]     def _initialize_master_working_set():
[1.480s]   File "/home/vini_dunker/.local/lib/python3.10/site-packages/pkg_resources/__init__.py", line 3226, in _call_aside
[1.480s]     f(*args, **kwargs)
[1.480s]   File "/home/vini_dunker/.local/lib/python3.10/site-packages/pkg_resources/__init__.py", line 3278, in _initialize_master_working_set
[1.480s]     list(map(working_set.add_entry, sys.path))
[1.481s]   File "/home/vini_dunker/.local/lib/python3.10/site-packages/pkg_resources/__init__.py", line 608, in add_entry
[1.481s]     for dist in find_distributions(entry, True):
[1.481s]   File "/home/vini_dunker/.local/lib/python3.10/site-packages/pkg_resources/__init__.py", line 2063, in find_on_path
[1.481s]     for dist in factory(fullpath):
[1.481s]   File "/home/vini_dunker/.local/lib/python3.10/site-packages/pkg_resources/__init__.py", line 2128, in distributions_from_metadata
[1.483s]     yield Distribution.from_location(
[1.483s]   File "/home/vini_dunker/.local/lib/python3.10/site-packages/pkg_resources/__init__.py", line 2591, in from_location
[1.483s]     )._reload_version()
[1.483s]   File "/home/vini_dunker/.local/lib/python3.10/site-packages/pkg_resources/__init__.py", line 2989, in _reload_version
[1.484s]     md_version = self._get_version()
[1.484s]   File "/home/vini_dunker/.local/lib/python3.10/site-packages/pkg_resources/__init__.py", line 2770, in _get_version
[1.484s]     version = _version_from_file(lines)
[1.484s]   File "/home/vini_dunker/.local/lib/python3.10/site-packages/pkg_resources/__init__.py", line 2554, in _version_from_file
[1.484s]     line = next(iter(version_lines), '')
[1.485s]   File "/home/vini_dunker/.local/lib/python3.10/site-packages/pkg_resources/__init__.py", line 2765, in _get_metadata
[1.485s]     for line in self.get_metadata_lines(name):
[1.485s]   File "/home/vini_dunker/.local/lib/python3.10/site-packages/pkg_resources/__init__.py", line 1417, in get_metadata_lines
[1.485s]     return yield_lines(self.get_metadata(name))
[1.486s]   File "/home/vini_dunker/.local/lib/python3.10/site-packages/pkg_resources/__init__.py", line 1407, in get_metadata
[1.486s]     value = self._get(path)
[1.486s]   File "/home/vini_dunker/.local/lib/python3.10/site-packages/pkg_resources/__init__.py", line 1611, in _get
[1.486s]     with open(path, 'rb') as stream:
[1.487s] FileNotFoundError: [Errno 2] No such file or directory: '/home/vini_dunker/COSMOS-AFS/cosmos_ws/install/camera_pkg/lib/python3.10/site-packages/camera_pkg-0.0.0-py3.10.egg-info/PKG-INFO'
[1.503s] gmake[2]: *** [CMakeFiles/ament_cmake_python_build_cosmos_interfaces_egg.dir/build.make:70: CMakeFiles/ament_cmake_python_build_cosmos_interfaces_egg] Error 1
[1.503s] gmake[1]: *** [CMakeFiles/Makefile2:447: CMakeFiles/ament_cmake_python_build_cosmos_interfaces_egg.dir/all] Error 2
[1.503s] gmake[1]: *** Waiting for unfinished jobs....
[1.850s] [  2%] Built target cosmos_interfaces__cpp
[1.869s] [35m[1mConsolidate compiler generated dependencies of target cosmos_interfaces__rosidl_generator_c[0m
[1.879s] [  5%] [32mBuilding C object CMakeFiles/cosmos_interfaces__rosidl_generator_c.dir/rosidl_generator_c/cosmos_interfaces/msg/detail/reaction_wheels__functions.c.o[0m
[1.880s] [  5%] [32mBuilding C object CMakeFiles/cosmos_interfaces__rosidl_generator_c.dir/rosidl_generator_c/cosmos_interfaces/msg/detail/state_machine__functions.c.o[0m
[1.880s] [  6%] [32mBuilding C object CMakeFiles/cosmos_interfaces__rosidl_generator_c.dir/rosidl_generator_c/cosmos_interfaces/msg/detail/position__functions.c.o[0m
[1.880s] [  7%] [32mBuilding C object CMakeFiles/cosmos_interfaces__rosidl_generator_c.dir/rosidl_generator_c/cosmos_interfaces/srv/detail/aa_to_dcm__functions.c.o[0m
[1.881s] [  8%] [32mBuilding C object CMakeFiles/cosmos_interfaces__rosidl_generator_c.dir/rosidl_generator_c/cosmos_interfaces/msg/detail/attitude__functions.c.o[0m
[1.881s] [ 10%] [32mBuilding C object CMakeFiles/cosmos_interfaces__rosidl_generator_c.dir/rosidl_generator_c/cosmos_interfaces/msg/detail/camera__functions.c.o[0m
[1.882s] [ 11%] [32mBuilding C object CMakeFiles/cosmos_interfaces__rosidl_generator_c.dir/rosidl_generator_c/cosmos_interfaces/srv/detail/skew__functions.c.o[0m
[1.935s] [ 12%] [32m[1mLinking C shared library libcosmos_interfaces__rosidl_generator_c.so[0m
[2.063s] [ 12%] Built target cosmos_interfaces__rosidl_generator_c
[2.064s] gmake: *** [Makefile:146: all] Error 2
[2.066s] Invoked command in '/home/vini_dunker/COSMOS-AFS/cosmos_ws/build/cosmos_interfaces' returned '2': CMAKE_PREFIX_PATH=${CMAKE_PREFIX_PATH}:/home/vini_dunker/MRT-19/ros_drone_ws/install/drone_control:/home/vini_dunker/udemy_ws/install/my_py_pkg:/home/vini_dunker/COSMOS-AFS/cosmos_ws/install/sensors_pkg:/home/vini_dunker/COSMOS-AFS/cosmos_ws/install/communication_pkg:/home/vini_dunker/COSMOS-AFS/cosmos_ws/install/camera_pkg:/home/vini_dunker/COSMOS-AFS/cosmos_ws/install/attitude_service_pkg:/home/vini_dunker/Automation/mrt19ROS_ws/install/traverse_state_pkg:/home/vini_dunker/Automation/mrt19ROS_ws/install/state_machine_pkg:/home/vini_dunker/Automation/mrt19ROS_ws/install/mrt19_pkg:/home/vini_dunker/Automation/mrt19ROS_ws/install/drum_pkg:/home/vini_dunker/Automation/mrt19ROS_ws/install/data_acquition_pkg:/home/vini_dunker/mrt_ws/install/traverse_stage:/home/vini_dunker/mrt_ws/install/state_machine:/home/vini_dunker/mrt_ws/install/data_acquisition:/opt/ros/humble /usr/bin/cmake --build /home/vini_dunker/COSMOS-AFS/cosmos_ws/build/cosmos_interfaces -- -j12 -l12
