running egg_info
writing ../../build/attitude_service_pkg/attitude_service_pkg.egg-info/PKG-INFO
writing dependency_links to ../../build/attitude_service_pkg/attitude_service_pkg.egg-info/dependency_links.txt
writing entry points to ../../build/attitude_service_pkg/attitude_service_pkg.egg-info/entry_points.txt
writing requirements to ../../build/attitude_service_pkg/attitude_service_pkg.egg-info/requires.txt
writing top-level names to ../../build/attitude_service_pkg/attitude_service_pkg.egg-info/top_level.txt
reading manifest file '../../build/attitude_service_pkg/attitude_service_pkg.egg-info/SOURCES.txt'
writing manifest file '../../build/attitude_service_pkg/attitude_service_pkg.egg-info/SOURCES.txt'
running build
running build_py
running install
running install_lib
copying /home/vini_dunker/COSMOS-AFS/cosmos_ws/build/attitude_service_pkg/build/lib/attitude_service_pkg/AxisAngleToDCM.py -> /home/vini_dunker/COSMOS-AFS/cosmos_ws/install/attitude_service_pkg/lib/python3.10/site-packages/attitude_service_pkg
byte-compiling /home/vini_dunker/COSMOS-AFS/cosmos_ws/install/attitude_service_pkg/lib/python3.10/site-packages/attitude_service_pkg/AxisAngleToDCM.py to AxisAngleToDCM.cpython-310.pyc
running install_data
running install_egg_info
removing '/home/vini_dunker/COSMOS-AFS/cosmos_ws/install/attitude_service_pkg/lib/python3.10/site-packages/attitude_service_pkg-0.0.0-py3.10.egg-info' (and everything under it)
Copying ../../build/attitude_service_pkg/attitude_service_pkg.egg-info to /home/vini_dunker/COSMOS-AFS/cosmos_ws/install/attitude_service_pkg/lib/python3.10/site-packages/attitude_service_pkg-0.0.0-py3.10.egg-info
running install_scripts
Installing AxisAngleToDCM script to /home/vini_dunker/COSMOS-AFS/cosmos_ws/install/attitude_service_pkg/lib/attitude_service_pkg
Installing SkewServ script to /home/vini_dunker/COSMOS-AFS/cosmos_ws/install/attitude_service_pkg/lib/attitude_service_pkg
writing list of installed files to '/home/vini_dunker/COSMOS-AFS/cosmos_ws/build/attitude_service_pkg/install.log'
