running egg_info
creating ../../build/kinematics_pkg/kinematics_pkg.egg-info
writing ../../build/kinematics_pkg/kinematics_pkg.egg-info/PKG-INFO
writing dependency_links to ../../build/kinematics_pkg/kinematics_pkg.egg-info/dependency_links.txt
writing entry points to ../../build/kinematics_pkg/kinematics_pkg.egg-info/entry_points.txt
writing requirements to ../../build/kinematics_pkg/kinematics_pkg.egg-info/requires.txt
writing top-level names to ../../build/kinematics_pkg/kinematics_pkg.egg-info/top_level.txt
writing manifest file '../../build/kinematics_pkg/kinematics_pkg.egg-info/SOURCES.txt'
reading manifest file '../../build/kinematics_pkg/kinematics_pkg.egg-info/SOURCES.txt'
writing manifest file '../../build/kinematics_pkg/kinematics_pkg.egg-info/SOURCES.txt'
running build
running build_py
creating /home/cosmos/COSMOS-AFS/cosmos_ws/build/kinematics_pkg/build
creating /home/cosmos/COSMOS-AFS/cosmos_ws/build/kinematics_pkg/build/lib
creating /home/cosmos/COSMOS-AFS/cosmos_ws/build/kinematics_pkg/build/lib/kinematics_pkg
copying kinematics_pkg/Kinematics.py -> /home/cosmos/COSMOS-AFS/cosmos_ws/build/kinematics_pkg/build/lib/kinematics_pkg
copying kinematics_pkg/__init__.py -> /home/cosmos/COSMOS-AFS/cosmos_ws/build/kinematics_pkg/build/lib/kinematics_pkg
running install
running install_lib
creating /home/cosmos/COSMOS-AFS/cosmos_ws/install/kinematics_pkg/lib/python3.10/site-packages/kinematics_pkg
copying /home/cosmos/COSMOS-AFS/cosmos_ws/build/kinematics_pkg/build/lib/kinematics_pkg/Kinematics.py -> /home/cosmos/COSMOS-AFS/cosmos_ws/install/kinematics_pkg/lib/python3.10/site-packages/kinematics_pkg
copying /home/cosmos/COSMOS-AFS/cosmos_ws/build/kinematics_pkg/build/lib/kinematics_pkg/__init__.py -> /home/cosmos/COSMOS-AFS/cosmos_ws/install/kinematics_pkg/lib/python3.10/site-packages/kinematics_pkg
byte-compiling /home/cosmos/COSMOS-AFS/cosmos_ws/install/kinematics_pkg/lib/python3.10/site-packages/kinematics_pkg/Kinematics.py to Kinematics.cpython-310.pyc
byte-compiling /home/cosmos/COSMOS-AFS/cosmos_ws/install/kinematics_pkg/lib/python3.10/site-packages/kinematics_pkg/__init__.py to __init__.cpython-310.pyc
running install_data
creating /home/cosmos/COSMOS-AFS/cosmos_ws/install/kinematics_pkg/share/ament_index
creating /home/cosmos/COSMOS-AFS/cosmos_ws/install/kinematics_pkg/share/ament_index/resource_index
creating /home/cosmos/COSMOS-AFS/cosmos_ws/install/kinematics_pkg/share/ament_index/resource_index/packages
copying resource/kinematics_pkg -> /home/cosmos/COSMOS-AFS/cosmos_ws/install/kinematics_pkg/share/ament_index/resource_index/packages
copying package.xml -> /home/cosmos/COSMOS-AFS/cosmos_ws/install/kinematics_pkg/share/kinematics_pkg
running install_egg_info
Copying ../../build/kinematics_pkg/kinematics_pkg.egg-info to /home/cosmos/COSMOS-AFS/cosmos_ws/install/kinematics_pkg/lib/python3.10/site-packages/kinematics_pkg-0.0.0-py3.10.egg-info
running install_scripts
Installing Kinematics script to /home/cosmos/COSMOS-AFS/cosmos_ws/install/kinematics_pkg/lib/kinematics_pkg
writing list of installed files to '/home/cosmos/COSMOS-AFS/cosmos_ws/build/kinematics_pkg/install.log'
