[0.402s] DEBUG:colcon:Command line arguments: ['/usr/bin/colcon', 'build']
[0.402s] DEBUG:colcon:Parsed command line arguments: Namespace(log_base=None, log_level=None, verb_name='build', build_base='build', install_base='install', merge_install=False, symlink_install=False, test_result_base=None, continue_on_error=False, executor='parallel', parallel_workers=12, event_handlers=None, ignore_user_meta=False, metas=['./colcon.meta'], base_paths=['.'], packages_ignore=None, packages_ignore_regex=None, paths=None, packages_up_to=None, packages_up_to_regex=None, packages_above=None, packages_above_and_dependencies=None, packages_above_depth=None, packages_select_by_dep=None, packages_skip_by_dep=None, packages_skip_up_to=None, packages_select_build_failed=False, packages_skip_build_finished=False, packages_select_test_failures=False, packages_skip_test_passed=False, packages_select=None, packages_skip=None, packages_select_regex=None, packages_skip_regex=None, packages_start=None, packages_end=None, allow_overriding=[], cmake_args=None, cmake_target=None, cmake_target_skip_unavailable=False, cmake_clean_cache=False, cmake_clean_first=False, cmake_force_configure=False, ament_cmake_args=None, catkin_cmake_args=None, catkin_skip_building_tests=False, verb_parser=<colcon_defaults.argument_parser.defaults.DefaultArgumentsDecorator object at 0x7fbc3708ff10>, verb_extension=<colcon_core.verb.build.BuildVerb object at 0x7fbc3708f9a0>, main=<bound method BuildVerb.main of <colcon_core.verb.build.BuildVerb object at 0x7fbc3708f9a0>>)
[0.421s] Level 1:colcon.colcon_core.package_discovery:discover_packages(colcon_meta) check parameters
[0.421s] Level 1:colcon.colcon_core.package_discovery:discover_packages(recursive) check parameters
[0.421s] Level 1:colcon.colcon_core.package_discovery:discover_packages(ignore) check parameters
[0.421s] Level 1:colcon.colcon_core.package_discovery:discover_packages(path) check parameters
[0.421s] Level 1:colcon.colcon_core.package_discovery:discover_packages(colcon_meta) discover
[0.421s] Level 1:colcon.colcon_core.package_discovery:discover_packages(recursive) discover
[0.421s] INFO:colcon.colcon_core.package_discovery:Crawling recursively for packages in '/home/vini_dunker/COSMOS-AFS/cosmos_ws'
[0.421s] Level 1:colcon.colcon_core.package_identification:_identify(.) by extensions ['ignore', 'ignore_ament_install']
[0.421s] Level 1:colcon.colcon_core.package_identification:_identify(.) by extension 'ignore'
[0.421s] Level 1:colcon.colcon_core.package_identification:_identify(.) by extension 'ignore_ament_install'
[0.421s] Level 1:colcon.colcon_core.package_identification:_identify(.) by extensions ['colcon_pkg']
[0.421s] Level 1:colcon.colcon_core.package_identification:_identify(.) by extension 'colcon_pkg'
[0.422s] Level 1:colcon.colcon_core.package_identification:_identify(.) by extensions ['colcon_meta']
[0.422s] Level 1:colcon.colcon_core.package_identification:_identify(.) by extension 'colcon_meta'
[0.422s] Level 1:colcon.colcon_core.package_identification:_identify(.) by extensions ['ros']
[0.422s] Level 1:colcon.colcon_core.package_identification:_identify(.) by extension 'ros'
[0.431s] Level 1:colcon.colcon_core.package_identification:_identify(.) by extensions ['cmake', 'python']
[0.431s] Level 1:colcon.colcon_core.package_identification:_identify(.) by extension 'cmake'
[0.431s] Level 1:colcon.colcon_core.package_identification:_identify(.) by extension 'python'
[0.431s] Level 1:colcon.colcon_core.package_identification:_identify(.) by extensions ['python_setup_py']
[0.431s] Level 1:colcon.colcon_core.package_identification:_identify(.) by extension 'python_setup_py'
[0.431s] Level 1:colcon.colcon_core.package_identification:_identify(build) by extensions ['ignore', 'ignore_ament_install']
[0.431s] Level 1:colcon.colcon_core.package_identification:_identify(build) by extension 'ignore'
[0.431s] Level 1:colcon.colcon_core.package_identification:_identify(build) ignored
[0.431s] Level 1:colcon.colcon_core.package_identification:_identify(install) by extensions ['ignore', 'ignore_ament_install']
[0.431s] Level 1:colcon.colcon_core.package_identification:_identify(install) by extension 'ignore'
[0.431s] Level 1:colcon.colcon_core.package_identification:_identify(install) ignored
[0.431s] Level 1:colcon.colcon_core.package_identification:_identify(log) by extensions ['ignore', 'ignore_ament_install']
[0.431s] Level 1:colcon.colcon_core.package_identification:_identify(log) by extension 'ignore'
[0.431s] Level 1:colcon.colcon_core.package_identification:_identify(log) ignored
[0.431s] Level 1:colcon.colcon_core.package_identification:_identify(src) by extensions ['ignore', 'ignore_ament_install']
[0.432s] Level 1:colcon.colcon_core.package_identification:_identify(src) by extension 'ignore'
[0.432s] Level 1:colcon.colcon_core.package_identification:_identify(src) by extension 'ignore_ament_install'
[0.432s] Level 1:colcon.colcon_core.package_identification:_identify(src) by extensions ['colcon_pkg']
[0.432s] Level 1:colcon.colcon_core.package_identification:_identify(src) by extension 'colcon_pkg'
[0.432s] Level 1:colcon.colcon_core.package_identification:_identify(src) by extensions ['colcon_meta']
[0.432s] Level 1:colcon.colcon_core.package_identification:_identify(src) by extension 'colcon_meta'
[0.432s] Level 1:colcon.colcon_core.package_identification:_identify(src) by extensions ['ros']
[0.432s] Level 1:colcon.colcon_core.package_identification:_identify(src) by extension 'ros'
[0.432s] Level 1:colcon.colcon_core.package_identification:_identify(src) by extensions ['cmake', 'python']
[0.432s] Level 1:colcon.colcon_core.package_identification:_identify(src) by extension 'cmake'
[0.432s] Level 1:colcon.colcon_core.package_identification:_identify(src) by extension 'python'
[0.432s] Level 1:colcon.colcon_core.package_identification:_identify(src) by extensions ['python_setup_py']
[0.432s] Level 1:colcon.colcon_core.package_identification:_identify(src) by extension 'python_setup_py'
[0.432s] Level 1:colcon.colcon_core.package_identification:_identify(src/attitude_control_pkg) by extensions ['ignore', 'ignore_ament_install']
[0.432s] Level 1:colcon.colcon_core.package_identification:_identify(src/attitude_control_pkg) by extension 'ignore'
[0.432s] Level 1:colcon.colcon_core.package_identification:_identify(src/attitude_control_pkg) by extension 'ignore_ament_install'
[0.432s] Level 1:colcon.colcon_core.package_identification:_identify(src/attitude_control_pkg) by extensions ['colcon_pkg']
[0.432s] Level 1:colcon.colcon_core.package_identification:_identify(src/attitude_control_pkg) by extension 'colcon_pkg'
[0.432s] Level 1:colcon.colcon_core.package_identification:_identify(src/attitude_control_pkg) by extensions ['colcon_meta']
[0.432s] Level 1:colcon.colcon_core.package_identification:_identify(src/attitude_control_pkg) by extension 'colcon_meta'
[0.432s] Level 1:colcon.colcon_core.package_identification:_identify(src/attitude_control_pkg) by extensions ['ros']
[0.432s] Level 1:colcon.colcon_core.package_identification:_identify(src/attitude_control_pkg) by extension 'ros'
[0.434s] DEBUG:colcon.colcon_core.package_identification:Package 'src/attitude_control_pkg' with type 'ros.ament_cmake' and name 'attitude_control_pkg'
[0.434s] Level 1:colcon.colcon_core.package_identification:_identify(src/camera_pkg) by extensions ['ignore', 'ignore_ament_install']
[0.434s] Level 1:colcon.colcon_core.package_identification:_identify(src/camera_pkg) by extension 'ignore'
[0.434s] Level 1:colcon.colcon_core.package_identification:_identify(src/camera_pkg) by extension 'ignore_ament_install'
[0.435s] Level 1:colcon.colcon_core.package_identification:_identify(src/camera_pkg) by extensions ['colcon_pkg']
[0.435s] Level 1:colcon.colcon_core.package_identification:_identify(src/camera_pkg) by extension 'colcon_pkg'
[0.435s] Level 1:colcon.colcon_core.package_identification:_identify(src/camera_pkg) by extensions ['colcon_meta']
[0.435s] Level 1:colcon.colcon_core.package_identification:_identify(src/camera_pkg) by extension 'colcon_meta'
[0.435s] Level 1:colcon.colcon_core.package_identification:_identify(src/camera_pkg) by extensions ['ros']
[0.435s] Level 1:colcon.colcon_core.package_identification:_identify(src/camera_pkg) by extension 'ros'
[0.435s] DEBUG:colcon.colcon_core.package_identification:Package 'src/camera_pkg' with type 'ros.ament_python' and name 'camera_pkg'
[0.435s] Level 1:colcon.colcon_core.package_identification:_identify(src/communication_pkg) by extensions ['ignore', 'ignore_ament_install']
[0.435s] Level 1:colcon.colcon_core.package_identification:_identify(src/communication_pkg) by extension 'ignore'
[0.435s] Level 1:colcon.colcon_core.package_identification:_identify(src/communication_pkg) by extension 'ignore_ament_install'
[0.435s] Level 1:colcon.colcon_core.package_identification:_identify(src/communication_pkg) by extensions ['colcon_pkg']
[0.435s] Level 1:colcon.colcon_core.package_identification:_identify(src/communication_pkg) by extension 'colcon_pkg'
[0.435s] Level 1:colcon.colcon_core.package_identification:_identify(src/communication_pkg) by extensions ['colcon_meta']
[0.435s] Level 1:colcon.colcon_core.package_identification:_identify(src/communication_pkg) by extension 'colcon_meta'
[0.435s] Level 1:colcon.colcon_core.package_identification:_identify(src/communication_pkg) by extensions ['ros']
[0.435s] Level 1:colcon.colcon_core.package_identification:_identify(src/communication_pkg) by extension 'ros'
[0.437s] DEBUG:colcon.colcon_core.package_identification:Package 'src/communication_pkg' with type 'ros.ament_python' and name 'communication_pkg'
[0.437s] Level 1:colcon.colcon_core.package_identification:_identify(src/cosmos_bringup) by extensions ['ignore', 'ignore_ament_install']
[0.437s] Level 1:colcon.colcon_core.package_identification:_identify(src/cosmos_bringup) by extension 'ignore'
[0.437s] Level 1:colcon.colcon_core.package_identification:_identify(src/cosmos_bringup) by extension 'ignore_ament_install'
[0.437s] Level 1:colcon.colcon_core.package_identification:_identify(src/cosmos_bringup) by extensions ['colcon_pkg']
[0.437s] Level 1:colcon.colcon_core.package_identification:_identify(src/cosmos_bringup) by extension 'colcon_pkg'
[0.437s] Level 1:colcon.colcon_core.package_identification:_identify(src/cosmos_bringup) by extensions ['colcon_meta']
[0.437s] Level 1:colcon.colcon_core.package_identification:_identify(src/cosmos_bringup) by extension 'colcon_meta'
[0.437s] Level 1:colcon.colcon_core.package_identification:_identify(src/cosmos_bringup) by extensions ['ros']
[0.437s] Level 1:colcon.colcon_core.package_identification:_identify(src/cosmos_bringup) by extension 'ros'
[0.437s] DEBUG:colcon.colcon_core.package_identification:Package 'src/cosmos_bringup' with type 'ros.ament_cmake' and name 'cosmos_bringup'
[0.437s] Level 1:colcon.colcon_core.package_identification:_identify(src/cosmos_interfaces) by extensions ['ignore', 'ignore_ament_install']
[0.438s] Level 1:colcon.colcon_core.package_identification:_identify(src/cosmos_interfaces) by extension 'ignore'
[0.438s] Level 1:colcon.colcon_core.package_identification:_identify(src/cosmos_interfaces) by extension 'ignore_ament_install'
[0.438s] Level 1:colcon.colcon_core.package_identification:_identify(src/cosmos_interfaces) by extensions ['colcon_pkg']
[0.438s] Level 1:colcon.colcon_core.package_identification:_identify(src/cosmos_interfaces) by extension 'colcon_pkg'
[0.438s] Level 1:colcon.colcon_core.package_identification:_identify(src/cosmos_interfaces) by extensions ['colcon_meta']
[0.438s] Level 1:colcon.colcon_core.package_identification:_identify(src/cosmos_interfaces) by extension 'colcon_meta'
[0.438s] Level 1:colcon.colcon_core.package_identification:_identify(src/cosmos_interfaces) by extensions ['ros']
[0.438s] Level 1:colcon.colcon_core.package_identification:_identify(src/cosmos_interfaces) by extension 'ros'
[0.438s] DEBUG:colcon.colcon_core.package_identification:Package 'src/cosmos_interfaces' with type 'ros.ament_cmake' and name 'cosmos_interfaces'
[0.438s] Level 1:colcon.colcon_core.package_identification:_identify(src/sensors_pkg) by extensions ['ignore', 'ignore_ament_install']
[0.438s] Level 1:colcon.colcon_core.package_identification:_identify(src/sensors_pkg) by extension 'ignore'
[0.438s] Level 1:colcon.colcon_core.package_identification:_identify(src/sensors_pkg) by extension 'ignore_ament_install'
[0.438s] Level 1:colcon.colcon_core.package_identification:_identify(src/sensors_pkg) by extensions ['colcon_pkg']
[0.438s] Level 1:colcon.colcon_core.package_identification:_identify(src/sensors_pkg) by extension 'colcon_pkg'
[0.439s] Level 1:colcon.colcon_core.package_identification:_identify(src/sensors_pkg) by extensions ['colcon_meta']
[0.439s] Level 1:colcon.colcon_core.package_identification:_identify(src/sensors_pkg) by extension 'colcon_meta'
[0.439s] Level 1:colcon.colcon_core.package_identification:_identify(src/sensors_pkg) by extensions ['ros']
[0.439s] Level 1:colcon.colcon_core.package_identification:_identify(src/sensors_pkg) by extension 'ros'
[0.439s] DEBUG:colcon.colcon_core.package_identification:Package 'src/sensors_pkg' with type 'ros.ament_python' and name 'sensors_pkg'
[0.439s] Level 1:colcon.colcon_core.package_identification:_identify(src/state_machine_pkg) by extensions ['ignore', 'ignore_ament_install']
[0.439s] Level 1:colcon.colcon_core.package_identification:_identify(src/state_machine_pkg) by extension 'ignore'
[0.439s] Level 1:colcon.colcon_core.package_identification:_identify(src/state_machine_pkg) by extension 'ignore_ament_install'
[0.439s] Level 1:colcon.colcon_core.package_identification:_identify(src/state_machine_pkg) by extensions ['colcon_pkg']
[0.439s] Level 1:colcon.colcon_core.package_identification:_identify(src/state_machine_pkg) by extension 'colcon_pkg'
[0.439s] Level 1:colcon.colcon_core.package_identification:_identify(src/state_machine_pkg) by extensions ['colcon_meta']
[0.439s] Level 1:colcon.colcon_core.package_identification:_identify(src/state_machine_pkg) by extension 'colcon_meta'
[0.439s] Level 1:colcon.colcon_core.package_identification:_identify(src/state_machine_pkg) by extensions ['ros']
[0.439s] Level 1:colcon.colcon_core.package_identification:_identify(src/state_machine_pkg) by extension 'ros'
[0.440s] DEBUG:colcon.colcon_core.package_identification:Package 'src/state_machine_pkg' with type 'ros.ament_cmake' and name 'state_machine_pkg'
[0.440s] Level 1:colcon.colcon_core.package_discovery:discover_packages(recursive) using defaults
[0.440s] Level 1:colcon.colcon_core.package_discovery:discover_packages(ignore) discover
[0.440s] Level 1:colcon.colcon_core.package_discovery:discover_packages(ignore) using defaults
[0.440s] Level 1:colcon.colcon_core.package_discovery:discover_packages(path) discover
[0.440s] Level 1:colcon.colcon_core.package_discovery:discover_packages(path) using defaults
[0.460s] Level 1:colcon.colcon_core.package_discovery:discover_packages(prefix_path) check parameters
[0.460s] Level 1:colcon.colcon_core.package_discovery:discover_packages(prefix_path) discover
[0.462s] DEBUG:colcon.colcon_installed_package_information.package_discovery:Found 7 installed packages in /home/vini_dunker/COSMOS-AFS/cosmos_ws/install
[0.463s] DEBUG:colcon.colcon_installed_package_information.package_discovery:Found 5 installed packages in /home/vini_dunker/Automation/mrt19ROS_ws/install
[0.464s] DEBUG:colcon.colcon_installed_package_information.package_discovery:Found 3 installed packages in /home/vini_dunker/mrt_ws/install
[0.465s] DEBUG:colcon.colcon_installed_package_information.package_discovery:Found 4 installed packages in /home/vini_dunker/udemy_ws/install
[0.466s] DEBUG:colcon.colcon_installed_package_information.package_discovery:Found 284 installed packages in /opt/ros/humble
[0.467s] Level 1:colcon.colcon_core.package_discovery:discover_packages(prefix_path) using defaults
[0.519s] Level 5:colcon.colcon_core.verb:set package 'camera_pkg' build argument 'cmake_args' from command line to 'None'
[0.519s] Level 5:colcon.colcon_core.verb:set package 'camera_pkg' build argument 'cmake_target' from command line to 'None'
[0.519s] Level 5:colcon.colcon_core.verb:set package 'camera_pkg' build argument 'cmake_target_skip_unavailable' from command line to 'False'
[0.519s] Level 5:colcon.colcon_core.verb:set package 'camera_pkg' build argument 'cmake_clean_cache' from command line to 'False'
[0.519s] Level 5:colcon.colcon_core.verb:set package 'camera_pkg' build argument 'cmake_clean_first' from command line to 'False'
[0.519s] Level 5:colcon.colcon_core.verb:set package 'camera_pkg' build argument 'cmake_force_configure' from command line to 'False'
[0.519s] Level 5:colcon.colcon_core.verb:set package 'camera_pkg' build argument 'ament_cmake_args' from command line to 'None'
[0.519s] Level 5:colcon.colcon_core.verb:set package 'camera_pkg' build argument 'catkin_cmake_args' from command line to 'None'
[0.519s] Level 5:colcon.colcon_core.verb:set package 'camera_pkg' build argument 'catkin_skip_building_tests' from command line to 'False'
[0.519s] DEBUG:colcon.colcon_core.verb:Building package 'camera_pkg' with the following arguments: {'ament_cmake_args': None, 'build_base': '/home/vini_dunker/COSMOS-AFS/cosmos_ws/build/camera_pkg', 'catkin_cmake_args': None, 'catkin_skip_building_tests': False, 'cmake_args': None, 'cmake_clean_cache': False, 'cmake_clean_first': False, 'cmake_force_configure': False, 'cmake_target': None, 'cmake_target_skip_unavailable': False, 'install_base': '/home/vini_dunker/COSMOS-AFS/cosmos_ws/install/camera_pkg', 'merge_install': False, 'path': '/home/vini_dunker/COSMOS-AFS/cosmos_ws/src/camera_pkg', 'symlink_install': False, 'test_result_base': None}
[0.520s] Level 5:colcon.colcon_core.verb:set package 'cosmos_interfaces' build argument 'cmake_args' from command line to 'None'
[0.520s] Level 5:colcon.colcon_core.verb:set package 'cosmos_interfaces' build argument 'cmake_target' from command line to 'None'
[0.520s] Level 5:colcon.colcon_core.verb:set package 'cosmos_interfaces' build argument 'cmake_target_skip_unavailable' from command line to 'False'
[0.520s] Level 5:colcon.colcon_core.verb:set package 'cosmos_interfaces' build argument 'cmake_clean_cache' from command line to 'False'
[0.520s] Level 5:colcon.colcon_core.verb:set package 'cosmos_interfaces' build argument 'cmake_clean_first' from command line to 'False'
[0.520s] Level 5:colcon.colcon_core.verb:set package 'cosmos_interfaces' build argument 'cmake_force_configure' from command line to 'False'
[0.520s] Level 5:colcon.colcon_core.verb:set package 'cosmos_interfaces' build argument 'ament_cmake_args' from command line to 'None'
[0.520s] Level 5:colcon.colcon_core.verb:set package 'cosmos_interfaces' build argument 'catkin_cmake_args' from command line to 'None'
[0.520s] Level 5:colcon.colcon_core.verb:set package 'cosmos_interfaces' build argument 'catkin_skip_building_tests' from command line to 'False'
[0.520s] DEBUG:colcon.colcon_core.verb:Building package 'cosmos_interfaces' with the following arguments: {'ament_cmake_args': None, 'build_base': '/home/vini_dunker/COSMOS-AFS/cosmos_ws/build/cosmos_interfaces', 'catkin_cmake_args': None, 'catkin_skip_building_tests': False, 'cmake_args': None, 'cmake_clean_cache': False, 'cmake_clean_first': False, 'cmake_force_configure': False, 'cmake_target': None, 'cmake_target_skip_unavailable': False, 'install_base': '/home/vini_dunker/COSMOS-AFS/cosmos_ws/install/cosmos_interfaces', 'merge_install': False, 'path': '/home/vini_dunker/COSMOS-AFS/cosmos_ws/src/cosmos_interfaces', 'symlink_install': False, 'test_result_base': None}
[0.521s] Level 5:colcon.colcon_core.verb:set package 'sensors_pkg' build argument 'cmake_args' from command line to 'None'
[0.521s] Level 5:colcon.colcon_core.verb:set package 'sensors_pkg' build argument 'cmake_target' from command line to 'None'
[0.521s] Level 5:colcon.colcon_core.verb:set package 'sensors_pkg' build argument 'cmake_target_skip_unavailable' from command line to 'False'
[0.521s] Level 5:colcon.colcon_core.verb:set package 'sensors_pkg' build argument 'cmake_clean_cache' from command line to 'False'
[0.521s] Level 5:colcon.colcon_core.verb:set package 'sensors_pkg' build argument 'cmake_clean_first' from command line to 'False'
[0.521s] Level 5:colcon.colcon_core.verb:set package 'sensors_pkg' build argument 'cmake_force_configure' from command line to 'False'
[0.521s] Level 5:colcon.colcon_core.verb:set package 'sensors_pkg' build argument 'ament_cmake_args' from command line to 'None'
[0.521s] Level 5:colcon.colcon_core.verb:set package 'sensors_pkg' build argument 'catkin_cmake_args' from command line to 'None'
[0.521s] Level 5:colcon.colcon_core.verb:set package 'sensors_pkg' build argument 'catkin_skip_building_tests' from command line to 'False'
[0.521s] DEBUG:colcon.colcon_core.verb:Building package 'sensors_pkg' with the following arguments: {'ament_cmake_args': None, 'build_base': '/home/vini_dunker/COSMOS-AFS/cosmos_ws/build/sensors_pkg', 'catkin_cmake_args': None, 'catkin_skip_building_tests': False, 'cmake_args': None, 'cmake_clean_cache': False, 'cmake_clean_first': False, 'cmake_force_configure': False, 'cmake_target': None, 'cmake_target_skip_unavailable': False, 'install_base': '/home/vini_dunker/COSMOS-AFS/cosmos_ws/install/sensors_pkg', 'merge_install': False, 'path': '/home/vini_dunker/COSMOS-AFS/cosmos_ws/src/sensors_pkg', 'symlink_install': False, 'test_result_base': None}
[0.522s] Level 5:colcon.colcon_core.verb:set package 'attitude_control_pkg' build argument 'cmake_args' from command line to 'None'
[0.522s] Level 5:colcon.colcon_core.verb:set package 'attitude_control_pkg' build argument 'cmake_target' from command line to 'None'
[0.522s] Level 5:colcon.colcon_core.verb:set package 'attitude_control_pkg' build argument 'cmake_target_skip_unavailable' from command line to 'False'
[0.522s] Level 5:colcon.colcon_core.verb:set package 'attitude_control_pkg' build argument 'cmake_clean_cache' from command line to 'False'
[0.522s] Level 5:colcon.colcon_core.verb:set package 'attitude_control_pkg' build argument 'cmake_clean_first' from command line to 'False'
[0.522s] Level 5:colcon.colcon_core.verb:set package 'attitude_control_pkg' build argument 'cmake_force_configure' from command line to 'False'
[0.522s] Level 5:colcon.colcon_core.verb:set package 'attitude_control_pkg' build argument 'ament_cmake_args' from command line to 'None'
[0.522s] Level 5:colcon.colcon_core.verb:set package 'attitude_control_pkg' build argument 'catkin_cmake_args' from command line to 'None'
[0.522s] Level 5:colcon.colcon_core.verb:set package 'attitude_control_pkg' build argument 'catkin_skip_building_tests' from command line to 'False'
[0.522s] DEBUG:colcon.colcon_core.verb:Building package 'attitude_control_pkg' with the following arguments: {'ament_cmake_args': None, 'build_base': '/home/vini_dunker/COSMOS-AFS/cosmos_ws/build/attitude_control_pkg', 'catkin_cmake_args': None, 'catkin_skip_building_tests': False, 'cmake_args': None, 'cmake_clean_cache': False, 'cmake_clean_first': False, 'cmake_force_configure': False, 'cmake_target': None, 'cmake_target_skip_unavailable': False, 'install_base': '/home/vini_dunker/COSMOS-AFS/cosmos_ws/install/attitude_control_pkg', 'merge_install': False, 'path': '/home/vini_dunker/COSMOS-AFS/cosmos_ws/src/attitude_control_pkg', 'symlink_install': False, 'test_result_base': None}
[0.523s] Level 5:colcon.colcon_core.verb:set package 'communication_pkg' build argument 'cmake_args' from command line to 'None'
[0.523s] Level 5:colcon.colcon_core.verb:set package 'communication_pkg' build argument 'cmake_target' from command line to 'None'
[0.523s] Level 5:colcon.colcon_core.verb:set package 'communication_pkg' build argument 'cmake_target_skip_unavailable' from command line to 'False'
[0.523s] Level 5:colcon.colcon_core.verb:set package 'communication_pkg' build argument 'cmake_clean_cache' from command line to 'False'
[0.523s] Level 5:colcon.colcon_core.verb:set package 'communication_pkg' build argument 'cmake_clean_first' from command line to 'False'
[0.523s] Level 5:colcon.colcon_core.verb:set package 'communication_pkg' build argument 'cmake_force_configure' from command line to 'False'
[0.523s] Level 5:colcon.colcon_core.verb:set package 'communication_pkg' build argument 'ament_cmake_args' from command line to 'None'
[0.523s] Level 5:colcon.colcon_core.verb:set package 'communication_pkg' build argument 'catkin_cmake_args' from command line to 'None'
[0.523s] Level 5:colcon.colcon_core.verb:set package 'communication_pkg' build argument 'catkin_skip_building_tests' from command line to 'False'
[0.523s] DEBUG:colcon.colcon_core.verb:Building package 'communication_pkg' with the following arguments: {'ament_cmake_args': None, 'build_base': '/home/vini_dunker/COSMOS-AFS/cosmos_ws/build/communication_pkg', 'catkin_cmake_args': None, 'catkin_skip_building_tests': False, 'cmake_args': None, 'cmake_clean_cache': False, 'cmake_clean_first': False, 'cmake_force_configure': False, 'cmake_target': None, 'cmake_target_skip_unavailable': False, 'install_base': '/home/vini_dunker/COSMOS-AFS/cosmos_ws/install/communication_pkg', 'merge_install': False, 'path': '/home/vini_dunker/COSMOS-AFS/cosmos_ws/src/communication_pkg', 'symlink_install': False, 'test_result_base': None}
[0.524s] Level 5:colcon.colcon_core.verb:set package 'state_machine_pkg' build argument 'cmake_args' from command line to 'None'
[0.524s] Level 5:colcon.colcon_core.verb:set package 'state_machine_pkg' build argument 'cmake_target' from command line to 'None'
[0.524s] Level 5:colcon.colcon_core.verb:set package 'state_machine_pkg' build argument 'cmake_target_skip_unavailable' from command line to 'False'
[0.524s] Level 5:colcon.colcon_core.verb:set package 'state_machine_pkg' build argument 'cmake_clean_cache' from command line to 'False'
[0.524s] Level 5:colcon.colcon_core.verb:set package 'state_machine_pkg' build argument 'cmake_clean_first' from command line to 'False'
[0.524s] Level 5:colcon.colcon_core.verb:set package 'state_machine_pkg' build argument 'cmake_force_configure' from command line to 'False'
[0.524s] Level 5:colcon.colcon_core.verb:set package 'state_machine_pkg' build argument 'ament_cmake_args' from command line to 'None'
[0.524s] Level 5:colcon.colcon_core.verb:set package 'state_machine_pkg' build argument 'catkin_cmake_args' from command line to 'None'
[0.524s] Level 5:colcon.colcon_core.verb:set package 'state_machine_pkg' build argument 'catkin_skip_building_tests' from command line to 'False'
[0.524s] DEBUG:colcon.colcon_core.verb:Building package 'state_machine_pkg' with the following arguments: {'ament_cmake_args': None, 'build_base': '/home/vini_dunker/COSMOS-AFS/cosmos_ws/build/state_machine_pkg', 'catkin_cmake_args': None, 'catkin_skip_building_tests': False, 'cmake_args': None, 'cmake_clean_cache': False, 'cmake_clean_first': False, 'cmake_force_configure': False, 'cmake_target': None, 'cmake_target_skip_unavailable': False, 'install_base': '/home/vini_dunker/COSMOS-AFS/cosmos_ws/install/state_machine_pkg', 'merge_install': False, 'path': '/home/vini_dunker/COSMOS-AFS/cosmos_ws/src/state_machine_pkg', 'symlink_install': False, 'test_result_base': None}
[0.525s] Level 5:colcon.colcon_core.verb:set package 'cosmos_bringup' build argument 'cmake_args' from command line to 'None'
[0.525s] Level 5:colcon.colcon_core.verb:set package 'cosmos_bringup' build argument 'cmake_target' from command line to 'None'
[0.525s] Level 5:colcon.colcon_core.verb:set package 'cosmos_bringup' build argument 'cmake_target_skip_unavailable' from command line to 'False'
[0.525s] Level 5:colcon.colcon_core.verb:set package 'cosmos_bringup' build argument 'cmake_clean_cache' from command line to 'False'
[0.525s] Level 5:colcon.colcon_core.verb:set package 'cosmos_bringup' build argument 'cmake_clean_first' from command line to 'False'
[0.525s] Level 5:colcon.colcon_core.verb:set package 'cosmos_bringup' build argument 'cmake_force_configure' from command line to 'False'
[0.525s] Level 5:colcon.colcon_core.verb:set package 'cosmos_bringup' build argument 'ament_cmake_args' from command line to 'None'
[0.525s] Level 5:colcon.colcon_core.verb:set package 'cosmos_bringup' build argument 'catkin_cmake_args' from command line to 'None'
[0.525s] Level 5:colcon.colcon_core.verb:set package 'cosmos_bringup' build argument 'catkin_skip_building_tests' from command line to 'False'
[0.525s] DEBUG:colcon.colcon_core.verb:Building package 'cosmos_bringup' with the following arguments: {'ament_cmake_args': None, 'build_base': '/home/vini_dunker/COSMOS-AFS/cosmos_ws/build/cosmos_bringup', 'catkin_cmake_args': None, 'catkin_skip_building_tests': False, 'cmake_args': None, 'cmake_clean_cache': False, 'cmake_clean_first': False, 'cmake_force_configure': False, 'cmake_target': None, 'cmake_target_skip_unavailable': False, 'install_base': '/home/vini_dunker/COSMOS-AFS/cosmos_ws/install/cosmos_bringup', 'merge_install': False, 'path': '/home/vini_dunker/COSMOS-AFS/cosmos_ws/src/cosmos_bringup', 'symlink_install': False, 'test_result_base': None}
[0.525s] INFO:colcon.colcon_core.executor:Executing jobs using 'parallel' executor
[0.528s] DEBUG:colcon.colcon_parallel_executor.executor.parallel:run_until_complete
[0.528s] INFO:colcon.colcon_ros.task.ament_cmake.build:Building ROS package in '/home/vini_dunker/COSMOS-AFS/cosmos_ws/src/cosmos_interfaces' with build type 'ament_cmake'
[0.529s] INFO:colcon.colcon_cmake.task.cmake.build:Building CMake package in '/home/vini_dunker/COSMOS-AFS/cosmos_ws/src/cosmos_interfaces'
[0.534s] INFO:colcon.colcon_core.plugin_system:Skipping extension 'colcon_core.shell.bat': Not used on non-Windows systems
[0.534s] INFO:colcon.colcon_core.shell:Skip shell extension 'powershell' for command environment: Not usable outside of PowerShell
[0.534s] DEBUG:colcon.colcon_core.shell:Skip shell extension 'dsv' for command environment
[0.539s] INFO:colcon.colcon_ros.task.ament_python.build:Building ROS package in '/home/vini_dunker/COSMOS-AFS/cosmos_ws/src/camera_pkg' with build type 'ament_python'
[0.540s] Level 1:colcon.colcon_core.shell:create_environment_hook('camera_pkg', 'ament_prefix_path')
[0.541s] INFO:colcon.colcon_core.shell:Creating environment hook '/home/vini_dunker/COSMOS-AFS/cosmos_ws/install/camera_pkg/share/camera_pkg/hook/ament_prefix_path.ps1'
[0.541s] INFO:colcon.colcon_core.shell:Creating environment descriptor '/home/vini_dunker/COSMOS-AFS/cosmos_ws/install/camera_pkg/share/camera_pkg/hook/ament_prefix_path.dsv'
[0.542s] INFO:colcon.colcon_core.shell:Creating environment hook '/home/vini_dunker/COSMOS-AFS/cosmos_ws/install/camera_pkg/share/camera_pkg/hook/ament_prefix_path.sh'
[0.543s] INFO:colcon.colcon_core.shell:Skip shell extension 'powershell' for command environment: Not usable outside of PowerShell
[0.543s] DEBUG:colcon.colcon_core.shell:Skip shell extension 'dsv' for command environment
[0.549s] INFO:colcon.colcon_ros.task.ament_python.build:Building ROS package in '/home/vini_dunker/COSMOS-AFS/cosmos_ws/src/sensors_pkg' with build type 'ament_python'
[0.549s] Level 1:colcon.colcon_core.shell:create_environment_hook('sensors_pkg', 'ament_prefix_path')
[0.551s] INFO:colcon.colcon_core.shell:Creating environment hook '/home/vini_dunker/COSMOS-AFS/cosmos_ws/install/sensors_pkg/share/sensors_pkg/hook/ament_prefix_path.ps1'
[0.551s] INFO:colcon.colcon_core.shell:Creating environment descriptor '/home/vini_dunker/COSMOS-AFS/cosmos_ws/install/sensors_pkg/share/sensors_pkg/hook/ament_prefix_path.dsv'
[0.551s] INFO:colcon.colcon_core.shell:Creating environment hook '/home/vini_dunker/COSMOS-AFS/cosmos_ws/install/sensors_pkg/share/sensors_pkg/hook/ament_prefix_path.sh'
[0.553s] INFO:colcon.colcon_core.shell:Skip shell extension 'powershell' for command environment: Not usable outside of PowerShell
[0.553s] DEBUG:colcon.colcon_core.shell:Skip shell extension 'dsv' for command environment
[0.565s] DEBUG:colcon.colcon_core.event_handler.log_command:Invoking command in '/home/vini_dunker/COSMOS-AFS/cosmos_ws/build/cosmos_interfaces': CMAKE_PREFIX_PATH=${CMAKE_PREFIX_PATH}:/home/vini_dunker/COSMOS-AFS/cosmos_ws/install/sensors_pkg:/home/vini_dunker/COSMOS-AFS/cosmos_ws/install/communication_pkg:/home/vini_dunker/COSMOS-AFS/cosmos_ws/install/camera_pkg:/home/vini_dunker/Automation/mrt19ROS_ws/install/traverse_state_pkg:/home/vini_dunker/Automation/mrt19ROS_ws/install/state_machine_pkg:/home/vini_dunker/Automation/mrt19ROS_ws/install/mrt19_pkg:/home/vini_dunker/Automation/mrt19ROS_ws/install/drum_pkg:/home/vini_dunker/Automation/mrt19ROS_ws/install/data_acquition_pkg:/home/vini_dunker/udemy_ws/install/my_py_pkg:/home/vini_dunker/mrt_ws/install/traverse_stage:/home/vini_dunker/mrt_ws/install/state_machine:/home/vini_dunker/mrt_ws/install/data_acquisition:/opt/ros/humble /usr/bin/cmake --build /home/vini_dunker/COSMOS-AFS/cosmos_ws/build/cosmos_interfaces -- -j12 -l12
[0.794s] INFO:colcon.colcon_core.task.python.build:Building Python package in '/home/vini_dunker/COSMOS-AFS/cosmos_ws/src/camera_pkg'
[0.795s] INFO:colcon.colcon_core.shell:Skip shell extension 'powershell' for command environment: Not usable outside of PowerShell
[0.795s] DEBUG:colcon.colcon_core.shell:Skip shell extension 'dsv' for command environment
[1.023s] INFO:colcon.colcon_core.task.python.build:Building Python package in '/home/vini_dunker/COSMOS-AFS/cosmos_ws/src/sensors_pkg'
[1.025s] INFO:colcon.colcon_core.shell:Skip shell extension 'powershell' for command environment: Not usable outside of PowerShell
[1.025s] DEBUG:colcon.colcon_core.shell:Skip shell extension 'dsv' for command environment
[1.034s] DEBUG:colcon.colcon_core.event_handler.log_command:Invoked command in '/home/vini_dunker/COSMOS-AFS/cosmos_ws/build/cosmos_interfaces' returned '0': CMAKE_PREFIX_PATH=${CMAKE_PREFIX_PATH}:/home/vini_dunker/COSMOS-AFS/cosmos_ws/install/sensors_pkg:/home/vini_dunker/COSMOS-AFS/cosmos_ws/install/communication_pkg:/home/vini_dunker/COSMOS-AFS/cosmos_ws/install/camera_pkg:/home/vini_dunker/Automation/mrt19ROS_ws/install/traverse_state_pkg:/home/vini_dunker/Automation/mrt19ROS_ws/install/state_machine_pkg:/home/vini_dunker/Automation/mrt19ROS_ws/install/mrt19_pkg:/home/vini_dunker/Automation/mrt19ROS_ws/install/drum_pkg:/home/vini_dunker/Automation/mrt19ROS_ws/install/data_acquition_pkg:/home/vini_dunker/udemy_ws/install/my_py_pkg:/home/vini_dunker/mrt_ws/install/traverse_stage:/home/vini_dunker/mrt_ws/install/state_machine:/home/vini_dunker/mrt_ws/install/data_acquisition:/opt/ros/humble /usr/bin/cmake --build /home/vini_dunker/COSMOS-AFS/cosmos_ws/build/cosmos_interfaces -- -j12 -l12
[1.088s] DEBUG:colcon.colcon_core.event_handler.log_command:Invoking command in '/home/vini_dunker/COSMOS-AFS/cosmos_ws/build/cosmos_interfaces': CMAKE_PREFIX_PATH=${CMAKE_PREFIX_PATH}:/home/vini_dunker/COSMOS-AFS/cosmos_ws/install/sensors_pkg:/home/vini_dunker/COSMOS-AFS/cosmos_ws/install/communication_pkg:/home/vini_dunker/COSMOS-AFS/cosmos_ws/install/camera_pkg:/home/vini_dunker/Automation/mrt19ROS_ws/install/traverse_state_pkg:/home/vini_dunker/Automation/mrt19ROS_ws/install/state_machine_pkg:/home/vini_dunker/Automation/mrt19ROS_ws/install/mrt19_pkg:/home/vini_dunker/Automation/mrt19ROS_ws/install/drum_pkg:/home/vini_dunker/Automation/mrt19ROS_ws/install/data_acquition_pkg:/home/vini_dunker/udemy_ws/install/my_py_pkg:/home/vini_dunker/mrt_ws/install/traverse_stage:/home/vini_dunker/mrt_ws/install/state_machine:/home/vini_dunker/mrt_ws/install/data_acquisition:/opt/ros/humble /usr/bin/cmake --install /home/vini_dunker/COSMOS-AFS/cosmos_ws/build/cosmos_interfaces
[1.150s] Level 1:colcon.colcon_core.environment:create_environment_scripts_only(cosmos_interfaces)
[1.151s] DEBUG:colcon.colcon_core.event_handler.log_command:Invoked command in '/home/vini_dunker/COSMOS-AFS/cosmos_ws/build/cosmos_interfaces' returned '0': CMAKE_PREFIX_PATH=${CMAKE_PREFIX_PATH}:/home/vini_dunker/COSMOS-AFS/cosmos_ws/install/sensors_pkg:/home/vini_dunker/COSMOS-AFS/cosmos_ws/install/communication_pkg:/home/vini_dunker/COSMOS-AFS/cosmos_ws/install/camera_pkg:/home/vini_dunker/Automation/mrt19ROS_ws/install/traverse_state_pkg:/home/vini_dunker/Automation/mrt19ROS_ws/install/state_machine_pkg:/home/vini_dunker/Automation/mrt19ROS_ws/install/mrt19_pkg:/home/vini_dunker/Automation/mrt19ROS_ws/install/drum_pkg:/home/vini_dunker/Automation/mrt19ROS_ws/install/data_acquition_pkg:/home/vini_dunker/udemy_ws/install/my_py_pkg:/home/vini_dunker/mrt_ws/install/traverse_stage:/home/vini_dunker/mrt_ws/install/state_machine:/home/vini_dunker/mrt_ws/install/data_acquisition:/opt/ros/humble /usr/bin/cmake --install /home/vini_dunker/COSMOS-AFS/cosmos_ws/build/cosmos_interfaces
[1.155s] Level 1:colcon.colcon_core.environment:checking '/home/vini_dunker/COSMOS-AFS/cosmos_ws/install/cosmos_interfaces' for CMake module files
[1.155s] Level 1:colcon.colcon_core.environment:checking '/home/vini_dunker/COSMOS-AFS/cosmos_ws/install/cosmos_interfaces' for CMake config files
[1.155s] Level 1:colcon.colcon_core.shell:create_environment_hook('cosmos_interfaces', 'cmake_prefix_path')
[1.157s] INFO:colcon.colcon_core.shell:Creating environment hook '/home/vini_dunker/COSMOS-AFS/cosmos_ws/install/cosmos_interfaces/share/cosmos_interfaces/hook/cmake_prefix_path.ps1'
[1.157s] INFO:colcon.colcon_core.shell:Creating environment descriptor '/home/vini_dunker/COSMOS-AFS/cosmos_ws/install/cosmos_interfaces/share/cosmos_interfaces/hook/cmake_prefix_path.dsv'
[1.158s] INFO:colcon.colcon_core.shell:Creating environment hook '/home/vini_dunker/COSMOS-AFS/cosmos_ws/install/cosmos_interfaces/share/cosmos_interfaces/hook/cmake_prefix_path.sh'
[1.159s] Level 1:colcon.colcon_core.environment:checking '/home/vini_dunker/COSMOS-AFS/cosmos_ws/install/cosmos_interfaces/lib'
[1.159s] Level 1:colcon.colcon_core.shell:create_environment_hook('cosmos_interfaces', 'ld_library_path_lib')
[1.161s] INFO:colcon.colcon_core.shell:Creating environment hook '/home/vini_dunker/COSMOS-AFS/cosmos_ws/install/cosmos_interfaces/share/cosmos_interfaces/hook/ld_library_path_lib.ps1'
[1.161s] INFO:colcon.colcon_core.shell:Creating environment descriptor '/home/vini_dunker/COSMOS-AFS/cosmos_ws/install/cosmos_interfaces/share/cosmos_interfaces/hook/ld_library_path_lib.dsv'
[1.161s] INFO:colcon.colcon_core.shell:Creating environment hook '/home/vini_dunker/COSMOS-AFS/cosmos_ws/install/cosmos_interfaces/share/cosmos_interfaces/hook/ld_library_path_lib.sh'
[1.162s] Level 1:colcon.colcon_core.environment:checking '/home/vini_dunker/COSMOS-AFS/cosmos_ws/install/cosmos_interfaces/bin'
[1.162s] Level 1:colcon.colcon_core.environment:checking '/home/vini_dunker/COSMOS-AFS/cosmos_ws/install/cosmos_interfaces/lib/pkgconfig/cosmos_interfaces.pc'
[1.162s] Level 1:colcon.colcon_core.environment:checking '/home/vini_dunker/COSMOS-AFS/cosmos_ws/install/cosmos_interfaces/lib/python3.10/site-packages'
[1.162s] Level 1:colcon.colcon_core.environment:checking '/home/vini_dunker/COSMOS-AFS/cosmos_ws/install/cosmos_interfaces/bin'
[1.164s] INFO:colcon.colcon_core.shell:Creating package script '/home/vini_dunker/COSMOS-AFS/cosmos_ws/install/cosmos_interfaces/share/cosmos_interfaces/package.ps1'
[1.165s] INFO:colcon.colcon_core.shell:Creating package descriptor '/home/vini_dunker/COSMOS-AFS/cosmos_ws/install/cosmos_interfaces/share/cosmos_interfaces/package.dsv'
[1.166s] INFO:colcon.colcon_core.shell:Creating package script '/home/vini_dunker/COSMOS-AFS/cosmos_ws/install/cosmos_interfaces/share/cosmos_interfaces/package.sh'
[1.167s] INFO:colcon.colcon_core.shell:Creating package script '/home/vini_dunker/COSMOS-AFS/cosmos_ws/install/cosmos_interfaces/share/cosmos_interfaces/package.bash'
[1.168s] INFO:colcon.colcon_core.shell:Creating package script '/home/vini_dunker/COSMOS-AFS/cosmos_ws/install/cosmos_interfaces/share/cosmos_interfaces/package.zsh'
[1.169s] Level 1:colcon.colcon_core.environment:create_file_with_runtime_dependencies(/home/vini_dunker/COSMOS-AFS/cosmos_ws/install/cosmos_interfaces/share/colcon-core/packages/cosmos_interfaces)
[1.211s] Level 1:colcon.colcon_core.environment:create_environment_scripts_only(cosmos_interfaces)
[1.212s] Level 1:colcon.colcon_core.environment:checking '/home/vini_dunker/COSMOS-AFS/cosmos_ws/install/cosmos_interfaces' for CMake module files
[1.213s] Level 1:colcon.colcon_core.environment:checking '/home/vini_dunker/COSMOS-AFS/cosmos_ws/install/cosmos_interfaces' for CMake config files
[1.213s] Level 1:colcon.colcon_core.shell:create_environment_hook('cosmos_interfaces', 'cmake_prefix_path')
[1.214s] INFO:colcon.colcon_core.shell:Creating environment hook '/home/vini_dunker/COSMOS-AFS/cosmos_ws/install/cosmos_interfaces/share/cosmos_interfaces/hook/cmake_prefix_path.ps1'
[1.214s] INFO:colcon.colcon_core.shell:Creating environment descriptor '/home/vini_dunker/COSMOS-AFS/cosmos_ws/install/cosmos_interfaces/share/cosmos_interfaces/hook/cmake_prefix_path.dsv'
[1.215s] INFO:colcon.colcon_core.shell:Creating environment hook '/home/vini_dunker/COSMOS-AFS/cosmos_ws/install/cosmos_interfaces/share/cosmos_interfaces/hook/cmake_prefix_path.sh'
[1.215s] Level 1:colcon.colcon_core.environment:checking '/home/vini_dunker/COSMOS-AFS/cosmos_ws/install/cosmos_interfaces/lib'
[1.215s] Level 1:colcon.colcon_core.shell:create_environment_hook('cosmos_interfaces', 'ld_library_path_lib')
[1.216s] INFO:colcon.colcon_core.shell:Creating environment hook '/home/vini_dunker/COSMOS-AFS/cosmos_ws/install/cosmos_interfaces/share/cosmos_interfaces/hook/ld_library_path_lib.ps1'
[1.216s] INFO:colcon.colcon_core.shell:Creating environment descriptor '/home/vini_dunker/COSMOS-AFS/cosmos_ws/install/cosmos_interfaces/share/cosmos_interfaces/hook/ld_library_path_lib.dsv'
[1.217s] INFO:colcon.colcon_core.shell:Creating environment hook '/home/vini_dunker/COSMOS-AFS/cosmos_ws/install/cosmos_interfaces/share/cosmos_interfaces/hook/ld_library_path_lib.sh'
[1.217s] Level 1:colcon.colcon_core.environment:checking '/home/vini_dunker/COSMOS-AFS/cosmos_ws/install/cosmos_interfaces/bin'
[1.217s] Level 1:colcon.colcon_core.environment:checking '/home/vini_dunker/COSMOS-AFS/cosmos_ws/install/cosmos_interfaces/lib/pkgconfig/cosmos_interfaces.pc'
[1.217s] Level 1:colcon.colcon_core.environment:checking '/home/vini_dunker/COSMOS-AFS/cosmos_ws/install/cosmos_interfaces/lib/python3.10/site-packages'
[1.217s] Level 1:colcon.colcon_core.environment:checking '/home/vini_dunker/COSMOS-AFS/cosmos_ws/install/cosmos_interfaces/bin'
[1.218s] INFO:colcon.colcon_core.shell:Creating package script '/home/vini_dunker/COSMOS-AFS/cosmos_ws/install/cosmos_interfaces/share/cosmos_interfaces/package.ps1'
[1.219s] INFO:colcon.colcon_core.shell:Creating package descriptor '/home/vini_dunker/COSMOS-AFS/cosmos_ws/install/cosmos_interfaces/share/cosmos_interfaces/package.dsv'
[1.220s] INFO:colcon.colcon_core.shell:Creating package script '/home/vini_dunker/COSMOS-AFS/cosmos_ws/install/cosmos_interfaces/share/cosmos_interfaces/package.sh'
[1.220s] INFO:colcon.colcon_core.shell:Creating package script '/home/vini_dunker/COSMOS-AFS/cosmos_ws/install/cosmos_interfaces/share/cosmos_interfaces/package.bash'
[1.221s] INFO:colcon.colcon_core.shell:Creating package script '/home/vini_dunker/COSMOS-AFS/cosmos_ws/install/cosmos_interfaces/share/cosmos_interfaces/package.zsh'
[1.221s] Level 1:colcon.colcon_core.environment:create_file_with_runtime_dependencies(/home/vini_dunker/COSMOS-AFS/cosmos_ws/install/cosmos_interfaces/share/colcon-core/packages/cosmos_interfaces)
[1.222s] INFO:colcon.colcon_ros.task.ament_python.build:Building ROS package in '/home/vini_dunker/COSMOS-AFS/cosmos_ws/src/communication_pkg' with build type 'ament_python'
[1.222s] Level 1:colcon.colcon_core.shell:create_environment_hook('communication_pkg', 'ament_prefix_path')
[1.223s] INFO:colcon.colcon_core.shell:Creating environment hook '/home/vini_dunker/COSMOS-AFS/cosmos_ws/install/communication_pkg/share/communication_pkg/hook/ament_prefix_path.ps1'
[1.224s] INFO:colcon.colcon_core.shell:Creating environment descriptor '/home/vini_dunker/COSMOS-AFS/cosmos_ws/install/communication_pkg/share/communication_pkg/hook/ament_prefix_path.dsv'
[1.225s] INFO:colcon.colcon_core.shell:Creating environment hook '/home/vini_dunker/COSMOS-AFS/cosmos_ws/install/communication_pkg/share/communication_pkg/hook/ament_prefix_path.sh'
[1.227s] INFO:colcon.colcon_core.shell:Skip shell extension 'powershell' for command environment: Not usable outside of PowerShell
[1.227s] DEBUG:colcon.colcon_core.shell:Skip shell extension 'dsv' for command environment
[1.234s] INFO:colcon.colcon_ros.task.ament_cmake.build:Building ROS package in '/home/vini_dunker/COSMOS-AFS/cosmos_ws/src/state_machine_pkg' with build type 'ament_cmake'
[1.235s] INFO:colcon.colcon_cmake.task.cmake.build:Building CMake package in '/home/vini_dunker/COSMOS-AFS/cosmos_ws/src/state_machine_pkg'
[1.237s] INFO:colcon.colcon_core.shell:Skip shell extension 'powershell' for command environment: Not usable outside of PowerShell
[1.237s] DEBUG:colcon.colcon_core.shell:Skip shell extension 'dsv' for command environment
[1.247s] INFO:colcon.colcon_ros.task.ament_cmake.build:Building ROS package in '/home/vini_dunker/COSMOS-AFS/cosmos_ws/src/attitude_control_pkg' with build type 'ament_cmake'
[1.247s] INFO:colcon.colcon_cmake.task.cmake.build:Building CMake package in '/home/vini_dunker/COSMOS-AFS/cosmos_ws/src/attitude_control_pkg'
[1.251s] INFO:colcon.colcon_core.shell:Skip shell extension 'powershell' for command environment: Not usable outside of PowerShell
[1.252s] DEBUG:colcon.colcon_core.shell:Skip shell extension 'dsv' for command environment
[1.405s] DEBUG:colcon.colcon_core.event_handler.log_command:Invoking command in '/home/vini_dunker/COSMOS-AFS/cosmos_ws/src/camera_pkg': PYTHONPATH=/home/vini_dunker/COSMOS-AFS/cosmos_ws/build/camera_pkg/prefix_override:/home/vini_dunker/COSMOS-AFS/cosmos_ws/install/camera_pkg/lib/python3.10/site-packages:${PYTHONPATH} /usr/bin/python3 setup.py egg_info --egg-base ../../build/camera_pkg build --build-base /home/vini_dunker/COSMOS-AFS/cosmos_ws/build/camera_pkg/build install --record /home/vini_dunker/COSMOS-AFS/cosmos_ws/build/camera_pkg/install.log --single-version-externally-managed
[1.407s] DEBUG:colcon.colcon_core.event_handler.log_command:Invoking command in '/home/vini_dunker/COSMOS-AFS/cosmos_ws/src/sensors_pkg': PYTHONPATH=/home/vini_dunker/COSMOS-AFS/cosmos_ws/build/sensors_pkg/prefix_override:/home/vini_dunker/COSMOS-AFS/cosmos_ws/install/sensors_pkg/lib/python3.10/site-packages:${PYTHONPATH} /usr/bin/python3 setup.py egg_info --egg-base ../../build/sensors_pkg build --build-base /home/vini_dunker/COSMOS-AFS/cosmos_ws/build/sensors_pkg/build install --record /home/vini_dunker/COSMOS-AFS/cosmos_ws/build/sensors_pkg/install.log --single-version-externally-managed
[1.678s] INFO:colcon.colcon_core.task.python.build:Building Python package in '/home/vini_dunker/COSMOS-AFS/cosmos_ws/src/communication_pkg'
[1.679s] INFO:colcon.colcon_core.shell:Skip shell extension 'powershell' for command environment: Not usable outside of PowerShell
[1.679s] DEBUG:colcon.colcon_core.shell:Skip shell extension 'dsv' for command environment
[1.689s] Level 1:colcon.colcon_core.environment:checking '/home/vini_dunker/COSMOS-AFS/cosmos_ws/install/sensors_pkg' for CMake module files
[1.689s] DEBUG:colcon.colcon_core.event_handler.log_command:Invoked command in '/home/vini_dunker/COSMOS-AFS/cosmos_ws/src/sensors_pkg' returned '0': PYTHONPATH=/home/vini_dunker/COSMOS-AFS/cosmos_ws/build/sensors_pkg/prefix_override:/home/vini_dunker/COSMOS-AFS/cosmos_ws/install/sensors_pkg/lib/python3.10/site-packages:${PYTHONPATH} /usr/bin/python3 setup.py egg_info --egg-base ../../build/sensors_pkg build --build-base /home/vini_dunker/COSMOS-AFS/cosmos_ws/build/sensors_pkg/build install --record /home/vini_dunker/COSMOS-AFS/cosmos_ws/build/sensors_pkg/install.log --single-version-externally-managed
[1.690s] Level 1:colcon.colcon_core.environment:checking '/home/vini_dunker/COSMOS-AFS/cosmos_ws/install/sensors_pkg' for CMake config files
[1.690s] Level 1:colcon.colcon_core.environment:checking '/home/vini_dunker/COSMOS-AFS/cosmos_ws/install/sensors_pkg/lib'
[1.691s] Level 1:colcon.colcon_core.environment:checking '/home/vini_dunker/COSMOS-AFS/cosmos_ws/install/sensors_pkg/bin'
[1.691s] Level 1:colcon.colcon_core.environment:checking '/home/vini_dunker/COSMOS-AFS/cosmos_ws/install/sensors_pkg/lib/pkgconfig/sensors_pkg.pc'
[1.691s] Level 1:colcon.colcon_core.environment:checking '/home/vini_dunker/COSMOS-AFS/cosmos_ws/install/sensors_pkg/lib/python3.10/site-packages'
[1.691s] Level 1:colcon.colcon_core.shell:create_environment_hook('sensors_pkg', 'pythonpath')
[1.692s] INFO:colcon.colcon_core.shell:Creating environment hook '/home/vini_dunker/COSMOS-AFS/cosmos_ws/install/sensors_pkg/share/sensors_pkg/hook/pythonpath.ps1'
[1.693s] INFO:colcon.colcon_core.shell:Creating environment descriptor '/home/vini_dunker/COSMOS-AFS/cosmos_ws/install/sensors_pkg/share/sensors_pkg/hook/pythonpath.dsv'
[1.694s] INFO:colcon.colcon_core.shell:Creating environment hook '/home/vini_dunker/COSMOS-AFS/cosmos_ws/install/sensors_pkg/share/sensors_pkg/hook/pythonpath.sh'
[1.694s] Level 1:colcon.colcon_core.environment:checking '/home/vini_dunker/COSMOS-AFS/cosmos_ws/install/sensors_pkg/bin'
[1.694s] Level 1:colcon.colcon_core.environment:create_environment_scripts_only(sensors_pkg)
[1.695s] INFO:colcon.colcon_core.shell:Creating package script '/home/vini_dunker/COSMOS-AFS/cosmos_ws/install/sensors_pkg/share/sensors_pkg/package.ps1'
[1.696s] INFO:colcon.colcon_core.shell:Creating package descriptor '/home/vini_dunker/COSMOS-AFS/cosmos_ws/install/sensors_pkg/share/sensors_pkg/package.dsv'
[1.696s] INFO:colcon.colcon_core.shell:Creating package script '/home/vini_dunker/COSMOS-AFS/cosmos_ws/install/sensors_pkg/share/sensors_pkg/package.sh'
[1.697s] INFO:colcon.colcon_core.shell:Creating package script '/home/vini_dunker/COSMOS-AFS/cosmos_ws/install/sensors_pkg/share/sensors_pkg/package.bash'
[1.697s] INFO:colcon.colcon_core.shell:Creating package script '/home/vini_dunker/COSMOS-AFS/cosmos_ws/install/sensors_pkg/share/sensors_pkg/package.zsh'
[1.697s] Level 1:colcon.colcon_core.environment:create_file_with_runtime_dependencies(/home/vini_dunker/COSMOS-AFS/cosmos_ws/install/sensors_pkg/share/colcon-core/packages/sensors_pkg)
[1.699s] Level 1:colcon.colcon_core.environment:checking '/home/vini_dunker/COSMOS-AFS/cosmos_ws/install/camera_pkg' for CMake module files
[1.701s] Level 1:colcon.colcon_core.environment:checking '/home/vini_dunker/COSMOS-AFS/cosmos_ws/install/camera_pkg' for CMake config files
[1.702s] DEBUG:colcon.colcon_core.event_handler.log_command:Invoked command in '/home/vini_dunker/COSMOS-AFS/cosmos_ws/src/camera_pkg' returned '0': PYTHONPATH=/home/vini_dunker/COSMOS-AFS/cosmos_ws/build/camera_pkg/prefix_override:/home/vini_dunker/COSMOS-AFS/cosmos_ws/install/camera_pkg/lib/python3.10/site-packages:${PYTHONPATH} /usr/bin/python3 setup.py egg_info --egg-base ../../build/camera_pkg build --build-base /home/vini_dunker/COSMOS-AFS/cosmos_ws/build/camera_pkg/build install --record /home/vini_dunker/COSMOS-AFS/cosmos_ws/build/camera_pkg/install.log --single-version-externally-managed
[1.702s] Level 1:colcon.colcon_core.environment:checking '/home/vini_dunker/COSMOS-AFS/cosmos_ws/install/camera_pkg/lib'
[1.703s] Level 1:colcon.colcon_core.environment:checking '/home/vini_dunker/COSMOS-AFS/cosmos_ws/install/camera_pkg/bin'
[1.703s] Level 1:colcon.colcon_core.environment:checking '/home/vini_dunker/COSMOS-AFS/cosmos_ws/install/camera_pkg/lib/pkgconfig/camera_pkg.pc'
[1.703s] Level 1:colcon.colcon_core.environment:checking '/home/vini_dunker/COSMOS-AFS/cosmos_ws/install/camera_pkg/lib/python3.10/site-packages'
[1.703s] Level 1:colcon.colcon_core.shell:create_environment_hook('camera_pkg', 'pythonpath')
[1.704s] INFO:colcon.colcon_core.shell:Creating environment hook '/home/vini_dunker/COSMOS-AFS/cosmos_ws/install/camera_pkg/share/camera_pkg/hook/pythonpath.ps1'
[1.704s] INFO:colcon.colcon_core.shell:Creating environment descriptor '/home/vini_dunker/COSMOS-AFS/cosmos_ws/install/camera_pkg/share/camera_pkg/hook/pythonpath.dsv'
[1.705s] INFO:colcon.colcon_core.shell:Creating environment hook '/home/vini_dunker/COSMOS-AFS/cosmos_ws/install/camera_pkg/share/camera_pkg/hook/pythonpath.sh'
[1.705s] Level 1:colcon.colcon_core.environment:checking '/home/vini_dunker/COSMOS-AFS/cosmos_ws/install/camera_pkg/bin'
[1.705s] Level 1:colcon.colcon_core.environment:create_environment_scripts_only(camera_pkg)
[1.706s] INFO:colcon.colcon_core.shell:Creating package script '/home/vini_dunker/COSMOS-AFS/cosmos_ws/install/camera_pkg/share/camera_pkg/package.ps1'
[1.707s] INFO:colcon.colcon_core.shell:Creating package descriptor '/home/vini_dunker/COSMOS-AFS/cosmos_ws/install/camera_pkg/share/camera_pkg/package.dsv'
[1.707s] INFO:colcon.colcon_core.shell:Creating package script '/home/vini_dunker/COSMOS-AFS/cosmos_ws/install/camera_pkg/share/camera_pkg/package.sh'
[1.707s] INFO:colcon.colcon_core.shell:Creating package script '/home/vini_dunker/COSMOS-AFS/cosmos_ws/install/camera_pkg/share/camera_pkg/package.bash'
[1.708s] INFO:colcon.colcon_core.shell:Creating package script '/home/vini_dunker/COSMOS-AFS/cosmos_ws/install/camera_pkg/share/camera_pkg/package.zsh'
[1.708s] Level 1:colcon.colcon_core.environment:create_file_with_runtime_dependencies(/home/vini_dunker/COSMOS-AFS/cosmos_ws/install/camera_pkg/share/colcon-core/packages/camera_pkg)
[1.714s] DEBUG:colcon.colcon_core.event_handler.log_command:Invoking command in '/home/vini_dunker/COSMOS-AFS/cosmos_ws/build/state_machine_pkg': CMAKE_PREFIX_PATH=/home/vini_dunker/COSMOS-AFS/cosmos_ws/install/cosmos_interfaces:/home/vini_dunker/COSMOS-AFS/cosmos_ws/install/cosmos_bringup:/home/vini_dunker/COSMOS-AFS/cosmos_ws/install/state_machine_pkg:/home/vini_dunker/COSMOS-AFS/cosmos_ws/install/attitude_control_pkg:/home/vini_dunker/udemy_ws/install/udemy_bringup:/home/vini_dunker/udemy_ws/install/my_cpp_pkg:/home/vini_dunker/udemy_ws/install/udemy_interfaces:/home/vini_dunker/COSMOS-AFS/cosmos_ws/install/sensors_pkg:/home/vini_dunker/COSMOS-AFS/cosmos_ws/install/communication_pkg:/home/vini_dunker/COSMOS-AFS/cosmos_ws/install/camera_pkg:/home/vini_dunker/Automation/mrt19ROS_ws/install/traverse_state_pkg:/home/vini_dunker/Automation/mrt19ROS_ws/install/state_machine_pkg:/home/vini_dunker/Automation/mrt19ROS_ws/install/mrt19_pkg:/home/vini_dunker/Automation/mrt19ROS_ws/install/drum_pkg:/home/vini_dunker/Automation/mrt19ROS_ws/install/data_acquition_pkg:/home/vini_dunker/udemy_ws/install/my_py_pkg:/home/vini_dunker/mrt_ws/install/traverse_stage:/home/vini_dunker/mrt_ws/install/state_machine:/home/vini_dunker/mrt_ws/install/data_acquisition:/opt/ros/humble /usr/bin/cmake --build /home/vini_dunker/COSMOS-AFS/cosmos_ws/build/state_machine_pkg -- -j12 -l12
[1.718s] DEBUG:colcon.colcon_core.event_handler.log_command:Invoking command in '/home/vini_dunker/COSMOS-AFS/cosmos_ws/build/attitude_control_pkg': CMAKE_PREFIX_PATH=/home/vini_dunker/COSMOS-AFS/cosmos_ws/install/cosmos_interfaces:/home/vini_dunker/COSMOS-AFS/cosmos_ws/install/cosmos_bringup:/home/vini_dunker/COSMOS-AFS/cosmos_ws/install/state_machine_pkg:/home/vini_dunker/COSMOS-AFS/cosmos_ws/install/attitude_control_pkg:/home/vini_dunker/udemy_ws/install/udemy_bringup:/home/vini_dunker/udemy_ws/install/my_cpp_pkg:/home/vini_dunker/udemy_ws/install/udemy_interfaces:/home/vini_dunker/COSMOS-AFS/cosmos_ws/install/sensors_pkg:/home/vini_dunker/COSMOS-AFS/cosmos_ws/install/communication_pkg:/home/vini_dunker/COSMOS-AFS/cosmos_ws/install/camera_pkg:/home/vini_dunker/Automation/mrt19ROS_ws/install/traverse_state_pkg:/home/vini_dunker/Automation/mrt19ROS_ws/install/state_machine_pkg:/home/vini_dunker/Automation/mrt19ROS_ws/install/mrt19_pkg:/home/vini_dunker/Automation/mrt19ROS_ws/install/drum_pkg:/home/vini_dunker/Automation/mrt19ROS_ws/install/data_acquition_pkg:/home/vini_dunker/udemy_ws/install/my_py_pkg:/home/vini_dunker/mrt_ws/install/traverse_stage:/home/vini_dunker/mrt_ws/install/state_machine:/home/vini_dunker/mrt_ws/install/data_acquisition:/opt/ros/humble /usr/bin/cmake --build /home/vini_dunker/COSMOS-AFS/cosmos_ws/build/attitude_control_pkg -- -j12 -l12
[2.206s] DEBUG:colcon.colcon_core.event_handler.log_command:Invoking command in '/home/vini_dunker/COSMOS-AFS/cosmos_ws/src/communication_pkg': CMAKE_PREFIX_PATH=/home/vini_dunker/COSMOS-AFS/cosmos_ws/install/cosmos_interfaces:/home/vini_dunker/COSMOS-AFS/cosmos_ws/install/cosmos_bringup:/home/vini_dunker/COSMOS-AFS/cosmos_ws/install/state_machine_pkg:/home/vini_dunker/COSMOS-AFS/cosmos_ws/install/attitude_control_pkg:/home/vini_dunker/udemy_ws/install/udemy_bringup:/home/vini_dunker/udemy_ws/install/my_cpp_pkg:/home/vini_dunker/udemy_ws/install/udemy_interfaces PYTHONPATH=/home/vini_dunker/COSMOS-AFS/cosmos_ws/build/communication_pkg/prefix_override:/home/vini_dunker/COSMOS-AFS/cosmos_ws/install/communication_pkg/lib/python3.10/site-packages:${PYTHONPATH} /usr/bin/python3 setup.py egg_info --egg-base ../../build/communication_pkg build --build-base /home/vini_dunker/COSMOS-AFS/cosmos_ws/build/communication_pkg/build install --record /home/vini_dunker/COSMOS-AFS/cosmos_ws/build/communication_pkg/install.log --single-version-externally-managed
[2.605s] Level 1:colcon.colcon_core.environment:checking '/home/vini_dunker/COSMOS-AFS/cosmos_ws/install/communication_pkg' for CMake module files
[2.606s] DEBUG:colcon.colcon_core.event_handler.log_command:Invoked command in '/home/vini_dunker/COSMOS-AFS/cosmos_ws/src/communication_pkg' returned '0': CMAKE_PREFIX_PATH=/home/vini_dunker/COSMOS-AFS/cosmos_ws/install/cosmos_interfaces:/home/vini_dunker/COSMOS-AFS/cosmos_ws/install/cosmos_bringup:/home/vini_dunker/COSMOS-AFS/cosmos_ws/install/state_machine_pkg:/home/vini_dunker/COSMOS-AFS/cosmos_ws/install/attitude_control_pkg:/home/vini_dunker/udemy_ws/install/udemy_bringup:/home/vini_dunker/udemy_ws/install/my_cpp_pkg:/home/vini_dunker/udemy_ws/install/udemy_interfaces PYTHONPATH=/home/vini_dunker/COSMOS-AFS/cosmos_ws/build/communication_pkg/prefix_override:/home/vini_dunker/COSMOS-AFS/cosmos_ws/install/communication_pkg/lib/python3.10/site-packages:${PYTHONPATH} /usr/bin/python3 setup.py egg_info --egg-base ../../build/communication_pkg build --build-base /home/vini_dunker/COSMOS-AFS/cosmos_ws/build/communication_pkg/build install --record /home/vini_dunker/COSMOS-AFS/cosmos_ws/build/communication_pkg/install.log --single-version-externally-managed
[2.607s] Level 1:colcon.colcon_core.environment:checking '/home/vini_dunker/COSMOS-AFS/cosmos_ws/install/communication_pkg' for CMake config files
[2.607s] Level 1:colcon.colcon_core.environment:checking '/home/vini_dunker/COSMOS-AFS/cosmos_ws/install/communication_pkg/lib'
[2.607s] Level 1:colcon.colcon_core.environment:checking '/home/vini_dunker/COSMOS-AFS/cosmos_ws/install/communication_pkg/bin'
[2.607s] Level 1:colcon.colcon_core.environment:checking '/home/vini_dunker/COSMOS-AFS/cosmos_ws/install/communication_pkg/lib/pkgconfig/communication_pkg.pc'
[2.608s] Level 1:colcon.colcon_core.environment:checking '/home/vini_dunker/COSMOS-AFS/cosmos_ws/install/communication_pkg/lib/python3.10/site-packages'
[2.608s] Level 1:colcon.colcon_core.shell:create_environment_hook('communication_pkg', 'pythonpath')
[2.609s] INFO:colcon.colcon_core.shell:Creating environment hook '/home/vini_dunker/COSMOS-AFS/cosmos_ws/install/communication_pkg/share/communication_pkg/hook/pythonpath.ps1'
[2.610s] INFO:colcon.colcon_core.shell:Creating environment descriptor '/home/vini_dunker/COSMOS-AFS/cosmos_ws/install/communication_pkg/share/communication_pkg/hook/pythonpath.dsv'
[2.610s] INFO:colcon.colcon_core.shell:Creating environment hook '/home/vini_dunker/COSMOS-AFS/cosmos_ws/install/communication_pkg/share/communication_pkg/hook/pythonpath.sh'
[2.610s] Level 1:colcon.colcon_core.environment:checking '/home/vini_dunker/COSMOS-AFS/cosmos_ws/install/communication_pkg/bin'
[2.611s] Level 1:colcon.colcon_core.environment:create_environment_scripts_only(communication_pkg)
[2.612s] INFO:colcon.colcon_core.shell:Creating package script '/home/vini_dunker/COSMOS-AFS/cosmos_ws/install/communication_pkg/share/communication_pkg/package.ps1'
[2.612s] INFO:colcon.colcon_core.shell:Creating package descriptor '/home/vini_dunker/COSMOS-AFS/cosmos_ws/install/communication_pkg/share/communication_pkg/package.dsv'
[2.613s] INFO:colcon.colcon_core.shell:Creating package script '/home/vini_dunker/COSMOS-AFS/cosmos_ws/install/communication_pkg/share/communication_pkg/package.sh'
[2.613s] INFO:colcon.colcon_core.shell:Creating package script '/home/vini_dunker/COSMOS-AFS/cosmos_ws/install/communication_pkg/share/communication_pkg/package.bash'
[2.613s] INFO:colcon.colcon_core.shell:Creating package script '/home/vini_dunker/COSMOS-AFS/cosmos_ws/install/communication_pkg/share/communication_pkg/package.zsh'
[2.614s] Level 1:colcon.colcon_core.environment:create_file_with_runtime_dependencies(/home/vini_dunker/COSMOS-AFS/cosmos_ws/install/communication_pkg/share/colcon-core/packages/communication_pkg)
[9.560s] DEBUG:colcon.colcon_core.event_handler.log_command:Invoked command in '/home/vini_dunker/COSMOS-AFS/cosmos_ws/build/attitude_control_pkg' returned '0': CMAKE_PREFIX_PATH=/home/vini_dunker/COSMOS-AFS/cosmos_ws/install/cosmos_interfaces:/home/vini_dunker/COSMOS-AFS/cosmos_ws/install/cosmos_bringup:/home/vini_dunker/COSMOS-AFS/cosmos_ws/install/state_machine_pkg:/home/vini_dunker/COSMOS-AFS/cosmos_ws/install/attitude_control_pkg:/home/vini_dunker/udemy_ws/install/udemy_bringup:/home/vini_dunker/udemy_ws/install/my_cpp_pkg:/home/vini_dunker/udemy_ws/install/udemy_interfaces:/home/vini_dunker/COSMOS-AFS/cosmos_ws/install/sensors_pkg:/home/vini_dunker/COSMOS-AFS/cosmos_ws/install/communication_pkg:/home/vini_dunker/COSMOS-AFS/cosmos_ws/install/camera_pkg:/home/vini_dunker/Automation/mrt19ROS_ws/install/traverse_state_pkg:/home/vini_dunker/Automation/mrt19ROS_ws/install/state_machine_pkg:/home/vini_dunker/Automation/mrt19ROS_ws/install/mrt19_pkg:/home/vini_dunker/Automation/mrt19ROS_ws/install/drum_pkg:/home/vini_dunker/Automation/mrt19ROS_ws/install/data_acquition_pkg:/home/vini_dunker/udemy_ws/install/my_py_pkg:/home/vini_dunker/mrt_ws/install/traverse_stage:/home/vini_dunker/mrt_ws/install/state_machine:/home/vini_dunker/mrt_ws/install/data_acquisition:/opt/ros/humble /usr/bin/cmake --build /home/vini_dunker/COSMOS-AFS/cosmos_ws/build/attitude_control_pkg -- -j12 -l12
[9.577s] DEBUG:colcon.colcon_core.event_handler.log_command:Invoking command in '/home/vini_dunker/COSMOS-AFS/cosmos_ws/build/attitude_control_pkg': CMAKE_PREFIX_PATH=/home/vini_dunker/COSMOS-AFS/cosmos_ws/install/cosmos_interfaces:/home/vini_dunker/COSMOS-AFS/cosmos_ws/install/cosmos_bringup:/home/vini_dunker/COSMOS-AFS/cosmos_ws/install/state_machine_pkg:/home/vini_dunker/COSMOS-AFS/cosmos_ws/install/attitude_control_pkg:/home/vini_dunker/udemy_ws/install/udemy_bringup:/home/vini_dunker/udemy_ws/install/my_cpp_pkg:/home/vini_dunker/udemy_ws/install/udemy_interfaces:/home/vini_dunker/COSMOS-AFS/cosmos_ws/install/sensors_pkg:/home/vini_dunker/COSMOS-AFS/cosmos_ws/install/communication_pkg:/home/vini_dunker/COSMOS-AFS/cosmos_ws/install/camera_pkg:/home/vini_dunker/Automation/mrt19ROS_ws/install/traverse_state_pkg:/home/vini_dunker/Automation/mrt19ROS_ws/install/state_machine_pkg:/home/vini_dunker/Automation/mrt19ROS_ws/install/mrt19_pkg:/home/vini_dunker/Automation/mrt19ROS_ws/install/drum_pkg:/home/vini_dunker/Automation/mrt19ROS_ws/install/data_acquition_pkg:/home/vini_dunker/udemy_ws/install/my_py_pkg:/home/vini_dunker/mrt_ws/install/traverse_stage:/home/vini_dunker/mrt_ws/install/state_machine:/home/vini_dunker/mrt_ws/install/data_acquisition:/opt/ros/humble /usr/bin/cmake --install /home/vini_dunker/COSMOS-AFS/cosmos_ws/build/attitude_control_pkg
[9.590s] Level 1:colcon.colcon_core.environment:create_environment_scripts_only(attitude_control_pkg)
[9.592s] Level 1:colcon.colcon_core.environment:checking '/home/vini_dunker/COSMOS-AFS/cosmos_ws/install/attitude_control_pkg' for CMake module files
[9.593s] DEBUG:colcon.colcon_core.event_handler.log_command:Invoked command in '/home/vini_dunker/COSMOS-AFS/cosmos_ws/build/attitude_control_pkg' returned '0': CMAKE_PREFIX_PATH=/home/vini_dunker/COSMOS-AFS/cosmos_ws/install/cosmos_interfaces:/home/vini_dunker/COSMOS-AFS/cosmos_ws/install/cosmos_bringup:/home/vini_dunker/COSMOS-AFS/cosmos_ws/install/state_machine_pkg:/home/vini_dunker/COSMOS-AFS/cosmos_ws/install/attitude_control_pkg:/home/vini_dunker/udemy_ws/install/udemy_bringup:/home/vini_dunker/udemy_ws/install/my_cpp_pkg:/home/vini_dunker/udemy_ws/install/udemy_interfaces:/home/vini_dunker/COSMOS-AFS/cosmos_ws/install/sensors_pkg:/home/vini_dunker/COSMOS-AFS/cosmos_ws/install/communication_pkg:/home/vini_dunker/COSMOS-AFS/cosmos_ws/install/camera_pkg:/home/vini_dunker/Automation/mrt19ROS_ws/install/traverse_state_pkg:/home/vini_dunker/Automation/mrt19ROS_ws/install/state_machine_pkg:/home/vini_dunker/Automation/mrt19ROS_ws/install/mrt19_pkg:/home/vini_dunker/Automation/mrt19ROS_ws/install/drum_pkg:/home/vini_dunker/Automation/mrt19ROS_ws/install/data_acquition_pkg:/home/vini_dunker/udemy_ws/install/my_py_pkg:/home/vini_dunker/mrt_ws/install/traverse_stage:/home/vini_dunker/mrt_ws/install/state_machine:/home/vini_dunker/mrt_ws/install/data_acquisition:/opt/ros/humble /usr/bin/cmake --install /home/vini_dunker/COSMOS-AFS/cosmos_ws/build/attitude_control_pkg
[9.593s] Level 1:colcon.colcon_core.environment:checking '/home/vini_dunker/COSMOS-AFS/cosmos_ws/install/attitude_control_pkg' for CMake config files
[9.593s] Level 1:colcon.colcon_core.shell:create_environment_hook('attitude_control_pkg', 'cmake_prefix_path')
[9.594s] INFO:colcon.colcon_core.shell:Creating environment hook '/home/vini_dunker/COSMOS-AFS/cosmos_ws/install/attitude_control_pkg/share/attitude_control_pkg/hook/cmake_prefix_path.ps1'
[9.595s] INFO:colcon.colcon_core.shell:Creating environment descriptor '/home/vini_dunker/COSMOS-AFS/cosmos_ws/install/attitude_control_pkg/share/attitude_control_pkg/hook/cmake_prefix_path.dsv'
[9.595s] INFO:colcon.colcon_core.shell:Creating environment hook '/home/vini_dunker/COSMOS-AFS/cosmos_ws/install/attitude_control_pkg/share/attitude_control_pkg/hook/cmake_prefix_path.sh'
[9.595s] Level 1:colcon.colcon_core.environment:checking '/home/vini_dunker/COSMOS-AFS/cosmos_ws/install/attitude_control_pkg/lib'
[9.596s] Level 1:colcon.colcon_core.environment:checking '/home/vini_dunker/COSMOS-AFS/cosmos_ws/install/attitude_control_pkg/bin'
[9.596s] Level 1:colcon.colcon_core.environment:checking '/home/vini_dunker/COSMOS-AFS/cosmos_ws/install/attitude_control_pkg/lib/pkgconfig/attitude_control_pkg.pc'
[9.596s] Level 1:colcon.colcon_core.environment:checking '/home/vini_dunker/COSMOS-AFS/cosmos_ws/install/attitude_control_pkg/lib/python3.10/site-packages'
[9.596s] Level 1:colcon.colcon_core.shell:create_environment_hook('attitude_control_pkg', 'pythonpath')
[9.597s] INFO:colcon.colcon_core.shell:Creating environment hook '/home/vini_dunker/COSMOS-AFS/cosmos_ws/install/attitude_control_pkg/share/attitude_control_pkg/hook/pythonpath.ps1'
[9.597s] INFO:colcon.colcon_core.shell:Creating environment descriptor '/home/vini_dunker/COSMOS-AFS/cosmos_ws/install/attitude_control_pkg/share/attitude_control_pkg/hook/pythonpath.dsv'
[9.597s] INFO:colcon.colcon_core.shell:Creating environment hook '/home/vini_dunker/COSMOS-AFS/cosmos_ws/install/attitude_control_pkg/share/attitude_control_pkg/hook/pythonpath.sh'
[9.598s] Level 1:colcon.colcon_core.environment:checking '/home/vini_dunker/COSMOS-AFS/cosmos_ws/install/attitude_control_pkg/bin'
[9.599s] INFO:colcon.colcon_core.shell:Creating package script '/home/vini_dunker/COSMOS-AFS/cosmos_ws/install/attitude_control_pkg/share/attitude_control_pkg/package.ps1'
[9.599s] INFO:colcon.colcon_core.shell:Creating package descriptor '/home/vini_dunker/COSMOS-AFS/cosmos_ws/install/attitude_control_pkg/share/attitude_control_pkg/package.dsv'
[9.599s] INFO:colcon.colcon_core.shell:Creating package script '/home/vini_dunker/COSMOS-AFS/cosmos_ws/install/attitude_control_pkg/share/attitude_control_pkg/package.sh'
[9.600s] INFO:colcon.colcon_core.shell:Creating package script '/home/vini_dunker/COSMOS-AFS/cosmos_ws/install/attitude_control_pkg/share/attitude_control_pkg/package.bash'
[9.600s] INFO:colcon.colcon_core.shell:Creating package script '/home/vini_dunker/COSMOS-AFS/cosmos_ws/install/attitude_control_pkg/share/attitude_control_pkg/package.zsh'
[9.600s] Level 1:colcon.colcon_core.environment:create_file_with_runtime_dependencies(/home/vini_dunker/COSMOS-AFS/cosmos_ws/install/attitude_control_pkg/share/colcon-core/packages/attitude_control_pkg)
[9.619s] Level 1:colcon.colcon_core.environment:create_environment_scripts_only(attitude_control_pkg)
[9.620s] Level 1:colcon.colcon_core.environment:checking '/home/vini_dunker/COSMOS-AFS/cosmos_ws/install/attitude_control_pkg' for CMake module files
[9.621s] Level 1:colcon.colcon_core.environment:checking '/home/vini_dunker/COSMOS-AFS/cosmos_ws/install/attitude_control_pkg' for CMake config files
[9.621s] Level 1:colcon.colcon_core.shell:create_environment_hook('attitude_control_pkg', 'cmake_prefix_path')
[9.622s] INFO:colcon.colcon_core.shell:Creating environment hook '/home/vini_dunker/COSMOS-AFS/cosmos_ws/install/attitude_control_pkg/share/attitude_control_pkg/hook/cmake_prefix_path.ps1'
[9.622s] INFO:colcon.colcon_core.shell:Creating environment descriptor '/home/vini_dunker/COSMOS-AFS/cosmos_ws/install/attitude_control_pkg/share/attitude_control_pkg/hook/cmake_prefix_path.dsv'
[9.623s] INFO:colcon.colcon_core.shell:Creating environment hook '/home/vini_dunker/COSMOS-AFS/cosmos_ws/install/attitude_control_pkg/share/attitude_control_pkg/hook/cmake_prefix_path.sh'
[9.623s] Level 1:colcon.colcon_core.environment:checking '/home/vini_dunker/COSMOS-AFS/cosmos_ws/install/attitude_control_pkg/lib'
[9.623s] Level 1:colcon.colcon_core.environment:checking '/home/vini_dunker/COSMOS-AFS/cosmos_ws/install/attitude_control_pkg/bin'
[9.623s] Level 1:colcon.colcon_core.environment:checking '/home/vini_dunker/COSMOS-AFS/cosmos_ws/install/attitude_control_pkg/lib/pkgconfig/attitude_control_pkg.pc'
[9.623s] Level 1:colcon.colcon_core.environment:checking '/home/vini_dunker/COSMOS-AFS/cosmos_ws/install/attitude_control_pkg/lib/python3.10/site-packages'
[9.624s] Level 1:colcon.colcon_core.shell:create_environment_hook('attitude_control_pkg', 'pythonpath')
[9.625s] INFO:colcon.colcon_core.shell:Creating environment hook '/home/vini_dunker/COSMOS-AFS/cosmos_ws/install/attitude_control_pkg/share/attitude_control_pkg/hook/pythonpath.ps1'
[9.625s] INFO:colcon.colcon_core.shell:Creating environment descriptor '/home/vini_dunker/COSMOS-AFS/cosmos_ws/install/attitude_control_pkg/share/attitude_control_pkg/hook/pythonpath.dsv'
[9.625s] INFO:colcon.colcon_core.shell:Creating environment hook '/home/vini_dunker/COSMOS-AFS/cosmos_ws/install/attitude_control_pkg/share/attitude_control_pkg/hook/pythonpath.sh'
[9.625s] Level 1:colcon.colcon_core.environment:checking '/home/vini_dunker/COSMOS-AFS/cosmos_ws/install/attitude_control_pkg/bin'
[9.627s] INFO:colcon.colcon_core.shell:Creating package script '/home/vini_dunker/COSMOS-AFS/cosmos_ws/install/attitude_control_pkg/share/attitude_control_pkg/package.ps1'
[9.627s] INFO:colcon.colcon_core.shell:Creating package descriptor '/home/vini_dunker/COSMOS-AFS/cosmos_ws/install/attitude_control_pkg/share/attitude_control_pkg/package.dsv'
[9.628s] INFO:colcon.colcon_core.shell:Creating package script '/home/vini_dunker/COSMOS-AFS/cosmos_ws/install/attitude_control_pkg/share/attitude_control_pkg/package.sh'
[9.628s] INFO:colcon.colcon_core.shell:Creating package script '/home/vini_dunker/COSMOS-AFS/cosmos_ws/install/attitude_control_pkg/share/attitude_control_pkg/package.bash'
[9.628s] INFO:colcon.colcon_core.shell:Creating package script '/home/vini_dunker/COSMOS-AFS/cosmos_ws/install/attitude_control_pkg/share/attitude_control_pkg/package.zsh'
[9.629s] Level 1:colcon.colcon_core.environment:create_file_with_runtime_dependencies(/home/vini_dunker/COSMOS-AFS/cosmos_ws/install/attitude_control_pkg/share/colcon-core/packages/attitude_control_pkg)
[14.859s] DEBUG:colcon.colcon_core.event_handler.log_command:Invoked command in '/home/vini_dunker/COSMOS-AFS/cosmos_ws/build/state_machine_pkg' returned '2': CMAKE_PREFIX_PATH=/home/vini_dunker/COSMOS-AFS/cosmos_ws/install/cosmos_interfaces:/home/vini_dunker/COSMOS-AFS/cosmos_ws/install/cosmos_bringup:/home/vini_dunker/COSMOS-AFS/cosmos_ws/install/state_machine_pkg:/home/vini_dunker/COSMOS-AFS/cosmos_ws/install/attitude_control_pkg:/home/vini_dunker/udemy_ws/install/udemy_bringup:/home/vini_dunker/udemy_ws/install/my_cpp_pkg:/home/vini_dunker/udemy_ws/install/udemy_interfaces:/home/vini_dunker/COSMOS-AFS/cosmos_ws/install/sensors_pkg:/home/vini_dunker/COSMOS-AFS/cosmos_ws/install/communication_pkg:/home/vini_dunker/COSMOS-AFS/cosmos_ws/install/camera_pkg:/home/vini_dunker/Automation/mrt19ROS_ws/install/traverse_state_pkg:/home/vini_dunker/Automation/mrt19ROS_ws/install/state_machine_pkg:/home/vini_dunker/Automation/mrt19ROS_ws/install/mrt19_pkg:/home/vini_dunker/Automation/mrt19ROS_ws/install/drum_pkg:/home/vini_dunker/Automation/mrt19ROS_ws/install/data_acquition_pkg:/home/vini_dunker/udemy_ws/install/my_py_pkg:/home/vini_dunker/mrt_ws/install/traverse_stage:/home/vini_dunker/mrt_ws/install/state_machine:/home/vini_dunker/mrt_ws/install/data_acquisition:/opt/ros/humble /usr/bin/cmake --build /home/vini_dunker/COSMOS-AFS/cosmos_ws/build/state_machine_pkg -- -j12 -l12
[14.875s] Level 1:colcon.colcon_core.environment:create_environment_scripts_only(state_machine_pkg)
[14.877s] Level 1:colcon.colcon_core.environment:checking '/home/vini_dunker/COSMOS-AFS/cosmos_ws/install/state_machine_pkg' for CMake module files
[14.877s] Level 1:colcon.colcon_core.environment:checking '/home/vini_dunker/COSMOS-AFS/cosmos_ws/install/state_machine_pkg' for CMake config files
[14.877s] Level 1:colcon.colcon_core.shell:create_environment_hook('state_machine_pkg', 'cmake_prefix_path')
[14.878s] INFO:colcon.colcon_core.shell:Creating environment hook '/home/vini_dunker/COSMOS-AFS/cosmos_ws/install/state_machine_pkg/share/state_machine_pkg/hook/cmake_prefix_path.ps1'
[14.878s] INFO:colcon.colcon_core.shell:Creating environment descriptor '/home/vini_dunker/COSMOS-AFS/cosmos_ws/install/state_machine_pkg/share/state_machine_pkg/hook/cmake_prefix_path.dsv'
[14.879s] INFO:colcon.colcon_core.shell:Creating environment hook '/home/vini_dunker/COSMOS-AFS/cosmos_ws/install/state_machine_pkg/share/state_machine_pkg/hook/cmake_prefix_path.sh'
[14.879s] Level 1:colcon.colcon_core.environment:checking '/home/vini_dunker/COSMOS-AFS/cosmos_ws/install/state_machine_pkg/lib'
[14.879s] Level 1:colcon.colcon_core.environment:checking '/home/vini_dunker/COSMOS-AFS/cosmos_ws/install/state_machine_pkg/bin'
[14.879s] Level 1:colcon.colcon_core.environment:checking '/home/vini_dunker/COSMOS-AFS/cosmos_ws/install/state_machine_pkg/lib/pkgconfig/state_machine_pkg.pc'
[14.879s] Level 1:colcon.colcon_core.environment:checking '/home/vini_dunker/COSMOS-AFS/cosmos_ws/install/state_machine_pkg/lib/python3.10/site-packages'
[14.880s] Level 1:colcon.colcon_core.environment:checking '/home/vini_dunker/COSMOS-AFS/cosmos_ws/install/state_machine_pkg/bin'
[14.881s] INFO:colcon.colcon_core.shell:Creating package script '/home/vini_dunker/COSMOS-AFS/cosmos_ws/install/state_machine_pkg/share/state_machine_pkg/package.ps1'
[14.881s] INFO:colcon.colcon_core.shell:Creating package descriptor '/home/vini_dunker/COSMOS-AFS/cosmos_ws/install/state_machine_pkg/share/state_machine_pkg/package.dsv'
[14.882s] INFO:colcon.colcon_core.shell:Creating package script '/home/vini_dunker/COSMOS-AFS/cosmos_ws/install/state_machine_pkg/share/state_machine_pkg/package.sh'
[14.882s] INFO:colcon.colcon_core.shell:Creating package script '/home/vini_dunker/COSMOS-AFS/cosmos_ws/install/state_machine_pkg/share/state_machine_pkg/package.bash'
[14.883s] INFO:colcon.colcon_core.shell:Creating package script '/home/vini_dunker/COSMOS-AFS/cosmos_ws/install/state_machine_pkg/share/state_machine_pkg/package.zsh'
[14.883s] Level 1:colcon.colcon_core.environment:create_file_with_runtime_dependencies(/home/vini_dunker/COSMOS-AFS/cosmos_ws/install/state_machine_pkg/share/colcon-core/packages/state_machine_pkg)
[14.894s] DEBUG:colcon.colcon_parallel_executor.executor.parallel:closing loop
[14.894s] DEBUG:colcon.colcon_parallel_executor.executor.parallel:loop closed
[14.894s] DEBUG:colcon.colcon_parallel_executor.executor.parallel:run_until_complete finished with '2'
[14.894s] DEBUG:colcon.colcon_core.event_reactor:joining thread
[14.954s] INFO:colcon.colcon_core.plugin_system:Skipping extension 'colcon_notification.desktop_notification.notify_send': Could not find 'notify-send'
[14.954s] INFO:colcon.colcon_core.plugin_system:Skipping extension 'colcon_notification.desktop_notification.terminal_notifier': Not used on non-Darwin systems
[14.954s] INFO:colcon.colcon_core.plugin_system:Skipping extension 'colcon_notification.desktop_notification.win32': Not used on non-Windows systems
[14.954s] INFO:colcon.colcon_notification.desktop_notification:Sending desktop notification using 'notify2'
[14.958s] DEBUG:colcon.colcon_notification.desktop_notification.notify2:Failed to initialize notify2: org.freedesktop.DBus.Error.ServiceUnknown: The name org.freedesktop.Notifications was not provided by any .service files
[14.959s] DEBUG:colcon.colcon_core.event_reactor:joined thread
[14.960s] INFO:colcon.colcon_core.shell:Creating prefix script '/home/vini_dunker/COSMOS-AFS/cosmos_ws/install/local_setup.ps1'
[14.961s] INFO:colcon.colcon_core.shell:Creating prefix util module '/home/vini_dunker/COSMOS-AFS/cosmos_ws/install/_local_setup_util_ps1.py'
[14.962s] INFO:colcon.colcon_core.shell:Creating prefix chain script '/home/vini_dunker/COSMOS-AFS/cosmos_ws/install/setup.ps1'
[14.964s] INFO:colcon.colcon_core.shell:Creating prefix script '/home/vini_dunker/COSMOS-AFS/cosmos_ws/install/local_setup.sh'
[14.964s] INFO:colcon.colcon_core.shell:Creating prefix util module '/home/vini_dunker/COSMOS-AFS/cosmos_ws/install/_local_setup_util_sh.py'
[14.965s] INFO:colcon.colcon_core.shell:Creating prefix chain script '/home/vini_dunker/COSMOS-AFS/cosmos_ws/install/setup.sh'
[14.966s] INFO:colcon.colcon_core.shell:Creating prefix script '/home/vini_dunker/COSMOS-AFS/cosmos_ws/install/local_setup.bash'
[14.966s] INFO:colcon.colcon_core.shell:Creating prefix chain script '/home/vini_dunker/COSMOS-AFS/cosmos_ws/install/setup.bash'
[14.968s] INFO:colcon.colcon_core.shell:Creating prefix script '/home/vini_dunker/COSMOS-AFS/cosmos_ws/install/local_setup.zsh'
[14.968s] INFO:colcon.colcon_core.shell:Creating prefix chain script '/home/vini_dunker/COSMOS-AFS/cosmos_ws/install/setup.zsh'
