[1.319s] Invoking command in '/home/vini_dunker/COSMOS-AFS/cosmos_ws/src/camera_pkg': PYTHONPATH=/home/vini_dunker/COSMOS-AFS/cosmos_ws/build/camera_pkg/prefix_override:/home/vini_dunker/COSMOS-AFS/cosmos_ws/install/camera_pkg/lib/python3.10/site-packages:${PYTHONPATH} /usr/bin/python3 setup.py egg_info --egg-base ../../build/camera_pkg build --build-base /home/vini_dunker/COSMOS-AFS/cosmos_ws/build/camera_pkg/build install --record /home/vini_dunker/COSMOS-AFS/cosmos_ws/build/camera_pkg/install.log --single-version-externally-managed
[1.544s] running egg_info
[1.544s] creating ../../build/camera_pkg/camera_pkg.egg-info
[1.545s] writing ../../build/camera_pkg/camera_pkg.egg-info/PKG-INFO
[1.545s] writing dependency_links to ../../build/camera_pkg/camera_pkg.egg-info/dependency_links.txt
[1.546s] writing entry points to ../../build/camera_pkg/camera_pkg.egg-info/entry_points.txt
[1.546s] writing requirements to ../../build/camera_pkg/camera_pkg.egg-info/requires.txt
[1.546s] writing top-level names to ../../build/camera_pkg/camera_pkg.egg-info/top_level.txt
[1.546s] writing manifest file '../../build/camera_pkg/camera_pkg.egg-info/SOURCES.txt'
[1.549s] reading manifest file '../../build/camera_pkg/camera_pkg.egg-info/SOURCES.txt'
[1.549s] writing manifest file '../../build/camera_pkg/camera_pkg.egg-info/SOURCES.txt'
[1.549s] running build
[1.550s] running build_py
[1.550s] creating /home/vini_dunker/COSMOS-AFS/cosmos_ws/build/camera_pkg/build
[1.550s] creating /home/vini_dunker/COSMOS-AFS/cosmos_ws/build/camera_pkg/build/lib
[1.551s] creating /home/vini_dunker/COSMOS-AFS/cosmos_ws/build/camera_pkg/build/lib/camera_pkg
[1.551s] copying camera_pkg/__init__.py -> /home/vini_dunker/COSMOS-AFS/cosmos_ws/build/camera_pkg/build/lib/camera_pkg
[1.551s] running install
[1.551s] running install_lib
[1.553s] creating /home/vini_dunker/COSMOS-AFS/cosmos_ws/install/camera_pkg/lib/python3.10/site-packages/camera_pkg
[1.553s] copying /home/vini_dunker/COSMOS-AFS/cosmos_ws/build/camera_pkg/build/lib/camera_pkg/__init__.py -> /home/vini_dunker/COSMOS-AFS/cosmos_ws/install/camera_pkg/lib/python3.10/site-packages/camera_pkg
[1.553s] byte-compiling /home/vini_dunker/COSMOS-AFS/cosmos_ws/install/camera_pkg/lib/python3.10/site-packages/camera_pkg/__init__.py to __init__.cpython-310.pyc
[1.554s] running install_data
[1.554s] creating /home/vini_dunker/COSMOS-AFS/cosmos_ws/install/camera_pkg/share/ament_index
[1.557s] creating /home/vini_dunker/COSMOS-AFS/cosmos_ws/install/camera_pkg/share/ament_index/resource_index
[1.557s] creating /home/vini_dunker/COSMOS-AFS/cosmos_ws/install/camera_pkg/share/ament_index/resource_index/packages
[1.557s] copying resource/camera_pkg -> /home/vini_dunker/COSMOS-AFS/cosmos_ws/install/camera_pkg/share/ament_index/resource_index/packages
[1.558s] copying package.xml -> /home/vini_dunker/COSMOS-AFS/cosmos_ws/install/camera_pkg/share/camera_pkg
[1.558s] running install_egg_info
[1.559s] Copying ../../build/camera_pkg/camera_pkg.egg-info to /home/vini_dunker/COSMOS-AFS/cosmos_ws/install/camera_pkg/lib/python3.10/site-packages/camera_pkg-0.0.0-py3.10.egg-info
[1.559s] running install_scripts
[1.578s] writing list of installed files to '/home/vini_dunker/COSMOS-AFS/cosmos_ws/build/camera_pkg/install.log'
[1.612s] Invoked command in '/home/vini_dunker/COSMOS-AFS/cosmos_ws/src/camera_pkg' returned '0': PYTHONPATH=/home/vini_dunker/COSMOS-AFS/cosmos_ws/build/camera_pkg/prefix_override:/home/vini_dunker/COSMOS-AFS/cosmos_ws/install/camera_pkg/lib/python3.10/site-packages:${PYTHONPATH} /usr/bin/python3 setup.py egg_info --egg-base ../../build/camera_pkg build --build-base /home/vini_dunker/COSMOS-AFS/cosmos_ws/build/camera_pkg/build install --record /home/vini_dunker/COSMOS-AFS/cosmos_ws/build/camera_pkg/install.log --single-version-externally-managed
