[1.327s] Invoking command in '/home/vini_dunker/COSMOS-AFS/cosmos_ws/src/attitude_control_pkg': PYTHONPATH=/home/vini_dunker/COSMOS-AFS/cosmos_ws/build/attitude_control_pkg/prefix_override:/home/vini_dunker/COSMOS-AFS/cosmos_ws/install/attitude_control_pkg/lib/python3.10/site-packages:${PYTHONPATH} /usr/bin/python3 setup.py egg_info --egg-base ../../build/attitude_control_pkg build --build-base /home/vini_dunker/COSMOS-AFS/cosmos_ws/build/attitude_control_pkg/build install --record /home/vini_dunker/COSMOS-AFS/cosmos_ws/build/attitude_control_pkg/install.log --single-version-externally-managed
[1.602s] running egg_info
[1.603s] writing ../../build/attitude_control_pkg/attitude_control_pkg.egg-info/PKG-INFO
[1.604s] writing dependency_links to ../../build/attitude_control_pkg/attitude_control_pkg.egg-info/dependency_links.txt
[1.604s] writing entry points to ../../build/attitude_control_pkg/attitude_control_pkg.egg-info/entry_points.txt
[1.605s] writing requirements to ../../build/attitude_control_pkg/attitude_control_pkg.egg-info/requires.txt
[1.605s] writing top-level names to ../../build/attitude_control_pkg/attitude_control_pkg.egg-info/top_level.txt
[1.609s] reading manifest file '../../build/attitude_control_pkg/attitude_control_pkg.egg-info/SOURCES.txt'
[1.610s] writing manifest file '../../build/attitude_control_pkg/attitude_control_pkg.egg-info/SOURCES.txt'
[1.610s] running build
[1.610s] running build_py
[1.611s] running install
[1.611s] running install_lib
[1.612s] running install_data
[1.613s] running install_egg_info
[1.615s] removing '/home/vini_dunker/COSMOS-AFS/cosmos_ws/install/attitude_control_pkg/lib/python3.10/site-packages/attitude_control_pkg-0.0.0-py3.10.egg-info' (and everything under it)
[1.615s] Copying ../../build/attitude_control_pkg/attitude_control_pkg.egg-info to /home/vini_dunker/COSMOS-AFS/cosmos_ws/install/attitude_control_pkg/lib/python3.10/site-packages/attitude_control_pkg-0.0.0-py3.10.egg-info
[1.616s] running install_scripts
[1.651s] writing list of installed files to '/home/vini_dunker/COSMOS-AFS/cosmos_ws/build/attitude_control_pkg/install.log'
[1.704s] Invoked command in '/home/vini_dunker/COSMOS-AFS/cosmos_ws/src/attitude_control_pkg' returned '0': PYTHONPATH=/home/vini_dunker/COSMOS-AFS/cosmos_ws/build/attitude_control_pkg/prefix_override:/home/vini_dunker/COSMOS-AFS/cosmos_ws/install/attitude_control_pkg/lib/python3.10/site-packages:${PYTHONPATH} /usr/bin/python3 setup.py egg_info --egg-base ../../build/attitude_control_pkg build --build-base /home/vini_dunker/COSMOS-AFS/cosmos_ws/build/attitude_control_pkg/build install --record /home/vini_dunker/COSMOS-AFS/cosmos_ws/build/attitude_control_pkg/install.log --single-version-externally-managed
