[1.310s] Invoking command in '/home/vini_dunker/COSMOS-AFS/cosmos_ws/src/communication_pkg': PYTHONPATH=/home/vini_dunker/COSMOS-AFS/cosmos_ws/build/communication_pkg/prefix_override:/home/vini_dunker/COSMOS-AFS/cosmos_ws/install/communication_pkg/lib/python3.10/site-packages:${PYTHONPATH} /usr/bin/python3 setup.py egg_info --egg-base ../../build/communication_pkg build --build-base /home/vini_dunker/COSMOS-AFS/cosmos_ws/build/communication_pkg/build install --record /home/vini_dunker/COSMOS-AFS/cosmos_ws/build/communication_pkg/install.log --single-version-externally-managed
[1.560s] running egg_info
[1.560s] creating ../../build/communication_pkg/communication_pkg.egg-info
[1.561s] writing ../../build/communication_pkg/communication_pkg.egg-info/PKG-INFO
[1.561s] writing dependency_links to ../../build/communication_pkg/communication_pkg.egg-info/dependency_links.txt
[1.561s] writing entry points to ../../build/communication_pkg/communication_pkg.egg-info/entry_points.txt
[1.562s] writing requirements to ../../build/communication_pkg/communication_pkg.egg-info/requires.txt
[1.562s] writing top-level names to ../../build/communication_pkg/communication_pkg.egg-info/top_level.txt
[1.562s] writing manifest file '../../build/communication_pkg/communication_pkg.egg-info/SOURCES.txt'
[1.564s] reading manifest file '../../build/communication_pkg/communication_pkg.egg-info/SOURCES.txt'
[1.565s] writing manifest file '../../build/communication_pkg/communication_pkg.egg-info/SOURCES.txt'
[1.565s] running build
[1.565s] running build_py
[1.565s] creating /home/vini_dunker/COSMOS-AFS/cosmos_ws/build/communication_pkg/build
[1.565s] creating /home/vini_dunker/COSMOS-AFS/cosmos_ws/build/communication_pkg/build/lib
[1.565s] creating /home/vini_dunker/COSMOS-AFS/cosmos_ws/build/communication_pkg/build/lib/communication_pkg
[1.566s] copying communication_pkg/__init__.py -> /home/vini_dunker/COSMOS-AFS/cosmos_ws/build/communication_pkg/build/lib/communication_pkg
[1.566s] running install
[1.566s] running install_lib
[1.567s] creating /home/vini_dunker/COSMOS-AFS/cosmos_ws/install/communication_pkg/lib/python3.10/site-packages/communication_pkg
[1.567s] copying /home/vini_dunker/COSMOS-AFS/cosmos_ws/build/communication_pkg/build/lib/communication_pkg/__init__.py -> /home/vini_dunker/COSMOS-AFS/cosmos_ws/install/communication_pkg/lib/python3.10/site-packages/communication_pkg
[1.568s] byte-compiling /home/vini_dunker/COSMOS-AFS/cosmos_ws/install/communication_pkg/lib/python3.10/site-packages/communication_pkg/__init__.py to __init__.cpython-310.pyc
[1.568s] running install_data
[1.569s] creating /home/vini_dunker/COSMOS-AFS/cosmos_ws/install/communication_pkg/share/ament_index
[1.569s] creating /home/vini_dunker/COSMOS-AFS/cosmos_ws/install/communication_pkg/share/ament_index/resource_index
[1.570s] creating /home/vini_dunker/COSMOS-AFS/cosmos_ws/install/communication_pkg/share/ament_index/resource_index/packages
[1.570s] copying resource/communication_pkg -> /home/vini_dunker/COSMOS-AFS/cosmos_ws/install/communication_pkg/share/ament_index/resource_index/packages
[1.570s] copying package.xml -> /home/vini_dunker/COSMOS-AFS/cosmos_ws/install/communication_pkg/share/communication_pkg
[1.570s] running install_egg_info
[1.572s] Copying ../../build/communication_pkg/communication_pkg.egg-info to /home/vini_dunker/COSMOS-AFS/cosmos_ws/install/communication_pkg/lib/python3.10/site-packages/communication_pkg-0.0.0-py3.10.egg-info
[1.573s] running install_scripts
[1.595s] writing list of installed files to '/home/vini_dunker/COSMOS-AFS/cosmos_ws/build/communication_pkg/install.log'
[1.623s] Invoked command in '/home/vini_dunker/COSMOS-AFS/cosmos_ws/src/communication_pkg' returned '0': PYTHONPATH=/home/vini_dunker/COSMOS-AFS/cosmos_ws/build/communication_pkg/prefix_override:/home/vini_dunker/COSMOS-AFS/cosmos_ws/install/communication_pkg/lib/python3.10/site-packages:${PYTHONPATH} /usr/bin/python3 setup.py egg_info --egg-base ../../build/communication_pkg build --build-base /home/vini_dunker/COSMOS-AFS/cosmos_ws/build/communication_pkg/build install --record /home/vini_dunker/COSMOS-AFS/cosmos_ws/build/communication_pkg/install.log --single-version-externally-managed
