[1.369s] Invoking command in '/home/vini_dunker/COSMOS-AFS/cosmos_ws/src/attitude_service_pkg': PYTHONPATH=/home/vini_dunker/COSMOS-AFS/cosmos_ws/build/attitude_service_pkg/prefix_override:/home/vini_dunker/COSMOS-AFS/cosmos_ws/install/attitude_service_pkg/lib/python3.10/site-packages:${PYTHONPATH} /usr/bin/python3 setup.py egg_info --egg-base ../../build/attitude_service_pkg build --build-base /home/vini_dunker/COSMOS-AFS/cosmos_ws/build/attitude_service_pkg/build install --record /home/vini_dunker/COSMOS-AFS/cosmos_ws/build/attitude_service_pkg/install.log --single-version-externally-managed
[1.611s] running egg_info
[1.611s] writing ../../build/attitude_service_pkg/attitude_service_pkg.egg-info/PKG-INFO
[1.612s] writing dependency_links to ../../build/attitude_service_pkg/attitude_service_pkg.egg-info/dependency_links.txt
[1.612s] writing entry points to ../../build/attitude_service_pkg/attitude_service_pkg.egg-info/entry_points.txt
[1.612s] writing requirements to ../../build/attitude_service_pkg/attitude_service_pkg.egg-info/requires.txt
[1.613s] writing top-level names to ../../build/attitude_service_pkg/attitude_service_pkg.egg-info/top_level.txt
[1.615s] reading manifest file '../../build/attitude_service_pkg/attitude_service_pkg.egg-info/SOURCES.txt'
[1.616s] writing manifest file '../../build/attitude_service_pkg/attitude_service_pkg.egg-info/SOURCES.txt'
[1.617s] running build
[1.617s] running build_py
[1.617s] running install
[1.618s] running install_lib
[1.620s] running install_data
[1.621s] running install_egg_info
[1.623s] removing '/home/vini_dunker/COSMOS-AFS/cosmos_ws/install/attitude_service_pkg/lib/python3.10/site-packages/attitude_service_pkg-0.0.0-py3.10.egg-info' (and everything under it)
[1.625s] Copying ../../build/attitude_service_pkg/attitude_service_pkg.egg-info to /home/vini_dunker/COSMOS-AFS/cosmos_ws/install/attitude_service_pkg/lib/python3.10/site-packages/attitude_service_pkg-0.0.0-py3.10.egg-info
[1.626s] running install_scripts
[1.650s] Installing AxisAngleToDCM script to /home/vini_dunker/COSMOS-AFS/cosmos_ws/install/attitude_service_pkg/lib/attitude_service_pkg
[1.651s] Installing SkewServ script to /home/vini_dunker/COSMOS-AFS/cosmos_ws/install/attitude_service_pkg/lib/attitude_service_pkg
[1.651s] writing list of installed files to '/home/vini_dunker/COSMOS-AFS/cosmos_ws/build/attitude_service_pkg/install.log'
[1.704s] Invoked command in '/home/vini_dunker/COSMOS-AFS/cosmos_ws/src/attitude_service_pkg' returned '0': PYTHONPATH=/home/vini_dunker/COSMOS-AFS/cosmos_ws/build/attitude_service_pkg/prefix_override:/home/vini_dunker/COSMOS-AFS/cosmos_ws/install/attitude_service_pkg/lib/python3.10/site-packages:${PYTHONPATH} /usr/bin/python3 setup.py egg_info --egg-base ../../build/attitude_service_pkg build --build-base /home/vini_dunker/COSMOS-AFS/cosmos_ws/build/attitude_service_pkg/build install --record /home/vini_dunker/COSMOS-AFS/cosmos_ws/build/attitude_service_pkg/install.log --single-version-externally-managed
