[0.183s] Invoking command in '/home/vini_dunker/COSMOS-AFS/cosmos_ws/build/state_machine_pkg': CMAKE_PREFIX_PATH=/home/vini_dunker/COSMOS-AFS/cosmos_ws/install/cosmos_interfaces:/home/vini_dunker/COSMOS-AFS/cosmos_ws/install/cosmos_bringup:/home/vini_dunker/COSMOS-AFS/cosmos_ws/install/state_machine_pkg:/home/vini_dunker/COSMOS-AFS/cosmos_ws/install/attitude_control_pkg:/home/vini_dunker/udemy_ws/install/udemy_bringup:/home/vini_dunker/udemy_ws/install/my_cpp_pkg:/home/vini_dunker/udemy_ws/install/udemy_interfaces:/home/vini_dunker/COSMOS-AFS/cosmos_ws/install/sensors_pkg:/home/vini_dunker/COSMOS-AFS/cosmos_ws/install/communication_pkg:/home/vini_dunker/COSMOS-AFS/cosmos_ws/install/camera_pkg:/home/vini_dunker/Automation/mrt19ROS_ws/install/traverse_state_pkg:/home/vini_dunker/Automation/mrt19ROS_ws/install/state_machine_pkg:/home/vini_dunker/Automation/mrt19ROS_ws/install/mrt19_pkg:/home/vini_dunker/Automation/mrt19ROS_ws/install/drum_pkg:/home/vini_dunker/Automation/mrt19ROS_ws/install/data_acquition_pkg:/home/vini_dunker/udemy_ws/install/my_py_pkg:/home/vini_dunker/mrt_ws/install/traverse_stage:/home/vini_dunker/mrt_ws/install/state_machine:/home/vini_dunker/mrt_ws/install/data_acquisition:/opt/ros/humble /usr/bin/cmake --build /home/vini_dunker/COSMOS-AFS/cosmos_ws/build/state_machine_pkg -- -j12 -l12
[0.430s] [35m[1mConsolidate compiler generated dependencies of target state_machine[0m
[0.431s] [ 50%] [32mBuilding CXX object CMakeFiles/state_machine.dir/src/state_machine_node.cpp.o[0m
[2.237s] [01m[K/home/vini_dunker/COSMOS-AFS/cosmos_ws/src/state_machine_pkg/src/state_machine_node.cpp:[m[K In member function ‘[01m[Kvoid StateMachine::gStationCallback(std_msgs::msg::Int32_<std::allocator<void> >::SharedPtr)[m[K’:
[2.237s] [01m[K/home/vini_dunker/COSMOS-AFS/cosmos_ws/src/state_machine_pkg/src/state_machine_node.cpp:30:23:[m[K [01;31m[Kerror: [m[Kjump to case label
[2.237s]    30 |         case MISSION::[01;31m[KFOLLOW[m[K:
[2.238s]       |                       [01;31m[K^~~~~~[m[K
[2.238s] [01m[K/home/vini_dunker/COSMOS-AFS/cosmos_ws/src/state_machine_pkg/src/state_machine_node.cpp:23:18:[m[K [01;36m[Knote: [m[K  crosses initialization of ‘[01m[Kcosmos_interfaces::msg::ReactionWheels_<std::allocator<void> > command[m[K’
[2.238s]    23 |             auto [01;36m[Kcommand[m[K = cosmos_interfaces::msg::ReactionWheels();
[2.238s]       |                  [01;36m[K^~~~~~~[m[K
[2.238s] [01m[K/home/vini_dunker/COSMOS-AFS/cosmos_ws/src/state_machine_pkg/src/state_machine_node.cpp:33:23:[m[K [01;31m[Kerror: [m[Kjump to case label
[2.238s]    33 |         case MISSION::[01;31m[KORBIT[m[K:
[2.238s]       |                       [01;31m[K^~~~~[m[K
[2.238s] [01m[K/home/vini_dunker/COSMOS-AFS/cosmos_ws/src/state_machine_pkg/src/state_machine_node.cpp:23:18:[m[K [01;36m[Knote: [m[K  crosses initialization of ‘[01m[Kcosmos_interfaces::msg::ReactionWheels_<std::allocator<void> > command[m[K’
[2.238s]    23 |             auto [01;36m[Kcommand[m[K = cosmos_interfaces::msg::ReactionWheels();
[2.238s]       |                  [01;36m[K^~~~~~~[m[K
[2.238s] [01m[K/home/vini_dunker/COSMOS-AFS/cosmos_ws/src/state_machine_pkg/src/state_machine_node.cpp:36:9:[m[K [01;31m[Kerror: [m[Kjump to case label
[2.238s]    36 |         [01;31m[Kdefault[m[K:
[2.238s]       |         [01;31m[K^~~~~~~[m[K
[2.238s] [01m[K/home/vini_dunker/COSMOS-AFS/cosmos_ws/src/state_machine_pkg/src/state_machine_node.cpp:23:18:[m[K [01;36m[Knote: [m[K  crosses initialization of ‘[01m[Kcosmos_interfaces::msg::ReactionWheels_<std::allocator<void> > command[m[K’
[2.238s]    23 |             auto [01;36m[Kcommand[m[K = cosmos_interfaces::msg::ReactionWheels();
[2.238s]       |                  [01;36m[K^~~~~~~[m[K
[2.238s] [01m[K/home/vini_dunker/COSMOS-AFS/cosmos_ws/src/state_machine_pkg/src/state_machine_node.cpp:20:12:[m[K [01;35m[Kwarning: [m[Kenumeration value ‘[01m[KORBIT[m[K’ not handled in switch [[01;35m[K]8;;https://gcc.gnu.org/onlinedocs/gcc/Warning-Options.html#index-Wswitch-Wswitch]8;;[m[K]
[2.239s]    20 |     switch [01;35m[K([m[Kmission_state)
[2.239s]       |            [01;35m[K^[m[K
[2.239s] [01m[K/home/vini_dunker/COSMOS-AFS/cosmos_ws/src/state_machine_pkg/src/state_machine_node.cpp:20:12:[m[K [01;35m[Kwarning: [m[Kenumeration value ‘[01m[KFOLLOW[m[K’ not handled in switch [[01;35m[K]8;;https://gcc.gnu.org/onlinedocs/gcc/Warning-Options.html#index-Wswitch-Wswitch]8;;[m[K]
[4.262s] gmake[2]: *** [CMakeFiles/state_machine.dir/build.make:76: CMakeFiles/state_machine.dir/src/state_machine_node.cpp.o] Error 1
[4.263s] gmake[1]: *** [CMakeFiles/Makefile2:137: CMakeFiles/state_machine.dir/all] Error 2
[4.263s] gmake: *** [Makefile:146: all] Error 2
[4.265s] Invoked command in '/home/vini_dunker/COSMOS-AFS/cosmos_ws/build/state_machine_pkg' returned '2': CMAKE_PREFIX_PATH=/home/vini_dunker/COSMOS-AFS/cosmos_ws/install/cosmos_interfaces:/home/vini_dunker/COSMOS-AFS/cosmos_ws/install/cosmos_bringup:/home/vini_dunker/COSMOS-AFS/cosmos_ws/install/state_machine_pkg:/home/vini_dunker/COSMOS-AFS/cosmos_ws/install/attitude_control_pkg:/home/vini_dunker/udemy_ws/install/udemy_bringup:/home/vini_dunker/udemy_ws/install/my_cpp_pkg:/home/vini_dunker/udemy_ws/install/udemy_interfaces:/home/vini_dunker/COSMOS-AFS/cosmos_ws/install/sensors_pkg:/home/vini_dunker/COSMOS-AFS/cosmos_ws/install/communication_pkg:/home/vini_dunker/COSMOS-AFS/cosmos_ws/install/camera_pkg:/home/vini_dunker/Automation/mrt19ROS_ws/install/traverse_state_pkg:/home/vini_dunker/Automation/mrt19ROS_ws/install/state_machine_pkg:/home/vini_dunker/Automation/mrt19ROS_ws/install/mrt19_pkg:/home/vini_dunker/Automation/mrt19ROS_ws/install/drum_pkg:/home/vini_dunker/Automation/mrt19ROS_ws/install/data_acquition_pkg:/home/vini_dunker/udemy_ws/install/my_py_pkg:/home/vini_dunker/mrt_ws/install/traverse_stage:/home/vini_dunker/mrt_ws/install/state_machine:/home/vini_dunker/mrt_ws/install/data_acquisition:/opt/ros/humble /usr/bin/cmake --build /home/vini_dunker/COSMOS-AFS/cosmos_ws/build/state_machine_pkg -- -j12 -l12
