[1.236s] Invoking command in '/home/vini_dunker/COSMOS-AFS/cosmos_ws/src/kinematics_pkg': PYTHONPATH=/home/vini_dunker/COSMOS-AFS/cosmos_ws/build/kinematics_pkg/prefix_override:/home/vini_dunker/COSMOS-AFS/cosmos_ws/install/kinematics_pkg/lib/python3.10/site-packages:${PYTHONPATH} /usr/bin/python3 setup.py egg_info --egg-base ../../build/kinematics_pkg build --build-base /home/vini_dunker/COSMOS-AFS/cosmos_ws/build/kinematics_pkg/build install --record /home/vini_dunker/COSMOS-AFS/cosmos_ws/build/kinematics_pkg/install.log --single-version-externally-managed
[1.487s] running egg_info
[1.487s] creating ../../build/kinematics_pkg/kinematics_pkg.egg-info
[1.489s] writing ../../build/kinematics_pkg/kinematics_pkg.egg-info/PKG-INFO
[1.489s] writing dependency_links to ../../build/kinematics_pkg/kinematics_pkg.egg-info/dependency_links.txt
[1.489s] writing entry points to ../../build/kinematics_pkg/kinematics_pkg.egg-info/entry_points.txt
[1.489s] writing requirements to ../../build/kinematics_pkg/kinematics_pkg.egg-info/requires.txt
[1.489s] writing top-level names to ../../build/kinematics_pkg/kinematics_pkg.egg-info/top_level.txt
[1.489s] writing manifest file '../../build/kinematics_pkg/kinematics_pkg.egg-info/SOURCES.txt'
[1.491s] reading manifest file '../../build/kinematics_pkg/kinematics_pkg.egg-info/SOURCES.txt'
[1.491s] writing manifest file '../../build/kinematics_pkg/kinematics_pkg.egg-info/SOURCES.txt'
[1.492s] running build
[1.492s] running build_py
[1.492s] creating /home/vini_dunker/COSMOS-AFS/cosmos_ws/build/kinematics_pkg/build
[1.492s] creating /home/vini_dunker/COSMOS-AFS/cosmos_ws/build/kinematics_pkg/build/lib
[1.493s] creating /home/vini_dunker/COSMOS-AFS/cosmos_ws/build/kinematics_pkg/build/lib/kinematics_pkg
[1.493s] copying kinematics_pkg/__init__.py -> /home/vini_dunker/COSMOS-AFS/cosmos_ws/build/kinematics_pkg/build/lib/kinematics_pkg
[1.494s] copying kinematics_pkg/Kinematics.py -> /home/vini_dunker/COSMOS-AFS/cosmos_ws/build/kinematics_pkg/build/lib/kinematics_pkg
[1.494s] running install
[1.494s] running install_lib
[1.495s] creating /home/vini_dunker/COSMOS-AFS/cosmos_ws/install/kinematics_pkg/lib/python3.10/site-packages/kinematics_pkg
[1.495s] copying /home/vini_dunker/COSMOS-AFS/cosmos_ws/build/kinematics_pkg/build/lib/kinematics_pkg/__init__.py -> /home/vini_dunker/COSMOS-AFS/cosmos_ws/install/kinematics_pkg/lib/python3.10/site-packages/kinematics_pkg
[1.495s] copying /home/vini_dunker/COSMOS-AFS/cosmos_ws/build/kinematics_pkg/build/lib/kinematics_pkg/Kinematics.py -> /home/vini_dunker/COSMOS-AFS/cosmos_ws/install/kinematics_pkg/lib/python3.10/site-packages/kinematics_pkg
[1.495s] byte-compiling /home/vini_dunker/COSMOS-AFS/cosmos_ws/install/kinematics_pkg/lib/python3.10/site-packages/kinematics_pkg/__init__.py to __init__.cpython-310.pyc
[1.496s] byte-compiling /home/vini_dunker/COSMOS-AFS/cosmos_ws/install/kinematics_pkg/lib/python3.10/site-packages/kinematics_pkg/Kinematics.py to Kinematics.cpython-310.pyc
[1.497s] running install_data
[1.498s] creating /home/vini_dunker/COSMOS-AFS/cosmos_ws/install/kinematics_pkg/share/ament_index
[1.498s] creating /home/vini_dunker/COSMOS-AFS/cosmos_ws/install/kinematics_pkg/share/ament_index/resource_index
[1.498s] creating /home/vini_dunker/COSMOS-AFS/cosmos_ws/install/kinematics_pkg/share/ament_index/resource_index/packages
[1.498s] copying resource/kinematics_pkg -> /home/vini_dunker/COSMOS-AFS/cosmos_ws/install/kinematics_pkg/share/ament_index/resource_index/packages
[1.498s] copying package.xml -> /home/vini_dunker/COSMOS-AFS/cosmos_ws/install/kinematics_pkg/share/kinematics_pkg
[1.499s] running install_egg_info
[1.501s] Copying ../../build/kinematics_pkg/kinematics_pkg.egg-info to /home/vini_dunker/COSMOS-AFS/cosmos_ws/install/kinematics_pkg/lib/python3.10/site-packages/kinematics_pkg-0.0.0-py3.10.egg-info
[1.502s] running install_scripts
[1.522s] Installing Kinematics script to /home/vini_dunker/COSMOS-AFS/cosmos_ws/install/kinematics_pkg/lib/kinematics_pkg
[1.522s] writing list of installed files to '/home/vini_dunker/COSMOS-AFS/cosmos_ws/build/kinematics_pkg/install.log'
[1.547s] Invoked command in '/home/vini_dunker/COSMOS-AFS/cosmos_ws/src/kinematics_pkg' returned '0': PYTHONPATH=/home/vini_dunker/COSMOS-AFS/cosmos_ws/build/kinematics_pkg/prefix_override:/home/vini_dunker/COSMOS-AFS/cosmos_ws/install/kinematics_pkg/lib/python3.10/site-packages:${PYTHONPATH} /usr/bin/python3 setup.py egg_info --egg-base ../../build/kinematics_pkg build --build-base /home/vini_dunker/COSMOS-AFS/cosmos_ws/build/kinematics_pkg/build install --record /home/vini_dunker/COSMOS-AFS/cosmos_ws/build/kinematics_pkg/install.log --single-version-externally-managed
