[1.725s] Invoking command in '/home/vini_dunker/COSMOS-AFS/cosmos_ws/src/attitude_service_pkg': PYTHONPATH=/home/vini_dunker/COSMOS-AFS/cosmos_ws/build/attitude_service_pkg/prefix_override:/home/vini_dunker/COSMOS-AFS/cosmos_ws/install/attitude_service_pkg/lib/python3.10/site-packages:${PYTHONPATH} /usr/bin/python3 setup.py egg_info --egg-base ../../build/attitude_service_pkg build --build-base /home/vini_dunker/COSMOS-AFS/cosmos_ws/build/attitude_service_pkg/build install --record /home/vini_dunker/COSMOS-AFS/cosmos_ws/build/attitude_service_pkg/install.log --single-version-externally-managed
[2.088s] running egg_info
[2.089s] writing ../../build/attitude_service_pkg/attitude_service_pkg.egg-info/PKG-INFO
[2.089s] writing dependency_links to ../../build/attitude_service_pkg/attitude_service_pkg.egg-info/dependency_links.txt
[2.090s] writing entry points to ../../build/attitude_service_pkg/attitude_service_pkg.egg-info/entry_points.txt
[2.090s] writing requirements to ../../build/attitude_service_pkg/attitude_service_pkg.egg-info/requires.txt
[2.090s] writing top-level names to ../../build/attitude_service_pkg/attitude_service_pkg.egg-info/top_level.txt
[2.093s] reading manifest file '../../build/attitude_service_pkg/attitude_service_pkg.egg-info/SOURCES.txt'
[2.094s] writing manifest file '../../build/attitude_service_pkg/attitude_service_pkg.egg-info/SOURCES.txt'
[2.094s] running build
[2.094s] running build_py
[2.095s] running install
[2.095s] running install_lib
[2.097s] running install_data
[2.097s] running install_egg_info
[2.100s] removing '/home/vini_dunker/COSMOS-AFS/cosmos_ws/install/attitude_service_pkg/lib/python3.10/site-packages/attitude_service_pkg-0.0.0-py3.10.egg-info' (and everything under it)
[2.100s] Copying ../../build/attitude_service_pkg/attitude_service_pkg.egg-info to /home/vini_dunker/COSMOS-AFS/cosmos_ws/install/attitude_service_pkg/lib/python3.10/site-packages/attitude_service_pkg-0.0.0-py3.10.egg-info
[2.102s] running install_scripts
[2.134s] Installing AxisAngleToDCM script to /home/vini_dunker/COSMOS-AFS/cosmos_ws/install/attitude_service_pkg/lib/attitude_service_pkg
[2.135s] Installing SkewServ script to /home/vini_dunker/COSMOS-AFS/cosmos_ws/install/attitude_service_pkg/lib/attitude_service_pkg
[2.135s] writing list of installed files to '/home/vini_dunker/COSMOS-AFS/cosmos_ws/build/attitude_service_pkg/install.log'
[2.251s] Invoked command in '/home/vini_dunker/COSMOS-AFS/cosmos_ws/src/attitude_service_pkg' returned '0': PYTHONPATH=/home/vini_dunker/COSMOS-AFS/cosmos_ws/build/attitude_service_pkg/prefix_override:/home/vini_dunker/COSMOS-AFS/cosmos_ws/install/attitude_service_pkg/lib/python3.10/site-packages:${PYTHONPATH} /usr/bin/python3 setup.py egg_info --egg-base ../../build/attitude_service_pkg build --build-base /home/vini_dunker/COSMOS-AFS/cosmos_ws/build/attitude_service_pkg/build install --record /home/vini_dunker/COSMOS-AFS/cosmos_ws/build/attitude_service_pkg/install.log --single-version-externally-managed
