[0.057s] Invoking command in '/home/vini_dunker/COSMOS-AFS/cosmos_ws/build/cosmos_interfaces': CMAKE_PREFIX_PATH=${CMAKE_PREFIX_PATH}:/home/vini_dunker/MRT-19/ros_drone_ws/install/drone_control:/home/vini_dunker/udemy_ws/install/my_py_pkg:/home/vini_dunker/COSMOS-AFS/cosmos_ws/install/sensors_pkg:/home/vini_dunker/COSMOS-AFS/cosmos_ws/install/communication_pkg:/home/vini_dunker/COSMOS-AFS/cosmos_ws/install/camera_pkg:/home/vini_dunker/COSMOS-AFS/cosmos_ws/install/attitude_service_pkg:/home/vini_dunker/Automation/mrt19ROS_ws/install/traverse_state_pkg:/home/vini_dunker/Automation/mrt19ROS_ws/install/state_machine_pkg:/home/vini_dunker/Automation/mrt19ROS_ws/install/mrt19_pkg:/home/vini_dunker/Automation/mrt19ROS_ws/install/drum_pkg:/home/vini_dunker/Automation/mrt19ROS_ws/install/data_acquition_pkg:/home/vini_dunker/mrt_ws/install/traverse_stage:/home/vini_dunker/mrt_ws/install/state_machine:/home/vini_dunker/mrt_ws/install/data_acquisition:/opt/ros/humble /usr/bin/cmake --build /home/vini_dunker/COSMOS-AFS/cosmos_ws/build/cosmos_interfaces -- -j12 -l12
[0.615s] -- Found ament_cmake: 1.3.4 (/opt/ros/humble/share/ament_cmake/cmake)
[0.615s] -- Found rosidl_default_generators: 1.2.0 (/opt/ros/humble/share/rosidl_default_generators/cmake)
[0.615s] -- Using all available rosidl_typesupport_c: rosidl_typesupport_fastrtps_c;rosidl_typesupport_introspection_c
[0.615s] -- Found rosidl_adapter: 3.1.4 (/opt/ros/humble/share/rosidl_adapter/cmake)
[0.616s] -- Using all available rosidl_typesupport_cpp: rosidl_typesupport_fastrtps_cpp;rosidl_typesupport_introspection_cpp
[0.797s] -- Found ament_cmake_ros: 0.10.0 (/opt/ros/humble/share/ament_cmake_ros/cmake)
[0.970s] -- Using all available rosidl_typesupport_c: rosidl_typesupport_fastrtps_c;rosidl_typesupport_introspection_c
[1.217s] -- Using all available rosidl_typesupport_cpp: rosidl_typesupport_fastrtps_cpp;rosidl_typesupport_introspection_cpp
[1.240s] -- Found python_cmake_module: 0.10.0 (/opt/ros/humble/share/python_cmake_module/cmake)
[1.265s] -- Using PYTHON_EXECUTABLE: /usr/bin/python3
[1.265s] -- Using PYTHON_INCLUDE_DIRS: /usr/include/python3.10
[1.265s] -- Using PYTHON_LIBRARIES: /usr/lib/x86_64-linux-gnu/libpython3.10.so
[1.303s] -- Configuring done
[1.355s] -- Generating done
[1.358s] -- Build files have been written to: /home/vini_dunker/COSMOS-AFS/cosmos_ws/build/cosmos_interfaces
[1.378s] [  1%] [34m[1mGenerating C code for ROS interfaces[0m
[1.389s] [  3%] [34m[1mGenerating C++ code for ROS interfaces[0m
[1.397s] [  3%] Built target ament_cmake_python_copy_cosmos_interfaces
[1.684s] running egg_info
[1.684s] writing cosmos_interfaces.egg-info/PKG-INFO
[1.684s] writing dependency_links to cosmos_interfaces.egg-info/dependency_links.txt
[1.685s] writing top-level names to cosmos_interfaces.egg-info/top_level.txt
[1.686s] reading manifest file 'cosmos_interfaces.egg-info/SOURCES.txt'
[1.687s] writing manifest file 'cosmos_interfaces.egg-info/SOURCES.txt'
[1.707s] [  3%] Built target ament_cmake_python_build_cosmos_interfaces_egg
[1.916s] [  3%] Built target cosmos_interfaces__cpp
[1.918s] [35m[1mConsolidate compiler generated dependencies of target cosmos_interfaces__rosidl_generator_c[0m
[1.924s] [  4%] [34m[1mGenerating C++ type support dispatch for ROS interfaces[0m
[1.925s] [  6%] [34m[1mGenerating C++ introspection for ROS interfaces[0m
[1.926s] [  7%] [34m[1mGenerating C++ type support for eProsima Fast-RTPS[0m
[1.934s] [ 11%] [32mBuilding C object CMakeFiles/cosmos_interfaces__rosidl_generator_c.dir/rosidl_generator_c/cosmos_interfaces/msg/detail/reaction_wheels__functions.c.o[0m
[1.934s] [ 11%] [32mBuilding C object CMakeFiles/cosmos_interfaces__rosidl_generator_c.dir/rosidl_generator_c/cosmos_interfaces/msg/detail/attitude__functions.c.o[0m
[1.934s] [ 14%] [32mBuilding C object CMakeFiles/cosmos_interfaces__rosidl_generator_c.dir/rosidl_generator_c/cosmos_interfaces/srv/detail/skew__functions.c.o[0m
[1.934s] [ 14%] [32mBuilding C object CMakeFiles/cosmos_interfaces__rosidl_generator_c.dir/rosidl_generator_c/cosmos_interfaces/msg/detail/position__functions.c.o[0m
[1.934s] [ 15%] [32mBuilding C object CMakeFiles/cosmos_interfaces__rosidl_generator_c.dir/rosidl_generator_c/cosmos_interfaces/srv/detail/aa_to_dcm__functions.c.o[0m
[2.050s] [ 17%] [32m[1mLinking C shared library libcosmos_interfaces__rosidl_generator_c.so[0m
[2.192s] [ 17%] Built target cosmos_interfaces__rosidl_generator_c
[2.200s] [ 19%] [34m[1mGenerating C type support dispatch for ROS interfaces[0m
[2.201s] [ 20%] [34m[1mGenerating C type support for eProsima Fast-RTPS[0m
[2.202s] [ 22%] [34m[1mGenerating C introspection for ROS interfaces[0m
[2.307s] [35m[1mConsolidate compiler generated dependencies of target cosmos_interfaces__rosidl_typesupport_cpp[0m
[2.323s] [ 25%] [32mBuilding CXX object CMakeFiles/cosmos_interfaces__rosidl_typesupport_cpp.dir/rosidl_typesupport_cpp/cosmos_interfaces/msg/reaction_wheels__type_support.cpp.o[0m
[2.323s] [ 25%] [32mBuilding CXX object CMakeFiles/cosmos_interfaces__rosidl_typesupport_cpp.dir/rosidl_typesupport_cpp/cosmos_interfaces/msg/position__type_support.cpp.o[0m
[2.324s] [ 26%] [32mBuilding CXX object CMakeFiles/cosmos_interfaces__rosidl_typesupport_cpp.dir/rosidl_typesupport_cpp/cosmos_interfaces/srv/aa_to_dcm__type_support.cpp.o[0m
[2.324s] [ 28%] [32mBuilding CXX object CMakeFiles/cosmos_interfaces__rosidl_typesupport_cpp.dir/rosidl_typesupport_cpp/cosmos_interfaces/msg/attitude__type_support.cpp.o[0m
[2.326s] [ 30%] [32mBuilding CXX object CMakeFiles/cosmos_interfaces__rosidl_typesupport_cpp.dir/rosidl_typesupport_cpp/cosmos_interfaces/srv/skew__type_support.cpp.o[0m
[2.427s] [35m[1mConsolidate compiler generated dependencies of target cosmos_interfaces__rosidl_typesupport_introspection_cpp[0m
[2.456s] [ 31%] [32mBuilding CXX object CMakeFiles/cosmos_interfaces__rosidl_typesupport_introspection_cpp.dir/rosidl_typesupport_introspection_cpp/cosmos_interfaces/msg/detail/reaction_wheels__type_support.cpp.o[0m
[2.463s] [ 33%] [32mBuilding CXX object CMakeFiles/cosmos_interfaces__rosidl_typesupport_introspection_cpp.dir/rosidl_typesupport_introspection_cpp/cosmos_interfaces/msg/detail/position__type_support.cpp.o[0m
[2.529s] [ 34%] [32mBuilding CXX object CMakeFiles/cosmos_interfaces__rosidl_typesupport_introspection_cpp.dir/rosidl_typesupport_introspection_cpp/cosmos_interfaces/msg/detail/attitude__type_support.cpp.o[0m
[2.540s] [35m[1mConsolidate compiler generated dependencies of target cosmos_interfaces__rosidl_typesupport_fastrtps_cpp[0m
[2.563s] [ 36%] [32mBuilding CXX object CMakeFiles/cosmos_interfaces__rosidl_typesupport_fastrtps_cpp.dir/rosidl_typesupport_fastrtps_cpp/cosmos_interfaces/msg/detail/dds_fastrtps/reaction_wheels__type_support.cpp.o[0m
[2.680s] [35m[1mConsolidate compiler generated dependencies of target cosmos_interfaces__rosidl_typesupport_c[0m
[2.695s] [ 38%] [32mBuilding CXX object CMakeFiles/cosmos_interfaces__rosidl_typesupport_c.dir/rosidl_typesupport_c/cosmos_interfaces/msg/reaction_wheels__type_support.cpp.o[0m
[2.717s] [ 39%] [32mBuilding CXX object CMakeFiles/cosmos_interfaces__rosidl_typesupport_c.dir/rosidl_typesupport_c/cosmos_interfaces/msg/position__type_support.cpp.o[0m
[2.717s] [ 41%] [32mBuilding CXX object CMakeFiles/cosmos_interfaces__rosidl_typesupport_fastrtps_cpp.dir/rosidl_typesupport_fastrtps_cpp/cosmos_interfaces/msg/detail/dds_fastrtps/position__type_support.cpp.o[0m
[2.727s] [ 42%] [32mBuilding CXX object CMakeFiles/cosmos_interfaces__rosidl_typesupport_c.dir/rosidl_typesupport_c/cosmos_interfaces/msg/attitude__type_support.cpp.o[0m
[2.728s] [ 44%] [32mBuilding CXX object CMakeFiles/cosmos_interfaces__rosidl_typesupport_c.dir/rosidl_typesupport_c/cosmos_interfaces/srv/aa_to_dcm__type_support.cpp.o[0m
[2.735s] [ 46%] [32m[1mLinking CXX shared library libcosmos_interfaces__rosidl_typesupport_cpp.so[0m
[2.743s] [ 47%] [32mBuilding CXX object CMakeFiles/cosmos_interfaces__rosidl_typesupport_c.dir/rosidl_typesupport_c/cosmos_interfaces/srv/skew__type_support.cpp.o[0m
[2.758s] [ 49%] [32mBuilding CXX object CMakeFiles/cosmos_interfaces__rosidl_typesupport_fastrtps_cpp.dir/rosidl_typesupport_fastrtps_cpp/cosmos_interfaces/msg/detail/dds_fastrtps/attitude__type_support.cpp.o[0m
[2.768s] [ 50%] [32mBuilding CXX object CMakeFiles/cosmos_interfaces__rosidl_typesupport_fastrtps_cpp.dir/rosidl_typesupport_fastrtps_cpp/cosmos_interfaces/srv/detail/dds_fastrtps/aa_to_dcm__type_support.cpp.o[0m
[2.786s] [ 52%] [32mBuilding CXX object CMakeFiles/cosmos_interfaces__rosidl_typesupport_introspection_cpp.dir/rosidl_typesupport_introspection_cpp/cosmos_interfaces/srv/detail/aa_to_dcm__type_support.cpp.o[0m
[2.800s] [ 53%] [32m[1mLinking CXX shared library libcosmos_interfaces__rosidl_typesupport_c.so[0m
[2.923s] [35m[1mConsolidate compiler generated dependencies of target cosmos_interfaces__rosidl_typesupport_introspection_c[0m
[2.988s] [ 55%] [32mBuilding C object CMakeFiles/cosmos_interfaces__rosidl_typesupport_introspection_c.dir/rosidl_typesupport_introspection_c/cosmos_interfaces/msg/detail/reaction_wheels__type_support.c.o[0m
[3.006s] [ 55%] Built target cosmos_interfaces__rosidl_typesupport_cpp
[3.018s] [ 55%] Built target cosmos_interfaces__rosidl_typesupport_c
[3.031s] [ 57%] [32mBuilding CXX object CMakeFiles/cosmos_interfaces__rosidl_typesupport_introspection_cpp.dir/rosidl_typesupport_introspection_cpp/cosmos_interfaces/srv/detail/skew__type_support.cpp.o[0m
[3.033s] [ 58%] [32mBuilding C object CMakeFiles/cosmos_interfaces__rosidl_typesupport_introspection_c.dir/rosidl_typesupport_introspection_c/cosmos_interfaces/msg/detail/position__type_support.c.o[0m
[3.035s] [ 60%] [32mBuilding CXX object CMakeFiles/cosmos_interfaces__rosidl_typesupport_fastrtps_cpp.dir/rosidl_typesupport_fastrtps_cpp/cosmos_interfaces/srv/detail/dds_fastrtps/skew__type_support.cpp.o[0m
[3.047s] [35m[1mConsolidate compiler generated dependencies of target cosmos_interfaces__rosidl_typesupport_fastrtps_c[0m
[3.055s] [ 61%] [32mBuilding C object CMakeFiles/cosmos_interfaces__rosidl_typesupport_introspection_c.dir/rosidl_typesupport_introspection_c/cosmos_interfaces/srv/detail/aa_to_dcm__type_support.c.o[0m
[3.057s] [ 63%] [32mBuilding C object CMakeFiles/cosmos_interfaces__rosidl_typesupport_introspection_c.dir/rosidl_typesupport_introspection_c/cosmos_interfaces/srv/detail/skew__type_support.c.o[0m
[3.067s] [ 65%] [32mBuilding C object CMakeFiles/cosmos_interfaces__rosidl_typesupport_introspection_c.dir/rosidl_typesupport_introspection_c/cosmos_interfaces/msg/detail/attitude__type_support.c.o[0m
[3.077s] [ 66%] [32mBuilding CXX object CMakeFiles/cosmos_interfaces__rosidl_typesupport_fastrtps_c.dir/rosidl_typesupport_fastrtps_c/cosmos_interfaces/msg/detail/reaction_wheels__type_support_c.cpp.o[0m
[3.086s] [ 68%] [32mBuilding CXX object CMakeFiles/cosmos_interfaces__rosidl_typesupport_fastrtps_c.dir/rosidl_typesupport_fastrtps_c/cosmos_interfaces/msg/detail/position__type_support_c.cpp.o[0m
[3.113s] [ 69%] [32mBuilding CXX object CMakeFiles/cosmos_interfaces__rosidl_typesupport_fastrtps_c.dir/rosidl_typesupport_fastrtps_c/cosmos_interfaces/msg/detail/attitude__type_support_c.cpp.o[0m
[3.120s] [ 71%] [32mBuilding CXX object CMakeFiles/cosmos_interfaces__rosidl_typesupport_fastrtps_c.dir/rosidl_typesupport_fastrtps_c/cosmos_interfaces/srv/detail/aa_to_dcm__type_support_c.cpp.o[0m
[3.120s] [ 73%] [32m[1mLinking C shared library libcosmos_interfaces__rosidl_typesupport_introspection_c.so[0m
[3.227s] [ 74%] [32mBuilding CXX object CMakeFiles/cosmos_interfaces__rosidl_typesupport_fastrtps_c.dir/rosidl_typesupport_fastrtps_c/cosmos_interfaces/srv/detail/skew__type_support_c.cpp.o[0m
[3.293s] [ 74%] Built target cosmos_interfaces__rosidl_typesupport_introspection_c
[3.486s] [ 76%] [32m[1mLinking CXX shared library libcosmos_interfaces__rosidl_typesupport_fastrtps_cpp.so[0m
[3.489s] [ 77%] [32m[1mLinking CXX shared library libcosmos_interfaces__rosidl_typesupport_introspection_cpp.so[0m
[3.545s] [ 79%] [32m[1mLinking CXX shared library libcosmos_interfaces__rosidl_typesupport_fastrtps_c.so[0m
[3.615s] [ 79%] Built target cosmos_interfaces__rosidl_typesupport_introspection_cpp
[3.616s] [ 79%] Built target cosmos_interfaces__rosidl_typesupport_fastrtps_cpp
[3.704s] [ 79%] Built target cosmos_interfaces__rosidl_typesupport_fastrtps_c
[3.718s] [ 79%] Built target cosmos_interfaces
[3.739s] [ 80%] Built target cosmos_interfaces__py
[3.747s] [35m[1mConsolidate compiler generated dependencies of target cosmos_interfaces__rosidl_generator_py[0m
[3.761s] [ 82%] [32mBuilding C object CMakeFiles/cosmos_interfaces__rosidl_generator_py.dir/rosidl_generator_py/cosmos_interfaces/msg/_reaction_wheels_s.c.o[0m
[3.761s] [ 84%] [32mBuilding C object CMakeFiles/cosmos_interfaces__rosidl_generator_py.dir/rosidl_generator_py/cosmos_interfaces/msg/_position_s.c.o[0m
[3.762s] [ 85%] [32mBuilding C object CMakeFiles/cosmos_interfaces__rosidl_generator_py.dir/rosidl_generator_py/cosmos_interfaces/msg/_attitude_s.c.o[0m
[3.762s] [ 87%] [32mBuilding C object CMakeFiles/cosmos_interfaces__rosidl_generator_py.dir/rosidl_generator_py/cosmos_interfaces/srv/_aa_to_dcm_s.c.o[0m
[3.763s] [ 88%] [32mBuilding C object CMakeFiles/cosmos_interfaces__rosidl_generator_py.dir/rosidl_generator_py/cosmos_interfaces/srv/_skew_s.c.o[0m
[3.887s] [ 90%] [32m[1mLinking C shared library rosidl_generator_py/cosmos_interfaces/libcosmos_interfaces__rosidl_generator_py.so[0m
[4.010s] [ 90%] Built target cosmos_interfaces__rosidl_generator_py
[4.017s] [35m[1mConsolidate compiler generated dependencies of target cosmos_interfaces__rosidl_typesupport_introspection_c__pyext[0m
[4.018s] [35m[1mConsolidate compiler generated dependencies of target cosmos_interfaces__rosidl_typesupport_fastrtps_c__pyext[0m
[4.018s] [35m[1mConsolidate compiler generated dependencies of target cosmos_interfaces__rosidl_typesupport_c__pyext[0m
[4.027s] [ 92%] [32mBuilding C object CMakeFiles/cosmos_interfaces__rosidl_typesupport_introspection_c__pyext.dir/rosidl_generator_py/cosmos_interfaces/_cosmos_interfaces_s.ep.rosidl_typesupport_introspection_c.c.o[0m
[4.027s] [ 95%] [32mBuilding C object CMakeFiles/cosmos_interfaces__rosidl_typesupport_c__pyext.dir/rosidl_generator_py/cosmos_interfaces/_cosmos_interfaces_s.ep.rosidl_typesupport_c.c.o[0m
[4.027s] [ 95%] [32mBuilding C object CMakeFiles/cosmos_interfaces__rosidl_typesupport_fastrtps_c__pyext.dir/rosidl_generator_py/cosmos_interfaces/_cosmos_interfaces_s.ep.rosidl_typesupport_fastrtps_c.c.o[0m
[4.120s] [ 96%] [32m[1mLinking C shared library rosidl_generator_py/cosmos_interfaces/cosmos_interfaces_s__rosidl_typesupport_fastrtps_c.cpython-310-x86_64-linux-gnu.so[0m
[4.126s] [ 98%] [32m[1mLinking C shared library rosidl_generator_py/cosmos_interfaces/cosmos_interfaces_s__rosidl_typesupport_c.cpython-310-x86_64-linux-gnu.so[0m
[4.129s] [100%] [32m[1mLinking C shared library rosidl_generator_py/cosmos_interfaces/cosmos_interfaces_s__rosidl_typesupport_introspection_c.cpython-310-x86_64-linux-gnu.so[0m
[4.240s] [100%] Built target cosmos_interfaces__rosidl_typesupport_fastrtps_c__pyext
[4.241s] [100%] Built target cosmos_interfaces__rosidl_typesupport_c__pyext
[4.271s] [100%] Built target cosmos_interfaces__rosidl_typesupport_introspection_c__pyext
[4.278s] Invoked command in '/home/vini_dunker/COSMOS-AFS/cosmos_ws/build/cosmos_interfaces' returned '0': CMAKE_PREFIX_PATH=${CMAKE_PREFIX_PATH}:/home/vini_dunker/MRT-19/ros_drone_ws/install/drone_control:/home/vini_dunker/udemy_ws/install/my_py_pkg:/home/vini_dunker/COSMOS-AFS/cosmos_ws/install/sensors_pkg:/home/vini_dunker/COSMOS-AFS/cosmos_ws/install/communication_pkg:/home/vini_dunker/COSMOS-AFS/cosmos_ws/install/camera_pkg:/home/vini_dunker/COSMOS-AFS/cosmos_ws/install/attitude_service_pkg:/home/vini_dunker/Automation/mrt19ROS_ws/install/traverse_state_pkg:/home/vini_dunker/Automation/mrt19ROS_ws/install/state_machine_pkg:/home/vini_dunker/Automation/mrt19ROS_ws/install/mrt19_pkg:/home/vini_dunker/Automation/mrt19ROS_ws/install/drum_pkg:/home/vini_dunker/Automation/mrt19ROS_ws/install/data_acquition_pkg:/home/vini_dunker/mrt_ws/install/traverse_stage:/home/vini_dunker/mrt_ws/install/state_machine:/home/vini_dunker/mrt_ws/install/data_acquisition:/opt/ros/humble /usr/bin/cmake --build /home/vini_dunker/COSMOS-AFS/cosmos_ws/build/cosmos_interfaces -- -j12 -l12
[4.382s] Invoking command in '/home/vini_dunker/COSMOS-AFS/cosmos_ws/build/cosmos_interfaces': CMAKE_PREFIX_PATH=${CMAKE_PREFIX_PATH}:/home/vini_dunker/MRT-19/ros_drone_ws/install/drone_control:/home/vini_dunker/udemy_ws/install/my_py_pkg:/home/vini_dunker/COSMOS-AFS/cosmos_ws/install/sensors_pkg:/home/vini_dunker/COSMOS-AFS/cosmos_ws/install/communication_pkg:/home/vini_dunker/COSMOS-AFS/cosmos_ws/install/camera_pkg:/home/vini_dunker/COSMOS-AFS/cosmos_ws/install/attitude_service_pkg:/home/vini_dunker/Automation/mrt19ROS_ws/install/traverse_state_pkg:/home/vini_dunker/Automation/mrt19ROS_ws/install/state_machine_pkg:/home/vini_dunker/Automation/mrt19ROS_ws/install/mrt19_pkg:/home/vini_dunker/Automation/mrt19ROS_ws/install/drum_pkg:/home/vini_dunker/Automation/mrt19ROS_ws/install/data_acquition_pkg:/home/vini_dunker/mrt_ws/install/traverse_stage:/home/vini_dunker/mrt_ws/install/state_machine:/home/vini_dunker/mrt_ws/install/data_acquisition:/opt/ros/humble /usr/bin/cmake --install /home/vini_dunker/COSMOS-AFS/cosmos_ws/build/cosmos_interfaces
[4.388s] -- Install configuration: ""
[4.389s] -- Up-to-date: /home/vini_dunker/COSMOS-AFS/cosmos_ws/install/cosmos_interfaces/share/ament_index/resource_index/rosidl_interfaces/cosmos_interfaces
[4.389s] -- Up-to-date: /home/vini_dunker/COSMOS-AFS/cosmos_ws/install/cosmos_interfaces/include/cosmos_interfaces/cosmos_interfaces
[4.389s] -- Up-to-date: /home/vini_dunker/COSMOS-AFS/cosmos_ws/install/cosmos_interfaces/include/cosmos_interfaces/cosmos_interfaces/srv
[4.389s] -- Installing: /home/vini_dunker/COSMOS-AFS/cosmos_ws/install/cosmos_interfaces/include/cosmos_interfaces/cosmos_interfaces/srv/skew.h
[4.390s] -- Up-to-date: /home/vini_dunker/COSMOS-AFS/cosmos_ws/install/cosmos_interfaces/include/cosmos_interfaces/cosmos_interfaces/srv/detail
[4.390s] -- Installing: /home/vini_dunker/COSMOS-AFS/cosmos_ws/install/cosmos_interfaces/include/cosmos_interfaces/cosmos_interfaces/srv/detail/aa_to_dcm__functions.c
[4.390s] -- Installing: /home/vini_dunker/COSMOS-AFS/cosmos_ws/install/cosmos_interfaces/include/cosmos_interfaces/cosmos_interfaces/srv/detail/skew__functions.c
[4.390s] -- Installing: /home/vini_dunker/COSMOS-AFS/cosmos_ws/install/cosmos_interfaces/include/cosmos_interfaces/cosmos_interfaces/srv/detail/skew__functions.h
[4.390s] -- Installing: /home/vini_dunker/COSMOS-AFS/cosmos_ws/install/cosmos_interfaces/include/cosmos_interfaces/cosmos_interfaces/srv/detail/skew__struct.h
[4.391s] -- Installing: /home/vini_dunker/COSMOS-AFS/cosmos_ws/install/cosmos_interfaces/include/cosmos_interfaces/cosmos_interfaces/srv/detail/aa_to_dcm__type_support.h
[4.391s] -- Installing: /home/vini_dunker/COSMOS-AFS/cosmos_ws/install/cosmos_interfaces/include/cosmos_interfaces/cosmos_interfaces/srv/detail/aa_to_dcm__functions.h
[4.391s] -- Installing: /home/vini_dunker/COSMOS-AFS/cosmos_ws/install/cosmos_interfaces/include/cosmos_interfaces/cosmos_interfaces/srv/detail/aa_to_dcm__struct.h
[4.391s] -- Installing: /home/vini_dunker/COSMOS-AFS/cosmos_ws/install/cosmos_interfaces/include/cosmos_interfaces/cosmos_interfaces/srv/detail/skew__type_support.h
[4.391s] -- Installing: /home/vini_dunker/COSMOS-AFS/cosmos_ws/install/cosmos_interfaces/include/cosmos_interfaces/cosmos_interfaces/srv/aa_to_dcm.h
[4.392s] -- Up-to-date: /home/vini_dunker/COSMOS-AFS/cosmos_ws/install/cosmos_interfaces/include/cosmos_interfaces/cosmos_interfaces/msg
[4.392s] -- Installing: /home/vini_dunker/COSMOS-AFS/cosmos_ws/install/cosmos_interfaces/include/cosmos_interfaces/cosmos_interfaces/msg/position.h
[4.392s] -- Installing: /home/vini_dunker/COSMOS-AFS/cosmos_ws/install/cosmos_interfaces/include/cosmos_interfaces/cosmos_interfaces/msg/reaction_wheels.h
[4.392s] -- Up-to-date: /home/vini_dunker/COSMOS-AFS/cosmos_ws/install/cosmos_interfaces/include/cosmos_interfaces/cosmos_interfaces/msg/detail
[4.393s] -- Installing: /home/vini_dunker/COSMOS-AFS/cosmos_ws/install/cosmos_interfaces/include/cosmos_interfaces/cosmos_interfaces/msg/detail/attitude__functions.h
[4.393s] -- Installing: /home/vini_dunker/COSMOS-AFS/cosmos_ws/install/cosmos_interfaces/include/cosmos_interfaces/cosmos_interfaces/msg/detail/position__struct.h
[4.393s] -- Installing: /home/vini_dunker/COSMOS-AFS/cosmos_ws/install/cosmos_interfaces/include/cosmos_interfaces/cosmos_interfaces/msg/detail/position__functions.c
[4.393s] -- Installing: /home/vini_dunker/COSMOS-AFS/cosmos_ws/install/cosmos_interfaces/include/cosmos_interfaces/cosmos_interfaces/msg/detail/reaction_wheels__functions.c
[4.393s] -- Installing: /home/vini_dunker/COSMOS-AFS/cosmos_ws/install/cosmos_interfaces/include/cosmos_interfaces/cosmos_interfaces/msg/detail/attitude__struct.h
[4.394s] -- Up-to-date: /home/vini_dunker/COSMOS-AFS/cosmos_ws/install/cosmos_interfaces/include/cosmos_interfaces/cosmos_interfaces/msg/detail/task__struct.h
[4.394s] -- Up-to-date: /home/vini_dunker/COSMOS-AFS/cosmos_ws/install/cosmos_interfaces/include/cosmos_interfaces/cosmos_interfaces/msg/detail/task__functions.h
[4.394s] -- Up-to-date: /home/vini_dunker/COSMOS-AFS/cosmos_ws/install/cosmos_interfaces/include/cosmos_interfaces/cosmos_interfaces/msg/detail/task__functions.c
[4.394s] -- Installing: /home/vini_dunker/COSMOS-AFS/cosmos_ws/install/cosmos_interfaces/include/cosmos_interfaces/cosmos_interfaces/msg/detail/position__functions.h
[4.394s] -- Installing: /home/vini_dunker/COSMOS-AFS/cosmos_ws/install/cosmos_interfaces/include/cosmos_interfaces/cosmos_interfaces/msg/detail/position__type_support.h
[4.394s] -- Installing: /home/vini_dunker/COSMOS-AFS/cosmos_ws/install/cosmos_interfaces/include/cosmos_interfaces/cosmos_interfaces/msg/detail/reaction_wheels__type_support.h
[4.395s] -- Up-to-date: /home/vini_dunker/COSMOS-AFS/cosmos_ws/install/cosmos_interfaces/include/cosmos_interfaces/cosmos_interfaces/msg/detail/task__type_support.h
[4.395s] -- Installing: /home/vini_dunker/COSMOS-AFS/cosmos_ws/install/cosmos_interfaces/include/cosmos_interfaces/cosmos_interfaces/msg/detail/attitude__functions.c
[4.395s] -- Installing: /home/vini_dunker/COSMOS-AFS/cosmos_ws/install/cosmos_interfaces/include/cosmos_interfaces/cosmos_interfaces/msg/detail/reaction_wheels__struct.h
[4.395s] -- Installing: /home/vini_dunker/COSMOS-AFS/cosmos_ws/install/cosmos_interfaces/include/cosmos_interfaces/cosmos_interfaces/msg/detail/attitude__type_support.h
[4.395s] -- Installing: /home/vini_dunker/COSMOS-AFS/cosmos_ws/install/cosmos_interfaces/include/cosmos_interfaces/cosmos_interfaces/msg/detail/reaction_wheels__functions.h
[4.395s] -- Up-to-date: /home/vini_dunker/COSMOS-AFS/cosmos_ws/install/cosmos_interfaces/include/cosmos_interfaces/cosmos_interfaces/msg/rosidl_generator_c__visibility_control.h
[4.396s] -- Installing: /home/vini_dunker/COSMOS-AFS/cosmos_ws/install/cosmos_interfaces/include/cosmos_interfaces/cosmos_interfaces/msg/attitude.h
[4.396s] -- Up-to-date: /home/vini_dunker/COSMOS-AFS/cosmos_ws/install/cosmos_interfaces/include/cosmos_interfaces/cosmos_interfaces/msg/task.h
[4.396s] -- Up-to-date: /home/vini_dunker/COSMOS-AFS/cosmos_ws/install/cosmos_interfaces/share/cosmos_interfaces/environment/library_path.sh
[4.396s] -- Installing: /home/vini_dunker/COSMOS-AFS/cosmos_ws/install/cosmos_interfaces/share/cosmos_interfaces/environment/library_path.dsv
[4.397s] -- Installing: /home/vini_dunker/COSMOS-AFS/cosmos_ws/install/cosmos_interfaces/lib/libcosmos_interfaces__rosidl_generator_c.so
[4.397s] -- Set runtime path of "/home/vini_dunker/COSMOS-AFS/cosmos_ws/install/cosmos_interfaces/lib/libcosmos_interfaces__rosidl_generator_c.so" to ""
[4.397s] -- Up-to-date: /home/vini_dunker/COSMOS-AFS/cosmos_ws/install/cosmos_interfaces/include/cosmos_interfaces/cosmos_interfaces
[4.397s] -- Up-to-date: /home/vini_dunker/COSMOS-AFS/cosmos_ws/install/cosmos_interfaces/include/cosmos_interfaces/cosmos_interfaces/srv
[4.398s] -- Up-to-date: /home/vini_dunker/COSMOS-AFS/cosmos_ws/install/cosmos_interfaces/include/cosmos_interfaces/cosmos_interfaces/srv/detail
[4.398s] -- Installing: /home/vini_dunker/COSMOS-AFS/cosmos_ws/install/cosmos_interfaces/include/cosmos_interfaces/cosmos_interfaces/srv/detail/aa_to_dcm__rosidl_typesupport_fastrtps_c.h
[4.398s] -- Installing: /home/vini_dunker/COSMOS-AFS/cosmos_ws/install/cosmos_interfaces/include/cosmos_interfaces/cosmos_interfaces/srv/detail/skew__rosidl_typesupport_fastrtps_c.h
[4.398s] -- Up-to-date: /home/vini_dunker/COSMOS-AFS/cosmos_ws/install/cosmos_interfaces/include/cosmos_interfaces/cosmos_interfaces/msg
[4.399s] -- Up-to-date: /home/vini_dunker/COSMOS-AFS/cosmos_ws/install/cosmos_interfaces/include/cosmos_interfaces/cosmos_interfaces/msg/rosidl_typesupport_fastrtps_c__visibility_control.h
[4.399s] -- Up-to-date: /home/vini_dunker/COSMOS-AFS/cosmos_ws/install/cosmos_interfaces/include/cosmos_interfaces/cosmos_interfaces/msg/detail
[4.399s] -- Installing: /home/vini_dunker/COSMOS-AFS/cosmos_ws/install/cosmos_interfaces/include/cosmos_interfaces/cosmos_interfaces/msg/detail/position__rosidl_typesupport_fastrtps_c.h
[4.399s] -- Up-to-date: /home/vini_dunker/COSMOS-AFS/cosmos_ws/install/cosmos_interfaces/include/cosmos_interfaces/cosmos_interfaces/msg/detail/task__rosidl_typesupport_fastrtps_c.h
[4.400s] -- Installing: /home/vini_dunker/COSMOS-AFS/cosmos_ws/install/cosmos_interfaces/include/cosmos_interfaces/cosmos_interfaces/msg/detail/attitude__rosidl_typesupport_fastrtps_c.h
[4.400s] -- Installing: /home/vini_dunker/COSMOS-AFS/cosmos_ws/install/cosmos_interfaces/include/cosmos_interfaces/cosmos_interfaces/msg/detail/reaction_wheels__rosidl_typesupport_fastrtps_c.h
[4.400s] -- Installing: /home/vini_dunker/COSMOS-AFS/cosmos_ws/install/cosmos_interfaces/lib/libcosmos_interfaces__rosidl_typesupport_fastrtps_c.so
[4.400s] -- Set runtime path of "/home/vini_dunker/COSMOS-AFS/cosmos_ws/install/cosmos_interfaces/lib/libcosmos_interfaces__rosidl_typesupport_fastrtps_c.so" to ""
[4.400s] -- Up-to-date: /home/vini_dunker/COSMOS-AFS/cosmos_ws/install/cosmos_interfaces/include/cosmos_interfaces/cosmos_interfaces
[4.401s] -- Up-to-date: /home/vini_dunker/COSMOS-AFS/cosmos_ws/install/cosmos_interfaces/include/cosmos_interfaces/cosmos_interfaces/srv
[4.401s] -- Up-to-date: /home/vini_dunker/COSMOS-AFS/cosmos_ws/install/cosmos_interfaces/include/cosmos_interfaces/cosmos_interfaces/srv/detail
[4.402s] -- Installing: /home/vini_dunker/COSMOS-AFS/cosmos_ws/install/cosmos_interfaces/include/cosmos_interfaces/cosmos_interfaces/srv/detail/skew__rosidl_typesupport_introspection_c.h
[4.402s] -- Installing: /home/vini_dunker/COSMOS-AFS/cosmos_ws/install/cosmos_interfaces/include/cosmos_interfaces/cosmos_interfaces/srv/detail/aa_to_dcm__rosidl_typesupport_introspection_c.h
[4.402s] -- Installing: /home/vini_dunker/COSMOS-AFS/cosmos_ws/install/cosmos_interfaces/include/cosmos_interfaces/cosmos_interfaces/srv/detail/aa_to_dcm__type_support.c
[4.402s] -- Installing: /home/vini_dunker/COSMOS-AFS/cosmos_ws/install/cosmos_interfaces/include/cosmos_interfaces/cosmos_interfaces/srv/detail/skew__type_support.c
[4.402s] -- Up-to-date: /home/vini_dunker/COSMOS-AFS/cosmos_ws/install/cosmos_interfaces/include/cosmos_interfaces/cosmos_interfaces/msg
[4.403s] -- Up-to-date: /home/vini_dunker/COSMOS-AFS/cosmos_ws/install/cosmos_interfaces/include/cosmos_interfaces/cosmos_interfaces/msg/rosidl_typesupport_introspection_c__visibility_control.h
[4.403s] -- Up-to-date: /home/vini_dunker/COSMOS-AFS/cosmos_ws/install/cosmos_interfaces/include/cosmos_interfaces/cosmos_interfaces/msg/detail
[4.403s] -- Up-to-date: /home/vini_dunker/COSMOS-AFS/cosmos_ws/install/cosmos_interfaces/include/cosmos_interfaces/cosmos_interfaces/msg/detail/task__type_support.c
[4.403s] -- Installing: /home/vini_dunker/COSMOS-AFS/cosmos_ws/install/cosmos_interfaces/include/cosmos_interfaces/cosmos_interfaces/msg/detail/position__rosidl_typesupport_introspection_c.h
[4.403s] -- Installing: /home/vini_dunker/COSMOS-AFS/cosmos_ws/install/cosmos_interfaces/include/cosmos_interfaces/cosmos_interfaces/msg/detail/attitude__rosidl_typesupport_introspection_c.h
[4.404s] -- Installing: /home/vini_dunker/COSMOS-AFS/cosmos_ws/install/cosmos_interfaces/include/cosmos_interfaces/cosmos_interfaces/msg/detail/position__type_support.c
[4.404s] -- Up-to-date: /home/vini_dunker/COSMOS-AFS/cosmos_ws/install/cosmos_interfaces/include/cosmos_interfaces/cosmos_interfaces/msg/detail/task__rosidl_typesupport_introspection_c.h
[4.404s] -- Installing: /home/vini_dunker/COSMOS-AFS/cosmos_ws/install/cosmos_interfaces/include/cosmos_interfaces/cosmos_interfaces/msg/detail/attitude__type_support.c
[4.404s] -- Installing: /home/vini_dunker/COSMOS-AFS/cosmos_ws/install/cosmos_interfaces/include/cosmos_interfaces/cosmos_interfaces/msg/detail/reaction_wheels__type_support.c
[4.404s] -- Installing: /home/vini_dunker/COSMOS-AFS/cosmos_ws/install/cosmos_interfaces/include/cosmos_interfaces/cosmos_interfaces/msg/detail/reaction_wheels__rosidl_typesupport_introspection_c.h
[4.405s] -- Installing: /home/vini_dunker/COSMOS-AFS/cosmos_ws/install/cosmos_interfaces/lib/libcosmos_interfaces__rosidl_typesupport_introspection_c.so
[4.405s] -- Set runtime path of "/home/vini_dunker/COSMOS-AFS/cosmos_ws/install/cosmos_interfaces/lib/libcosmos_interfaces__rosidl_typesupport_introspection_c.so" to ""
[4.405s] -- Installing: /home/vini_dunker/COSMOS-AFS/cosmos_ws/install/cosmos_interfaces/lib/libcosmos_interfaces__rosidl_typesupport_c.so
[4.405s] -- Set runtime path of "/home/vini_dunker/COSMOS-AFS/cosmos_ws/install/cosmos_interfaces/lib/libcosmos_interfaces__rosidl_typesupport_c.so" to ""
[4.406s] -- Up-to-date: /home/vini_dunker/COSMOS-AFS/cosmos_ws/install/cosmos_interfaces/include/cosmos_interfaces/cosmos_interfaces
[4.406s] -- Up-to-date: /home/vini_dunker/COSMOS-AFS/cosmos_ws/install/cosmos_interfaces/include/cosmos_interfaces/cosmos_interfaces/srv
[4.406s] -- Installing: /home/vini_dunker/COSMOS-AFS/cosmos_ws/install/cosmos_interfaces/include/cosmos_interfaces/cosmos_interfaces/srv/aa_to_dcm.hpp
[4.406s] -- Installing: /home/vini_dunker/COSMOS-AFS/cosmos_ws/install/cosmos_interfaces/include/cosmos_interfaces/cosmos_interfaces/srv/skew.hpp
[4.406s] -- Up-to-date: /home/vini_dunker/COSMOS-AFS/cosmos_ws/install/cosmos_interfaces/include/cosmos_interfaces/cosmos_interfaces/srv/detail
[4.407s] -- Installing: /home/vini_dunker/COSMOS-AFS/cosmos_ws/install/cosmos_interfaces/include/cosmos_interfaces/cosmos_interfaces/srv/detail/skew__builder.hpp
[4.407s] -- Installing: /home/vini_dunker/COSMOS-AFS/cosmos_ws/install/cosmos_interfaces/include/cosmos_interfaces/cosmos_interfaces/srv/detail/skew__traits.hpp
[4.407s] -- Installing: /home/vini_dunker/COSMOS-AFS/cosmos_ws/install/cosmos_interfaces/include/cosmos_interfaces/cosmos_interfaces/srv/detail/aa_to_dcm__traits.hpp
[4.407s] -- Installing: /home/vini_dunker/COSMOS-AFS/cosmos_ws/install/cosmos_interfaces/include/cosmos_interfaces/cosmos_interfaces/srv/detail/aa_to_dcm__builder.hpp
[4.408s] -- Installing: /home/vini_dunker/COSMOS-AFS/cosmos_ws/install/cosmos_interfaces/include/cosmos_interfaces/cosmos_interfaces/srv/detail/aa_to_dcm__struct.hpp
[4.408s] -- Installing: /home/vini_dunker/COSMOS-AFS/cosmos_ws/install/cosmos_interfaces/include/cosmos_interfaces/cosmos_interfaces/srv/detail/skew__struct.hpp
[4.408s] -- Up-to-date: /home/vini_dunker/COSMOS-AFS/cosmos_ws/install/cosmos_interfaces/include/cosmos_interfaces/cosmos_interfaces/msg
[4.408s] -- Installing: /home/vini_dunker/COSMOS-AFS/cosmos_ws/install/cosmos_interfaces/include/cosmos_interfaces/cosmos_interfaces/msg/reaction_wheels.hpp
[4.409s] -- Installing: /home/vini_dunker/COSMOS-AFS/cosmos_ws/install/cosmos_interfaces/include/cosmos_interfaces/cosmos_interfaces/msg/attitude.hpp
[4.409s] -- Installing: /home/vini_dunker/COSMOS-AFS/cosmos_ws/install/cosmos_interfaces/include/cosmos_interfaces/cosmos_interfaces/msg/position.hpp
[4.409s] -- Up-to-date: /home/vini_dunker/COSMOS-AFS/cosmos_ws/install/cosmos_interfaces/include/cosmos_interfaces/cosmos_interfaces/msg/detail
[4.409s] -- Installing: /home/vini_dunker/COSMOS-AFS/cosmos_ws/install/cosmos_interfaces/include/cosmos_interfaces/cosmos_interfaces/msg/detail/reaction_wheels__traits.hpp
[4.409s] -- Installing: /home/vini_dunker/COSMOS-AFS/cosmos_ws/install/cosmos_interfaces/include/cosmos_interfaces/cosmos_interfaces/msg/detail/reaction_wheels__builder.hpp
[4.410s] -- Installing: /home/vini_dunker/COSMOS-AFS/cosmos_ws/install/cosmos_interfaces/include/cosmos_interfaces/cosmos_interfaces/msg/detail/attitude__builder.hpp
[4.410s] -- Installing: /home/vini_dunker/COSMOS-AFS/cosmos_ws/install/cosmos_interfaces/include/cosmos_interfaces/cosmos_interfaces/msg/detail/position__traits.hpp
[4.410s] -- Installing: /home/vini_dunker/COSMOS-AFS/cosmos_ws/install/cosmos_interfaces/include/cosmos_interfaces/cosmos_interfaces/msg/detail/position__struct.hpp
[4.410s] -- Installing: /home/vini_dunker/COSMOS-AFS/cosmos_ws/install/cosmos_interfaces/include/cosmos_interfaces/cosmos_interfaces/msg/detail/reaction_wheels__struct.hpp
[4.410s] -- Up-to-date: /home/vini_dunker/COSMOS-AFS/cosmos_ws/install/cosmos_interfaces/include/cosmos_interfaces/cosmos_interfaces/msg/detail/task__builder.hpp
[4.411s] -- Installing: /home/vini_dunker/COSMOS-AFS/cosmos_ws/install/cosmos_interfaces/include/cosmos_interfaces/cosmos_interfaces/msg/detail/attitude__traits.hpp
[4.411s] -- Up-to-date: /home/vini_dunker/COSMOS-AFS/cosmos_ws/install/cosmos_interfaces/include/cosmos_interfaces/cosmos_interfaces/msg/detail/task__traits.hpp
[4.411s] -- Installing: /home/vini_dunker/COSMOS-AFS/cosmos_ws/install/cosmos_interfaces/include/cosmos_interfaces/cosmos_interfaces/msg/detail/attitude__struct.hpp
[4.411s] -- Up-to-date: /home/vini_dunker/COSMOS-AFS/cosmos_ws/install/cosmos_interfaces/include/cosmos_interfaces/cosmos_interfaces/msg/detail/task__struct.hpp
[4.411s] -- Installing: /home/vini_dunker/COSMOS-AFS/cosmos_ws/install/cosmos_interfaces/include/cosmos_interfaces/cosmos_interfaces/msg/detail/position__builder.hpp
[4.411s] -- Up-to-date: /home/vini_dunker/COSMOS-AFS/cosmos_ws/install/cosmos_interfaces/include/cosmos_interfaces/cosmos_interfaces/msg/task.hpp
[4.411s] -- Up-to-date: /home/vini_dunker/COSMOS-AFS/cosmos_ws/install/cosmos_interfaces/include/cosmos_interfaces/cosmos_interfaces
[4.411s] -- Up-to-date: /home/vini_dunker/COSMOS-AFS/cosmos_ws/install/cosmos_interfaces/include/cosmos_interfaces/cosmos_interfaces/srv
[4.411s] -- Up-to-date: /home/vini_dunker/COSMOS-AFS/cosmos_ws/install/cosmos_interfaces/include/cosmos_interfaces/cosmos_interfaces/srv/detail
[4.412s] -- Installing: /home/vini_dunker/COSMOS-AFS/cosmos_ws/install/cosmos_interfaces/include/cosmos_interfaces/cosmos_interfaces/srv/detail/aa_to_dcm__rosidl_typesupport_fastrtps_cpp.hpp
[4.412s] -- Up-to-date: /home/vini_dunker/COSMOS-AFS/cosmos_ws/install/cosmos_interfaces/include/cosmos_interfaces/cosmos_interfaces/srv/detail/dds_fastrtps
[4.412s] -- Installing: /home/vini_dunker/COSMOS-AFS/cosmos_ws/install/cosmos_interfaces/include/cosmos_interfaces/cosmos_interfaces/srv/detail/skew__rosidl_typesupport_fastrtps_cpp.hpp
[4.412s] -- Up-to-date: /home/vini_dunker/COSMOS-AFS/cosmos_ws/install/cosmos_interfaces/include/cosmos_interfaces/cosmos_interfaces/msg
[4.412s] -- Up-to-date: /home/vini_dunker/COSMOS-AFS/cosmos_ws/install/cosmos_interfaces/include/cosmos_interfaces/cosmos_interfaces/msg/rosidl_typesupport_fastrtps_cpp__visibility_control.h
[4.412s] -- Up-to-date: /home/vini_dunker/COSMOS-AFS/cosmos_ws/install/cosmos_interfaces/include/cosmos_interfaces/cosmos_interfaces/msg/detail
[4.412s] -- Installing: /home/vini_dunker/COSMOS-AFS/cosmos_ws/install/cosmos_interfaces/include/cosmos_interfaces/cosmos_interfaces/msg/detail/attitude__rosidl_typesupport_fastrtps_cpp.hpp
[4.412s] -- Installing: /home/vini_dunker/COSMOS-AFS/cosmos_ws/install/cosmos_interfaces/include/cosmos_interfaces/cosmos_interfaces/msg/detail/reaction_wheels__rosidl_typesupport_fastrtps_cpp.hpp
[4.412s] -- Installing: /home/vini_dunker/COSMOS-AFS/cosmos_ws/install/cosmos_interfaces/include/cosmos_interfaces/cosmos_interfaces/msg/detail/position__rosidl_typesupport_fastrtps_cpp.hpp
[4.412s] -- Up-to-date: /home/vini_dunker/COSMOS-AFS/cosmos_ws/install/cosmos_interfaces/include/cosmos_interfaces/cosmos_interfaces/msg/detail/dds_fastrtps
[4.412s] -- Up-to-date: /home/vini_dunker/COSMOS-AFS/cosmos_ws/install/cosmos_interfaces/include/cosmos_interfaces/cosmos_interfaces/msg/detail/task__rosidl_typesupport_fastrtps_cpp.hpp
[4.412s] -- Installing: /home/vini_dunker/COSMOS-AFS/cosmos_ws/install/cosmos_interfaces/lib/libcosmos_interfaces__rosidl_typesupport_fastrtps_cpp.so
[4.412s] -- Set runtime path of "/home/vini_dunker/COSMOS-AFS/cosmos_ws/install/cosmos_interfaces/lib/libcosmos_interfaces__rosidl_typesupport_fastrtps_cpp.so" to ""
[4.412s] -- Up-to-date: /home/vini_dunker/COSMOS-AFS/cosmos_ws/install/cosmos_interfaces/include/cosmos_interfaces/cosmos_interfaces
[4.412s] -- Up-to-date: /home/vini_dunker/COSMOS-AFS/cosmos_ws/install/cosmos_interfaces/include/cosmos_interfaces/cosmos_interfaces/srv
[4.412s] -- Up-to-date: /home/vini_dunker/COSMOS-AFS/cosmos_ws/install/cosmos_interfaces/include/cosmos_interfaces/cosmos_interfaces/srv/detail
[4.412s] -- Installing: /home/vini_dunker/COSMOS-AFS/cosmos_ws/install/cosmos_interfaces/include/cosmos_interfaces/cosmos_interfaces/srv/detail/skew__rosidl_typesupport_introspection_cpp.hpp
[4.412s] -- Installing: /home/vini_dunker/COSMOS-AFS/cosmos_ws/install/cosmos_interfaces/include/cosmos_interfaces/cosmos_interfaces/srv/detail/aa_to_dcm__rosidl_typesupport_introspection_cpp.hpp
[4.412s] -- Installing: /home/vini_dunker/COSMOS-AFS/cosmos_ws/install/cosmos_interfaces/include/cosmos_interfaces/cosmos_interfaces/srv/detail/aa_to_dcm__type_support.cpp
[4.413s] -- Installing: /home/vini_dunker/COSMOS-AFS/cosmos_ws/install/cosmos_interfaces/include/cosmos_interfaces/cosmos_interfaces/srv/detail/skew__type_support.cpp
[4.413s] -- Up-to-date: /home/vini_dunker/COSMOS-AFS/cosmos_ws/install/cosmos_interfaces/include/cosmos_interfaces/cosmos_interfaces/msg
[4.413s] -- Up-to-date: /home/vini_dunker/COSMOS-AFS/cosmos_ws/install/cosmos_interfaces/include/cosmos_interfaces/cosmos_interfaces/msg/detail
[4.413s] -- Up-to-date: /home/vini_dunker/COSMOS-AFS/cosmos_ws/install/cosmos_interfaces/include/cosmos_interfaces/cosmos_interfaces/msg/detail/task__rosidl_typesupport_introspection_cpp.hpp
[4.413s] -- Installing: /home/vini_dunker/COSMOS-AFS/cosmos_ws/install/cosmos_interfaces/include/cosmos_interfaces/cosmos_interfaces/msg/detail/attitude__rosidl_typesupport_introspection_cpp.hpp
[4.413s] -- Installing: /home/vini_dunker/COSMOS-AFS/cosmos_ws/install/cosmos_interfaces/include/cosmos_interfaces/cosmos_interfaces/msg/detail/reaction_wheels__rosidl_typesupport_introspection_cpp.hpp
[4.413s] -- Installing: /home/vini_dunker/COSMOS-AFS/cosmos_ws/install/cosmos_interfaces/include/cosmos_interfaces/cosmos_interfaces/msg/detail/reaction_wheels__type_support.cpp
[4.413s] -- Installing: /home/vini_dunker/COSMOS-AFS/cosmos_ws/install/cosmos_interfaces/include/cosmos_interfaces/cosmos_interfaces/msg/detail/attitude__type_support.cpp
[4.413s] -- Up-to-date: /home/vini_dunker/COSMOS-AFS/cosmos_ws/install/cosmos_interfaces/include/cosmos_interfaces/cosmos_interfaces/msg/detail/task__type_support.cpp
[4.413s] -- Installing: /home/vini_dunker/COSMOS-AFS/cosmos_ws/install/cosmos_interfaces/include/cosmos_interfaces/cosmos_interfaces/msg/detail/position__type_support.cpp
[4.413s] -- Installing: /home/vini_dunker/COSMOS-AFS/cosmos_ws/install/cosmos_interfaces/include/cosmos_interfaces/cosmos_interfaces/msg/detail/position__rosidl_typesupport_introspection_cpp.hpp
[4.413s] -- Installing: /home/vini_dunker/COSMOS-AFS/cosmos_ws/install/cosmos_interfaces/lib/libcosmos_interfaces__rosidl_typesupport_introspection_cpp.so
[4.413s] -- Set runtime path of "/home/vini_dunker/COSMOS-AFS/cosmos_ws/install/cosmos_interfaces/lib/libcosmos_interfaces__rosidl_typesupport_introspection_cpp.so" to ""
[4.413s] -- Installing: /home/vini_dunker/COSMOS-AFS/cosmos_ws/install/cosmos_interfaces/lib/libcosmos_interfaces__rosidl_typesupport_cpp.so
[4.413s] -- Set runtime path of "/home/vini_dunker/COSMOS-AFS/cosmos_ws/install/cosmos_interfaces/lib/libcosmos_interfaces__rosidl_typesupport_cpp.so" to ""
[4.413s] -- Up-to-date: /home/vini_dunker/COSMOS-AFS/cosmos_ws/install/cosmos_interfaces/share/cosmos_interfaces/environment/pythonpath.sh
[4.413s] -- Installing: /home/vini_dunker/COSMOS-AFS/cosmos_ws/install/cosmos_interfaces/share/cosmos_interfaces/environment/pythonpath.dsv
[4.413s] -- Up-to-date: /home/vini_dunker/COSMOS-AFS/cosmos_ws/install/cosmos_interfaces/local/lib/python3.10/dist-packages/cosmos_interfaces-0.0.0-py3.10.egg-info
[4.413s] -- Installing: /home/vini_dunker/COSMOS-AFS/cosmos_ws/install/cosmos_interfaces/local/lib/python3.10/dist-packages/cosmos_interfaces-0.0.0-py3.10.egg-info/dependency_links.txt
[4.413s] -- Installing: /home/vini_dunker/COSMOS-AFS/cosmos_ws/install/cosmos_interfaces/local/lib/python3.10/dist-packages/cosmos_interfaces-0.0.0-py3.10.egg-info/SOURCES.txt
[4.414s] -- Installing: /home/vini_dunker/COSMOS-AFS/cosmos_ws/install/cosmos_interfaces/local/lib/python3.10/dist-packages/cosmos_interfaces-0.0.0-py3.10.egg-info/top_level.txt
[4.414s] -- Installing: /home/vini_dunker/COSMOS-AFS/cosmos_ws/install/cosmos_interfaces/local/lib/python3.10/dist-packages/cosmos_interfaces-0.0.0-py3.10.egg-info/PKG-INFO
[4.414s] -- Up-to-date: /home/vini_dunker/COSMOS-AFS/cosmos_ws/install/cosmos_interfaces/local/lib/python3.10/dist-packages/cosmos_interfaces
[4.414s] -- Installing: /home/vini_dunker/COSMOS-AFS/cosmos_ws/install/cosmos_interfaces/local/lib/python3.10/dist-packages/cosmos_interfaces/__init__.py
[4.414s] -- Up-to-date: /home/vini_dunker/COSMOS-AFS/cosmos_ws/install/cosmos_interfaces/local/lib/python3.10/dist-packages/cosmos_interfaces/_cosmos_interfaces_s.ep.rosidl_typesupport_fastrtps_c.c
[4.414s] -- Up-to-date: /home/vini_dunker/COSMOS-AFS/cosmos_ws/install/cosmos_interfaces/local/lib/python3.10/dist-packages/cosmos_interfaces/srv
[4.414s] -- Up-to-date: /home/vini_dunker/COSMOS-AFS/cosmos_ws/install/cosmos_interfaces/local/lib/python3.10/dist-packages/cosmos_interfaces/srv/__init__.py
[4.414s] -- Up-to-date: /home/vini_dunker/COSMOS-AFS/cosmos_ws/install/cosmos_interfaces/local/lib/python3.10/dist-packages/cosmos_interfaces/srv/_aa_to_dcm_s.c
[4.414s] -- Up-to-date: /home/vini_dunker/COSMOS-AFS/cosmos_ws/install/cosmos_interfaces/local/lib/python3.10/dist-packages/cosmos_interfaces/srv/_skew_s.c
[4.414s] -- Up-to-date: /home/vini_dunker/COSMOS-AFS/cosmos_ws/install/cosmos_interfaces/local/lib/python3.10/dist-packages/cosmos_interfaces/srv/_skew.py
[4.414s] -- Up-to-date: /home/vini_dunker/COSMOS-AFS/cosmos_ws/install/cosmos_interfaces/local/lib/python3.10/dist-packages/cosmos_interfaces/srv/_aa_to_dcm.py
[4.414s] -- Installing: /home/vini_dunker/COSMOS-AFS/cosmos_ws/install/cosmos_interfaces/local/lib/python3.10/dist-packages/cosmos_interfaces/cosmos_interfaces_s__rosidl_typesupport_fastrtps_c.cpython-310-x86_64-linux-gnu.so
[4.414s] -- Installing: /home/vini_dunker/COSMOS-AFS/cosmos_ws/install/cosmos_interfaces/local/lib/python3.10/dist-packages/cosmos_interfaces/cosmos_interfaces_s__rosidl_typesupport_introspection_c.cpython-310-x86_64-linux-gnu.so
[4.414s] -- Up-to-date: /home/vini_dunker/COSMOS-AFS/cosmos_ws/install/cosmos_interfaces/local/lib/python3.10/dist-packages/cosmos_interfaces/_cosmos_interfaces_s.ep.rosidl_typesupport_c.c
[4.414s] -- Up-to-date: /home/vini_dunker/COSMOS-AFS/cosmos_ws/install/cosmos_interfaces/local/lib/python3.10/dist-packages/cosmos_interfaces/_cosmos_interfaces_s.ep.rosidl_typesupport_introspection_c.c
[4.414s] -- Installing: /home/vini_dunker/COSMOS-AFS/cosmos_ws/install/cosmos_interfaces/local/lib/python3.10/dist-packages/cosmos_interfaces/cosmos_interfaces_s__rosidl_typesupport_c.cpython-310-x86_64-linux-gnu.so
[4.414s] -- Installing: /home/vini_dunker/COSMOS-AFS/cosmos_ws/install/cosmos_interfaces/local/lib/python3.10/dist-packages/cosmos_interfaces/libcosmos_interfaces__rosidl_generator_py.so
[4.414s] -- Up-to-date: /home/vini_dunker/COSMOS-AFS/cosmos_ws/install/cosmos_interfaces/local/lib/python3.10/dist-packages/cosmos_interfaces/msg
[4.415s] -- Installing: /home/vini_dunker/COSMOS-AFS/cosmos_ws/install/cosmos_interfaces/local/lib/python3.10/dist-packages/cosmos_interfaces/msg/__init__.py
[4.415s] -- Installing: /home/vini_dunker/COSMOS-AFS/cosmos_ws/install/cosmos_interfaces/local/lib/python3.10/dist-packages/cosmos_interfaces/msg/_position.py
[4.415s] -- Up-to-date: /home/vini_dunker/COSMOS-AFS/cosmos_ws/install/cosmos_interfaces/local/lib/python3.10/dist-packages/cosmos_interfaces/msg/_task_s.c
[4.415s] -- Installing: /home/vini_dunker/COSMOS-AFS/cosmos_ws/install/cosmos_interfaces/local/lib/python3.10/dist-packages/cosmos_interfaces/msg/_reaction_wheels.py
[4.415s] -- Installing: /home/vini_dunker/COSMOS-AFS/cosmos_ws/install/cosmos_interfaces/local/lib/python3.10/dist-packages/cosmos_interfaces/msg/_attitude.py
[4.415s] -- Up-to-date: /home/vini_dunker/COSMOS-AFS/cosmos_ws/install/cosmos_interfaces/local/lib/python3.10/dist-packages/cosmos_interfaces/msg/_task.py
[4.415s] -- Installing: /home/vini_dunker/COSMOS-AFS/cosmos_ws/install/cosmos_interfaces/local/lib/python3.10/dist-packages/cosmos_interfaces/msg/_reaction_wheels_s.c
[4.415s] -- Installing: /home/vini_dunker/COSMOS-AFS/cosmos_ws/install/cosmos_interfaces/local/lib/python3.10/dist-packages/cosmos_interfaces/msg/_position_s.c
[4.415s] -- Installing: /home/vini_dunker/COSMOS-AFS/cosmos_ws/install/cosmos_interfaces/local/lib/python3.10/dist-packages/cosmos_interfaces/msg/_attitude_s.c
[4.455s] Listing '/home/vini_dunker/COSMOS-AFS/cosmos_ws/install/cosmos_interfaces/local/lib/python3.10/dist-packages/cosmos_interfaces'...
[4.455s] Compiling '/home/vini_dunker/COSMOS-AFS/cosmos_ws/install/cosmos_interfaces/local/lib/python3.10/dist-packages/cosmos_interfaces/__init__.py'...
[4.455s] Listing '/home/vini_dunker/COSMOS-AFS/cosmos_ws/install/cosmos_interfaces/local/lib/python3.10/dist-packages/cosmos_interfaces/msg'...
[4.455s] Compiling '/home/vini_dunker/COSMOS-AFS/cosmos_ws/install/cosmos_interfaces/local/lib/python3.10/dist-packages/cosmos_interfaces/msg/__init__.py'...
[4.456s] Compiling '/home/vini_dunker/COSMOS-AFS/cosmos_ws/install/cosmos_interfaces/local/lib/python3.10/dist-packages/cosmos_interfaces/msg/_attitude.py'...
[4.456s] Compiling '/home/vini_dunker/COSMOS-AFS/cosmos_ws/install/cosmos_interfaces/local/lib/python3.10/dist-packages/cosmos_interfaces/msg/_position.py'...
[4.456s] Compiling '/home/vini_dunker/COSMOS-AFS/cosmos_ws/install/cosmos_interfaces/local/lib/python3.10/dist-packages/cosmos_interfaces/msg/_reaction_wheels.py'...
[4.456s] Compiling '/home/vini_dunker/COSMOS-AFS/cosmos_ws/install/cosmos_interfaces/local/lib/python3.10/dist-packages/cosmos_interfaces/msg/_task.py'...
[4.456s] Listing '/home/vini_dunker/COSMOS-AFS/cosmos_ws/install/cosmos_interfaces/local/lib/python3.10/dist-packages/cosmos_interfaces/srv'...
[4.456s] Compiling '/home/vini_dunker/COSMOS-AFS/cosmos_ws/install/cosmos_interfaces/local/lib/python3.10/dist-packages/cosmos_interfaces/srv/__init__.py'...
[4.456s] Compiling '/home/vini_dunker/COSMOS-AFS/cosmos_ws/install/cosmos_interfaces/local/lib/python3.10/dist-packages/cosmos_interfaces/srv/_aa_to_dcm.py'...
[4.456s] Compiling '/home/vini_dunker/COSMOS-AFS/cosmos_ws/install/cosmos_interfaces/local/lib/python3.10/dist-packages/cosmos_interfaces/srv/_skew.py'...
[4.462s] -- Installing: /home/vini_dunker/COSMOS-AFS/cosmos_ws/install/cosmos_interfaces/local/lib/python3.10/dist-packages/cosmos_interfaces/cosmos_interfaces_s__rosidl_typesupport_fastrtps_c.cpython-310-x86_64-linux-gnu.so
[4.463s] -- Set runtime path of "/home/vini_dunker/COSMOS-AFS/cosmos_ws/install/cosmos_interfaces/local/lib/python3.10/dist-packages/cosmos_interfaces/cosmos_interfaces_s__rosidl_typesupport_fastrtps_c.cpython-310-x86_64-linux-gnu.so" to ""
[4.463s] -- Installing: /home/vini_dunker/COSMOS-AFS/cosmos_ws/install/cosmos_interfaces/local/lib/python3.10/dist-packages/cosmos_interfaces/cosmos_interfaces_s__rosidl_typesupport_introspection_c.cpython-310-x86_64-linux-gnu.so
[4.463s] -- Set runtime path of "/home/vini_dunker/COSMOS-AFS/cosmos_ws/install/cosmos_interfaces/local/lib/python3.10/dist-packages/cosmos_interfaces/cosmos_interfaces_s__rosidl_typesupport_introspection_c.cpython-310-x86_64-linux-gnu.so" to ""
[4.463s] -- Installing: /home/vini_dunker/COSMOS-AFS/cosmos_ws/install/cosmos_interfaces/local/lib/python3.10/dist-packages/cosmos_interfaces/cosmos_interfaces_s__rosidl_typesupport_c.cpython-310-x86_64-linux-gnu.so
[4.464s] -- Set runtime path of "/home/vini_dunker/COSMOS-AFS/cosmos_ws/install/cosmos_interfaces/local/lib/python3.10/dist-packages/cosmos_interfaces/cosmos_interfaces_s__rosidl_typesupport_c.cpython-310-x86_64-linux-gnu.so" to ""
[4.464s] -- Installing: /home/vini_dunker/COSMOS-AFS/cosmos_ws/install/cosmos_interfaces/lib/libcosmos_interfaces__rosidl_generator_py.so
[4.464s] -- Set runtime path of "/home/vini_dunker/COSMOS-AFS/cosmos_ws/install/cosmos_interfaces/lib/libcosmos_interfaces__rosidl_generator_py.so" to ""
[4.465s] -- Up-to-date: /home/vini_dunker/COSMOS-AFS/cosmos_ws/install/cosmos_interfaces/share/cosmos_interfaces/msg/ReactionWheels.idl
[4.465s] -- Up-to-date: /home/vini_dunker/COSMOS-AFS/cosmos_ws/install/cosmos_interfaces/share/cosmos_interfaces/msg/Position.idl
[4.465s] -- Up-to-date: /home/vini_dunker/COSMOS-AFS/cosmos_ws/install/cosmos_interfaces/share/cosmos_interfaces/msg/Attitude.idl
[4.465s] -- Up-to-date: /home/vini_dunker/COSMOS-AFS/cosmos_ws/install/cosmos_interfaces/share/cosmos_interfaces/srv/AAToDCM.idl
[4.466s] -- Up-to-date: /home/vini_dunker/COSMOS-AFS/cosmos_ws/install/cosmos_interfaces/share/cosmos_interfaces/srv/Skew.idl
[4.466s] -- Up-to-date: /home/vini_dunker/COSMOS-AFS/cosmos_ws/install/cosmos_interfaces/share/cosmos_interfaces/msg/ReactionWheels.msg
[4.466s] -- Installing: /home/vini_dunker/COSMOS-AFS/cosmos_ws/install/cosmos_interfaces/share/cosmos_interfaces/msg/Position.msg
[4.466s] -- Up-to-date: /home/vini_dunker/COSMOS-AFS/cosmos_ws/install/cosmos_interfaces/share/cosmos_interfaces/msg/Attitude.msg
[4.467s] -- Up-to-date: /home/vini_dunker/COSMOS-AFS/cosmos_ws/install/cosmos_interfaces/share/cosmos_interfaces/srv/AAToDCM.srv
[4.467s] -- Up-to-date: /home/vini_dunker/COSMOS-AFS/cosmos_ws/install/cosmos_interfaces/share/cosmos_interfaces/srv/AAToDCM_Request.msg
[4.467s] -- Up-to-date: /home/vini_dunker/COSMOS-AFS/cosmos_ws/install/cosmos_interfaces/share/cosmos_interfaces/srv/AAToDCM_Response.msg
[4.467s] -- Up-to-date: /home/vini_dunker/COSMOS-AFS/cosmos_ws/install/cosmos_interfaces/share/cosmos_interfaces/srv/Skew.srv
[4.467s] -- Up-to-date: /home/vini_dunker/COSMOS-AFS/cosmos_ws/install/cosmos_interfaces/share/cosmos_interfaces/srv/Skew_Request.msg
[4.467s] -- Up-to-date: /home/vini_dunker/COSMOS-AFS/cosmos_ws/install/cosmos_interfaces/share/cosmos_interfaces/srv/Skew_Response.msg
[4.467s] -- Up-to-date: /home/vini_dunker/COSMOS-AFS/cosmos_ws/install/cosmos_interfaces/share/ament_index/resource_index/package_run_dependencies/cosmos_interfaces
[4.467s] -- Installing: /home/vini_dunker/COSMOS-AFS/cosmos_ws/install/cosmos_interfaces/share/ament_index/resource_index/parent_prefix_path/cosmos_interfaces
[4.468s] -- Up-to-date: /home/vini_dunker/COSMOS-AFS/cosmos_ws/install/cosmos_interfaces/share/cosmos_interfaces/environment/ament_prefix_path.sh
[4.468s] -- Installing: /home/vini_dunker/COSMOS-AFS/cosmos_ws/install/cosmos_interfaces/share/cosmos_interfaces/environment/ament_prefix_path.dsv
[4.468s] -- Up-to-date: /home/vini_dunker/COSMOS-AFS/cosmos_ws/install/cosmos_interfaces/share/cosmos_interfaces/environment/path.sh
[4.468s] -- Installing: /home/vini_dunker/COSMOS-AFS/cosmos_ws/install/cosmos_interfaces/share/cosmos_interfaces/environment/path.dsv
[4.468s] -- Up-to-date: /home/vini_dunker/COSMOS-AFS/cosmos_ws/install/cosmos_interfaces/share/cosmos_interfaces/local_setup.bash
[4.469s] -- Up-to-date: /home/vini_dunker/COSMOS-AFS/cosmos_ws/install/cosmos_interfaces/share/cosmos_interfaces/local_setup.sh
[4.469s] -- Up-to-date: /home/vini_dunker/COSMOS-AFS/cosmos_ws/install/cosmos_interfaces/share/cosmos_interfaces/local_setup.zsh
[4.469s] -- Installing: /home/vini_dunker/COSMOS-AFS/cosmos_ws/install/cosmos_interfaces/share/cosmos_interfaces/local_setup.dsv
[4.469s] -- Installing: /home/vini_dunker/COSMOS-AFS/cosmos_ws/install/cosmos_interfaces/share/cosmos_interfaces/package.dsv
[4.469s] -- Up-to-date: /home/vini_dunker/COSMOS-AFS/cosmos_ws/install/cosmos_interfaces/share/ament_index/resource_index/packages/cosmos_interfaces
[4.470s] -- Up-to-date: /home/vini_dunker/COSMOS-AFS/cosmos_ws/install/cosmos_interfaces/share/cosmos_interfaces/cmake/export_cosmos_interfaces__rosidl_generator_cExport.cmake
[4.470s] -- Up-to-date: /home/vini_dunker/COSMOS-AFS/cosmos_ws/install/cosmos_interfaces/share/cosmos_interfaces/cmake/export_cosmos_interfaces__rosidl_generator_cExport-noconfig.cmake
[4.470s] -- Up-to-date: /home/vini_dunker/COSMOS-AFS/cosmos_ws/install/cosmos_interfaces/share/cosmos_interfaces/cmake/export_cosmos_interfaces__rosidl_typesupport_fastrtps_cExport.cmake
[4.471s] -- Up-to-date: /home/vini_dunker/COSMOS-AFS/cosmos_ws/install/cosmos_interfaces/share/cosmos_interfaces/cmake/export_cosmos_interfaces__rosidl_typesupport_fastrtps_cExport-noconfig.cmake
[4.471s] -- Up-to-date: /home/vini_dunker/COSMOS-AFS/cosmos_ws/install/cosmos_interfaces/share/cosmos_interfaces/cmake/cosmos_interfaces__rosidl_typesupport_introspection_cExport.cmake
[4.471s] -- Up-to-date: /home/vini_dunker/COSMOS-AFS/cosmos_ws/install/cosmos_interfaces/share/cosmos_interfaces/cmake/cosmos_interfaces__rosidl_typesupport_introspection_cExport-noconfig.cmake
[4.471s] -- Up-to-date: /home/vini_dunker/COSMOS-AFS/cosmos_ws/install/cosmos_interfaces/share/cosmos_interfaces/cmake/cosmos_interfaces__rosidl_typesupport_cExport.cmake
[4.471s] -- Up-to-date: /home/vini_dunker/COSMOS-AFS/cosmos_ws/install/cosmos_interfaces/share/cosmos_interfaces/cmake/cosmos_interfaces__rosidl_typesupport_cExport-noconfig.cmake
[4.471s] -- Up-to-date: /home/vini_dunker/COSMOS-AFS/cosmos_ws/install/cosmos_interfaces/share/cosmos_interfaces/cmake/export_cosmos_interfaces__rosidl_generator_cppExport.cmake
[4.472s] -- Up-to-date: /home/vini_dunker/COSMOS-AFS/cosmos_ws/install/cosmos_interfaces/share/cosmos_interfaces/cmake/export_cosmos_interfaces__rosidl_typesupport_fastrtps_cppExport.cmake
[4.472s] -- Up-to-date: /home/vini_dunker/COSMOS-AFS/cosmos_ws/install/cosmos_interfaces/share/cosmos_interfaces/cmake/export_cosmos_interfaces__rosidl_typesupport_fastrtps_cppExport-noconfig.cmake
[4.472s] -- Up-to-date: /home/vini_dunker/COSMOS-AFS/cosmos_ws/install/cosmos_interfaces/share/cosmos_interfaces/cmake/cosmos_interfaces__rosidl_typesupport_introspection_cppExport.cmake
[4.472s] -- Up-to-date: /home/vini_dunker/COSMOS-AFS/cosmos_ws/install/cosmos_interfaces/share/cosmos_interfaces/cmake/cosmos_interfaces__rosidl_typesupport_introspection_cppExport-noconfig.cmake
[4.472s] -- Up-to-date: /home/vini_dunker/COSMOS-AFS/cosmos_ws/install/cosmos_interfaces/share/cosmos_interfaces/cmake/cosmos_interfaces__rosidl_typesupport_cppExport.cmake
[4.473s] -- Up-to-date: /home/vini_dunker/COSMOS-AFS/cosmos_ws/install/cosmos_interfaces/share/cosmos_interfaces/cmake/cosmos_interfaces__rosidl_typesupport_cppExport-noconfig.cmake
[4.473s] -- Up-to-date: /home/vini_dunker/COSMOS-AFS/cosmos_ws/install/cosmos_interfaces/share/cosmos_interfaces/cmake/export_cosmos_interfaces__rosidl_generator_pyExport.cmake
[4.473s] -- Up-to-date: /home/vini_dunker/COSMOS-AFS/cosmos_ws/install/cosmos_interfaces/share/cosmos_interfaces/cmake/export_cosmos_interfaces__rosidl_generator_pyExport-noconfig.cmake
[4.473s] -- Up-to-date: /home/vini_dunker/COSMOS-AFS/cosmos_ws/install/cosmos_interfaces/share/cosmos_interfaces/cmake/rosidl_cmake-extras.cmake
[4.473s] -- Up-to-date: /home/vini_dunker/COSMOS-AFS/cosmos_ws/install/cosmos_interfaces/share/cosmos_interfaces/cmake/ament_cmake_export_include_directories-extras.cmake
[4.473s] -- Up-to-date: /home/vini_dunker/COSMOS-AFS/cosmos_ws/install/cosmos_interfaces/share/cosmos_interfaces/cmake/ament_cmake_export_libraries-extras.cmake
[4.473s] -- Up-to-date: /home/vini_dunker/COSMOS-AFS/cosmos_ws/install/cosmos_interfaces/share/cosmos_interfaces/cmake/ament_cmake_export_targets-extras.cmake
[4.473s] -- Up-to-date: /home/vini_dunker/COSMOS-AFS/cosmos_ws/install/cosmos_interfaces/share/cosmos_interfaces/cmake/rosidl_cmake_export_typesupport_targets-extras.cmake
[4.473s] -- Up-to-date: /home/vini_dunker/COSMOS-AFS/cosmos_ws/install/cosmos_interfaces/share/cosmos_interfaces/cmake/ament_cmake_export_dependencies-extras.cmake
[4.474s] -- Up-to-date: /home/vini_dunker/COSMOS-AFS/cosmos_ws/install/cosmos_interfaces/share/cosmos_interfaces/cmake/rosidl_cmake_export_typesupport_libraries-extras.cmake
[4.474s] -- Up-to-date: /home/vini_dunker/COSMOS-AFS/cosmos_ws/install/cosmos_interfaces/share/cosmos_interfaces/cmake/cosmos_interfacesConfig.cmake
[4.474s] -- Up-to-date: /home/vini_dunker/COSMOS-AFS/cosmos_ws/install/cosmos_interfaces/share/cosmos_interfaces/cmake/cosmos_interfacesConfig-version.cmake
[4.474s] -- Up-to-date: /home/vini_dunker/COSMOS-AFS/cosmos_ws/install/cosmos_interfaces/share/cosmos_interfaces/package.xml
[4.477s] Invoked command in '/home/vini_dunker/COSMOS-AFS/cosmos_ws/build/cosmos_interfaces' returned '0': CMAKE_PREFIX_PATH=${CMAKE_PREFIX_PATH}:/home/vini_dunker/MRT-19/ros_drone_ws/install/drone_control:/home/vini_dunker/udemy_ws/install/my_py_pkg:/home/vini_dunker/COSMOS-AFS/cosmos_ws/install/sensors_pkg:/home/vini_dunker/COSMOS-AFS/cosmos_ws/install/communication_pkg:/home/vini_dunker/COSMOS-AFS/cosmos_ws/install/camera_pkg:/home/vini_dunker/COSMOS-AFS/cosmos_ws/install/attitude_service_pkg:/home/vini_dunker/Automation/mrt19ROS_ws/install/traverse_state_pkg:/home/vini_dunker/Automation/mrt19ROS_ws/install/state_machine_pkg:/home/vini_dunker/Automation/mrt19ROS_ws/install/mrt19_pkg:/home/vini_dunker/Automation/mrt19ROS_ws/install/drum_pkg:/home/vini_dunker/Automation/mrt19ROS_ws/install/data_acquition_pkg:/home/vini_dunker/mrt_ws/install/traverse_stage:/home/vini_dunker/mrt_ws/install/state_machine:/home/vini_dunker/mrt_ws/install/data_acquisition:/opt/ros/humble /usr/bin/cmake --install /home/vini_dunker/COSMOS-AFS/cosmos_ws/build/cosmos_interfaces
