[1.322s] Invoking command in '/home/vini_dunker/COSMOS-AFS/cosmos_ws/src/sensors_pkg': PYTHONPATH=/home/vini_dunker/COSMOS-AFS/cosmos_ws/build/sensors_pkg/prefix_override:/home/vini_dunker/COSMOS-AFS/cosmos_ws/install/sensors_pkg/lib/python3.10/site-packages:${PYTHONPATH} /usr/bin/python3 setup.py egg_info --egg-base ../../build/sensors_pkg build --build-base /home/vini_dunker/COSMOS-AFS/cosmos_ws/build/sensors_pkg/build install --record /home/vini_dunker/COSMOS-AFS/cosmos_ws/build/sensors_pkg/install.log --single-version-externally-managed
[1.622s] running egg_info
[1.623s] writing ../../build/sensors_pkg/sensors_pkg.egg-info/PKG-INFO
[1.623s] writing dependency_links to ../../build/sensors_pkg/sensors_pkg.egg-info/dependency_links.txt
[1.623s] writing entry points to ../../build/sensors_pkg/sensors_pkg.egg-info/entry_points.txt
[1.624s] writing requirements to ../../build/sensors_pkg/sensors_pkg.egg-info/requires.txt
[1.624s] writing top-level names to ../../build/sensors_pkg/sensors_pkg.egg-info/top_level.txt
[1.625s] reading manifest file '../../build/sensors_pkg/sensors_pkg.egg-info/SOURCES.txt'
[1.627s] writing manifest file '../../build/sensors_pkg/sensors_pkg.egg-info/SOURCES.txt'
[1.627s] running build
[1.627s] running build_py
[1.628s] running install
[1.628s] running install_lib
[1.631s] running install_data
[1.631s] running install_egg_info
[1.632s] removing '/home/vini_dunker/COSMOS-AFS/cosmos_ws/install/sensors_pkg/lib/python3.10/site-packages/sensors_pkg-0.0.0-py3.10.egg-info' (and everything under it)
[1.633s] Copying ../../build/sensors_pkg/sensors_pkg.egg-info to /home/vini_dunker/COSMOS-AFS/cosmos_ws/install/sensors_pkg/lib/python3.10/site-packages/sensors_pkg-0.0.0-py3.10.egg-info
[1.634s] running install_scripts
[1.653s] Installing Data_Acquisition script to /home/vini_dunker/COSMOS-AFS/cosmos_ws/install/sensors_pkg/lib/sensors_pkg
[1.654s] writing list of installed files to '/home/vini_dunker/COSMOS-AFS/cosmos_ws/build/sensors_pkg/install.log'
[1.732s] Invoked command in '/home/vini_dunker/COSMOS-AFS/cosmos_ws/src/sensors_pkg' returned '0': PYTHONPATH=/home/vini_dunker/COSMOS-AFS/cosmos_ws/build/sensors_pkg/prefix_override:/home/vini_dunker/COSMOS-AFS/cosmos_ws/install/sensors_pkg/lib/python3.10/site-packages:${PYTHONPATH} /usr/bin/python3 setup.py egg_info --egg-base ../../build/sensors_pkg build --build-base /home/vini_dunker/COSMOS-AFS/cosmos_ws/build/sensors_pkg/build install --record /home/vini_dunker/COSMOS-AFS/cosmos_ws/build/sensors_pkg/install.log --single-version-externally-managed
