[1.260s] Invoking command in '/home/vini_dunker/COSMOS-AFS/cosmos_ws/src/communication_pkg': PYTHONPATH=/home/vini_dunker/COSMOS-AFS/cosmos_ws/build/communication_pkg/prefix_override:/home/vini_dunker/COSMOS-AFS/cosmos_ws/install/communication_pkg/lib/python3.10/site-packages:${PYTHONPATH} /usr/bin/python3 setup.py egg_info --egg-base ../../build/communication_pkg build --build-base /home/vini_dunker/COSMOS-AFS/cosmos_ws/build/communication_pkg/build install --record /home/vini_dunker/COSMOS-AFS/cosmos_ws/build/communication_pkg/install.log --single-version-externally-managed
[1.492s] running egg_info
[1.492s] creating ../../build/communication_pkg/communication_pkg.egg-info
[1.493s] writing ../../build/communication_pkg/communication_pkg.egg-info/PKG-INFO
[1.493s] writing dependency_links to ../../build/communication_pkg/communication_pkg.egg-info/dependency_links.txt
[1.493s] writing entry points to ../../build/communication_pkg/communication_pkg.egg-info/entry_points.txt
[1.493s] writing requirements to ../../build/communication_pkg/communication_pkg.egg-info/requires.txt
[1.494s] writing top-level names to ../../build/communication_pkg/communication_pkg.egg-info/top_level.txt
[1.494s] writing manifest file '../../build/communication_pkg/communication_pkg.egg-info/SOURCES.txt'
[1.495s] reading manifest file '../../build/communication_pkg/communication_pkg.egg-info/SOURCES.txt'
[1.496s] writing manifest file '../../build/communication_pkg/communication_pkg.egg-info/SOURCES.txt'
[1.496s] running build
[1.496s] running build_py
[1.497s] creating /home/vini_dunker/COSMOS-AFS/cosmos_ws/build/communication_pkg/build
[1.497s] creating /home/vini_dunker/COSMOS-AFS/cosmos_ws/build/communication_pkg/build/lib
[1.498s] creating /home/vini_dunker/COSMOS-AFS/cosmos_ws/build/communication_pkg/build/lib/communication_pkg
[1.498s] copying communication_pkg/__init__.py -> /home/vini_dunker/COSMOS-AFS/cosmos_ws/build/communication_pkg/build/lib/communication_pkg
[1.499s] copying communication_pkg/GroundStation.py -> /home/vini_dunker/COSMOS-AFS/cosmos_ws/build/communication_pkg/build/lib/communication_pkg
[1.499s] running install
[1.499s] running install_lib
[1.500s] copying /home/vini_dunker/COSMOS-AFS/cosmos_ws/build/communication_pkg/build/lib/communication_pkg/GroundStation.py -> /home/vini_dunker/COSMOS-AFS/cosmos_ws/install/communication_pkg/lib/python3.10/site-packages/communication_pkg
[1.500s] byte-compiling /home/vini_dunker/COSMOS-AFS/cosmos_ws/install/communication_pkg/lib/python3.10/site-packages/communication_pkg/GroundStation.py to GroundStation.cpython-310.pyc
[1.501s] running install_data
[1.501s] running install_egg_info
[1.502s] removing '/home/vini_dunker/COSMOS-AFS/cosmos_ws/install/communication_pkg/lib/python3.10/site-packages/communication_pkg-0.0.0-py3.10.egg-info' (and everything under it)
[1.503s] Copying ../../build/communication_pkg/communication_pkg.egg-info to /home/vini_dunker/COSMOS-AFS/cosmos_ws/install/communication_pkg/lib/python3.10/site-packages/communication_pkg-0.0.0-py3.10.egg-info
[1.503s] running install_scripts
[1.522s] Installing Ground_Station script to /home/vini_dunker/COSMOS-AFS/cosmos_ws/install/communication_pkg/lib/communication_pkg
[1.523s] writing list of installed files to '/home/vini_dunker/COSMOS-AFS/cosmos_ws/build/communication_pkg/install.log'
[1.559s] Invoked command in '/home/vini_dunker/COSMOS-AFS/cosmos_ws/src/communication_pkg' returned '0': PYTHONPATH=/home/vini_dunker/COSMOS-AFS/cosmos_ws/build/communication_pkg/prefix_override:/home/vini_dunker/COSMOS-AFS/cosmos_ws/install/communication_pkg/lib/python3.10/site-packages:${PYTHONPATH} /usr/bin/python3 setup.py egg_info --egg-base ../../build/communication_pkg build --build-base /home/vini_dunker/COSMOS-AFS/cosmos_ws/build/communication_pkg/build install --record /home/vini_dunker/COSMOS-AFS/cosmos_ws/build/communication_pkg/install.log --single-version-externally-managed
