[0.356s] DEBUG:colcon:Command line arguments: ['/usr/bin/colcon', 'build']
[0.356s] DEBUG:colcon:Parsed command line arguments: Namespace(log_base=None, log_level=None, verb_name='build', build_base='build', install_base='install', merge_install=False, symlink_install=False, test_result_base=None, continue_on_error=False, executor='parallel', parallel_workers=12, event_handlers=None, ignore_user_meta=False, metas=['./colcon.meta'], base_paths=['.'], packages_ignore=None, packages_ignore_regex=None, paths=None, packages_up_to=None, packages_up_to_regex=None, packages_above=None, packages_above_and_dependencies=None, packages_above_depth=None, packages_select_by_dep=None, packages_skip_by_dep=None, packages_skip_up_to=None, packages_select_build_failed=False, packages_skip_build_finished=False, packages_select_test_failures=False, packages_skip_test_passed=False, packages_select=None, packages_skip=None, packages_select_regex=None, packages_skip_regex=None, packages_start=None, packages_end=None, allow_overriding=[], cmake_args=None, cmake_target=None, cmake_target_skip_unavailable=False, cmake_clean_cache=False, cmake_clean_first=False, cmake_force_configure=False, ament_cmake_args=None, catkin_cmake_args=None, catkin_skip_building_tests=False, verb_parser=<colcon_defaults.argument_parser.defaults.DefaultArgumentsDecorator object at 0x7f3da1bd09d0>, verb_extension=<colcon_core.verb.build.BuildVerb object at 0x7f3da1bd0460>, main=<bound method BuildVerb.main of <colcon_core.verb.build.BuildVerb object at 0x7f3da1bd0460>>)
[0.374s] Level 1:colcon.colcon_core.package_discovery:discover_packages(colcon_meta) check parameters
[0.374s] Level 1:colcon.colcon_core.package_discovery:discover_packages(recursive) check parameters
[0.375s] Level 1:colcon.colcon_core.package_discovery:discover_packages(ignore) check parameters
[0.375s] Level 1:colcon.colcon_core.package_discovery:discover_packages(path) check parameters
[0.375s] Level 1:colcon.colcon_core.package_discovery:discover_packages(colcon_meta) discover
[0.375s] Level 1:colcon.colcon_core.package_discovery:discover_packages(recursive) discover
[0.375s] INFO:colcon.colcon_core.package_discovery:Crawling recursively for packages in '/home/vini_dunker/COSMOS-AFS/cosmos_ws'
[0.375s] Level 1:colcon.colcon_core.package_identification:_identify(.) by extensions ['ignore', 'ignore_ament_install']
[0.375s] Level 1:colcon.colcon_core.package_identification:_identify(.) by extension 'ignore'
[0.375s] Level 1:colcon.colcon_core.package_identification:_identify(.) by extension 'ignore_ament_install'
[0.375s] Level 1:colcon.colcon_core.package_identification:_identify(.) by extensions ['colcon_pkg']
[0.375s] Level 1:colcon.colcon_core.package_identification:_identify(.) by extension 'colcon_pkg'
[0.375s] Level 1:colcon.colcon_core.package_identification:_identify(.) by extensions ['colcon_meta']
[0.375s] Level 1:colcon.colcon_core.package_identification:_identify(.) by extension 'colcon_meta'
[0.375s] Level 1:colcon.colcon_core.package_identification:_identify(.) by extensions ['ros']
[0.375s] Level 1:colcon.colcon_core.package_identification:_identify(.) by extension 'ros'
[0.383s] Level 1:colcon.colcon_core.package_identification:_identify(.) by extensions ['cmake', 'python']
[0.384s] Level 1:colcon.colcon_core.package_identification:_identify(.) by extension 'cmake'
[0.384s] Level 1:colcon.colcon_core.package_identification:_identify(.) by extension 'python'
[0.384s] Level 1:colcon.colcon_core.package_identification:_identify(.) by extensions ['python_setup_py']
[0.384s] Level 1:colcon.colcon_core.package_identification:_identify(.) by extension 'python_setup_py'
[0.384s] Level 1:colcon.colcon_core.package_identification:_identify(build) by extensions ['ignore', 'ignore_ament_install']
[0.384s] Level 1:colcon.colcon_core.package_identification:_identify(build) by extension 'ignore'
[0.384s] Level 1:colcon.colcon_core.package_identification:_identify(build) ignored
[0.384s] Level 1:colcon.colcon_core.package_identification:_identify(install) by extensions ['ignore', 'ignore_ament_install']
[0.384s] Level 1:colcon.colcon_core.package_identification:_identify(install) by extension 'ignore'
[0.384s] Level 1:colcon.colcon_core.package_identification:_identify(install) ignored
[0.384s] Level 1:colcon.colcon_core.package_identification:_identify(log) by extensions ['ignore', 'ignore_ament_install']
[0.384s] Level 1:colcon.colcon_core.package_identification:_identify(log) by extension 'ignore'
[0.384s] Level 1:colcon.colcon_core.package_identification:_identify(log) ignored
[0.384s] Level 1:colcon.colcon_core.package_identification:_identify(src) by extensions ['ignore', 'ignore_ament_install']
[0.384s] Level 1:colcon.colcon_core.package_identification:_identify(src) by extension 'ignore'
[0.384s] Level 1:colcon.colcon_core.package_identification:_identify(src) by extension 'ignore_ament_install'
[0.384s] Level 1:colcon.colcon_core.package_identification:_identify(src) by extensions ['colcon_pkg']
[0.384s] Level 1:colcon.colcon_core.package_identification:_identify(src) by extension 'colcon_pkg'
[0.385s] Level 1:colcon.colcon_core.package_identification:_identify(src) by extensions ['colcon_meta']
[0.385s] Level 1:colcon.colcon_core.package_identification:_identify(src) by extension 'colcon_meta'
[0.385s] Level 1:colcon.colcon_core.package_identification:_identify(src) by extensions ['ros']
[0.385s] Level 1:colcon.colcon_core.package_identification:_identify(src) by extension 'ros'
[0.385s] Level 1:colcon.colcon_core.package_identification:_identify(src) by extensions ['cmake', 'python']
[0.385s] Level 1:colcon.colcon_core.package_identification:_identify(src) by extension 'cmake'
[0.385s] Level 1:colcon.colcon_core.package_identification:_identify(src) by extension 'python'
[0.385s] Level 1:colcon.colcon_core.package_identification:_identify(src) by extensions ['python_setup_py']
[0.385s] Level 1:colcon.colcon_core.package_identification:_identify(src) by extension 'python_setup_py'
[0.385s] Level 1:colcon.colcon_core.package_identification:_identify(src/attitude_control_pkg) by extensions ['ignore', 'ignore_ament_install']
[0.385s] Level 1:colcon.colcon_core.package_identification:_identify(src/attitude_control_pkg) by extension 'ignore'
[0.385s] Level 1:colcon.colcon_core.package_identification:_identify(src/attitude_control_pkg) by extension 'ignore_ament_install'
[0.385s] Level 1:colcon.colcon_core.package_identification:_identify(src/attitude_control_pkg) by extensions ['colcon_pkg']
[0.385s] Level 1:colcon.colcon_core.package_identification:_identify(src/attitude_control_pkg) by extension 'colcon_pkg'
[0.385s] Level 1:colcon.colcon_core.package_identification:_identify(src/attitude_control_pkg) by extensions ['colcon_meta']
[0.385s] Level 1:colcon.colcon_core.package_identification:_identify(src/attitude_control_pkg) by extension 'colcon_meta'
[0.385s] Level 1:colcon.colcon_core.package_identification:_identify(src/attitude_control_pkg) by extensions ['ros']
[0.385s] Level 1:colcon.colcon_core.package_identification:_identify(src/attitude_control_pkg) by extension 'ros'
[0.387s] DEBUG:colcon.colcon_core.package_identification:Package 'src/attitude_control_pkg' with type 'ros.ament_cmake' and name 'attitude_control_pkg'
[0.387s] Level 1:colcon.colcon_core.package_identification:_identify(src/camera_pkg) by extensions ['ignore', 'ignore_ament_install']
[0.387s] Level 1:colcon.colcon_core.package_identification:_identify(src/camera_pkg) by extension 'ignore'
[0.387s] Level 1:colcon.colcon_core.package_identification:_identify(src/camera_pkg) by extension 'ignore_ament_install'
[0.387s] Level 1:colcon.colcon_core.package_identification:_identify(src/camera_pkg) by extensions ['colcon_pkg']
[0.387s] Level 1:colcon.colcon_core.package_identification:_identify(src/camera_pkg) by extension 'colcon_pkg'
[0.388s] Level 1:colcon.colcon_core.package_identification:_identify(src/camera_pkg) by extensions ['colcon_meta']
[0.388s] Level 1:colcon.colcon_core.package_identification:_identify(src/camera_pkg) by extension 'colcon_meta'
[0.388s] Level 1:colcon.colcon_core.package_identification:_identify(src/camera_pkg) by extensions ['ros']
[0.388s] Level 1:colcon.colcon_core.package_identification:_identify(src/camera_pkg) by extension 'ros'
[0.388s] DEBUG:colcon.colcon_core.package_identification:Package 'src/camera_pkg' with type 'ros.ament_python' and name 'camera_pkg'
[0.388s] Level 1:colcon.colcon_core.package_identification:_identify(src/communication_pkg) by extensions ['ignore', 'ignore_ament_install']
[0.388s] Level 1:colcon.colcon_core.package_identification:_identify(src/communication_pkg) by extension 'ignore'
[0.388s] Level 1:colcon.colcon_core.package_identification:_identify(src/communication_pkg) by extension 'ignore_ament_install'
[0.388s] Level 1:colcon.colcon_core.package_identification:_identify(src/communication_pkg) by extensions ['colcon_pkg']
[0.388s] Level 1:colcon.colcon_core.package_identification:_identify(src/communication_pkg) by extension 'colcon_pkg'
[0.388s] Level 1:colcon.colcon_core.package_identification:_identify(src/communication_pkg) by extensions ['colcon_meta']
[0.388s] Level 1:colcon.colcon_core.package_identification:_identify(src/communication_pkg) by extension 'colcon_meta'
[0.389s] Level 1:colcon.colcon_core.package_identification:_identify(src/communication_pkg) by extensions ['ros']
[0.389s] Level 1:colcon.colcon_core.package_identification:_identify(src/communication_pkg) by extension 'ros'
[0.389s] DEBUG:colcon.colcon_core.package_identification:Package 'src/communication_pkg' with type 'ros.ament_python' and name 'communication_pkg'
[0.389s] Level 1:colcon.colcon_core.package_identification:_identify(src/cosmos_bringup) by extensions ['ignore', 'ignore_ament_install']
[0.389s] Level 1:colcon.colcon_core.package_identification:_identify(src/cosmos_bringup) by extension 'ignore'
[0.389s] Level 1:colcon.colcon_core.package_identification:_identify(src/cosmos_bringup) by extension 'ignore_ament_install'
[0.389s] Level 1:colcon.colcon_core.package_identification:_identify(src/cosmos_bringup) by extensions ['colcon_pkg']
[0.389s] Level 1:colcon.colcon_core.package_identification:_identify(src/cosmos_bringup) by extension 'colcon_pkg'
[0.389s] Level 1:colcon.colcon_core.package_identification:_identify(src/cosmos_bringup) by extensions ['colcon_meta']
[0.389s] Level 1:colcon.colcon_core.package_identification:_identify(src/cosmos_bringup) by extension 'colcon_meta'
[0.390s] Level 1:colcon.colcon_core.package_identification:_identify(src/cosmos_bringup) by extensions ['ros']
[0.390s] Level 1:colcon.colcon_core.package_identification:_identify(src/cosmos_bringup) by extension 'ros'
[0.390s] DEBUG:colcon.colcon_core.package_identification:Package 'src/cosmos_bringup' with type 'ros.ament_cmake' and name 'cosmos_bringup'
[0.390s] Level 1:colcon.colcon_core.package_identification:_identify(src/cosmos_interfaces) by extensions ['ignore', 'ignore_ament_install']
[0.390s] Level 1:colcon.colcon_core.package_identification:_identify(src/cosmos_interfaces) by extension 'ignore'
[0.390s] Level 1:colcon.colcon_core.package_identification:_identify(src/cosmos_interfaces) by extension 'ignore_ament_install'
[0.390s] Level 1:colcon.colcon_core.package_identification:_identify(src/cosmos_interfaces) by extensions ['colcon_pkg']
[0.390s] Level 1:colcon.colcon_core.package_identification:_identify(src/cosmos_interfaces) by extension 'colcon_pkg'
[0.390s] Level 1:colcon.colcon_core.package_identification:_identify(src/cosmos_interfaces) by extensions ['colcon_meta']
[0.390s] Level 1:colcon.colcon_core.package_identification:_identify(src/cosmos_interfaces) by extension 'colcon_meta'
[0.390s] Level 1:colcon.colcon_core.package_identification:_identify(src/cosmos_interfaces) by extensions ['ros']
[0.390s] Level 1:colcon.colcon_core.package_identification:_identify(src/cosmos_interfaces) by extension 'ros'
[0.391s] DEBUG:colcon.colcon_core.package_identification:Package 'src/cosmos_interfaces' with type 'ros.ament_cmake' and name 'cosmos_interfaces'
[0.391s] Level 1:colcon.colcon_core.package_identification:_identify(src/kinematics_pkg) by extensions ['ignore', 'ignore_ament_install']
[0.391s] Level 1:colcon.colcon_core.package_identification:_identify(src/kinematics_pkg) by extension 'ignore'
[0.391s] Level 1:colcon.colcon_core.package_identification:_identify(src/kinematics_pkg) by extension 'ignore_ament_install'
[0.391s] Level 1:colcon.colcon_core.package_identification:_identify(src/kinematics_pkg) by extensions ['colcon_pkg']
[0.391s] Level 1:colcon.colcon_core.package_identification:_identify(src/kinematics_pkg) by extension 'colcon_pkg'
[0.391s] Level 1:colcon.colcon_core.package_identification:_identify(src/kinematics_pkg) by extensions ['colcon_meta']
[0.391s] Level 1:colcon.colcon_core.package_identification:_identify(src/kinematics_pkg) by extension 'colcon_meta'
[0.391s] Level 1:colcon.colcon_core.package_identification:_identify(src/kinematics_pkg) by extensions ['ros']
[0.391s] Level 1:colcon.colcon_core.package_identification:_identify(src/kinematics_pkg) by extension 'ros'
[0.391s] DEBUG:colcon.colcon_core.package_identification:Package 'src/kinematics_pkg' with type 'ros.ament_python' and name 'kinematics_pkg'
[0.392s] Level 1:colcon.colcon_core.package_identification:_identify(src/sensors_pkg) by extensions ['ignore', 'ignore_ament_install']
[0.392s] Level 1:colcon.colcon_core.package_identification:_identify(src/sensors_pkg) by extension 'ignore'
[0.392s] Level 1:colcon.colcon_core.package_identification:_identify(src/sensors_pkg) by extension 'ignore_ament_install'
[0.392s] Level 1:colcon.colcon_core.package_identification:_identify(src/sensors_pkg) by extensions ['colcon_pkg']
[0.392s] Level 1:colcon.colcon_core.package_identification:_identify(src/sensors_pkg) by extension 'colcon_pkg'
[0.392s] Level 1:colcon.colcon_core.package_identification:_identify(src/sensors_pkg) by extensions ['colcon_meta']
[0.392s] Level 1:colcon.colcon_core.package_identification:_identify(src/sensors_pkg) by extension 'colcon_meta'
[0.392s] Level 1:colcon.colcon_core.package_identification:_identify(src/sensors_pkg) by extensions ['ros']
[0.392s] Level 1:colcon.colcon_core.package_identification:_identify(src/sensors_pkg) by extension 'ros'
[0.392s] DEBUG:colcon.colcon_core.package_identification:Package 'src/sensors_pkg' with type 'ros.ament_python' and name 'sensors_pkg'
[0.392s] Level 1:colcon.colcon_core.package_identification:_identify(src/state_machine_pkg) by extensions ['ignore', 'ignore_ament_install']
[0.393s] Level 1:colcon.colcon_core.package_identification:_identify(src/state_machine_pkg) by extension 'ignore'
[0.393s] Level 1:colcon.colcon_core.package_identification:_identify(src/state_machine_pkg) by extension 'ignore_ament_install'
[0.393s] Level 1:colcon.colcon_core.package_identification:_identify(src/state_machine_pkg) by extensions ['colcon_pkg']
[0.393s] Level 1:colcon.colcon_core.package_identification:_identify(src/state_machine_pkg) by extension 'colcon_pkg'
[0.393s] Level 1:colcon.colcon_core.package_identification:_identify(src/state_machine_pkg) by extensions ['colcon_meta']
[0.393s] Level 1:colcon.colcon_core.package_identification:_identify(src/state_machine_pkg) by extension 'colcon_meta'
[0.393s] Level 1:colcon.colcon_core.package_identification:_identify(src/state_machine_pkg) by extensions ['ros']
[0.393s] Level 1:colcon.colcon_core.package_identification:_identify(src/state_machine_pkg) by extension 'ros'
[0.393s] DEBUG:colcon.colcon_core.package_identification:Package 'src/state_machine_pkg' with type 'ros.ament_cmake' and name 'state_machine_pkg'
[0.393s] Level 1:colcon.colcon_core.package_discovery:discover_packages(recursive) using defaults
[0.393s] Level 1:colcon.colcon_core.package_discovery:discover_packages(ignore) discover
[0.393s] Level 1:colcon.colcon_core.package_discovery:discover_packages(ignore) using defaults
[0.394s] Level 1:colcon.colcon_core.package_discovery:discover_packages(path) discover
[0.394s] Level 1:colcon.colcon_core.package_discovery:discover_packages(path) using defaults
[0.413s] Level 1:colcon.colcon_core.package_discovery:discover_packages(prefix_path) check parameters
[0.413s] Level 1:colcon.colcon_core.package_discovery:discover_packages(prefix_path) discover
[0.414s] WARNING:colcon.colcon_ros.prefix_path.ament:The path '/home/vini_dunker/COSMOS-AFS/cosmos_ws/install/cosmos_bringup' in the environment variable AMENT_PREFIX_PATH doesn't exist
[0.414s] WARNING:colcon.colcon_ros.prefix_path.ament:The path '/home/vini_dunker/COSMOS-AFS/cosmos_ws/install/attitude_control_pkg' in the environment variable AMENT_PREFIX_PATH doesn't exist
[0.414s] WARNING:colcon.colcon_ros.prefix_path.ament:The path '/home/vini_dunker/COSMOS-AFS/cosmos_ws/install/attitude_service_pkg' in the environment variable AMENT_PREFIX_PATH doesn't exist
[0.415s] WARNING:colcon.colcon_ros.prefix_path.catkin:The path '/home/vini_dunker/COSMOS-AFS/cosmos_ws/install/cosmos_bringup' in the environment variable CMAKE_PREFIX_PATH doesn't exist
[0.415s] WARNING:colcon.colcon_ros.prefix_path.catkin:The path '/home/vini_dunker/COSMOS-AFS/cosmos_ws/install/attitude_control_pkg' in the environment variable CMAKE_PREFIX_PATH doesn't exist
[0.416s] DEBUG:colcon.colcon_installed_package_information.package_discovery:Found 6 installed packages in /home/vini_dunker/COSMOS-AFS/cosmos_ws/install
[0.417s] DEBUG:colcon.colcon_installed_package_information.package_discovery:Found 5 installed packages in /home/vini_dunker/Automation/mrt19ROS_ws/install
[0.418s] DEBUG:colcon.colcon_installed_package_information.package_discovery:Found 3 installed packages in /home/vini_dunker/mrt_ws/install
[0.419s] DEBUG:colcon.colcon_installed_package_information.package_discovery:Found 6 installed packages in /home/vini_dunker/udemy_ws/install
[0.420s] DEBUG:colcon.colcon_installed_package_information.package_discovery:Found 1 installed packages in /home/vini_dunker/MRT-19/ros_drone_ws/install
[0.422s] DEBUG:colcon.colcon_installed_package_information.package_discovery:Found 331 installed packages in /opt/ros/humble
[0.423s] Level 1:colcon.colcon_core.package_discovery:discover_packages(prefix_path) using defaults
[0.477s] Level 5:colcon.colcon_core.verb:set package 'camera_pkg' build argument 'cmake_args' from command line to 'None'
[0.477s] Level 5:colcon.colcon_core.verb:set package 'camera_pkg' build argument 'cmake_target' from command line to 'None'
[0.477s] Level 5:colcon.colcon_core.verb:set package 'camera_pkg' build argument 'cmake_target_skip_unavailable' from command line to 'False'
[0.477s] Level 5:colcon.colcon_core.verb:set package 'camera_pkg' build argument 'cmake_clean_cache' from command line to 'False'
[0.477s] Level 5:colcon.colcon_core.verb:set package 'camera_pkg' build argument 'cmake_clean_first' from command line to 'False'
[0.477s] Level 5:colcon.colcon_core.verb:set package 'camera_pkg' build argument 'cmake_force_configure' from command line to 'False'
[0.477s] Level 5:colcon.colcon_core.verb:set package 'camera_pkg' build argument 'ament_cmake_args' from command line to 'None'
[0.477s] Level 5:colcon.colcon_core.verb:set package 'camera_pkg' build argument 'catkin_cmake_args' from command line to 'None'
[0.477s] Level 5:colcon.colcon_core.verb:set package 'camera_pkg' build argument 'catkin_skip_building_tests' from command line to 'False'
[0.477s] DEBUG:colcon.colcon_core.verb:Building package 'camera_pkg' with the following arguments: {'ament_cmake_args': None, 'build_base': '/home/vini_dunker/COSMOS-AFS/cosmos_ws/build/camera_pkg', 'catkin_cmake_args': None, 'catkin_skip_building_tests': False, 'cmake_args': None, 'cmake_clean_cache': False, 'cmake_clean_first': False, 'cmake_force_configure': False, 'cmake_target': None, 'cmake_target_skip_unavailable': False, 'install_base': '/home/vini_dunker/COSMOS-AFS/cosmos_ws/install/camera_pkg', 'merge_install': False, 'path': '/home/vini_dunker/COSMOS-AFS/cosmos_ws/src/camera_pkg', 'symlink_install': False, 'test_result_base': None}
[0.478s] Level 5:colcon.colcon_core.verb:set package 'cosmos_interfaces' build argument 'cmake_args' from command line to 'None'
[0.478s] Level 5:colcon.colcon_core.verb:set package 'cosmos_interfaces' build argument 'cmake_target' from command line to 'None'
[0.478s] Level 5:colcon.colcon_core.verb:set package 'cosmos_interfaces' build argument 'cmake_target_skip_unavailable' from command line to 'False'
[0.478s] Level 5:colcon.colcon_core.verb:set package 'cosmos_interfaces' build argument 'cmake_clean_cache' from command line to 'False'
[0.478s] Level 5:colcon.colcon_core.verb:set package 'cosmos_interfaces' build argument 'cmake_clean_first' from command line to 'False'
[0.478s] Level 5:colcon.colcon_core.verb:set package 'cosmos_interfaces' build argument 'cmake_force_configure' from command line to 'False'
[0.478s] Level 5:colcon.colcon_core.verb:set package 'cosmos_interfaces' build argument 'ament_cmake_args' from command line to 'None'
[0.478s] Level 5:colcon.colcon_core.verb:set package 'cosmos_interfaces' build argument 'catkin_cmake_args' from command line to 'None'
[0.478s] Level 5:colcon.colcon_core.verb:set package 'cosmos_interfaces' build argument 'catkin_skip_building_tests' from command line to 'False'
[0.478s] DEBUG:colcon.colcon_core.verb:Building package 'cosmos_interfaces' with the following arguments: {'ament_cmake_args': None, 'build_base': '/home/vini_dunker/COSMOS-AFS/cosmos_ws/build/cosmos_interfaces', 'catkin_cmake_args': None, 'catkin_skip_building_tests': False, 'cmake_args': None, 'cmake_clean_cache': False, 'cmake_clean_first': False, 'cmake_force_configure': False, 'cmake_target': None, 'cmake_target_skip_unavailable': False, 'install_base': '/home/vini_dunker/COSMOS-AFS/cosmos_ws/install/cosmos_interfaces', 'merge_install': False, 'path': '/home/vini_dunker/COSMOS-AFS/cosmos_ws/src/cosmos_interfaces', 'symlink_install': False, 'test_result_base': None}
[0.479s] Level 5:colcon.colcon_core.verb:set package 'kinematics_pkg' build argument 'cmake_args' from command line to 'None'
[0.479s] Level 5:colcon.colcon_core.verb:set package 'kinematics_pkg' build argument 'cmake_target' from command line to 'None'
[0.479s] Level 5:colcon.colcon_core.verb:set package 'kinematics_pkg' build argument 'cmake_target_skip_unavailable' from command line to 'False'
[0.479s] Level 5:colcon.colcon_core.verb:set package 'kinematics_pkg' build argument 'cmake_clean_cache' from command line to 'False'
[0.479s] Level 5:colcon.colcon_core.verb:set package 'kinematics_pkg' build argument 'cmake_clean_first' from command line to 'False'
[0.479s] Level 5:colcon.colcon_core.verb:set package 'kinematics_pkg' build argument 'cmake_force_configure' from command line to 'False'
[0.479s] Level 5:colcon.colcon_core.verb:set package 'kinematics_pkg' build argument 'ament_cmake_args' from command line to 'None'
[0.479s] Level 5:colcon.colcon_core.verb:set package 'kinematics_pkg' build argument 'catkin_cmake_args' from command line to 'None'
[0.479s] Level 5:colcon.colcon_core.verb:set package 'kinematics_pkg' build argument 'catkin_skip_building_tests' from command line to 'False'
[0.479s] DEBUG:colcon.colcon_core.verb:Building package 'kinematics_pkg' with the following arguments: {'ament_cmake_args': None, 'build_base': '/home/vini_dunker/COSMOS-AFS/cosmos_ws/build/kinematics_pkg', 'catkin_cmake_args': None, 'catkin_skip_building_tests': False, 'cmake_args': None, 'cmake_clean_cache': False, 'cmake_clean_first': False, 'cmake_force_configure': False, 'cmake_target': None, 'cmake_target_skip_unavailable': False, 'install_base': '/home/vini_dunker/COSMOS-AFS/cosmos_ws/install/kinematics_pkg', 'merge_install': False, 'path': '/home/vini_dunker/COSMOS-AFS/cosmos_ws/src/kinematics_pkg', 'symlink_install': False, 'test_result_base': None}
[0.480s] Level 5:colcon.colcon_core.verb:set package 'sensors_pkg' build argument 'cmake_args' from command line to 'None'
[0.480s] Level 5:colcon.colcon_core.verb:set package 'sensors_pkg' build argument 'cmake_target' from command line to 'None'
[0.480s] Level 5:colcon.colcon_core.verb:set package 'sensors_pkg' build argument 'cmake_target_skip_unavailable' from command line to 'False'
[0.480s] Level 5:colcon.colcon_core.verb:set package 'sensors_pkg' build argument 'cmake_clean_cache' from command line to 'False'
[0.480s] Level 5:colcon.colcon_core.verb:set package 'sensors_pkg' build argument 'cmake_clean_first' from command line to 'False'
[0.480s] Level 5:colcon.colcon_core.verb:set package 'sensors_pkg' build argument 'cmake_force_configure' from command line to 'False'
[0.480s] Level 5:colcon.colcon_core.verb:set package 'sensors_pkg' build argument 'ament_cmake_args' from command line to 'None'
[0.480s] Level 5:colcon.colcon_core.verb:set package 'sensors_pkg' build argument 'catkin_cmake_args' from command line to 'None'
[0.481s] Level 5:colcon.colcon_core.verb:set package 'sensors_pkg' build argument 'catkin_skip_building_tests' from command line to 'False'
[0.481s] DEBUG:colcon.colcon_core.verb:Building package 'sensors_pkg' with the following arguments: {'ament_cmake_args': None, 'build_base': '/home/vini_dunker/COSMOS-AFS/cosmos_ws/build/sensors_pkg', 'catkin_cmake_args': None, 'catkin_skip_building_tests': False, 'cmake_args': None, 'cmake_clean_cache': False, 'cmake_clean_first': False, 'cmake_force_configure': False, 'cmake_target': None, 'cmake_target_skip_unavailable': False, 'install_base': '/home/vini_dunker/COSMOS-AFS/cosmos_ws/install/sensors_pkg', 'merge_install': False, 'path': '/home/vini_dunker/COSMOS-AFS/cosmos_ws/src/sensors_pkg', 'symlink_install': False, 'test_result_base': None}
[0.481s] Level 5:colcon.colcon_core.verb:set package 'attitude_control_pkg' build argument 'cmake_args' from command line to 'None'
[0.481s] Level 5:colcon.colcon_core.verb:set package 'attitude_control_pkg' build argument 'cmake_target' from command line to 'None'
[0.481s] Level 5:colcon.colcon_core.verb:set package 'attitude_control_pkg' build argument 'cmake_target_skip_unavailable' from command line to 'False'
[0.481s] Level 5:colcon.colcon_core.verb:set package 'attitude_control_pkg' build argument 'cmake_clean_cache' from command line to 'False'
[0.481s] Level 5:colcon.colcon_core.verb:set package 'attitude_control_pkg' build argument 'cmake_clean_first' from command line to 'False'
[0.482s] Level 5:colcon.colcon_core.verb:set package 'attitude_control_pkg' build argument 'cmake_force_configure' from command line to 'False'
[0.482s] Level 5:colcon.colcon_core.verb:set package 'attitude_control_pkg' build argument 'ament_cmake_args' from command line to 'None'
[0.482s] Level 5:colcon.colcon_core.verb:set package 'attitude_control_pkg' build argument 'catkin_cmake_args' from command line to 'None'
[0.482s] Level 5:colcon.colcon_core.verb:set package 'attitude_control_pkg' build argument 'catkin_skip_building_tests' from command line to 'False'
[0.482s] DEBUG:colcon.colcon_core.verb:Building package 'attitude_control_pkg' with the following arguments: {'ament_cmake_args': None, 'build_base': '/home/vini_dunker/COSMOS-AFS/cosmos_ws/build/attitude_control_pkg', 'catkin_cmake_args': None, 'catkin_skip_building_tests': False, 'cmake_args': None, 'cmake_clean_cache': False, 'cmake_clean_first': False, 'cmake_force_configure': False, 'cmake_target': None, 'cmake_target_skip_unavailable': False, 'install_base': '/home/vini_dunker/COSMOS-AFS/cosmos_ws/install/attitude_control_pkg', 'merge_install': False, 'path': '/home/vini_dunker/COSMOS-AFS/cosmos_ws/src/attitude_control_pkg', 'symlink_install': False, 'test_result_base': None}
[0.482s] Level 5:colcon.colcon_core.verb:set package 'communication_pkg' build argument 'cmake_args' from command line to 'None'
[0.482s] Level 5:colcon.colcon_core.verb:set package 'communication_pkg' build argument 'cmake_target' from command line to 'None'
[0.482s] Level 5:colcon.colcon_core.verb:set package 'communication_pkg' build argument 'cmake_target_skip_unavailable' from command line to 'False'
[0.483s] Level 5:colcon.colcon_core.verb:set package 'communication_pkg' build argument 'cmake_clean_cache' from command line to 'False'
[0.483s] Level 5:colcon.colcon_core.verb:set package 'communication_pkg' build argument 'cmake_clean_first' from command line to 'False'
[0.483s] Level 5:colcon.colcon_core.verb:set package 'communication_pkg' build argument 'cmake_force_configure' from command line to 'False'
[0.483s] Level 5:colcon.colcon_core.verb:set package 'communication_pkg' build argument 'ament_cmake_args' from command line to 'None'
[0.483s] Level 5:colcon.colcon_core.verb:set package 'communication_pkg' build argument 'catkin_cmake_args' from command line to 'None'
[0.483s] Level 5:colcon.colcon_core.verb:set package 'communication_pkg' build argument 'catkin_skip_building_tests' from command line to 'False'
[0.483s] DEBUG:colcon.colcon_core.verb:Building package 'communication_pkg' with the following arguments: {'ament_cmake_args': None, 'build_base': '/home/vini_dunker/COSMOS-AFS/cosmos_ws/build/communication_pkg', 'catkin_cmake_args': None, 'catkin_skip_building_tests': False, 'cmake_args': None, 'cmake_clean_cache': False, 'cmake_clean_first': False, 'cmake_force_configure': False, 'cmake_target': None, 'cmake_target_skip_unavailable': False, 'install_base': '/home/vini_dunker/COSMOS-AFS/cosmos_ws/install/communication_pkg', 'merge_install': False, 'path': '/home/vini_dunker/COSMOS-AFS/cosmos_ws/src/communication_pkg', 'symlink_install': False, 'test_result_base': None}
[0.484s] Level 5:colcon.colcon_core.verb:set package 'state_machine_pkg' build argument 'cmake_args' from command line to 'None'
[0.484s] Level 5:colcon.colcon_core.verb:set package 'state_machine_pkg' build argument 'cmake_target' from command line to 'None'
[0.484s] Level 5:colcon.colcon_core.verb:set package 'state_machine_pkg' build argument 'cmake_target_skip_unavailable' from command line to 'False'
[0.484s] Level 5:colcon.colcon_core.verb:set package 'state_machine_pkg' build argument 'cmake_clean_cache' from command line to 'False'
[0.484s] Level 5:colcon.colcon_core.verb:set package 'state_machine_pkg' build argument 'cmake_clean_first' from command line to 'False'
[0.484s] Level 5:colcon.colcon_core.verb:set package 'state_machine_pkg' build argument 'cmake_force_configure' from command line to 'False'
[0.484s] Level 5:colcon.colcon_core.verb:set package 'state_machine_pkg' build argument 'ament_cmake_args' from command line to 'None'
[0.484s] Level 5:colcon.colcon_core.verb:set package 'state_machine_pkg' build argument 'catkin_cmake_args' from command line to 'None'
[0.484s] Level 5:colcon.colcon_core.verb:set package 'state_machine_pkg' build argument 'catkin_skip_building_tests' from command line to 'False'
[0.484s] DEBUG:colcon.colcon_core.verb:Building package 'state_machine_pkg' with the following arguments: {'ament_cmake_args': None, 'build_base': '/home/vini_dunker/COSMOS-AFS/cosmos_ws/build/state_machine_pkg', 'catkin_cmake_args': None, 'catkin_skip_building_tests': False, 'cmake_args': None, 'cmake_clean_cache': False, 'cmake_clean_first': False, 'cmake_force_configure': False, 'cmake_target': None, 'cmake_target_skip_unavailable': False, 'install_base': '/home/vini_dunker/COSMOS-AFS/cosmos_ws/install/state_machine_pkg', 'merge_install': False, 'path': '/home/vini_dunker/COSMOS-AFS/cosmos_ws/src/state_machine_pkg', 'symlink_install': False, 'test_result_base': None}
[0.485s] Level 5:colcon.colcon_core.verb:set package 'cosmos_bringup' build argument 'cmake_args' from command line to 'None'
[0.485s] Level 5:colcon.colcon_core.verb:set package 'cosmos_bringup' build argument 'cmake_target' from command line to 'None'
[0.485s] Level 5:colcon.colcon_core.verb:set package 'cosmos_bringup' build argument 'cmake_target_skip_unavailable' from command line to 'False'
[0.485s] Level 5:colcon.colcon_core.verb:set package 'cosmos_bringup' build argument 'cmake_clean_cache' from command line to 'False'
[0.485s] Level 5:colcon.colcon_core.verb:set package 'cosmos_bringup' build argument 'cmake_clean_first' from command line to 'False'
[0.485s] Level 5:colcon.colcon_core.verb:set package 'cosmos_bringup' build argument 'cmake_force_configure' from command line to 'False'
[0.485s] Level 5:colcon.colcon_core.verb:set package 'cosmos_bringup' build argument 'ament_cmake_args' from command line to 'None'
[0.485s] Level 5:colcon.colcon_core.verb:set package 'cosmos_bringup' build argument 'catkin_cmake_args' from command line to 'None'
[0.485s] Level 5:colcon.colcon_core.verb:set package 'cosmos_bringup' build argument 'catkin_skip_building_tests' from command line to 'False'
[0.485s] DEBUG:colcon.colcon_core.verb:Building package 'cosmos_bringup' with the following arguments: {'ament_cmake_args': None, 'build_base': '/home/vini_dunker/COSMOS-AFS/cosmos_ws/build/cosmos_bringup', 'catkin_cmake_args': None, 'catkin_skip_building_tests': False, 'cmake_args': None, 'cmake_clean_cache': False, 'cmake_clean_first': False, 'cmake_force_configure': False, 'cmake_target': None, 'cmake_target_skip_unavailable': False, 'install_base': '/home/vini_dunker/COSMOS-AFS/cosmos_ws/install/cosmos_bringup', 'merge_install': False, 'path': '/home/vini_dunker/COSMOS-AFS/cosmos_ws/src/cosmos_bringup', 'symlink_install': False, 'test_result_base': None}
[0.486s] INFO:colcon.colcon_core.executor:Executing jobs using 'parallel' executor
[0.489s] DEBUG:colcon.colcon_parallel_executor.executor.parallel:run_until_complete
[0.489s] INFO:colcon.colcon_ros.task.ament_cmake.build:Building ROS package in '/home/vini_dunker/COSMOS-AFS/cosmos_ws/src/cosmos_interfaces' with build type 'ament_cmake'
[0.489s] INFO:colcon.colcon_cmake.task.cmake.build:Building CMake package in '/home/vini_dunker/COSMOS-AFS/cosmos_ws/src/cosmos_interfaces'
[0.494s] INFO:colcon.colcon_core.plugin_system:Skipping extension 'colcon_core.shell.bat': Not used on non-Windows systems
[0.494s] INFO:colcon.colcon_core.shell:Skip shell extension 'powershell' for command environment: Not usable outside of PowerShell
[0.494s] DEBUG:colcon.colcon_core.shell:Skip shell extension 'dsv' for command environment
[0.501s] INFO:colcon.colcon_ros.task.ament_python.build:Building ROS package in '/home/vini_dunker/COSMOS-AFS/cosmos_ws/src/camera_pkg' with build type 'ament_python'
[0.501s] Level 1:colcon.colcon_core.shell:create_environment_hook('camera_pkg', 'ament_prefix_path')
[0.502s] INFO:colcon.colcon_core.shell:Creating environment hook '/home/vini_dunker/COSMOS-AFS/cosmos_ws/install/camera_pkg/share/camera_pkg/hook/ament_prefix_path.ps1'
[0.503s] INFO:colcon.colcon_core.shell:Creating environment descriptor '/home/vini_dunker/COSMOS-AFS/cosmos_ws/install/camera_pkg/share/camera_pkg/hook/ament_prefix_path.dsv'
[0.503s] INFO:colcon.colcon_core.shell:Creating environment hook '/home/vini_dunker/COSMOS-AFS/cosmos_ws/install/camera_pkg/share/camera_pkg/hook/ament_prefix_path.sh'
[0.505s] INFO:colcon.colcon_core.shell:Skip shell extension 'powershell' for command environment: Not usable outside of PowerShell
[0.505s] DEBUG:colcon.colcon_core.shell:Skip shell extension 'dsv' for command environment
[0.511s] INFO:colcon.colcon_ros.task.ament_python.build:Building ROS package in '/home/vini_dunker/COSMOS-AFS/cosmos_ws/src/kinematics_pkg' with build type 'ament_python'
[0.511s] Level 1:colcon.colcon_core.shell:create_environment_hook('kinematics_pkg', 'ament_prefix_path')
[0.512s] INFO:colcon.colcon_core.shell:Creating environment hook '/home/vini_dunker/COSMOS-AFS/cosmos_ws/install/kinematics_pkg/share/kinematics_pkg/hook/ament_prefix_path.ps1'
[0.513s] INFO:colcon.colcon_core.shell:Creating environment descriptor '/home/vini_dunker/COSMOS-AFS/cosmos_ws/install/kinematics_pkg/share/kinematics_pkg/hook/ament_prefix_path.dsv'
[0.513s] INFO:colcon.colcon_core.shell:Creating environment hook '/home/vini_dunker/COSMOS-AFS/cosmos_ws/install/kinematics_pkg/share/kinematics_pkg/hook/ament_prefix_path.sh'
[0.515s] INFO:colcon.colcon_core.shell:Skip shell extension 'powershell' for command environment: Not usable outside of PowerShell
[0.515s] DEBUG:colcon.colcon_core.shell:Skip shell extension 'dsv' for command environment
[0.521s] INFO:colcon.colcon_ros.task.ament_python.build:Building ROS package in '/home/vini_dunker/COSMOS-AFS/cosmos_ws/src/sensors_pkg' with build type 'ament_python'
[0.522s] Level 1:colcon.colcon_core.shell:create_environment_hook('sensors_pkg', 'ament_prefix_path')
[0.523s] INFO:colcon.colcon_core.shell:Creating environment hook '/home/vini_dunker/COSMOS-AFS/cosmos_ws/install/sensors_pkg/share/sensors_pkg/hook/ament_prefix_path.ps1'
[0.523s] INFO:colcon.colcon_core.shell:Creating environment descriptor '/home/vini_dunker/COSMOS-AFS/cosmos_ws/install/sensors_pkg/share/sensors_pkg/hook/ament_prefix_path.dsv'
[0.524s] INFO:colcon.colcon_core.shell:Creating environment hook '/home/vini_dunker/COSMOS-AFS/cosmos_ws/install/sensors_pkg/share/sensors_pkg/hook/ament_prefix_path.sh'
[0.525s] INFO:colcon.colcon_core.shell:Skip shell extension 'powershell' for command environment: Not usable outside of PowerShell
[0.525s] DEBUG:colcon.colcon_core.shell:Skip shell extension 'dsv' for command environment
[0.538s] DEBUG:colcon.colcon_core.event_handler.log_command:Invoking command in '/home/vini_dunker/COSMOS-AFS/cosmos_ws/build/cosmos_interfaces': CMAKE_PREFIX_PATH=${CMAKE_PREFIX_PATH}:/home/vini_dunker/MRT-19/ros_drone_ws/install/drone_control:/home/vini_dunker/udemy_ws/install/my_py_pkg:/home/vini_dunker/COSMOS-AFS/cosmos_ws/install/sensors_pkg:/home/vini_dunker/COSMOS-AFS/cosmos_ws/install/kinematics_pkg:/home/vini_dunker/COSMOS-AFS/cosmos_ws/install/communication_pkg:/home/vini_dunker/COSMOS-AFS/cosmos_ws/install/camera_pkg:/home/vini_dunker/COSMOS-AFS/cosmos_ws/install/attitude_service_pkg:/home/vini_dunker/Automation/mrt19ROS_ws/install/traverse_state_pkg:/home/vini_dunker/Automation/mrt19ROS_ws/install/state_machine_pkg:/home/vini_dunker/Automation/mrt19ROS_ws/install/mrt19_pkg:/home/vini_dunker/Automation/mrt19ROS_ws/install/drum_pkg:/home/vini_dunker/Automation/mrt19ROS_ws/install/data_acquition_pkg:/home/vini_dunker/mrt_ws/install/traverse_stage:/home/vini_dunker/mrt_ws/install/state_machine:/home/vini_dunker/mrt_ws/install/data_acquisition:/opt/ros/humble /usr/bin/cmake --build /home/vini_dunker/COSMOS-AFS/cosmos_ws/build/cosmos_interfaces -- -j12 -l12
[0.790s] INFO:colcon.colcon_core.task.python.build:Building Python package in '/home/vini_dunker/COSMOS-AFS/cosmos_ws/src/camera_pkg'
[0.791s] INFO:colcon.colcon_core.shell:Skip shell extension 'powershell' for command environment: Not usable outside of PowerShell
[0.791s] DEBUG:colcon.colcon_core.shell:Skip shell extension 'dsv' for command environment
[1.026s] INFO:colcon.colcon_core.task.python.build:Building Python package in '/home/vini_dunker/COSMOS-AFS/cosmos_ws/src/kinematics_pkg'
[1.027s] INFO:colcon.colcon_core.shell:Skip shell extension 'powershell' for command environment: Not usable outside of PowerShell
[1.027s] DEBUG:colcon.colcon_core.shell:Skip shell extension 'dsv' for command environment
[1.270s] INFO:colcon.colcon_core.task.python.build:Building Python package in '/home/vini_dunker/COSMOS-AFS/cosmos_ws/src/sensors_pkg'
[1.271s] INFO:colcon.colcon_core.shell:Skip shell extension 'powershell' for command environment: Not usable outside of PowerShell
[1.271s] DEBUG:colcon.colcon_core.shell:Skip shell extension 'dsv' for command environment
[1.279s] DEBUG:colcon.colcon_core.event_handler.log_command:Invoked command in '/home/vini_dunker/COSMOS-AFS/cosmos_ws/build/cosmos_interfaces' returned '0': CMAKE_PREFIX_PATH=${CMAKE_PREFIX_PATH}:/home/vini_dunker/MRT-19/ros_drone_ws/install/drone_control:/home/vini_dunker/udemy_ws/install/my_py_pkg:/home/vini_dunker/COSMOS-AFS/cosmos_ws/install/sensors_pkg:/home/vini_dunker/COSMOS-AFS/cosmos_ws/install/kinematics_pkg:/home/vini_dunker/COSMOS-AFS/cosmos_ws/install/communication_pkg:/home/vini_dunker/COSMOS-AFS/cosmos_ws/install/camera_pkg:/home/vini_dunker/COSMOS-AFS/cosmos_ws/install/attitude_service_pkg:/home/vini_dunker/Automation/mrt19ROS_ws/install/traverse_state_pkg:/home/vini_dunker/Automation/mrt19ROS_ws/install/state_machine_pkg:/home/vini_dunker/Automation/mrt19ROS_ws/install/mrt19_pkg:/home/vini_dunker/Automation/mrt19ROS_ws/install/drum_pkg:/home/vini_dunker/Automation/mrt19ROS_ws/install/data_acquition_pkg:/home/vini_dunker/mrt_ws/install/traverse_stage:/home/vini_dunker/mrt_ws/install/state_machine:/home/vini_dunker/mrt_ws/install/data_acquisition:/opt/ros/humble /usr/bin/cmake --build /home/vini_dunker/COSMOS-AFS/cosmos_ws/build/cosmos_interfaces -- -j12 -l12
[1.437s] DEBUG:colcon.colcon_core.event_handler.log_command:Invoking command in '/home/vini_dunker/COSMOS-AFS/cosmos_ws/build/cosmos_interfaces': CMAKE_PREFIX_PATH=${CMAKE_PREFIX_PATH}:/home/vini_dunker/MRT-19/ros_drone_ws/install/drone_control:/home/vini_dunker/udemy_ws/install/my_py_pkg:/home/vini_dunker/COSMOS-AFS/cosmos_ws/install/sensors_pkg:/home/vini_dunker/COSMOS-AFS/cosmos_ws/install/kinematics_pkg:/home/vini_dunker/COSMOS-AFS/cosmos_ws/install/communication_pkg:/home/vini_dunker/COSMOS-AFS/cosmos_ws/install/camera_pkg:/home/vini_dunker/COSMOS-AFS/cosmos_ws/install/attitude_service_pkg:/home/vini_dunker/Automation/mrt19ROS_ws/install/traverse_state_pkg:/home/vini_dunker/Automation/mrt19ROS_ws/install/state_machine_pkg:/home/vini_dunker/Automation/mrt19ROS_ws/install/mrt19_pkg:/home/vini_dunker/Automation/mrt19ROS_ws/install/drum_pkg:/home/vini_dunker/Automation/mrt19ROS_ws/install/data_acquition_pkg:/home/vini_dunker/mrt_ws/install/traverse_stage:/home/vini_dunker/mrt_ws/install/state_machine:/home/vini_dunker/mrt_ws/install/data_acquisition:/opt/ros/humble /usr/bin/cmake --install /home/vini_dunker/COSMOS-AFS/cosmos_ws/build/cosmos_interfaces
[1.507s] Level 1:colcon.colcon_core.environment:create_environment_scripts_only(cosmos_interfaces)
[1.511s] DEBUG:colcon.colcon_core.event_handler.log_command:Invoked command in '/home/vini_dunker/COSMOS-AFS/cosmos_ws/build/cosmos_interfaces' returned '0': CMAKE_PREFIX_PATH=${CMAKE_PREFIX_PATH}:/home/vini_dunker/MRT-19/ros_drone_ws/install/drone_control:/home/vini_dunker/udemy_ws/install/my_py_pkg:/home/vini_dunker/COSMOS-AFS/cosmos_ws/install/sensors_pkg:/home/vini_dunker/COSMOS-AFS/cosmos_ws/install/kinematics_pkg:/home/vini_dunker/COSMOS-AFS/cosmos_ws/install/communication_pkg:/home/vini_dunker/COSMOS-AFS/cosmos_ws/install/camera_pkg:/home/vini_dunker/COSMOS-AFS/cosmos_ws/install/attitude_service_pkg:/home/vini_dunker/Automation/mrt19ROS_ws/install/traverse_state_pkg:/home/vini_dunker/Automation/mrt19ROS_ws/install/state_machine_pkg:/home/vini_dunker/Automation/mrt19ROS_ws/install/mrt19_pkg:/home/vini_dunker/Automation/mrt19ROS_ws/install/drum_pkg:/home/vini_dunker/Automation/mrt19ROS_ws/install/data_acquition_pkg:/home/vini_dunker/mrt_ws/install/traverse_stage:/home/vini_dunker/mrt_ws/install/state_machine:/home/vini_dunker/mrt_ws/install/data_acquisition:/opt/ros/humble /usr/bin/cmake --install /home/vini_dunker/COSMOS-AFS/cosmos_ws/build/cosmos_interfaces
[1.516s] Level 1:colcon.colcon_core.environment:checking '/home/vini_dunker/COSMOS-AFS/cosmos_ws/install/cosmos_interfaces' for CMake module files
[1.517s] Level 1:colcon.colcon_core.environment:checking '/home/vini_dunker/COSMOS-AFS/cosmos_ws/install/cosmos_interfaces' for CMake config files
[1.517s] Level 1:colcon.colcon_core.shell:create_environment_hook('cosmos_interfaces', 'cmake_prefix_path')
[1.518s] INFO:colcon.colcon_core.shell:Creating environment hook '/home/vini_dunker/COSMOS-AFS/cosmos_ws/install/cosmos_interfaces/share/cosmos_interfaces/hook/cmake_prefix_path.ps1'
[1.519s] INFO:colcon.colcon_core.shell:Creating environment descriptor '/home/vini_dunker/COSMOS-AFS/cosmos_ws/install/cosmos_interfaces/share/cosmos_interfaces/hook/cmake_prefix_path.dsv'
[1.519s] INFO:colcon.colcon_core.shell:Creating environment hook '/home/vini_dunker/COSMOS-AFS/cosmos_ws/install/cosmos_interfaces/share/cosmos_interfaces/hook/cmake_prefix_path.sh'
[1.520s] Level 1:colcon.colcon_core.environment:checking '/home/vini_dunker/COSMOS-AFS/cosmos_ws/install/cosmos_interfaces/lib'
[1.520s] Level 1:colcon.colcon_core.shell:create_environment_hook('cosmos_interfaces', 'ld_library_path_lib')
[1.521s] INFO:colcon.colcon_core.shell:Creating environment hook '/home/vini_dunker/COSMOS-AFS/cosmos_ws/install/cosmos_interfaces/share/cosmos_interfaces/hook/ld_library_path_lib.ps1'
[1.521s] INFO:colcon.colcon_core.shell:Creating environment descriptor '/home/vini_dunker/COSMOS-AFS/cosmos_ws/install/cosmos_interfaces/share/cosmos_interfaces/hook/ld_library_path_lib.dsv'
[1.521s] INFO:colcon.colcon_core.shell:Creating environment hook '/home/vini_dunker/COSMOS-AFS/cosmos_ws/install/cosmos_interfaces/share/cosmos_interfaces/hook/ld_library_path_lib.sh'
[1.521s] Level 1:colcon.colcon_core.environment:checking '/home/vini_dunker/COSMOS-AFS/cosmos_ws/install/cosmos_interfaces/bin'
[1.521s] Level 1:colcon.colcon_core.environment:checking '/home/vini_dunker/COSMOS-AFS/cosmos_ws/install/cosmos_interfaces/lib/pkgconfig/cosmos_interfaces.pc'
[1.522s] Level 1:colcon.colcon_core.environment:checking '/home/vini_dunker/COSMOS-AFS/cosmos_ws/install/cosmos_interfaces/lib/python3.10/site-packages'
[1.522s] Level 1:colcon.colcon_core.environment:checking '/home/vini_dunker/COSMOS-AFS/cosmos_ws/install/cosmos_interfaces/bin'
[1.523s] INFO:colcon.colcon_core.shell:Creating package script '/home/vini_dunker/COSMOS-AFS/cosmos_ws/install/cosmos_interfaces/share/cosmos_interfaces/package.ps1'
[1.523s] INFO:colcon.colcon_core.shell:Creating package descriptor '/home/vini_dunker/COSMOS-AFS/cosmos_ws/install/cosmos_interfaces/share/cosmos_interfaces/package.dsv'
[1.524s] INFO:colcon.colcon_core.shell:Creating package script '/home/vini_dunker/COSMOS-AFS/cosmos_ws/install/cosmos_interfaces/share/cosmos_interfaces/package.sh'
[1.524s] INFO:colcon.colcon_core.shell:Creating package script '/home/vini_dunker/COSMOS-AFS/cosmos_ws/install/cosmos_interfaces/share/cosmos_interfaces/package.bash'
[1.525s] INFO:colcon.colcon_core.shell:Creating package script '/home/vini_dunker/COSMOS-AFS/cosmos_ws/install/cosmos_interfaces/share/cosmos_interfaces/package.zsh'
[1.525s] Level 1:colcon.colcon_core.environment:create_file_with_runtime_dependencies(/home/vini_dunker/COSMOS-AFS/cosmos_ws/install/cosmos_interfaces/share/colcon-core/packages/cosmos_interfaces)
[1.677s] DEBUG:colcon.colcon_core.event_handler.log_command:Invoking command in '/home/vini_dunker/COSMOS-AFS/cosmos_ws/src/kinematics_pkg': PYTHONPATH=/home/vini_dunker/COSMOS-AFS/cosmos_ws/build/kinematics_pkg/prefix_override:/home/vini_dunker/COSMOS-AFS/cosmos_ws/install/kinematics_pkg/lib/python3.10/site-packages:${PYTHONPATH} /usr/bin/python3 setup.py egg_info --egg-base ../../build/kinematics_pkg build --build-base /home/vini_dunker/COSMOS-AFS/cosmos_ws/build/kinematics_pkg/build install --record /home/vini_dunker/COSMOS-AFS/cosmos_ws/build/kinematics_pkg/install.log --single-version-externally-managed
[1.681s] DEBUG:colcon.colcon_core.event_handler.log_command:Invoking command in '/home/vini_dunker/COSMOS-AFS/cosmos_ws/src/camera_pkg': PYTHONPATH=/home/vini_dunker/COSMOS-AFS/cosmos_ws/build/camera_pkg/prefix_override:/home/vini_dunker/COSMOS-AFS/cosmos_ws/install/camera_pkg/lib/python3.10/site-packages:${PYTHONPATH} /usr/bin/python3 setup.py egg_info --egg-base ../../build/camera_pkg build --build-base /home/vini_dunker/COSMOS-AFS/cosmos_ws/build/camera_pkg/build install --record /home/vini_dunker/COSMOS-AFS/cosmos_ws/build/camera_pkg/install.log --single-version-externally-managed
[1.707s] Level 1:colcon.colcon_core.environment:create_environment_scripts_only(cosmos_interfaces)
[1.709s] Level 1:colcon.colcon_core.environment:checking '/home/vini_dunker/COSMOS-AFS/cosmos_ws/install/cosmos_interfaces' for CMake module files
[1.709s] Level 1:colcon.colcon_core.environment:checking '/home/vini_dunker/COSMOS-AFS/cosmos_ws/install/cosmos_interfaces' for CMake config files
[1.710s] Level 1:colcon.colcon_core.shell:create_environment_hook('cosmos_interfaces', 'cmake_prefix_path')
[1.711s] INFO:colcon.colcon_core.shell:Creating environment hook '/home/vini_dunker/COSMOS-AFS/cosmos_ws/install/cosmos_interfaces/share/cosmos_interfaces/hook/cmake_prefix_path.ps1'
[1.711s] INFO:colcon.colcon_core.shell:Creating environment descriptor '/home/vini_dunker/COSMOS-AFS/cosmos_ws/install/cosmos_interfaces/share/cosmos_interfaces/hook/cmake_prefix_path.dsv'
[1.711s] INFO:colcon.colcon_core.shell:Creating environment hook '/home/vini_dunker/COSMOS-AFS/cosmos_ws/install/cosmos_interfaces/share/cosmos_interfaces/hook/cmake_prefix_path.sh'
[1.712s] Level 1:colcon.colcon_core.environment:checking '/home/vini_dunker/COSMOS-AFS/cosmos_ws/install/cosmos_interfaces/lib'
[1.712s] Level 1:colcon.colcon_core.shell:create_environment_hook('cosmos_interfaces', 'ld_library_path_lib')
[1.713s] INFO:colcon.colcon_core.shell:Creating environment hook '/home/vini_dunker/COSMOS-AFS/cosmos_ws/install/cosmos_interfaces/share/cosmos_interfaces/hook/ld_library_path_lib.ps1'
[1.714s] INFO:colcon.colcon_core.shell:Creating environment descriptor '/home/vini_dunker/COSMOS-AFS/cosmos_ws/install/cosmos_interfaces/share/cosmos_interfaces/hook/ld_library_path_lib.dsv'
[1.715s] INFO:colcon.colcon_core.shell:Creating environment hook '/home/vini_dunker/COSMOS-AFS/cosmos_ws/install/cosmos_interfaces/share/cosmos_interfaces/hook/ld_library_path_lib.sh'
[1.715s] Level 1:colcon.colcon_core.environment:checking '/home/vini_dunker/COSMOS-AFS/cosmos_ws/install/cosmos_interfaces/bin'
[1.715s] Level 1:colcon.colcon_core.environment:checking '/home/vini_dunker/COSMOS-AFS/cosmos_ws/install/cosmos_interfaces/lib/pkgconfig/cosmos_interfaces.pc'
[1.716s] Level 1:colcon.colcon_core.environment:checking '/home/vini_dunker/COSMOS-AFS/cosmos_ws/install/cosmos_interfaces/lib/python3.10/site-packages'
[1.716s] Level 1:colcon.colcon_core.environment:checking '/home/vini_dunker/COSMOS-AFS/cosmos_ws/install/cosmos_interfaces/bin'
[1.718s] INFO:colcon.colcon_core.shell:Creating package script '/home/vini_dunker/COSMOS-AFS/cosmos_ws/install/cosmos_interfaces/share/cosmos_interfaces/package.ps1'
[1.719s] INFO:colcon.colcon_core.shell:Creating package descriptor '/home/vini_dunker/COSMOS-AFS/cosmos_ws/install/cosmos_interfaces/share/cosmos_interfaces/package.dsv'
[1.720s] INFO:colcon.colcon_core.shell:Creating package script '/home/vini_dunker/COSMOS-AFS/cosmos_ws/install/cosmos_interfaces/share/cosmos_interfaces/package.sh'
[1.720s] INFO:colcon.colcon_core.shell:Creating package script '/home/vini_dunker/COSMOS-AFS/cosmos_ws/install/cosmos_interfaces/share/cosmos_interfaces/package.bash'
[1.721s] INFO:colcon.colcon_core.shell:Creating package script '/home/vini_dunker/COSMOS-AFS/cosmos_ws/install/cosmos_interfaces/share/cosmos_interfaces/package.zsh'
[1.721s] Level 1:colcon.colcon_core.environment:create_file_with_runtime_dependencies(/home/vini_dunker/COSMOS-AFS/cosmos_ws/install/cosmos_interfaces/share/colcon-core/packages/cosmos_interfaces)
[1.725s] INFO:colcon.colcon_ros.task.ament_cmake.build:Building ROS package in '/home/vini_dunker/COSMOS-AFS/cosmos_ws/src/attitude_control_pkg' with build type 'ament_cmake'
[1.726s] INFO:colcon.colcon_cmake.task.cmake.build:Building CMake package in '/home/vini_dunker/COSMOS-AFS/cosmos_ws/src/attitude_control_pkg'
[1.727s] INFO:colcon.colcon_core.shell:Skip shell extension 'powershell' for command environment: Not usable outside of PowerShell
[1.728s] DEBUG:colcon.colcon_core.shell:Skip shell extension 'dsv' for command environment
[1.730s] DEBUG:colcon.colcon_core.event_handler.log_command:Invoking command in '/home/vini_dunker/COSMOS-AFS/cosmos_ws/src/sensors_pkg': PYTHONPATH=/home/vini_dunker/COSMOS-AFS/cosmos_ws/build/sensors_pkg/prefix_override:/home/vini_dunker/COSMOS-AFS/cosmos_ws/install/sensors_pkg/lib/python3.10/site-packages:${PYTHONPATH} /usr/bin/python3 setup.py egg_info --egg-base ../../build/sensors_pkg build --build-base /home/vini_dunker/COSMOS-AFS/cosmos_ws/build/sensors_pkg/build install --record /home/vini_dunker/COSMOS-AFS/cosmos_ws/build/sensors_pkg/install.log --single-version-externally-managed
[1.742s] INFO:colcon.colcon_ros.task.ament_python.build:Building ROS package in '/home/vini_dunker/COSMOS-AFS/cosmos_ws/src/communication_pkg' with build type 'ament_python'
[1.742s] Level 1:colcon.colcon_core.shell:create_environment_hook('communication_pkg', 'ament_prefix_path')
[1.745s] INFO:colcon.colcon_core.shell:Creating environment hook '/home/vini_dunker/COSMOS-AFS/cosmos_ws/install/communication_pkg/share/communication_pkg/hook/ament_prefix_path.ps1'
[1.745s] INFO:colcon.colcon_core.shell:Creating environment descriptor '/home/vini_dunker/COSMOS-AFS/cosmos_ws/install/communication_pkg/share/communication_pkg/hook/ament_prefix_path.dsv'
[1.746s] INFO:colcon.colcon_core.shell:Creating environment hook '/home/vini_dunker/COSMOS-AFS/cosmos_ws/install/communication_pkg/share/communication_pkg/hook/ament_prefix_path.sh'
[1.748s] INFO:colcon.colcon_core.shell:Skip shell extension 'powershell' for command environment: Not usable outside of PowerShell
[1.748s] DEBUG:colcon.colcon_core.shell:Skip shell extension 'dsv' for command environment
[1.763s] INFO:colcon.colcon_ros.task.ament_cmake.build:Building ROS package in '/home/vini_dunker/COSMOS-AFS/cosmos_ws/src/state_machine_pkg' with build type 'ament_cmake'
[1.763s] INFO:colcon.colcon_cmake.task.cmake.build:Building CMake package in '/home/vini_dunker/COSMOS-AFS/cosmos_ws/src/state_machine_pkg'
[1.765s] INFO:colcon.colcon_core.shell:Skip shell extension 'powershell' for command environment: Not usable outside of PowerShell
[1.766s] DEBUG:colcon.colcon_core.shell:Skip shell extension 'dsv' for command environment
[1.906s] DEBUG:colcon.colcon_core.event_handler.log_command:Invoking command in '/home/vini_dunker/COSMOS-AFS/cosmos_ws/build/attitude_control_pkg': CMAKE_PREFIX_PATH=/home/vini_dunker/COSMOS-AFS/cosmos_ws/install/cosmos_interfaces:/home/vini_dunker/udemy_ws/install/udemy_bringup:/home/vini_dunker/udemy_ws/install/my_cpp_pkg:/home/vini_dunker/udemy_ws/install/udemy_interfaces:/home/vini_dunker/udemy_ws/install/px4_ros_com:/home/vini_dunker/udemy_ws/install/px4_msgs:/home/vini_dunker/COSMOS-AFS/cosmos_ws/install/cosmos_bringup:/home/vini_dunker/COSMOS-AFS/cosmos_ws/install/state_machine_pkg:/home/vini_dunker/COSMOS-AFS/cosmos_ws/install/attitude_control_pkg:/home/vini_dunker/MRT-19/ros_drone_ws/install/drone_control:/home/vini_dunker/udemy_ws/install/my_py_pkg:/home/vini_dunker/COSMOS-AFS/cosmos_ws/install/sensors_pkg:/home/vini_dunker/COSMOS-AFS/cosmos_ws/install/kinematics_pkg:/home/vini_dunker/COSMOS-AFS/cosmos_ws/install/communication_pkg:/home/vini_dunker/COSMOS-AFS/cosmos_ws/install/camera_pkg:/home/vini_dunker/COSMOS-AFS/cosmos_ws/install/attitude_service_pkg:/home/vini_dunker/Automation/mrt19ROS_ws/install/traverse_state_pkg:/home/vini_dunker/Automation/mrt19ROS_ws/install/state_machine_pkg:/home/vini_dunker/Automation/mrt19ROS_ws/install/mrt19_pkg:/home/vini_dunker/Automation/mrt19ROS_ws/install/drum_pkg:/home/vini_dunker/Automation/mrt19ROS_ws/install/data_acquition_pkg:/home/vini_dunker/mrt_ws/install/traverse_stage:/home/vini_dunker/mrt_ws/install/state_machine:/home/vini_dunker/mrt_ws/install/data_acquisition:/opt/ros/humble LD_LIBRARY_PATH=/home/vini_dunker/COSMOS-AFS/cosmos_ws/install/cosmos_interfaces/lib:/home/vini_dunker/udemy_ws/install/udemy_interfaces/lib:/home/vini_dunker/udemy_ws/install/px4_ros_com/lib:/home/vini_dunker/udemy_ws/install/px4_msgs/lib:/opt/ros/humble/opt/rviz_ogre_vendor/lib:/opt/ros/humble/lib/x86_64-linux-gnu:/opt/ros/humble/lib /usr/bin/cmake --build /home/vini_dunker/COSMOS-AFS/cosmos_ws/build/attitude_control_pkg -- -j12 -l12
[2.204s] INFO:colcon.colcon_core.task.python.build:Building Python package in '/home/vini_dunker/COSMOS-AFS/cosmos_ws/src/communication_pkg'
[2.206s] INFO:colcon.colcon_core.shell:Skip shell extension 'powershell' for command environment: Not usable outside of PowerShell
[2.206s] DEBUG:colcon.colcon_core.shell:Skip shell extension 'dsv' for command environment
[2.216s] DEBUG:colcon.colcon_core.event_handler.log_command:Invoked command in '/home/vini_dunker/COSMOS-AFS/cosmos_ws/build/attitude_control_pkg' returned '0': CMAKE_PREFIX_PATH=/home/vini_dunker/COSMOS-AFS/cosmos_ws/install/cosmos_interfaces:/home/vini_dunker/udemy_ws/install/udemy_bringup:/home/vini_dunker/udemy_ws/install/my_cpp_pkg:/home/vini_dunker/udemy_ws/install/udemy_interfaces:/home/vini_dunker/udemy_ws/install/px4_ros_com:/home/vini_dunker/udemy_ws/install/px4_msgs:/home/vini_dunker/COSMOS-AFS/cosmos_ws/install/cosmos_bringup:/home/vini_dunker/COSMOS-AFS/cosmos_ws/install/state_machine_pkg:/home/vini_dunker/COSMOS-AFS/cosmos_ws/install/attitude_control_pkg:/home/vini_dunker/MRT-19/ros_drone_ws/install/drone_control:/home/vini_dunker/udemy_ws/install/my_py_pkg:/home/vini_dunker/COSMOS-AFS/cosmos_ws/install/sensors_pkg:/home/vini_dunker/COSMOS-AFS/cosmos_ws/install/kinematics_pkg:/home/vini_dunker/COSMOS-AFS/cosmos_ws/install/communication_pkg:/home/vini_dunker/COSMOS-AFS/cosmos_ws/install/camera_pkg:/home/vini_dunker/COSMOS-AFS/cosmos_ws/install/attitude_service_pkg:/home/vini_dunker/Automation/mrt19ROS_ws/install/traverse_state_pkg:/home/vini_dunker/Automation/mrt19ROS_ws/install/state_machine_pkg:/home/vini_dunker/Automation/mrt19ROS_ws/install/mrt19_pkg:/home/vini_dunker/Automation/mrt19ROS_ws/install/drum_pkg:/home/vini_dunker/Automation/mrt19ROS_ws/install/data_acquition_pkg:/home/vini_dunker/mrt_ws/install/traverse_stage:/home/vini_dunker/mrt_ws/install/state_machine:/home/vini_dunker/mrt_ws/install/data_acquisition:/opt/ros/humble LD_LIBRARY_PATH=/home/vini_dunker/COSMOS-AFS/cosmos_ws/install/cosmos_interfaces/lib:/home/vini_dunker/udemy_ws/install/udemy_interfaces/lib:/home/vini_dunker/udemy_ws/install/px4_ros_com/lib:/home/vini_dunker/udemy_ws/install/px4_msgs/lib:/opt/ros/humble/opt/rviz_ogre_vendor/lib:/opt/ros/humble/lib/x86_64-linux-gnu:/opt/ros/humble/lib /usr/bin/cmake --build /home/vini_dunker/COSMOS-AFS/cosmos_ws/build/attitude_control_pkg -- -j12 -l12
[2.218s] Level 1:colcon.colcon_core.environment:checking '/home/vini_dunker/COSMOS-AFS/cosmos_ws/install/camera_pkg' for CMake module files
[2.219s] DEBUG:colcon.colcon_core.event_handler.log_command:Invoked command in '/home/vini_dunker/COSMOS-AFS/cosmos_ws/src/camera_pkg' returned '0': PYTHONPATH=/home/vini_dunker/COSMOS-AFS/cosmos_ws/build/camera_pkg/prefix_override:/home/vini_dunker/COSMOS-AFS/cosmos_ws/install/camera_pkg/lib/python3.10/site-packages:${PYTHONPATH} /usr/bin/python3 setup.py egg_info --egg-base ../../build/camera_pkg build --build-base /home/vini_dunker/COSMOS-AFS/cosmos_ws/build/camera_pkg/build install --record /home/vini_dunker/COSMOS-AFS/cosmos_ws/build/camera_pkg/install.log --single-version-externally-managed
[2.219s] Level 1:colcon.colcon_core.environment:checking '/home/vini_dunker/COSMOS-AFS/cosmos_ws/install/camera_pkg' for CMake config files
[2.220s] Level 1:colcon.colcon_core.environment:checking '/home/vini_dunker/COSMOS-AFS/cosmos_ws/install/camera_pkg/lib'
[2.220s] Level 1:colcon.colcon_core.environment:checking '/home/vini_dunker/COSMOS-AFS/cosmos_ws/install/camera_pkg/bin'
[2.220s] Level 1:colcon.colcon_core.environment:checking '/home/vini_dunker/COSMOS-AFS/cosmos_ws/install/camera_pkg/lib/pkgconfig/camera_pkg.pc'
[2.220s] Level 1:colcon.colcon_core.environment:checking '/home/vini_dunker/COSMOS-AFS/cosmos_ws/install/camera_pkg/lib/python3.10/site-packages'
[2.220s] Level 1:colcon.colcon_core.shell:create_environment_hook('camera_pkg', 'pythonpath')
[2.222s] INFO:colcon.colcon_core.shell:Creating environment hook '/home/vini_dunker/COSMOS-AFS/cosmos_ws/install/camera_pkg/share/camera_pkg/hook/pythonpath.ps1'
[2.222s] INFO:colcon.colcon_core.shell:Creating environment descriptor '/home/vini_dunker/COSMOS-AFS/cosmos_ws/install/camera_pkg/share/camera_pkg/hook/pythonpath.dsv'
[2.223s] INFO:colcon.colcon_core.shell:Creating environment hook '/home/vini_dunker/COSMOS-AFS/cosmos_ws/install/camera_pkg/share/camera_pkg/hook/pythonpath.sh'
[2.223s] Level 1:colcon.colcon_core.environment:checking '/home/vini_dunker/COSMOS-AFS/cosmos_ws/install/camera_pkg/bin'
[2.223s] Level 1:colcon.colcon_core.environment:create_environment_scripts_only(camera_pkg)
[2.225s] INFO:colcon.colcon_core.shell:Creating package script '/home/vini_dunker/COSMOS-AFS/cosmos_ws/install/camera_pkg/share/camera_pkg/package.ps1'
[2.226s] INFO:colcon.colcon_core.shell:Creating package descriptor '/home/vini_dunker/COSMOS-AFS/cosmos_ws/install/camera_pkg/share/camera_pkg/package.dsv'
[2.226s] INFO:colcon.colcon_core.shell:Creating package script '/home/vini_dunker/COSMOS-AFS/cosmos_ws/install/camera_pkg/share/camera_pkg/package.sh'
[2.227s] INFO:colcon.colcon_core.shell:Creating package script '/home/vini_dunker/COSMOS-AFS/cosmos_ws/install/camera_pkg/share/camera_pkg/package.bash'
[2.227s] INFO:colcon.colcon_core.shell:Creating package script '/home/vini_dunker/COSMOS-AFS/cosmos_ws/install/camera_pkg/share/camera_pkg/package.zsh'
[2.227s] Level 1:colcon.colcon_core.environment:create_file_with_runtime_dependencies(/home/vini_dunker/COSMOS-AFS/cosmos_ws/install/camera_pkg/share/colcon-core/packages/camera_pkg)
[2.230s] Level 1:colcon.colcon_core.environment:checking '/home/vini_dunker/COSMOS-AFS/cosmos_ws/install/kinematics_pkg' for CMake module files
[2.233s] Level 1:colcon.colcon_core.environment:checking '/home/vini_dunker/COSMOS-AFS/cosmos_ws/install/kinematics_pkg' for CMake config files
[2.233s] DEBUG:colcon.colcon_core.event_handler.log_command:Invoked command in '/home/vini_dunker/COSMOS-AFS/cosmos_ws/src/kinematics_pkg' returned '0': PYTHONPATH=/home/vini_dunker/COSMOS-AFS/cosmos_ws/build/kinematics_pkg/prefix_override:/home/vini_dunker/COSMOS-AFS/cosmos_ws/install/kinematics_pkg/lib/python3.10/site-packages:${PYTHONPATH} /usr/bin/python3 setup.py egg_info --egg-base ../../build/kinematics_pkg build --build-base /home/vini_dunker/COSMOS-AFS/cosmos_ws/build/kinematics_pkg/build install --record /home/vini_dunker/COSMOS-AFS/cosmos_ws/build/kinematics_pkg/install.log --single-version-externally-managed
[2.235s] Level 1:colcon.colcon_core.environment:checking '/home/vini_dunker/COSMOS-AFS/cosmos_ws/install/kinematics_pkg/lib'
[2.235s] Level 1:colcon.colcon_core.environment:checking '/home/vini_dunker/COSMOS-AFS/cosmos_ws/install/kinematics_pkg/bin'
[2.235s] Level 1:colcon.colcon_core.environment:checking '/home/vini_dunker/COSMOS-AFS/cosmos_ws/install/kinematics_pkg/lib/pkgconfig/kinematics_pkg.pc'
[2.235s] Level 1:colcon.colcon_core.environment:checking '/home/vini_dunker/COSMOS-AFS/cosmos_ws/install/kinematics_pkg/lib/python3.10/site-packages'
[2.235s] Level 1:colcon.colcon_core.shell:create_environment_hook('kinematics_pkg', 'pythonpath')
[2.236s] INFO:colcon.colcon_core.shell:Creating environment hook '/home/vini_dunker/COSMOS-AFS/cosmos_ws/install/kinematics_pkg/share/kinematics_pkg/hook/pythonpath.ps1'
[2.237s] INFO:colcon.colcon_core.shell:Creating environment descriptor '/home/vini_dunker/COSMOS-AFS/cosmos_ws/install/kinematics_pkg/share/kinematics_pkg/hook/pythonpath.dsv'
[2.237s] INFO:colcon.colcon_core.shell:Creating environment hook '/home/vini_dunker/COSMOS-AFS/cosmos_ws/install/kinematics_pkg/share/kinematics_pkg/hook/pythonpath.sh'
[2.237s] Level 1:colcon.colcon_core.environment:checking '/home/vini_dunker/COSMOS-AFS/cosmos_ws/install/kinematics_pkg/bin'
[2.237s] Level 1:colcon.colcon_core.environment:create_environment_scripts_only(kinematics_pkg)
[2.239s] INFO:colcon.colcon_core.shell:Creating package script '/home/vini_dunker/COSMOS-AFS/cosmos_ws/install/kinematics_pkg/share/kinematics_pkg/package.ps1'
[2.239s] INFO:colcon.colcon_core.shell:Creating package descriptor '/home/vini_dunker/COSMOS-AFS/cosmos_ws/install/kinematics_pkg/share/kinematics_pkg/package.dsv'
[2.239s] INFO:colcon.colcon_core.shell:Creating package script '/home/vini_dunker/COSMOS-AFS/cosmos_ws/install/kinematics_pkg/share/kinematics_pkg/package.sh'
[2.240s] INFO:colcon.colcon_core.shell:Creating package script '/home/vini_dunker/COSMOS-AFS/cosmos_ws/install/kinematics_pkg/share/kinematics_pkg/package.bash'
[2.240s] INFO:colcon.colcon_core.shell:Creating package script '/home/vini_dunker/COSMOS-AFS/cosmos_ws/install/kinematics_pkg/share/kinematics_pkg/package.zsh'
[2.240s] Level 1:colcon.colcon_core.environment:create_file_with_runtime_dependencies(/home/vini_dunker/COSMOS-AFS/cosmos_ws/install/kinematics_pkg/share/colcon-core/packages/kinematics_pkg)
[2.247s] Level 1:colcon.colcon_core.environment:checking '/home/vini_dunker/COSMOS-AFS/cosmos_ws/install/sensors_pkg' for CMake module files
[2.248s] Level 1:colcon.colcon_core.environment:checking '/home/vini_dunker/COSMOS-AFS/cosmos_ws/install/sensors_pkg' for CMake config files
[2.249s] DEBUG:colcon.colcon_core.event_handler.log_command:Invoking command in '/home/vini_dunker/COSMOS-AFS/cosmos_ws/build/state_machine_pkg': CMAKE_PREFIX_PATH=/home/vini_dunker/COSMOS-AFS/cosmos_ws/install/cosmos_interfaces:/home/vini_dunker/udemy_ws/install/udemy_bringup:/home/vini_dunker/udemy_ws/install/my_cpp_pkg:/home/vini_dunker/udemy_ws/install/udemy_interfaces:/home/vini_dunker/udemy_ws/install/px4_ros_com:/home/vini_dunker/udemy_ws/install/px4_msgs:/home/vini_dunker/COSMOS-AFS/cosmos_ws/install/cosmos_bringup:/home/vini_dunker/COSMOS-AFS/cosmos_ws/install/state_machine_pkg:/home/vini_dunker/COSMOS-AFS/cosmos_ws/install/attitude_control_pkg:/home/vini_dunker/MRT-19/ros_drone_ws/install/drone_control:/home/vini_dunker/udemy_ws/install/my_py_pkg:/home/vini_dunker/COSMOS-AFS/cosmos_ws/install/sensors_pkg:/home/vini_dunker/COSMOS-AFS/cosmos_ws/install/kinematics_pkg:/home/vini_dunker/COSMOS-AFS/cosmos_ws/install/communication_pkg:/home/vini_dunker/COSMOS-AFS/cosmos_ws/install/camera_pkg:/home/vini_dunker/COSMOS-AFS/cosmos_ws/install/attitude_service_pkg:/home/vini_dunker/Automation/mrt19ROS_ws/install/traverse_state_pkg:/home/vini_dunker/Automation/mrt19ROS_ws/install/state_machine_pkg:/home/vini_dunker/Automation/mrt19ROS_ws/install/mrt19_pkg:/home/vini_dunker/Automation/mrt19ROS_ws/install/drum_pkg:/home/vini_dunker/Automation/mrt19ROS_ws/install/data_acquition_pkg:/home/vini_dunker/mrt_ws/install/traverse_stage:/home/vini_dunker/mrt_ws/install/state_machine:/home/vini_dunker/mrt_ws/install/data_acquisition:/opt/ros/humble LD_LIBRARY_PATH=/home/vini_dunker/COSMOS-AFS/cosmos_ws/install/cosmos_interfaces/lib:/home/vini_dunker/udemy_ws/install/udemy_interfaces/lib:/home/vini_dunker/udemy_ws/install/px4_ros_com/lib:/home/vini_dunker/udemy_ws/install/px4_msgs/lib:/opt/ros/humble/opt/rviz_ogre_vendor/lib:/opt/ros/humble/lib/x86_64-linux-gnu:/opt/ros/humble/lib /usr/bin/cmake --build /home/vini_dunker/COSMOS-AFS/cosmos_ws/build/state_machine_pkg -- -j12 -l12
[2.249s] DEBUG:colcon.colcon_core.event_handler.log_command:Invoked command in '/home/vini_dunker/COSMOS-AFS/cosmos_ws/src/sensors_pkg' returned '0': PYTHONPATH=/home/vini_dunker/COSMOS-AFS/cosmos_ws/build/sensors_pkg/prefix_override:/home/vini_dunker/COSMOS-AFS/cosmos_ws/install/sensors_pkg/lib/python3.10/site-packages:${PYTHONPATH} /usr/bin/python3 setup.py egg_info --egg-base ../../build/sensors_pkg build --build-base /home/vini_dunker/COSMOS-AFS/cosmos_ws/build/sensors_pkg/build install --record /home/vini_dunker/COSMOS-AFS/cosmos_ws/build/sensors_pkg/install.log --single-version-externally-managed
[2.250s] Level 1:colcon.colcon_core.environment:checking '/home/vini_dunker/COSMOS-AFS/cosmos_ws/install/sensors_pkg/lib'
[2.250s] Level 1:colcon.colcon_core.environment:checking '/home/vini_dunker/COSMOS-AFS/cosmos_ws/install/sensors_pkg/bin'
[2.250s] Level 1:colcon.colcon_core.environment:checking '/home/vini_dunker/COSMOS-AFS/cosmos_ws/install/sensors_pkg/lib/pkgconfig/sensors_pkg.pc'
[2.250s] Level 1:colcon.colcon_core.environment:checking '/home/vini_dunker/COSMOS-AFS/cosmos_ws/install/sensors_pkg/lib/python3.10/site-packages'
[2.250s] Level 1:colcon.colcon_core.shell:create_environment_hook('sensors_pkg', 'pythonpath')
[2.251s] INFO:colcon.colcon_core.shell:Creating environment hook '/home/vini_dunker/COSMOS-AFS/cosmos_ws/install/sensors_pkg/share/sensors_pkg/hook/pythonpath.ps1'
[2.252s] INFO:colcon.colcon_core.shell:Creating environment descriptor '/home/vini_dunker/COSMOS-AFS/cosmos_ws/install/sensors_pkg/share/sensors_pkg/hook/pythonpath.dsv'
[2.253s] INFO:colcon.colcon_core.shell:Creating environment hook '/home/vini_dunker/COSMOS-AFS/cosmos_ws/install/sensors_pkg/share/sensors_pkg/hook/pythonpath.sh'
[2.254s] Level 1:colcon.colcon_core.environment:checking '/home/vini_dunker/COSMOS-AFS/cosmos_ws/install/sensors_pkg/bin'
[2.254s] Level 1:colcon.colcon_core.environment:create_environment_scripts_only(sensors_pkg)
[2.256s] INFO:colcon.colcon_core.shell:Creating package script '/home/vini_dunker/COSMOS-AFS/cosmos_ws/install/sensors_pkg/share/sensors_pkg/package.ps1'
[2.257s] INFO:colcon.colcon_core.shell:Creating package descriptor '/home/vini_dunker/COSMOS-AFS/cosmos_ws/install/sensors_pkg/share/sensors_pkg/package.dsv'
[2.257s] INFO:colcon.colcon_core.shell:Creating package script '/home/vini_dunker/COSMOS-AFS/cosmos_ws/install/sensors_pkg/share/sensors_pkg/package.sh'
[2.258s] INFO:colcon.colcon_core.shell:Creating package script '/home/vini_dunker/COSMOS-AFS/cosmos_ws/install/sensors_pkg/share/sensors_pkg/package.bash'
[2.258s] INFO:colcon.colcon_core.shell:Creating package script '/home/vini_dunker/COSMOS-AFS/cosmos_ws/install/sensors_pkg/share/sensors_pkg/package.zsh'
[2.259s] Level 1:colcon.colcon_core.environment:create_file_with_runtime_dependencies(/home/vini_dunker/COSMOS-AFS/cosmos_ws/install/sensors_pkg/share/colcon-core/packages/sensors_pkg)
[2.265s] DEBUG:colcon.colcon_core.event_handler.log_command:Invoking command in '/home/vini_dunker/COSMOS-AFS/cosmos_ws/build/attitude_control_pkg': CMAKE_PREFIX_PATH=/home/vini_dunker/COSMOS-AFS/cosmos_ws/install/cosmos_interfaces:/home/vini_dunker/udemy_ws/install/udemy_bringup:/home/vini_dunker/udemy_ws/install/my_cpp_pkg:/home/vini_dunker/udemy_ws/install/udemy_interfaces:/home/vini_dunker/udemy_ws/install/px4_ros_com:/home/vini_dunker/udemy_ws/install/px4_msgs:/home/vini_dunker/COSMOS-AFS/cosmos_ws/install/cosmos_bringup:/home/vini_dunker/COSMOS-AFS/cosmos_ws/install/state_machine_pkg:/home/vini_dunker/COSMOS-AFS/cosmos_ws/install/attitude_control_pkg:/home/vini_dunker/MRT-19/ros_drone_ws/install/drone_control:/home/vini_dunker/udemy_ws/install/my_py_pkg:/home/vini_dunker/COSMOS-AFS/cosmos_ws/install/sensors_pkg:/home/vini_dunker/COSMOS-AFS/cosmos_ws/install/kinematics_pkg:/home/vini_dunker/COSMOS-AFS/cosmos_ws/install/communication_pkg:/home/vini_dunker/COSMOS-AFS/cosmos_ws/install/camera_pkg:/home/vini_dunker/COSMOS-AFS/cosmos_ws/install/attitude_service_pkg:/home/vini_dunker/Automation/mrt19ROS_ws/install/traverse_state_pkg:/home/vini_dunker/Automation/mrt19ROS_ws/install/state_machine_pkg:/home/vini_dunker/Automation/mrt19ROS_ws/install/mrt19_pkg:/home/vini_dunker/Automation/mrt19ROS_ws/install/drum_pkg:/home/vini_dunker/Automation/mrt19ROS_ws/install/data_acquition_pkg:/home/vini_dunker/mrt_ws/install/traverse_stage:/home/vini_dunker/mrt_ws/install/state_machine:/home/vini_dunker/mrt_ws/install/data_acquisition:/opt/ros/humble LD_LIBRARY_PATH=/home/vini_dunker/COSMOS-AFS/cosmos_ws/install/cosmos_interfaces/lib:/home/vini_dunker/udemy_ws/install/udemy_interfaces/lib:/home/vini_dunker/udemy_ws/install/px4_ros_com/lib:/home/vini_dunker/udemy_ws/install/px4_msgs/lib:/opt/ros/humble/opt/rviz_ogre_vendor/lib:/opt/ros/humble/lib/x86_64-linux-gnu:/opt/ros/humble/lib /usr/bin/cmake --install /home/vini_dunker/COSMOS-AFS/cosmos_ws/build/attitude_control_pkg
[2.288s] Level 1:colcon.colcon_core.environment:create_environment_scripts_only(attitude_control_pkg)
[2.288s] DEBUG:colcon.colcon_core.event_handler.log_command:Invoked command in '/home/vini_dunker/COSMOS-AFS/cosmos_ws/build/attitude_control_pkg' returned '0': CMAKE_PREFIX_PATH=/home/vini_dunker/COSMOS-AFS/cosmos_ws/install/cosmos_interfaces:/home/vini_dunker/udemy_ws/install/udemy_bringup:/home/vini_dunker/udemy_ws/install/my_cpp_pkg:/home/vini_dunker/udemy_ws/install/udemy_interfaces:/home/vini_dunker/udemy_ws/install/px4_ros_com:/home/vini_dunker/udemy_ws/install/px4_msgs:/home/vini_dunker/COSMOS-AFS/cosmos_ws/install/cosmos_bringup:/home/vini_dunker/COSMOS-AFS/cosmos_ws/install/state_machine_pkg:/home/vini_dunker/COSMOS-AFS/cosmos_ws/install/attitude_control_pkg:/home/vini_dunker/MRT-19/ros_drone_ws/install/drone_control:/home/vini_dunker/udemy_ws/install/my_py_pkg:/home/vini_dunker/COSMOS-AFS/cosmos_ws/install/sensors_pkg:/home/vini_dunker/COSMOS-AFS/cosmos_ws/install/kinematics_pkg:/home/vini_dunker/COSMOS-AFS/cosmos_ws/install/communication_pkg:/home/vini_dunker/COSMOS-AFS/cosmos_ws/install/camera_pkg:/home/vini_dunker/COSMOS-AFS/cosmos_ws/install/attitude_service_pkg:/home/vini_dunker/Automation/mrt19ROS_ws/install/traverse_state_pkg:/home/vini_dunker/Automation/mrt19ROS_ws/install/state_machine_pkg:/home/vini_dunker/Automation/mrt19ROS_ws/install/mrt19_pkg:/home/vini_dunker/Automation/mrt19ROS_ws/install/drum_pkg:/home/vini_dunker/Automation/mrt19ROS_ws/install/data_acquition_pkg:/home/vini_dunker/mrt_ws/install/traverse_stage:/home/vini_dunker/mrt_ws/install/state_machine:/home/vini_dunker/mrt_ws/install/data_acquisition:/opt/ros/humble LD_LIBRARY_PATH=/home/vini_dunker/COSMOS-AFS/cosmos_ws/install/cosmos_interfaces/lib:/home/vini_dunker/udemy_ws/install/udemy_interfaces/lib:/home/vini_dunker/udemy_ws/install/px4_ros_com/lib:/home/vini_dunker/udemy_ws/install/px4_msgs/lib:/opt/ros/humble/opt/rviz_ogre_vendor/lib:/opt/ros/humble/lib/x86_64-linux-gnu:/opt/ros/humble/lib /usr/bin/cmake --install /home/vini_dunker/COSMOS-AFS/cosmos_ws/build/attitude_control_pkg
[2.292s] Level 1:colcon.colcon_core.environment:checking '/home/vini_dunker/COSMOS-AFS/cosmos_ws/install/attitude_control_pkg' for CMake module files
[2.293s] Level 1:colcon.colcon_core.environment:checking '/home/vini_dunker/COSMOS-AFS/cosmos_ws/install/attitude_control_pkg' for CMake config files
[2.293s] Level 1:colcon.colcon_core.shell:create_environment_hook('attitude_control_pkg', 'cmake_prefix_path')
[2.295s] INFO:colcon.colcon_core.shell:Creating environment hook '/home/vini_dunker/COSMOS-AFS/cosmos_ws/install/attitude_control_pkg/share/attitude_control_pkg/hook/cmake_prefix_path.ps1'
[2.297s] INFO:colcon.colcon_core.shell:Creating environment descriptor '/home/vini_dunker/COSMOS-AFS/cosmos_ws/install/attitude_control_pkg/share/attitude_control_pkg/hook/cmake_prefix_path.dsv'
[2.297s] INFO:colcon.colcon_core.shell:Creating environment hook '/home/vini_dunker/COSMOS-AFS/cosmos_ws/install/attitude_control_pkg/share/attitude_control_pkg/hook/cmake_prefix_path.sh'
[2.298s] Level 1:colcon.colcon_core.environment:checking '/home/vini_dunker/COSMOS-AFS/cosmos_ws/install/attitude_control_pkg/lib'
[2.299s] Level 1:colcon.colcon_core.environment:checking '/home/vini_dunker/COSMOS-AFS/cosmos_ws/install/attitude_control_pkg/bin'
[2.299s] Level 1:colcon.colcon_core.environment:checking '/home/vini_dunker/COSMOS-AFS/cosmos_ws/install/attitude_control_pkg/lib/pkgconfig/attitude_control_pkg.pc'
[2.299s] Level 1:colcon.colcon_core.environment:checking '/home/vini_dunker/COSMOS-AFS/cosmos_ws/install/attitude_control_pkg/lib/python3.10/site-packages'
[2.300s] Level 1:colcon.colcon_core.environment:checking '/home/vini_dunker/COSMOS-AFS/cosmos_ws/install/attitude_control_pkg/bin'
[2.302s] INFO:colcon.colcon_core.shell:Creating package script '/home/vini_dunker/COSMOS-AFS/cosmos_ws/install/attitude_control_pkg/share/attitude_control_pkg/package.ps1'
[2.302s] INFO:colcon.colcon_core.shell:Creating package descriptor '/home/vini_dunker/COSMOS-AFS/cosmos_ws/install/attitude_control_pkg/share/attitude_control_pkg/package.dsv'
[2.303s] INFO:colcon.colcon_core.shell:Creating package script '/home/vini_dunker/COSMOS-AFS/cosmos_ws/install/attitude_control_pkg/share/attitude_control_pkg/package.sh'
[2.303s] INFO:colcon.colcon_core.shell:Creating package script '/home/vini_dunker/COSMOS-AFS/cosmos_ws/install/attitude_control_pkg/share/attitude_control_pkg/package.bash'
[2.304s] INFO:colcon.colcon_core.shell:Creating package script '/home/vini_dunker/COSMOS-AFS/cosmos_ws/install/attitude_control_pkg/share/attitude_control_pkg/package.zsh'
[2.304s] Level 1:colcon.colcon_core.environment:create_file_with_runtime_dependencies(/home/vini_dunker/COSMOS-AFS/cosmos_ws/install/attitude_control_pkg/share/colcon-core/packages/attitude_control_pkg)
[2.332s] Level 1:colcon.colcon_core.environment:create_environment_scripts_only(attitude_control_pkg)
[2.334s] Level 1:colcon.colcon_core.environment:checking '/home/vini_dunker/COSMOS-AFS/cosmos_ws/install/attitude_control_pkg' for CMake module files
[2.334s] Level 1:colcon.colcon_core.environment:checking '/home/vini_dunker/COSMOS-AFS/cosmos_ws/install/attitude_control_pkg' for CMake config files
[2.335s] Level 1:colcon.colcon_core.shell:create_environment_hook('attitude_control_pkg', 'cmake_prefix_path')
[2.337s] INFO:colcon.colcon_core.shell:Creating environment hook '/home/vini_dunker/COSMOS-AFS/cosmos_ws/install/attitude_control_pkg/share/attitude_control_pkg/hook/cmake_prefix_path.ps1'
[2.338s] INFO:colcon.colcon_core.shell:Creating environment descriptor '/home/vini_dunker/COSMOS-AFS/cosmos_ws/install/attitude_control_pkg/share/attitude_control_pkg/hook/cmake_prefix_path.dsv'
[2.339s] INFO:colcon.colcon_core.shell:Creating environment hook '/home/vini_dunker/COSMOS-AFS/cosmos_ws/install/attitude_control_pkg/share/attitude_control_pkg/hook/cmake_prefix_path.sh'
[2.340s] Level 1:colcon.colcon_core.environment:checking '/home/vini_dunker/COSMOS-AFS/cosmos_ws/install/attitude_control_pkg/lib'
[2.340s] Level 1:colcon.colcon_core.environment:checking '/home/vini_dunker/COSMOS-AFS/cosmos_ws/install/attitude_control_pkg/bin'
[2.340s] Level 1:colcon.colcon_core.environment:checking '/home/vini_dunker/COSMOS-AFS/cosmos_ws/install/attitude_control_pkg/lib/pkgconfig/attitude_control_pkg.pc'
[2.341s] Level 1:colcon.colcon_core.environment:checking '/home/vini_dunker/COSMOS-AFS/cosmos_ws/install/attitude_control_pkg/lib/python3.10/site-packages'
[2.341s] Level 1:colcon.colcon_core.environment:checking '/home/vini_dunker/COSMOS-AFS/cosmos_ws/install/attitude_control_pkg/bin'
[2.343s] INFO:colcon.colcon_core.shell:Creating package script '/home/vini_dunker/COSMOS-AFS/cosmos_ws/install/attitude_control_pkg/share/attitude_control_pkg/package.ps1'
[2.344s] INFO:colcon.colcon_core.shell:Creating package descriptor '/home/vini_dunker/COSMOS-AFS/cosmos_ws/install/attitude_control_pkg/share/attitude_control_pkg/package.dsv'
[2.344s] INFO:colcon.colcon_core.shell:Creating package script '/home/vini_dunker/COSMOS-AFS/cosmos_ws/install/attitude_control_pkg/share/attitude_control_pkg/package.sh'
[2.345s] INFO:colcon.colcon_core.shell:Creating package script '/home/vini_dunker/COSMOS-AFS/cosmos_ws/install/attitude_control_pkg/share/attitude_control_pkg/package.bash'
[2.345s] INFO:colcon.colcon_core.shell:Creating package script '/home/vini_dunker/COSMOS-AFS/cosmos_ws/install/attitude_control_pkg/share/attitude_control_pkg/package.zsh'
[2.346s] Level 1:colcon.colcon_core.environment:create_file_with_runtime_dependencies(/home/vini_dunker/COSMOS-AFS/cosmos_ws/install/attitude_control_pkg/share/colcon-core/packages/attitude_control_pkg)
[2.476s] DEBUG:colcon.colcon_core.event_handler.log_command:Invoked command in '/home/vini_dunker/COSMOS-AFS/cosmos_ws/build/state_machine_pkg' returned '2': CMAKE_PREFIX_PATH=/home/vini_dunker/COSMOS-AFS/cosmos_ws/install/cosmos_interfaces:/home/vini_dunker/udemy_ws/install/udemy_bringup:/home/vini_dunker/udemy_ws/install/my_cpp_pkg:/home/vini_dunker/udemy_ws/install/udemy_interfaces:/home/vini_dunker/udemy_ws/install/px4_ros_com:/home/vini_dunker/udemy_ws/install/px4_msgs:/home/vini_dunker/COSMOS-AFS/cosmos_ws/install/cosmos_bringup:/home/vini_dunker/COSMOS-AFS/cosmos_ws/install/state_machine_pkg:/home/vini_dunker/COSMOS-AFS/cosmos_ws/install/attitude_control_pkg:/home/vini_dunker/MRT-19/ros_drone_ws/install/drone_control:/home/vini_dunker/udemy_ws/install/my_py_pkg:/home/vini_dunker/COSMOS-AFS/cosmos_ws/install/sensors_pkg:/home/vini_dunker/COSMOS-AFS/cosmos_ws/install/kinematics_pkg:/home/vini_dunker/COSMOS-AFS/cosmos_ws/install/communication_pkg:/home/vini_dunker/COSMOS-AFS/cosmos_ws/install/camera_pkg:/home/vini_dunker/COSMOS-AFS/cosmos_ws/install/attitude_service_pkg:/home/vini_dunker/Automation/mrt19ROS_ws/install/traverse_state_pkg:/home/vini_dunker/Automation/mrt19ROS_ws/install/state_machine_pkg:/home/vini_dunker/Automation/mrt19ROS_ws/install/mrt19_pkg:/home/vini_dunker/Automation/mrt19ROS_ws/install/drum_pkg:/home/vini_dunker/Automation/mrt19ROS_ws/install/data_acquition_pkg:/home/vini_dunker/mrt_ws/install/traverse_stage:/home/vini_dunker/mrt_ws/install/state_machine:/home/vini_dunker/mrt_ws/install/data_acquisition:/opt/ros/humble LD_LIBRARY_PATH=/home/vini_dunker/COSMOS-AFS/cosmos_ws/install/cosmos_interfaces/lib:/home/vini_dunker/udemy_ws/install/udemy_interfaces/lib:/home/vini_dunker/udemy_ws/install/px4_ros_com/lib:/home/vini_dunker/udemy_ws/install/px4_msgs/lib:/opt/ros/humble/opt/rviz_ogre_vendor/lib:/opt/ros/humble/lib/x86_64-linux-gnu:/opt/ros/humble/lib /usr/bin/cmake --build /home/vini_dunker/COSMOS-AFS/cosmos_ws/build/state_machine_pkg -- -j12 -l12
[2.499s] Level 1:colcon.colcon_core.environment:create_environment_scripts_only(state_machine_pkg)
[2.501s] Level 1:colcon.colcon_core.environment:checking '/home/vini_dunker/COSMOS-AFS/cosmos_ws/install/state_machine_pkg' for CMake module files
[2.502s] Level 1:colcon.colcon_core.environment:checking '/home/vini_dunker/COSMOS-AFS/cosmos_ws/install/state_machine_pkg' for CMake config files
[2.502s] Level 1:colcon.colcon_core.environment:checking '/home/vini_dunker/COSMOS-AFS/cosmos_ws/install/state_machine_pkg/bin'
[2.502s] Level 1:colcon.colcon_core.environment:checking '/home/vini_dunker/COSMOS-AFS/cosmos_ws/install/state_machine_pkg/lib/pkgconfig/state_machine_pkg.pc'
[2.503s] Level 1:colcon.colcon_core.environment:checking '/home/vini_dunker/COSMOS-AFS/cosmos_ws/install/state_machine_pkg/lib/python3.10/site-packages'
[2.503s] Level 1:colcon.colcon_core.environment:checking '/home/vini_dunker/COSMOS-AFS/cosmos_ws/install/state_machine_pkg/bin'
[2.505s] INFO:colcon.colcon_core.shell:Creating package script '/home/vini_dunker/COSMOS-AFS/cosmos_ws/install/state_machine_pkg/share/state_machine_pkg/package.ps1'
[2.505s] INFO:colcon.colcon_core.shell:Creating package descriptor '/home/vini_dunker/COSMOS-AFS/cosmos_ws/install/state_machine_pkg/share/state_machine_pkg/package.dsv'
[2.506s] INFO:colcon.colcon_core.shell:Creating package script '/home/vini_dunker/COSMOS-AFS/cosmos_ws/install/state_machine_pkg/share/state_machine_pkg/package.sh'
[2.506s] INFO:colcon.colcon_core.shell:Creating package script '/home/vini_dunker/COSMOS-AFS/cosmos_ws/install/state_machine_pkg/share/state_machine_pkg/package.bash'
[2.507s] INFO:colcon.colcon_core.shell:Creating package script '/home/vini_dunker/COSMOS-AFS/cosmos_ws/install/state_machine_pkg/share/state_machine_pkg/package.zsh'
[2.507s] Level 1:colcon.colcon_core.environment:create_file_with_runtime_dependencies(/home/vini_dunker/COSMOS-AFS/cosmos_ws/install/state_machine_pkg/share/colcon-core/packages/state_machine_pkg)
[2.718s] DEBUG:colcon.colcon_parallel_executor.executor.parallel:closing loop
[2.718s] DEBUG:colcon.colcon_parallel_executor.executor.parallel:loop closed
[2.719s] DEBUG:colcon.colcon_parallel_executor.executor.parallel:run_until_complete finished with '2'
[2.719s] DEBUG:colcon.colcon_core.event_reactor:joining thread
[2.778s] INFO:colcon.colcon_core.plugin_system:Skipping extension 'colcon_notification.desktop_notification.notify_send': Could not find 'notify-send'
[2.778s] INFO:colcon.colcon_core.plugin_system:Skipping extension 'colcon_notification.desktop_notification.terminal_notifier': Not used on non-Darwin systems
[2.779s] INFO:colcon.colcon_core.plugin_system:Skipping extension 'colcon_notification.desktop_notification.win32': Not used on non-Windows systems
[2.779s] INFO:colcon.colcon_notification.desktop_notification:Sending desktop notification using 'notify2'
[2.785s] DEBUG:colcon.colcon_notification.desktop_notification.notify2:Failed to initialize notify2: org.freedesktop.DBus.Error.ServiceUnknown: The name org.freedesktop.Notifications was not provided by any .service files
[2.785s] DEBUG:colcon.colcon_core.event_reactor:joined thread
[2.788s] INFO:colcon.colcon_core.shell:Creating prefix script '/home/vini_dunker/COSMOS-AFS/cosmos_ws/install/local_setup.ps1'
[2.789s] INFO:colcon.colcon_core.shell:Creating prefix util module '/home/vini_dunker/COSMOS-AFS/cosmos_ws/install/_local_setup_util_ps1.py'
[2.790s] INFO:colcon.colcon_core.shell:Creating prefix chain script '/home/vini_dunker/COSMOS-AFS/cosmos_ws/install/setup.ps1'
[2.793s] INFO:colcon.colcon_core.shell:Creating prefix script '/home/vini_dunker/COSMOS-AFS/cosmos_ws/install/local_setup.sh'
[2.794s] INFO:colcon.colcon_core.shell:Creating prefix util module '/home/vini_dunker/COSMOS-AFS/cosmos_ws/install/_local_setup_util_sh.py'
[2.794s] INFO:colcon.colcon_core.shell:Creating prefix chain script '/home/vini_dunker/COSMOS-AFS/cosmos_ws/install/setup.sh'
[2.797s] INFO:colcon.colcon_core.shell:Creating prefix script '/home/vini_dunker/COSMOS-AFS/cosmos_ws/install/local_setup.bash'
[2.798s] INFO:colcon.colcon_core.shell:Creating prefix chain script '/home/vini_dunker/COSMOS-AFS/cosmos_ws/install/setup.bash'
[2.801s] INFO:colcon.colcon_core.shell:Creating prefix script '/home/vini_dunker/COSMOS-AFS/cosmos_ws/install/local_setup.zsh'
[2.802s] INFO:colcon.colcon_core.shell:Creating prefix chain script '/home/vini_dunker/COSMOS-AFS/cosmos_ws/install/setup.zsh'
