[0.771s] DEBUG:colcon:Command line arguments: ['/usr/bin/colcon', 'build']
[0.771s] DEBUG:colcon:Parsed command line arguments: Namespace(log_base=None, log_level=None, verb_name='build', build_base='build', install_base='install', merge_install=False, symlink_install=False, test_result_base=None, continue_on_error=False, executor='parallel', parallel_workers=12, event_handlers=None, ignore_user_meta=False, metas=['./colcon.meta'], base_paths=['.'], packages_ignore=None, packages_ignore_regex=None, paths=None, packages_up_to=None, packages_up_to_regex=None, packages_above=None, packages_above_and_dependencies=None, packages_above_depth=None, packages_select_by_dep=None, packages_skip_by_dep=None, packages_skip_up_to=None, packages_select_build_failed=False, packages_skip_build_finished=False, packages_select_test_failures=False, packages_skip_test_passed=False, packages_select=None, packages_skip=None, packages_select_regex=None, packages_skip_regex=None, packages_start=None, packages_end=None, allow_overriding=[], cmake_args=None, cmake_target=None, cmake_target_skip_unavailable=False, cmake_clean_cache=False, cmake_clean_first=False, cmake_force_configure=False, ament_cmake_args=None, catkin_cmake_args=None, catkin_skip_building_tests=False, verb_parser=<colcon_defaults.argument_parser.defaults.DefaultArgumentsDecorator object at 0x7f6e4e2f7e80>, verb_extension=<colcon_core.verb.build.BuildVerb object at 0x7f6e4e2f7910>, main=<bound method BuildVerb.main of <colcon_core.verb.build.BuildVerb object at 0x7f6e4e2f7910>>)
[0.814s] Level 1:colcon.colcon_core.package_discovery:discover_packages(colcon_meta) check parameters
[0.814s] Level 1:colcon.colcon_core.package_discovery:discover_packages(recursive) check parameters
[0.814s] Level 1:colcon.colcon_core.package_discovery:discover_packages(ignore) check parameters
[0.814s] Level 1:colcon.colcon_core.package_discovery:discover_packages(path) check parameters
[0.814s] Level 1:colcon.colcon_core.package_discovery:discover_packages(colcon_meta) discover
[0.814s] Level 1:colcon.colcon_core.package_discovery:discover_packages(recursive) discover
[0.814s] INFO:colcon.colcon_core.package_discovery:Crawling recursively for packages in '/home/vini_dunker/COSMOS-AFS/cosmos_ws'
[0.814s] Level 1:colcon.colcon_core.package_identification:_identify(.) by extensions ['ignore', 'ignore_ament_install']
[0.814s] Level 1:colcon.colcon_core.package_identification:_identify(.) by extension 'ignore'
[0.814s] Level 1:colcon.colcon_core.package_identification:_identify(.) by extension 'ignore_ament_install'
[0.815s] Level 1:colcon.colcon_core.package_identification:_identify(.) by extensions ['colcon_pkg']
[0.815s] Level 1:colcon.colcon_core.package_identification:_identify(.) by extension 'colcon_pkg'
[0.815s] Level 1:colcon.colcon_core.package_identification:_identify(.) by extensions ['colcon_meta']
[0.815s] Level 1:colcon.colcon_core.package_identification:_identify(.) by extension 'colcon_meta'
[0.815s] Level 1:colcon.colcon_core.package_identification:_identify(.) by extensions ['ros']
[0.815s] Level 1:colcon.colcon_core.package_identification:_identify(.) by extension 'ros'
[0.827s] Level 1:colcon.colcon_core.package_identification:_identify(.) by extensions ['cmake', 'python']
[0.827s] Level 1:colcon.colcon_core.package_identification:_identify(.) by extension 'cmake'
[0.827s] Level 1:colcon.colcon_core.package_identification:_identify(.) by extension 'python'
[0.827s] Level 1:colcon.colcon_core.package_identification:_identify(.) by extensions ['python_setup_py']
[0.827s] Level 1:colcon.colcon_core.package_identification:_identify(.) by extension 'python_setup_py'
[0.827s] Level 1:colcon.colcon_core.package_identification:_identify(build) by extensions ['ignore', 'ignore_ament_install']
[0.827s] Level 1:colcon.colcon_core.package_identification:_identify(build) by extension 'ignore'
[0.827s] Level 1:colcon.colcon_core.package_identification:_identify(build) ignored
[0.827s] Level 1:colcon.colcon_core.package_identification:_identify(install) by extensions ['ignore', 'ignore_ament_install']
[0.827s] Level 1:colcon.colcon_core.package_identification:_identify(install) by extension 'ignore'
[0.827s] Level 1:colcon.colcon_core.package_identification:_identify(install) ignored
[0.827s] Level 1:colcon.colcon_core.package_identification:_identify(log) by extensions ['ignore', 'ignore_ament_install']
[0.827s] Level 1:colcon.colcon_core.package_identification:_identify(log) by extension 'ignore'
[0.827s] Level 1:colcon.colcon_core.package_identification:_identify(log) ignored
[0.828s] Level 1:colcon.colcon_core.package_identification:_identify(src) by extensions ['ignore', 'ignore_ament_install']
[0.828s] Level 1:colcon.colcon_core.package_identification:_identify(src) by extension 'ignore'
[0.828s] Level 1:colcon.colcon_core.package_identification:_identify(src) by extension 'ignore_ament_install'
[0.828s] Level 1:colcon.colcon_core.package_identification:_identify(src) by extensions ['colcon_pkg']
[0.828s] Level 1:colcon.colcon_core.package_identification:_identify(src) by extension 'colcon_pkg'
[0.828s] Level 1:colcon.colcon_core.package_identification:_identify(src) by extensions ['colcon_meta']
[0.828s] Level 1:colcon.colcon_core.package_identification:_identify(src) by extension 'colcon_meta'
[0.828s] Level 1:colcon.colcon_core.package_identification:_identify(src) by extensions ['ros']
[0.828s] Level 1:colcon.colcon_core.package_identification:_identify(src) by extension 'ros'
[0.828s] Level 1:colcon.colcon_core.package_identification:_identify(src) by extensions ['cmake', 'python']
[0.828s] Level 1:colcon.colcon_core.package_identification:_identify(src) by extension 'cmake'
[0.828s] Level 1:colcon.colcon_core.package_identification:_identify(src) by extension 'python'
[0.828s] Level 1:colcon.colcon_core.package_identification:_identify(src) by extensions ['python_setup_py']
[0.828s] Level 1:colcon.colcon_core.package_identification:_identify(src) by extension 'python_setup_py'
[0.828s] Level 1:colcon.colcon_core.package_identification:_identify(src/attitude_control_pkg) by extensions ['ignore', 'ignore_ament_install']
[0.828s] Level 1:colcon.colcon_core.package_identification:_identify(src/attitude_control_pkg) by extension 'ignore'
[0.828s] Level 1:colcon.colcon_core.package_identification:_identify(src/attitude_control_pkg) by extension 'ignore_ament_install'
[0.828s] Level 1:colcon.colcon_core.package_identification:_identify(src/attitude_control_pkg) by extensions ['colcon_pkg']
[0.828s] Level 1:colcon.colcon_core.package_identification:_identify(src/attitude_control_pkg) by extension 'colcon_pkg'
[0.828s] Level 1:colcon.colcon_core.package_identification:_identify(src/attitude_control_pkg) by extensions ['colcon_meta']
[0.828s] Level 1:colcon.colcon_core.package_identification:_identify(src/attitude_control_pkg) by extension 'colcon_meta'
[0.828s] Level 1:colcon.colcon_core.package_identification:_identify(src/attitude_control_pkg) by extensions ['ros']
[0.828s] Level 1:colcon.colcon_core.package_identification:_identify(src/attitude_control_pkg) by extension 'ros'
[0.831s] DEBUG:colcon.colcon_core.package_identification:Package 'src/attitude_control_pkg' with type 'ros.ament_python' and name 'attitude_control_pkg'
[0.831s] Level 1:colcon.colcon_core.package_identification:_identify(src/camera_pkg) by extensions ['ignore', 'ignore_ament_install']
[0.831s] Level 1:colcon.colcon_core.package_identification:_identify(src/camera_pkg) by extension 'ignore'
[0.831s] Level 1:colcon.colcon_core.package_identification:_identify(src/camera_pkg) by extension 'ignore_ament_install'
[0.831s] Level 1:colcon.colcon_core.package_identification:_identify(src/camera_pkg) by extensions ['colcon_pkg']
[0.831s] Level 1:colcon.colcon_core.package_identification:_identify(src/camera_pkg) by extension 'colcon_pkg'
[0.831s] Level 1:colcon.colcon_core.package_identification:_identify(src/camera_pkg) by extensions ['colcon_meta']
[0.831s] Level 1:colcon.colcon_core.package_identification:_identify(src/camera_pkg) by extension 'colcon_meta'
[0.831s] Level 1:colcon.colcon_core.package_identification:_identify(src/camera_pkg) by extensions ['ros']
[0.831s] Level 1:colcon.colcon_core.package_identification:_identify(src/camera_pkg) by extension 'ros'
[0.832s] DEBUG:colcon.colcon_core.package_identification:Package 'src/camera_pkg' with type 'ros.ament_python' and name 'camera_pkg'
[0.832s] Level 1:colcon.colcon_core.package_identification:_identify(src/communication_pkg) by extensions ['ignore', 'ignore_ament_install']
[0.832s] Level 1:colcon.colcon_core.package_identification:_identify(src/communication_pkg) by extension 'ignore'
[0.832s] Level 1:colcon.colcon_core.package_identification:_identify(src/communication_pkg) by extension 'ignore_ament_install'
[0.832s] Level 1:colcon.colcon_core.package_identification:_identify(src/communication_pkg) by extensions ['colcon_pkg']
[0.832s] Level 1:colcon.colcon_core.package_identification:_identify(src/communication_pkg) by extension 'colcon_pkg'
[0.832s] Level 1:colcon.colcon_core.package_identification:_identify(src/communication_pkg) by extensions ['colcon_meta']
[0.832s] Level 1:colcon.colcon_core.package_identification:_identify(src/communication_pkg) by extension 'colcon_meta'
[0.832s] Level 1:colcon.colcon_core.package_identification:_identify(src/communication_pkg) by extensions ['ros']
[0.832s] Level 1:colcon.colcon_core.package_identification:_identify(src/communication_pkg) by extension 'ros'
[0.833s] DEBUG:colcon.colcon_core.package_identification:Package 'src/communication_pkg' with type 'ros.ament_python' and name 'communication_pkg'
[0.833s] Level 1:colcon.colcon_core.package_identification:_identify(src/sensors_pkg) by extensions ['ignore', 'ignore_ament_install']
[0.833s] Level 1:colcon.colcon_core.package_identification:_identify(src/sensors_pkg) by extension 'ignore'
[0.833s] Level 1:colcon.colcon_core.package_identification:_identify(src/sensors_pkg) by extension 'ignore_ament_install'
[0.833s] Level 1:colcon.colcon_core.package_identification:_identify(src/sensors_pkg) by extensions ['colcon_pkg']
[0.834s] Level 1:colcon.colcon_core.package_identification:_identify(src/sensors_pkg) by extension 'colcon_pkg'
[0.834s] Level 1:colcon.colcon_core.package_identification:_identify(src/sensors_pkg) by extensions ['colcon_meta']
[0.834s] Level 1:colcon.colcon_core.package_identification:_identify(src/sensors_pkg) by extension 'colcon_meta'
[0.834s] Level 1:colcon.colcon_core.package_identification:_identify(src/sensors_pkg) by extensions ['ros']
[0.834s] Level 1:colcon.colcon_core.package_identification:_identify(src/sensors_pkg) by extension 'ros'
[0.834s] DEBUG:colcon.colcon_core.package_identification:Package 'src/sensors_pkg' with type 'ros.ament_python' and name 'sensors_pkg'
[0.834s] Level 1:colcon.colcon_core.package_identification:_identify(src/state_machine_pkg) by extensions ['ignore', 'ignore_ament_install']
[0.834s] Level 1:colcon.colcon_core.package_identification:_identify(src/state_machine_pkg) by extension 'ignore'
[0.834s] Level 1:colcon.colcon_core.package_identification:_identify(src/state_machine_pkg) by extension 'ignore_ament_install'
[0.834s] Level 1:colcon.colcon_core.package_identification:_identify(src/state_machine_pkg) by extensions ['colcon_pkg']
[0.834s] Level 1:colcon.colcon_core.package_identification:_identify(src/state_machine_pkg) by extension 'colcon_pkg'
[0.834s] Level 1:colcon.colcon_core.package_identification:_identify(src/state_machine_pkg) by extensions ['colcon_meta']
[0.834s] Level 1:colcon.colcon_core.package_identification:_identify(src/state_machine_pkg) by extension 'colcon_meta'
[0.834s] Level 1:colcon.colcon_core.package_identification:_identify(src/state_machine_pkg) by extensions ['ros']
[0.834s] Level 1:colcon.colcon_core.package_identification:_identify(src/state_machine_pkg) by extension 'ros'
[0.835s] DEBUG:colcon.colcon_core.package_identification:Package 'src/state_machine_pkg' with type 'ros.ament_cmake' and name 'state_machine_pkg'
[0.835s] Level 1:colcon.colcon_core.package_discovery:discover_packages(recursive) using defaults
[0.835s] Level 1:colcon.colcon_core.package_discovery:discover_packages(ignore) discover
[0.835s] Level 1:colcon.colcon_core.package_discovery:discover_packages(ignore) using defaults
[0.835s] Level 1:colcon.colcon_core.package_discovery:discover_packages(path) discover
[0.835s] Level 1:colcon.colcon_core.package_discovery:discover_packages(path) using defaults
[0.865s] Level 1:colcon.colcon_core.package_discovery:discover_packages(prefix_path) check parameters
[0.865s] Level 1:colcon.colcon_core.package_discovery:discover_packages(prefix_path) discover
[0.870s] DEBUG:colcon.colcon_installed_package_information.package_discovery:Found 5 installed packages in /home/vini_dunker/COSMOS-AFS/cosmos_ws/install
[0.871s] DEBUG:colcon.colcon_installed_package_information.package_discovery:Found 5 installed packages in /home/vini_dunker/Automation/mrt19ROS_ws/install
[0.871s] DEBUG:colcon.colcon_installed_package_information.package_discovery:Found 3 installed packages in /home/vini_dunker/mrt_ws/install
[0.872s] DEBUG:colcon.colcon_installed_package_information.package_discovery:Found 4 installed packages in /home/vini_dunker/udemy_ws/install
[0.873s] DEBUG:colcon.colcon_installed_package_information.package_discovery:Found 284 installed packages in /opt/ros/humble
[0.874s] Level 1:colcon.colcon_core.package_discovery:discover_packages(prefix_path) using defaults
[0.933s] Level 5:colcon.colcon_core.verb:set package 'attitude_control_pkg' build argument 'cmake_args' from command line to 'None'
[0.933s] Level 5:colcon.colcon_core.verb:set package 'attitude_control_pkg' build argument 'cmake_target' from command line to 'None'
[0.933s] Level 5:colcon.colcon_core.verb:set package 'attitude_control_pkg' build argument 'cmake_target_skip_unavailable' from command line to 'False'
[0.933s] Level 5:colcon.colcon_core.verb:set package 'attitude_control_pkg' build argument 'cmake_clean_cache' from command line to 'False'
[0.933s] Level 5:colcon.colcon_core.verb:set package 'attitude_control_pkg' build argument 'cmake_clean_first' from command line to 'False'
[0.933s] Level 5:colcon.colcon_core.verb:set package 'attitude_control_pkg' build argument 'cmake_force_configure' from command line to 'False'
[0.933s] Level 5:colcon.colcon_core.verb:set package 'attitude_control_pkg' build argument 'ament_cmake_args' from command line to 'None'
[0.933s] Level 5:colcon.colcon_core.verb:set package 'attitude_control_pkg' build argument 'catkin_cmake_args' from command line to 'None'
[0.933s] Level 5:colcon.colcon_core.verb:set package 'attitude_control_pkg' build argument 'catkin_skip_building_tests' from command line to 'False'
[0.933s] DEBUG:colcon.colcon_core.verb:Building package 'attitude_control_pkg' with the following arguments: {'ament_cmake_args': None, 'build_base': '/home/vini_dunker/COSMOS-AFS/cosmos_ws/build/attitude_control_pkg', 'catkin_cmake_args': None, 'catkin_skip_building_tests': False, 'cmake_args': None, 'cmake_clean_cache': False, 'cmake_clean_first': False, 'cmake_force_configure': False, 'cmake_target': None, 'cmake_target_skip_unavailable': False, 'install_base': '/home/vini_dunker/COSMOS-AFS/cosmos_ws/install/attitude_control_pkg', 'merge_install': False, 'path': '/home/vini_dunker/COSMOS-AFS/cosmos_ws/src/attitude_control_pkg', 'symlink_install': False, 'test_result_base': None}
[0.934s] Level 5:colcon.colcon_core.verb:set package 'camera_pkg' build argument 'cmake_args' from command line to 'None'
[0.934s] Level 5:colcon.colcon_core.verb:set package 'camera_pkg' build argument 'cmake_target' from command line to 'None'
[0.934s] Level 5:colcon.colcon_core.verb:set package 'camera_pkg' build argument 'cmake_target_skip_unavailable' from command line to 'False'
[0.934s] Level 5:colcon.colcon_core.verb:set package 'camera_pkg' build argument 'cmake_clean_cache' from command line to 'False'
[0.934s] Level 5:colcon.colcon_core.verb:set package 'camera_pkg' build argument 'cmake_clean_first' from command line to 'False'
[0.934s] Level 5:colcon.colcon_core.verb:set package 'camera_pkg' build argument 'cmake_force_configure' from command line to 'False'
[0.934s] Level 5:colcon.colcon_core.verb:set package 'camera_pkg' build argument 'ament_cmake_args' from command line to 'None'
[0.934s] Level 5:colcon.colcon_core.verb:set package 'camera_pkg' build argument 'catkin_cmake_args' from command line to 'None'
[0.934s] Level 5:colcon.colcon_core.verb:set package 'camera_pkg' build argument 'catkin_skip_building_tests' from command line to 'False'
[0.934s] DEBUG:colcon.colcon_core.verb:Building package 'camera_pkg' with the following arguments: {'ament_cmake_args': None, 'build_base': '/home/vini_dunker/COSMOS-AFS/cosmos_ws/build/camera_pkg', 'catkin_cmake_args': None, 'catkin_skip_building_tests': False, 'cmake_args': None, 'cmake_clean_cache': False, 'cmake_clean_first': False, 'cmake_force_configure': False, 'cmake_target': None, 'cmake_target_skip_unavailable': False, 'install_base': '/home/vini_dunker/COSMOS-AFS/cosmos_ws/install/camera_pkg', 'merge_install': False, 'path': '/home/vini_dunker/COSMOS-AFS/cosmos_ws/src/camera_pkg', 'symlink_install': False, 'test_result_base': None}
[0.935s] Level 5:colcon.colcon_core.verb:set package 'communication_pkg' build argument 'cmake_args' from command line to 'None'
[0.935s] Level 5:colcon.colcon_core.verb:set package 'communication_pkg' build argument 'cmake_target' from command line to 'None'
[0.935s] Level 5:colcon.colcon_core.verb:set package 'communication_pkg' build argument 'cmake_target_skip_unavailable' from command line to 'False'
[0.935s] Level 5:colcon.colcon_core.verb:set package 'communication_pkg' build argument 'cmake_clean_cache' from command line to 'False'
[0.935s] Level 5:colcon.colcon_core.verb:set package 'communication_pkg' build argument 'cmake_clean_first' from command line to 'False'
[0.935s] Level 5:colcon.colcon_core.verb:set package 'communication_pkg' build argument 'cmake_force_configure' from command line to 'False'
[0.935s] Level 5:colcon.colcon_core.verb:set package 'communication_pkg' build argument 'ament_cmake_args' from command line to 'None'
[0.935s] Level 5:colcon.colcon_core.verb:set package 'communication_pkg' build argument 'catkin_cmake_args' from command line to 'None'
[0.935s] Level 5:colcon.colcon_core.verb:set package 'communication_pkg' build argument 'catkin_skip_building_tests' from command line to 'False'
[0.935s] DEBUG:colcon.colcon_core.verb:Building package 'communication_pkg' with the following arguments: {'ament_cmake_args': None, 'build_base': '/home/vini_dunker/COSMOS-AFS/cosmos_ws/build/communication_pkg', 'catkin_cmake_args': None, 'catkin_skip_building_tests': False, 'cmake_args': None, 'cmake_clean_cache': False, 'cmake_clean_first': False, 'cmake_force_configure': False, 'cmake_target': None, 'cmake_target_skip_unavailable': False, 'install_base': '/home/vini_dunker/COSMOS-AFS/cosmos_ws/install/communication_pkg', 'merge_install': False, 'path': '/home/vini_dunker/COSMOS-AFS/cosmos_ws/src/communication_pkg', 'symlink_install': False, 'test_result_base': None}
[0.936s] Level 5:colcon.colcon_core.verb:set package 'sensors_pkg' build argument 'cmake_args' from command line to 'None'
[0.936s] Level 5:colcon.colcon_core.verb:set package 'sensors_pkg' build argument 'cmake_target' from command line to 'None'
[0.936s] Level 5:colcon.colcon_core.verb:set package 'sensors_pkg' build argument 'cmake_target_skip_unavailable' from command line to 'False'
[0.936s] Level 5:colcon.colcon_core.verb:set package 'sensors_pkg' build argument 'cmake_clean_cache' from command line to 'False'
[0.936s] Level 5:colcon.colcon_core.verb:set package 'sensors_pkg' build argument 'cmake_clean_first' from command line to 'False'
[0.936s] Level 5:colcon.colcon_core.verb:set package 'sensors_pkg' build argument 'cmake_force_configure' from command line to 'False'
[0.936s] Level 5:colcon.colcon_core.verb:set package 'sensors_pkg' build argument 'ament_cmake_args' from command line to 'None'
[0.936s] Level 5:colcon.colcon_core.verb:set package 'sensors_pkg' build argument 'catkin_cmake_args' from command line to 'None'
[0.936s] Level 5:colcon.colcon_core.verb:set package 'sensors_pkg' build argument 'catkin_skip_building_tests' from command line to 'False'
[0.936s] DEBUG:colcon.colcon_core.verb:Building package 'sensors_pkg' with the following arguments: {'ament_cmake_args': None, 'build_base': '/home/vini_dunker/COSMOS-AFS/cosmos_ws/build/sensors_pkg', 'catkin_cmake_args': None, 'catkin_skip_building_tests': False, 'cmake_args': None, 'cmake_clean_cache': False, 'cmake_clean_first': False, 'cmake_force_configure': False, 'cmake_target': None, 'cmake_target_skip_unavailable': False, 'install_base': '/home/vini_dunker/COSMOS-AFS/cosmos_ws/install/sensors_pkg', 'merge_install': False, 'path': '/home/vini_dunker/COSMOS-AFS/cosmos_ws/src/sensors_pkg', 'symlink_install': False, 'test_result_base': None}
[0.937s] Level 5:colcon.colcon_core.verb:set package 'state_machine_pkg' build argument 'cmake_args' from command line to 'None'
[0.937s] Level 5:colcon.colcon_core.verb:set package 'state_machine_pkg' build argument 'cmake_target' from command line to 'None'
[0.937s] Level 5:colcon.colcon_core.verb:set package 'state_machine_pkg' build argument 'cmake_target_skip_unavailable' from command line to 'False'
[0.937s] Level 5:colcon.colcon_core.verb:set package 'state_machine_pkg' build argument 'cmake_clean_cache' from command line to 'False'
[0.937s] Level 5:colcon.colcon_core.verb:set package 'state_machine_pkg' build argument 'cmake_clean_first' from command line to 'False'
[0.937s] Level 5:colcon.colcon_core.verb:set package 'state_machine_pkg' build argument 'cmake_force_configure' from command line to 'False'
[0.937s] Level 5:colcon.colcon_core.verb:set package 'state_machine_pkg' build argument 'ament_cmake_args' from command line to 'None'
[0.937s] Level 5:colcon.colcon_core.verb:set package 'state_machine_pkg' build argument 'catkin_cmake_args' from command line to 'None'
[0.937s] Level 5:colcon.colcon_core.verb:set package 'state_machine_pkg' build argument 'catkin_skip_building_tests' from command line to 'False'
[0.937s] DEBUG:colcon.colcon_core.verb:Building package 'state_machine_pkg' with the following arguments: {'ament_cmake_args': None, 'build_base': '/home/vini_dunker/COSMOS-AFS/cosmos_ws/build/state_machine_pkg', 'catkin_cmake_args': None, 'catkin_skip_building_tests': False, 'cmake_args': None, 'cmake_clean_cache': False, 'cmake_clean_first': False, 'cmake_force_configure': False, 'cmake_target': None, 'cmake_target_skip_unavailable': False, 'install_base': '/home/vini_dunker/COSMOS-AFS/cosmos_ws/install/state_machine_pkg', 'merge_install': False, 'path': '/home/vini_dunker/COSMOS-AFS/cosmos_ws/src/state_machine_pkg', 'symlink_install': False, 'test_result_base': None}
[0.938s] INFO:colcon.colcon_core.executor:Executing jobs using 'parallel' executor
[0.941s] DEBUG:colcon.colcon_parallel_executor.executor.parallel:run_until_complete
[0.941s] INFO:colcon.colcon_ros.task.ament_python.build:Building ROS package in '/home/vini_dunker/COSMOS-AFS/cosmos_ws/src/attitude_control_pkg' with build type 'ament_python'
[0.941s] Level 1:colcon.colcon_core.shell:create_environment_hook('attitude_control_pkg', 'ament_prefix_path')
[0.950s] INFO:colcon.colcon_core.plugin_system:Skipping extension 'colcon_core.shell.bat': Not used on non-Windows systems
[0.950s] INFO:colcon.colcon_core.shell:Creating environment hook '/home/vini_dunker/COSMOS-AFS/cosmos_ws/install/attitude_control_pkg/share/attitude_control_pkg/hook/ament_prefix_path.ps1'
[0.951s] INFO:colcon.colcon_core.shell:Creating environment descriptor '/home/vini_dunker/COSMOS-AFS/cosmos_ws/install/attitude_control_pkg/share/attitude_control_pkg/hook/ament_prefix_path.dsv'
[0.952s] INFO:colcon.colcon_core.shell:Creating environment hook '/home/vini_dunker/COSMOS-AFS/cosmos_ws/install/attitude_control_pkg/share/attitude_control_pkg/hook/ament_prefix_path.sh'
[0.954s] INFO:colcon.colcon_core.shell:Skip shell extension 'powershell' for command environment: Not usable outside of PowerShell
[0.954s] DEBUG:colcon.colcon_core.shell:Skip shell extension 'dsv' for command environment
[0.959s] INFO:colcon.colcon_ros.task.ament_python.build:Building ROS package in '/home/vini_dunker/COSMOS-AFS/cosmos_ws/src/camera_pkg' with build type 'ament_python'
[0.959s] Level 1:colcon.colcon_core.shell:create_environment_hook('camera_pkg', 'ament_prefix_path')
[0.961s] INFO:colcon.colcon_core.shell:Creating environment hook '/home/vini_dunker/COSMOS-AFS/cosmos_ws/install/camera_pkg/share/camera_pkg/hook/ament_prefix_path.ps1'
[0.961s] INFO:colcon.colcon_core.shell:Creating environment descriptor '/home/vini_dunker/COSMOS-AFS/cosmos_ws/install/camera_pkg/share/camera_pkg/hook/ament_prefix_path.dsv'
[0.961s] INFO:colcon.colcon_core.shell:Creating environment hook '/home/vini_dunker/COSMOS-AFS/cosmos_ws/install/camera_pkg/share/camera_pkg/hook/ament_prefix_path.sh'
[0.963s] INFO:colcon.colcon_core.shell:Skip shell extension 'powershell' for command environment: Not usable outside of PowerShell
[0.963s] DEBUG:colcon.colcon_core.shell:Skip shell extension 'dsv' for command environment
[0.969s] INFO:colcon.colcon_ros.task.ament_python.build:Building ROS package in '/home/vini_dunker/COSMOS-AFS/cosmos_ws/src/communication_pkg' with build type 'ament_python'
[0.969s] Level 1:colcon.colcon_core.shell:create_environment_hook('communication_pkg', 'ament_prefix_path')
[0.970s] INFO:colcon.colcon_core.shell:Creating environment hook '/home/vini_dunker/COSMOS-AFS/cosmos_ws/install/communication_pkg/share/communication_pkg/hook/ament_prefix_path.ps1'
[0.971s] INFO:colcon.colcon_core.shell:Creating environment descriptor '/home/vini_dunker/COSMOS-AFS/cosmos_ws/install/communication_pkg/share/communication_pkg/hook/ament_prefix_path.dsv'
[0.971s] INFO:colcon.colcon_core.shell:Creating environment hook '/home/vini_dunker/COSMOS-AFS/cosmos_ws/install/communication_pkg/share/communication_pkg/hook/ament_prefix_path.sh'
[0.972s] INFO:colcon.colcon_core.shell:Skip shell extension 'powershell' for command environment: Not usable outside of PowerShell
[0.972s] DEBUG:colcon.colcon_core.shell:Skip shell extension 'dsv' for command environment
[0.977s] INFO:colcon.colcon_ros.task.ament_python.build:Building ROS package in '/home/vini_dunker/COSMOS-AFS/cosmos_ws/src/sensors_pkg' with build type 'ament_python'
[0.977s] Level 1:colcon.colcon_core.shell:create_environment_hook('sensors_pkg', 'ament_prefix_path')
[0.978s] INFO:colcon.colcon_core.shell:Creating environment hook '/home/vini_dunker/COSMOS-AFS/cosmos_ws/install/sensors_pkg/share/sensors_pkg/hook/ament_prefix_path.ps1'
[0.979s] INFO:colcon.colcon_core.shell:Creating environment descriptor '/home/vini_dunker/COSMOS-AFS/cosmos_ws/install/sensors_pkg/share/sensors_pkg/hook/ament_prefix_path.dsv'
[0.979s] INFO:colcon.colcon_core.shell:Creating environment hook '/home/vini_dunker/COSMOS-AFS/cosmos_ws/install/sensors_pkg/share/sensors_pkg/hook/ament_prefix_path.sh'
[0.981s] INFO:colcon.colcon_core.shell:Skip shell extension 'powershell' for command environment: Not usable outside of PowerShell
[0.981s] DEBUG:colcon.colcon_core.shell:Skip shell extension 'dsv' for command environment
[0.987s] INFO:colcon.colcon_ros.task.ament_cmake.build:Building ROS package in '/home/vini_dunker/COSMOS-AFS/cosmos_ws/src/state_machine_pkg' with build type 'ament_cmake'
[0.987s] INFO:colcon.colcon_cmake.task.cmake.build:Building CMake package in '/home/vini_dunker/COSMOS-AFS/cosmos_ws/src/state_machine_pkg'
[0.988s] INFO:colcon.colcon_core.shell:Skip shell extension 'powershell' for command environment: Not usable outside of PowerShell
[0.988s] DEBUG:colcon.colcon_core.shell:Skip shell extension 'dsv' for command environment
[1.206s] INFO:colcon.colcon_core.task.python.build:Building Python package in '/home/vini_dunker/COSMOS-AFS/cosmos_ws/src/attitude_control_pkg'
[1.207s] INFO:colcon.colcon_core.shell:Skip shell extension 'powershell' for command environment: Not usable outside of PowerShell
[1.207s] DEBUG:colcon.colcon_core.shell:Skip shell extension 'dsv' for command environment
[1.417s] INFO:colcon.colcon_core.task.python.build:Building Python package in '/home/vini_dunker/COSMOS-AFS/cosmos_ws/src/camera_pkg'
[1.419s] INFO:colcon.colcon_core.shell:Skip shell extension 'powershell' for command environment: Not usable outside of PowerShell
[1.419s] DEBUG:colcon.colcon_core.shell:Skip shell extension 'dsv' for command environment
[1.628s] INFO:colcon.colcon_core.task.python.build:Building Python package in '/home/vini_dunker/COSMOS-AFS/cosmos_ws/src/communication_pkg'
[1.630s] INFO:colcon.colcon_core.shell:Skip shell extension 'powershell' for command environment: Not usable outside of PowerShell
[1.630s] DEBUG:colcon.colcon_core.shell:Skip shell extension 'dsv' for command environment
[1.839s] INFO:colcon.colcon_core.task.python.build:Building Python package in '/home/vini_dunker/COSMOS-AFS/cosmos_ws/src/sensors_pkg'
[1.840s] INFO:colcon.colcon_core.shell:Skip shell extension 'powershell' for command environment: Not usable outside of PowerShell
[1.840s] DEBUG:colcon.colcon_core.shell:Skip shell extension 'dsv' for command environment
[1.849s] DEBUG:colcon.colcon_core.event_handler.log_command:Invoking command in '/home/vini_dunker/COSMOS-AFS/cosmos_ws/build/state_machine_pkg': CMAKE_PREFIX_PATH=${CMAKE_PREFIX_PATH}:/home/vini_dunker/COSMOS-AFS/cosmos_ws/install/sensors_pkg:/home/vini_dunker/COSMOS-AFS/cosmos_ws/install/communication_pkg:/home/vini_dunker/COSMOS-AFS/cosmos_ws/install/camera_pkg:/home/vini_dunker/COSMOS-AFS/cosmos_ws/install/attitude_control_pkg:/home/vini_dunker/Automation/mrt19ROS_ws/install/traverse_state_pkg:/home/vini_dunker/Automation/mrt19ROS_ws/install/state_machine_pkg:/home/vini_dunker/Automation/mrt19ROS_ws/install/mrt19_pkg:/home/vini_dunker/Automation/mrt19ROS_ws/install/drum_pkg:/home/vini_dunker/Automation/mrt19ROS_ws/install/data_acquition_pkg:/home/vini_dunker/udemy_ws/install/my_py_pkg:/home/vini_dunker/mrt_ws/install/traverse_stage:/home/vini_dunker/mrt_ws/install/state_machine:/home/vini_dunker/mrt_ws/install/data_acquisition:/opt/ros/humble /usr/bin/cmake /home/vini_dunker/COSMOS-AFS/cosmos_ws/src/state_machine_pkg -DCMAKE_INSTALL_PREFIX=/home/vini_dunker/COSMOS-AFS/cosmos_ws/install/state_machine_pkg
[2.215s] DEBUG:colcon.colcon_core.event_handler.log_command:Invoking command in '/home/vini_dunker/COSMOS-AFS/cosmos_ws/src/sensors_pkg': PYTHONPATH=/home/vini_dunker/COSMOS-AFS/cosmos_ws/build/sensors_pkg/prefix_override:/home/vini_dunker/COSMOS-AFS/cosmos_ws/install/sensors_pkg/lib/python3.10/site-packages:${PYTHONPATH} /usr/bin/python3 setup.py egg_info --egg-base ../../build/sensors_pkg build --build-base /home/vini_dunker/COSMOS-AFS/cosmos_ws/build/sensors_pkg/build install --record /home/vini_dunker/COSMOS-AFS/cosmos_ws/build/sensors_pkg/install.log --single-version-externally-managed
[2.225s] DEBUG:colcon.colcon_core.event_handler.log_command:Invoking command in '/home/vini_dunker/COSMOS-AFS/cosmos_ws/src/camera_pkg': PYTHONPATH=/home/vini_dunker/COSMOS-AFS/cosmos_ws/build/camera_pkg/prefix_override:/home/vini_dunker/COSMOS-AFS/cosmos_ws/install/camera_pkg/lib/python3.10/site-packages:${PYTHONPATH} /usr/bin/python3 setup.py egg_info --egg-base ../../build/camera_pkg build --build-base /home/vini_dunker/COSMOS-AFS/cosmos_ws/build/camera_pkg/build install --record /home/vini_dunker/COSMOS-AFS/cosmos_ws/build/camera_pkg/install.log --single-version-externally-managed
[2.230s] DEBUG:colcon.colcon_core.event_handler.log_command:Invoking command in '/home/vini_dunker/COSMOS-AFS/cosmos_ws/src/communication_pkg': PYTHONPATH=/home/vini_dunker/COSMOS-AFS/cosmos_ws/build/communication_pkg/prefix_override:/home/vini_dunker/COSMOS-AFS/cosmos_ws/install/communication_pkg/lib/python3.10/site-packages:${PYTHONPATH} /usr/bin/python3 setup.py egg_info --egg-base ../../build/communication_pkg build --build-base /home/vini_dunker/COSMOS-AFS/cosmos_ws/build/communication_pkg/build install --record /home/vini_dunker/COSMOS-AFS/cosmos_ws/build/communication_pkg/install.log --single-version-externally-managed
[2.242s] DEBUG:colcon.colcon_core.event_handler.log_command:Invoking command in '/home/vini_dunker/COSMOS-AFS/cosmos_ws/src/attitude_control_pkg': PYTHONPATH=/home/vini_dunker/COSMOS-AFS/cosmos_ws/build/attitude_control_pkg/prefix_override:/home/vini_dunker/COSMOS-AFS/cosmos_ws/install/attitude_control_pkg/lib/python3.10/site-packages:${PYTHONPATH} /usr/bin/python3 setup.py egg_info --egg-base ../../build/attitude_control_pkg build --build-base /home/vini_dunker/COSMOS-AFS/cosmos_ws/build/attitude_control_pkg/build install --record /home/vini_dunker/COSMOS-AFS/cosmos_ws/build/attitude_control_pkg/install.log --single-version-externally-managed
[2.529s] DEBUG:colcon.colcon_core.event_handler.log_command:Invoked command in '/home/vini_dunker/COSMOS-AFS/cosmos_ws/src/communication_pkg' returned '0': PYTHONPATH=/home/vini_dunker/COSMOS-AFS/cosmos_ws/build/communication_pkg/prefix_override:/home/vini_dunker/COSMOS-AFS/cosmos_ws/install/communication_pkg/lib/python3.10/site-packages:${PYTHONPATH} /usr/bin/python3 setup.py egg_info --egg-base ../../build/communication_pkg build --build-base /home/vini_dunker/COSMOS-AFS/cosmos_ws/build/communication_pkg/build install --record /home/vini_dunker/COSMOS-AFS/cosmos_ws/build/communication_pkg/install.log --single-version-externally-managed
[2.541s] Level 1:colcon.colcon_core.environment:checking '/home/vini_dunker/COSMOS-AFS/cosmos_ws/install/communication_pkg' for CMake module files
[2.542s] Level 1:colcon.colcon_core.environment:checking '/home/vini_dunker/COSMOS-AFS/cosmos_ws/install/communication_pkg' for CMake config files
[2.543s] Level 1:colcon.colcon_core.environment:checking '/home/vini_dunker/COSMOS-AFS/cosmos_ws/install/communication_pkg/lib'
[2.543s] Level 1:colcon.colcon_core.environment:checking '/home/vini_dunker/COSMOS-AFS/cosmos_ws/install/communication_pkg/bin'
[2.543s] Level 1:colcon.colcon_core.environment:checking '/home/vini_dunker/COSMOS-AFS/cosmos_ws/install/communication_pkg/lib/pkgconfig/communication_pkg.pc'
[2.543s] Level 1:colcon.colcon_core.environment:checking '/home/vini_dunker/COSMOS-AFS/cosmos_ws/install/communication_pkg/lib/python3.10/site-packages'
[2.543s] Level 1:colcon.colcon_core.shell:create_environment_hook('communication_pkg', 'pythonpath')
[2.545s] INFO:colcon.colcon_core.shell:Creating environment hook '/home/vini_dunker/COSMOS-AFS/cosmos_ws/install/communication_pkg/share/communication_pkg/hook/pythonpath.ps1'
[2.546s] INFO:colcon.colcon_core.shell:Creating environment descriptor '/home/vini_dunker/COSMOS-AFS/cosmos_ws/install/communication_pkg/share/communication_pkg/hook/pythonpath.dsv'
[2.546s] INFO:colcon.colcon_core.shell:Creating environment hook '/home/vini_dunker/COSMOS-AFS/cosmos_ws/install/communication_pkg/share/communication_pkg/hook/pythonpath.sh'
[2.547s] Level 1:colcon.colcon_core.environment:checking '/home/vini_dunker/COSMOS-AFS/cosmos_ws/install/communication_pkg/bin'
[2.547s] Level 1:colcon.colcon_core.environment:create_environment_scripts_only(communication_pkg)
[2.549s] INFO:colcon.colcon_core.shell:Creating package script '/home/vini_dunker/COSMOS-AFS/cosmos_ws/install/communication_pkg/share/communication_pkg/package.ps1'
[2.550s] INFO:colcon.colcon_core.shell:Creating package descriptor '/home/vini_dunker/COSMOS-AFS/cosmos_ws/install/communication_pkg/share/communication_pkg/package.dsv'
[2.551s] INFO:colcon.colcon_core.shell:Creating package script '/home/vini_dunker/COSMOS-AFS/cosmos_ws/install/communication_pkg/share/communication_pkg/package.sh'
[2.553s] INFO:colcon.colcon_core.shell:Creating package script '/home/vini_dunker/COSMOS-AFS/cosmos_ws/install/communication_pkg/share/communication_pkg/package.bash'
[2.554s] INFO:colcon.colcon_core.shell:Creating package script '/home/vini_dunker/COSMOS-AFS/cosmos_ws/install/communication_pkg/share/communication_pkg/package.zsh'
[2.555s] Level 1:colcon.colcon_core.environment:create_file_with_runtime_dependencies(/home/vini_dunker/COSMOS-AFS/cosmos_ws/install/communication_pkg/share/colcon-core/packages/communication_pkg)
[2.559s] Level 1:colcon.colcon_core.environment:checking '/home/vini_dunker/COSMOS-AFS/cosmos_ws/install/sensors_pkg' for CMake module files
[2.560s] DEBUG:colcon.colcon_core.event_handler.log_command:Invoked command in '/home/vini_dunker/COSMOS-AFS/cosmos_ws/src/sensors_pkg' returned '0': PYTHONPATH=/home/vini_dunker/COSMOS-AFS/cosmos_ws/build/sensors_pkg/prefix_override:/home/vini_dunker/COSMOS-AFS/cosmos_ws/install/sensors_pkg/lib/python3.10/site-packages:${PYTHONPATH} /usr/bin/python3 setup.py egg_info --egg-base ../../build/sensors_pkg build --build-base /home/vini_dunker/COSMOS-AFS/cosmos_ws/build/sensors_pkg/build install --record /home/vini_dunker/COSMOS-AFS/cosmos_ws/build/sensors_pkg/install.log --single-version-externally-managed
[2.560s] Level 1:colcon.colcon_core.environment:checking '/home/vini_dunker/COSMOS-AFS/cosmos_ws/install/sensors_pkg' for CMake config files
[2.561s] Level 1:colcon.colcon_core.environment:checking '/home/vini_dunker/COSMOS-AFS/cosmos_ws/install/sensors_pkg/lib'
[2.561s] Level 1:colcon.colcon_core.environment:checking '/home/vini_dunker/COSMOS-AFS/cosmos_ws/install/sensors_pkg/bin'
[2.561s] Level 1:colcon.colcon_core.environment:checking '/home/vini_dunker/COSMOS-AFS/cosmos_ws/install/sensors_pkg/lib/pkgconfig/sensors_pkg.pc'
[2.561s] Level 1:colcon.colcon_core.environment:checking '/home/vini_dunker/COSMOS-AFS/cosmos_ws/install/sensors_pkg/lib/python3.10/site-packages'
[2.561s] Level 1:colcon.colcon_core.shell:create_environment_hook('sensors_pkg', 'pythonpath')
[2.562s] INFO:colcon.colcon_core.shell:Creating environment hook '/home/vini_dunker/COSMOS-AFS/cosmos_ws/install/sensors_pkg/share/sensors_pkg/hook/pythonpath.ps1'
[2.562s] INFO:colcon.colcon_core.shell:Creating environment descriptor '/home/vini_dunker/COSMOS-AFS/cosmos_ws/install/sensors_pkg/share/sensors_pkg/hook/pythonpath.dsv'
[2.562s] INFO:colcon.colcon_core.shell:Creating environment hook '/home/vini_dunker/COSMOS-AFS/cosmos_ws/install/sensors_pkg/share/sensors_pkg/hook/pythonpath.sh'
[2.563s] Level 1:colcon.colcon_core.environment:checking '/home/vini_dunker/COSMOS-AFS/cosmos_ws/install/sensors_pkg/bin'
[2.563s] Level 1:colcon.colcon_core.environment:create_environment_scripts_only(sensors_pkg)
[2.564s] INFO:colcon.colcon_core.shell:Creating package script '/home/vini_dunker/COSMOS-AFS/cosmos_ws/install/sensors_pkg/share/sensors_pkg/package.ps1'
[2.564s] INFO:colcon.colcon_core.shell:Creating package descriptor '/home/vini_dunker/COSMOS-AFS/cosmos_ws/install/sensors_pkg/share/sensors_pkg/package.dsv'
[2.565s] INFO:colcon.colcon_core.shell:Creating package script '/home/vini_dunker/COSMOS-AFS/cosmos_ws/install/sensors_pkg/share/sensors_pkg/package.sh'
[2.565s] INFO:colcon.colcon_core.shell:Creating package script '/home/vini_dunker/COSMOS-AFS/cosmos_ws/install/sensors_pkg/share/sensors_pkg/package.bash'
[2.565s] INFO:colcon.colcon_core.shell:Creating package script '/home/vini_dunker/COSMOS-AFS/cosmos_ws/install/sensors_pkg/share/sensors_pkg/package.zsh'
[2.565s] Level 1:colcon.colcon_core.environment:create_file_with_runtime_dependencies(/home/vini_dunker/COSMOS-AFS/cosmos_ws/install/sensors_pkg/share/colcon-core/packages/sensors_pkg)
[2.570s] Level 1:colcon.colcon_core.environment:checking '/home/vini_dunker/COSMOS-AFS/cosmos_ws/install/camera_pkg' for CMake module files
[2.571s] DEBUG:colcon.colcon_core.event_handler.log_command:Invoked command in '/home/vini_dunker/COSMOS-AFS/cosmos_ws/src/camera_pkg' returned '0': PYTHONPATH=/home/vini_dunker/COSMOS-AFS/cosmos_ws/build/camera_pkg/prefix_override:/home/vini_dunker/COSMOS-AFS/cosmos_ws/install/camera_pkg/lib/python3.10/site-packages:${PYTHONPATH} /usr/bin/python3 setup.py egg_info --egg-base ../../build/camera_pkg build --build-base /home/vini_dunker/COSMOS-AFS/cosmos_ws/build/camera_pkg/build install --record /home/vini_dunker/COSMOS-AFS/cosmos_ws/build/camera_pkg/install.log --single-version-externally-managed
[2.571s] Level 1:colcon.colcon_core.environment:checking '/home/vini_dunker/COSMOS-AFS/cosmos_ws/install/camera_pkg' for CMake config files
[2.572s] Level 1:colcon.colcon_core.environment:checking '/home/vini_dunker/COSMOS-AFS/cosmos_ws/install/camera_pkg/lib'
[2.572s] Level 1:colcon.colcon_core.environment:checking '/home/vini_dunker/COSMOS-AFS/cosmos_ws/install/camera_pkg/bin'
[2.572s] Level 1:colcon.colcon_core.environment:checking '/home/vini_dunker/COSMOS-AFS/cosmos_ws/install/camera_pkg/lib/pkgconfig/camera_pkg.pc'
[2.572s] Level 1:colcon.colcon_core.environment:checking '/home/vini_dunker/COSMOS-AFS/cosmos_ws/install/camera_pkg/lib/python3.10/site-packages'
[2.572s] Level 1:colcon.colcon_core.shell:create_environment_hook('camera_pkg', 'pythonpath')
[2.573s] INFO:colcon.colcon_core.shell:Creating environment hook '/home/vini_dunker/COSMOS-AFS/cosmos_ws/install/camera_pkg/share/camera_pkg/hook/pythonpath.ps1'
[2.574s] INFO:colcon.colcon_core.shell:Creating environment descriptor '/home/vini_dunker/COSMOS-AFS/cosmos_ws/install/camera_pkg/share/camera_pkg/hook/pythonpath.dsv'
[2.574s] INFO:colcon.colcon_core.shell:Creating environment hook '/home/vini_dunker/COSMOS-AFS/cosmos_ws/install/camera_pkg/share/camera_pkg/hook/pythonpath.sh'
[2.574s] Level 1:colcon.colcon_core.environment:checking '/home/vini_dunker/COSMOS-AFS/cosmos_ws/install/camera_pkg/bin'
[2.574s] Level 1:colcon.colcon_core.environment:create_environment_scripts_only(camera_pkg)
[2.575s] INFO:colcon.colcon_core.shell:Creating package script '/home/vini_dunker/COSMOS-AFS/cosmos_ws/install/camera_pkg/share/camera_pkg/package.ps1'
[2.576s] INFO:colcon.colcon_core.shell:Creating package descriptor '/home/vini_dunker/COSMOS-AFS/cosmos_ws/install/camera_pkg/share/camera_pkg/package.dsv'
[2.576s] INFO:colcon.colcon_core.shell:Creating package script '/home/vini_dunker/COSMOS-AFS/cosmos_ws/install/camera_pkg/share/camera_pkg/package.sh'
[2.576s] INFO:colcon.colcon_core.shell:Creating package script '/home/vini_dunker/COSMOS-AFS/cosmos_ws/install/camera_pkg/share/camera_pkg/package.bash'
[2.576s] INFO:colcon.colcon_core.shell:Creating package script '/home/vini_dunker/COSMOS-AFS/cosmos_ws/install/camera_pkg/share/camera_pkg/package.zsh'
[2.577s] Level 1:colcon.colcon_core.environment:create_file_with_runtime_dependencies(/home/vini_dunker/COSMOS-AFS/cosmos_ws/install/camera_pkg/share/colcon-core/packages/camera_pkg)
[2.586s] Level 1:colcon.colcon_core.environment:checking '/home/vini_dunker/COSMOS-AFS/cosmos_ws/install/attitude_control_pkg' for CMake module files
[2.587s] DEBUG:colcon.colcon_core.event_handler.log_command:Invoked command in '/home/vini_dunker/COSMOS-AFS/cosmos_ws/src/attitude_control_pkg' returned '0': PYTHONPATH=/home/vini_dunker/COSMOS-AFS/cosmos_ws/build/attitude_control_pkg/prefix_override:/home/vini_dunker/COSMOS-AFS/cosmos_ws/install/attitude_control_pkg/lib/python3.10/site-packages:${PYTHONPATH} /usr/bin/python3 setup.py egg_info --egg-base ../../build/attitude_control_pkg build --build-base /home/vini_dunker/COSMOS-AFS/cosmos_ws/build/attitude_control_pkg/build install --record /home/vini_dunker/COSMOS-AFS/cosmos_ws/build/attitude_control_pkg/install.log --single-version-externally-managed
[2.588s] Level 1:colcon.colcon_core.environment:checking '/home/vini_dunker/COSMOS-AFS/cosmos_ws/install/attitude_control_pkg' for CMake config files
[2.588s] Level 1:colcon.colcon_core.environment:checking '/home/vini_dunker/COSMOS-AFS/cosmos_ws/install/attitude_control_pkg/lib'
[2.588s] Level 1:colcon.colcon_core.environment:checking '/home/vini_dunker/COSMOS-AFS/cosmos_ws/install/attitude_control_pkg/bin'
[2.588s] Level 1:colcon.colcon_core.environment:checking '/home/vini_dunker/COSMOS-AFS/cosmos_ws/install/attitude_control_pkg/lib/pkgconfig/attitude_control_pkg.pc'
[2.589s] Level 1:colcon.colcon_core.environment:checking '/home/vini_dunker/COSMOS-AFS/cosmos_ws/install/attitude_control_pkg/lib/python3.10/site-packages'
[2.589s] Level 1:colcon.colcon_core.shell:create_environment_hook('attitude_control_pkg', 'pythonpath')
[2.590s] INFO:colcon.colcon_core.shell:Creating environment hook '/home/vini_dunker/COSMOS-AFS/cosmos_ws/install/attitude_control_pkg/share/attitude_control_pkg/hook/pythonpath.ps1'
[2.591s] INFO:colcon.colcon_core.shell:Creating environment descriptor '/home/vini_dunker/COSMOS-AFS/cosmos_ws/install/attitude_control_pkg/share/attitude_control_pkg/hook/pythonpath.dsv'
[2.591s] INFO:colcon.colcon_core.shell:Creating environment hook '/home/vini_dunker/COSMOS-AFS/cosmos_ws/install/attitude_control_pkg/share/attitude_control_pkg/hook/pythonpath.sh'
[2.591s] Level 1:colcon.colcon_core.environment:checking '/home/vini_dunker/COSMOS-AFS/cosmos_ws/install/attitude_control_pkg/bin'
[2.591s] Level 1:colcon.colcon_core.environment:create_environment_scripts_only(attitude_control_pkg)
[2.593s] INFO:colcon.colcon_core.shell:Creating package script '/home/vini_dunker/COSMOS-AFS/cosmos_ws/install/attitude_control_pkg/share/attitude_control_pkg/package.ps1'
[2.594s] INFO:colcon.colcon_core.shell:Creating package descriptor '/home/vini_dunker/COSMOS-AFS/cosmos_ws/install/attitude_control_pkg/share/attitude_control_pkg/package.dsv'
[2.594s] INFO:colcon.colcon_core.shell:Creating package script '/home/vini_dunker/COSMOS-AFS/cosmos_ws/install/attitude_control_pkg/share/attitude_control_pkg/package.sh'
[2.594s] INFO:colcon.colcon_core.shell:Creating package script '/home/vini_dunker/COSMOS-AFS/cosmos_ws/install/attitude_control_pkg/share/attitude_control_pkg/package.bash'
[2.595s] INFO:colcon.colcon_core.shell:Creating package script '/home/vini_dunker/COSMOS-AFS/cosmos_ws/install/attitude_control_pkg/share/attitude_control_pkg/package.zsh'
[2.595s] Level 1:colcon.colcon_core.environment:create_file_with_runtime_dependencies(/home/vini_dunker/COSMOS-AFS/cosmos_ws/install/attitude_control_pkg/share/colcon-core/packages/attitude_control_pkg)
[20.364s] DEBUG:colcon.colcon_core.event_handler.log_command:Invoked command in '/home/vini_dunker/COSMOS-AFS/cosmos_ws/build/state_machine_pkg' returned '0': CMAKE_PREFIX_PATH=${CMAKE_PREFIX_PATH}:/home/vini_dunker/COSMOS-AFS/cosmos_ws/install/sensors_pkg:/home/vini_dunker/COSMOS-AFS/cosmos_ws/install/communication_pkg:/home/vini_dunker/COSMOS-AFS/cosmos_ws/install/camera_pkg:/home/vini_dunker/COSMOS-AFS/cosmos_ws/install/attitude_control_pkg:/home/vini_dunker/Automation/mrt19ROS_ws/install/traverse_state_pkg:/home/vini_dunker/Automation/mrt19ROS_ws/install/state_machine_pkg:/home/vini_dunker/Automation/mrt19ROS_ws/install/mrt19_pkg:/home/vini_dunker/Automation/mrt19ROS_ws/install/drum_pkg:/home/vini_dunker/Automation/mrt19ROS_ws/install/data_acquition_pkg:/home/vini_dunker/udemy_ws/install/my_py_pkg:/home/vini_dunker/mrt_ws/install/traverse_stage:/home/vini_dunker/mrt_ws/install/state_machine:/home/vini_dunker/mrt_ws/install/data_acquisition:/opt/ros/humble /usr/bin/cmake /home/vini_dunker/COSMOS-AFS/cosmos_ws/src/state_machine_pkg -DCMAKE_INSTALL_PREFIX=/home/vini_dunker/COSMOS-AFS/cosmos_ws/install/state_machine_pkg
[20.364s] DEBUG:colcon.colcon_core.event_handler.log_command:Invoking command in '/home/vini_dunker/COSMOS-AFS/cosmos_ws/build/state_machine_pkg': CMAKE_PREFIX_PATH=${CMAKE_PREFIX_PATH}:/home/vini_dunker/COSMOS-AFS/cosmos_ws/install/sensors_pkg:/home/vini_dunker/COSMOS-AFS/cosmos_ws/install/communication_pkg:/home/vini_dunker/COSMOS-AFS/cosmos_ws/install/camera_pkg:/home/vini_dunker/COSMOS-AFS/cosmos_ws/install/attitude_control_pkg:/home/vini_dunker/Automation/mrt19ROS_ws/install/traverse_state_pkg:/home/vini_dunker/Automation/mrt19ROS_ws/install/state_machine_pkg:/home/vini_dunker/Automation/mrt19ROS_ws/install/mrt19_pkg:/home/vini_dunker/Automation/mrt19ROS_ws/install/drum_pkg:/home/vini_dunker/Automation/mrt19ROS_ws/install/data_acquition_pkg:/home/vini_dunker/udemy_ws/install/my_py_pkg:/home/vini_dunker/mrt_ws/install/traverse_stage:/home/vini_dunker/mrt_ws/install/state_machine:/home/vini_dunker/mrt_ws/install/data_acquisition:/opt/ros/humble /usr/bin/cmake --build /home/vini_dunker/COSMOS-AFS/cosmos_ws/build/state_machine_pkg -- -j12 -l12
[23.282s] DEBUG:colcon.colcon_core.event_handler.log_command:Invoked command in '/home/vini_dunker/COSMOS-AFS/cosmos_ws/build/state_machine_pkg' returned '0': CMAKE_PREFIX_PATH=${CMAKE_PREFIX_PATH}:/home/vini_dunker/COSMOS-AFS/cosmos_ws/install/sensors_pkg:/home/vini_dunker/COSMOS-AFS/cosmos_ws/install/communication_pkg:/home/vini_dunker/COSMOS-AFS/cosmos_ws/install/camera_pkg:/home/vini_dunker/COSMOS-AFS/cosmos_ws/install/attitude_control_pkg:/home/vini_dunker/Automation/mrt19ROS_ws/install/traverse_state_pkg:/home/vini_dunker/Automation/mrt19ROS_ws/install/state_machine_pkg:/home/vini_dunker/Automation/mrt19ROS_ws/install/mrt19_pkg:/home/vini_dunker/Automation/mrt19ROS_ws/install/drum_pkg:/home/vini_dunker/Automation/mrt19ROS_ws/install/data_acquition_pkg:/home/vini_dunker/udemy_ws/install/my_py_pkg:/home/vini_dunker/mrt_ws/install/traverse_stage:/home/vini_dunker/mrt_ws/install/state_machine:/home/vini_dunker/mrt_ws/install/data_acquisition:/opt/ros/humble /usr/bin/cmake --build /home/vini_dunker/COSMOS-AFS/cosmos_ws/build/state_machine_pkg -- -j12 -l12
[23.303s] DEBUG:colcon.colcon_core.event_handler.log_command:Invoking command in '/home/vini_dunker/COSMOS-AFS/cosmos_ws/build/state_machine_pkg': CMAKE_PREFIX_PATH=${CMAKE_PREFIX_PATH}:/home/vini_dunker/COSMOS-AFS/cosmos_ws/install/sensors_pkg:/home/vini_dunker/COSMOS-AFS/cosmos_ws/install/communication_pkg:/home/vini_dunker/COSMOS-AFS/cosmos_ws/install/camera_pkg:/home/vini_dunker/COSMOS-AFS/cosmos_ws/install/attitude_control_pkg:/home/vini_dunker/Automation/mrt19ROS_ws/install/traverse_state_pkg:/home/vini_dunker/Automation/mrt19ROS_ws/install/state_machine_pkg:/home/vini_dunker/Automation/mrt19ROS_ws/install/mrt19_pkg:/home/vini_dunker/Automation/mrt19ROS_ws/install/drum_pkg:/home/vini_dunker/Automation/mrt19ROS_ws/install/data_acquition_pkg:/home/vini_dunker/udemy_ws/install/my_py_pkg:/home/vini_dunker/mrt_ws/install/traverse_stage:/home/vini_dunker/mrt_ws/install/state_machine:/home/vini_dunker/mrt_ws/install/data_acquisition:/opt/ros/humble /usr/bin/cmake --install /home/vini_dunker/COSMOS-AFS/cosmos_ws/build/state_machine_pkg
[23.311s] Level 1:colcon.colcon_core.environment:create_environment_scripts_only(state_machine_pkg)
[23.313s] Level 1:colcon.colcon_core.environment:checking '/home/vini_dunker/COSMOS-AFS/cosmos_ws/install/state_machine_pkg' for CMake module files
[23.313s] DEBUG:colcon.colcon_core.event_handler.log_command:Invoked command in '/home/vini_dunker/COSMOS-AFS/cosmos_ws/build/state_machine_pkg' returned '0': CMAKE_PREFIX_PATH=${CMAKE_PREFIX_PATH}:/home/vini_dunker/COSMOS-AFS/cosmos_ws/install/sensors_pkg:/home/vini_dunker/COSMOS-AFS/cosmos_ws/install/communication_pkg:/home/vini_dunker/COSMOS-AFS/cosmos_ws/install/camera_pkg:/home/vini_dunker/COSMOS-AFS/cosmos_ws/install/attitude_control_pkg:/home/vini_dunker/Automation/mrt19ROS_ws/install/traverse_state_pkg:/home/vini_dunker/Automation/mrt19ROS_ws/install/state_machine_pkg:/home/vini_dunker/Automation/mrt19ROS_ws/install/mrt19_pkg:/home/vini_dunker/Automation/mrt19ROS_ws/install/drum_pkg:/home/vini_dunker/Automation/mrt19ROS_ws/install/data_acquition_pkg:/home/vini_dunker/udemy_ws/install/my_py_pkg:/home/vini_dunker/mrt_ws/install/traverse_stage:/home/vini_dunker/mrt_ws/install/state_machine:/home/vini_dunker/mrt_ws/install/data_acquisition:/opt/ros/humble /usr/bin/cmake --install /home/vini_dunker/COSMOS-AFS/cosmos_ws/build/state_machine_pkg
[23.314s] Level 1:colcon.colcon_core.environment:checking '/home/vini_dunker/COSMOS-AFS/cosmos_ws/install/state_machine_pkg' for CMake config files
[23.314s] Level 1:colcon.colcon_core.shell:create_environment_hook('state_machine_pkg', 'cmake_prefix_path')
[23.315s] INFO:colcon.colcon_core.shell:Creating environment hook '/home/vini_dunker/COSMOS-AFS/cosmos_ws/install/state_machine_pkg/share/state_machine_pkg/hook/cmake_prefix_path.ps1'
[23.315s] INFO:colcon.colcon_core.shell:Creating environment descriptor '/home/vini_dunker/COSMOS-AFS/cosmos_ws/install/state_machine_pkg/share/state_machine_pkg/hook/cmake_prefix_path.dsv'
[23.315s] INFO:colcon.colcon_core.shell:Creating environment hook '/home/vini_dunker/COSMOS-AFS/cosmos_ws/install/state_machine_pkg/share/state_machine_pkg/hook/cmake_prefix_path.sh'
[23.316s] Level 1:colcon.colcon_core.environment:checking '/home/vini_dunker/COSMOS-AFS/cosmos_ws/install/state_machine_pkg/lib'
[23.316s] Level 1:colcon.colcon_core.environment:checking '/home/vini_dunker/COSMOS-AFS/cosmos_ws/install/state_machine_pkg/bin'
[23.316s] Level 1:colcon.colcon_core.environment:checking '/home/vini_dunker/COSMOS-AFS/cosmos_ws/install/state_machine_pkg/lib/pkgconfig/state_machine_pkg.pc'
[23.316s] Level 1:colcon.colcon_core.environment:checking '/home/vini_dunker/COSMOS-AFS/cosmos_ws/install/state_machine_pkg/lib/python3.10/site-packages'
[23.316s] Level 1:colcon.colcon_core.environment:checking '/home/vini_dunker/COSMOS-AFS/cosmos_ws/install/state_machine_pkg/bin'
[23.318s] INFO:colcon.colcon_core.shell:Creating package script '/home/vini_dunker/COSMOS-AFS/cosmos_ws/install/state_machine_pkg/share/state_machine_pkg/package.ps1'
[23.318s] INFO:colcon.colcon_core.shell:Creating package descriptor '/home/vini_dunker/COSMOS-AFS/cosmos_ws/install/state_machine_pkg/share/state_machine_pkg/package.dsv'
[23.319s] INFO:colcon.colcon_core.shell:Creating package script '/home/vini_dunker/COSMOS-AFS/cosmos_ws/install/state_machine_pkg/share/state_machine_pkg/package.sh'
[23.319s] INFO:colcon.colcon_core.shell:Creating package script '/home/vini_dunker/COSMOS-AFS/cosmos_ws/install/state_machine_pkg/share/state_machine_pkg/package.bash'
[23.319s] INFO:colcon.colcon_core.shell:Creating package script '/home/vini_dunker/COSMOS-AFS/cosmos_ws/install/state_machine_pkg/share/state_machine_pkg/package.zsh'
[23.319s] Level 1:colcon.colcon_core.environment:create_file_with_runtime_dependencies(/home/vini_dunker/COSMOS-AFS/cosmos_ws/install/state_machine_pkg/share/colcon-core/packages/state_machine_pkg)
[23.335s] Level 1:colcon.colcon_core.environment:create_environment_scripts_only(state_machine_pkg)
[23.337s] Level 1:colcon.colcon_core.environment:checking '/home/vini_dunker/COSMOS-AFS/cosmos_ws/install/state_machine_pkg' for CMake module files
[23.337s] Level 1:colcon.colcon_core.environment:checking '/home/vini_dunker/COSMOS-AFS/cosmos_ws/install/state_machine_pkg' for CMake config files
[23.337s] Level 1:colcon.colcon_core.shell:create_environment_hook('state_machine_pkg', 'cmake_prefix_path')
[23.338s] INFO:colcon.colcon_core.shell:Creating environment hook '/home/vini_dunker/COSMOS-AFS/cosmos_ws/install/state_machine_pkg/share/state_machine_pkg/hook/cmake_prefix_path.ps1'
[23.339s] INFO:colcon.colcon_core.shell:Creating environment descriptor '/home/vini_dunker/COSMOS-AFS/cosmos_ws/install/state_machine_pkg/share/state_machine_pkg/hook/cmake_prefix_path.dsv'
[23.339s] INFO:colcon.colcon_core.shell:Creating environment hook '/home/vini_dunker/COSMOS-AFS/cosmos_ws/install/state_machine_pkg/share/state_machine_pkg/hook/cmake_prefix_path.sh'
[23.339s] Level 1:colcon.colcon_core.environment:checking '/home/vini_dunker/COSMOS-AFS/cosmos_ws/install/state_machine_pkg/lib'
[23.339s] Level 1:colcon.colcon_core.environment:checking '/home/vini_dunker/COSMOS-AFS/cosmos_ws/install/state_machine_pkg/bin'
[23.339s] Level 1:colcon.colcon_core.environment:checking '/home/vini_dunker/COSMOS-AFS/cosmos_ws/install/state_machine_pkg/lib/pkgconfig/state_machine_pkg.pc'
[23.339s] Level 1:colcon.colcon_core.environment:checking '/home/vini_dunker/COSMOS-AFS/cosmos_ws/install/state_machine_pkg/lib/python3.10/site-packages'
[23.339s] Level 1:colcon.colcon_core.environment:checking '/home/vini_dunker/COSMOS-AFS/cosmos_ws/install/state_machine_pkg/bin'
[23.341s] INFO:colcon.colcon_core.shell:Creating package script '/home/vini_dunker/COSMOS-AFS/cosmos_ws/install/state_machine_pkg/share/state_machine_pkg/package.ps1'
[23.341s] INFO:colcon.colcon_core.shell:Creating package descriptor '/home/vini_dunker/COSMOS-AFS/cosmos_ws/install/state_machine_pkg/share/state_machine_pkg/package.dsv'
[23.341s] INFO:colcon.colcon_core.shell:Creating package script '/home/vini_dunker/COSMOS-AFS/cosmos_ws/install/state_machine_pkg/share/state_machine_pkg/package.sh'
[23.342s] INFO:colcon.colcon_core.shell:Creating package script '/home/vini_dunker/COSMOS-AFS/cosmos_ws/install/state_machine_pkg/share/state_machine_pkg/package.bash'
[23.342s] INFO:colcon.colcon_core.shell:Creating package script '/home/vini_dunker/COSMOS-AFS/cosmos_ws/install/state_machine_pkg/share/state_machine_pkg/package.zsh'
[23.342s] Level 1:colcon.colcon_core.environment:create_file_with_runtime_dependencies(/home/vini_dunker/COSMOS-AFS/cosmos_ws/install/state_machine_pkg/share/colcon-core/packages/state_machine_pkg)
[23.343s] DEBUG:colcon.colcon_parallel_executor.executor.parallel:closing loop
[23.343s] DEBUG:colcon.colcon_parallel_executor.executor.parallel:loop closed
[23.343s] DEBUG:colcon.colcon_parallel_executor.executor.parallel:run_until_complete finished with '0'
[23.344s] DEBUG:colcon.colcon_core.event_reactor:joining thread
[23.463s] INFO:colcon.colcon_core.plugin_system:Skipping extension 'colcon_notification.desktop_notification.notify_send': Could not find 'notify-send'
[23.463s] INFO:colcon.colcon_core.plugin_system:Skipping extension 'colcon_notification.desktop_notification.terminal_notifier': Not used on non-Darwin systems
[23.464s] INFO:colcon.colcon_core.plugin_system:Skipping extension 'colcon_notification.desktop_notification.win32': Not used on non-Windows systems
[23.464s] INFO:colcon.colcon_notification.desktop_notification:Sending desktop notification using 'notify2'
[23.486s] DEBUG:colcon.colcon_notification.desktop_notification.notify2:Failed to initialize notify2: org.freedesktop.DBus.Error.ServiceUnknown: The name org.freedesktop.Notifications was not provided by any .service files
[23.487s] DEBUG:colcon.colcon_core.event_reactor:joined thread
[23.488s] INFO:colcon.colcon_core.shell:Creating prefix script '/home/vini_dunker/COSMOS-AFS/cosmos_ws/install/local_setup.ps1'
[23.489s] INFO:colcon.colcon_core.shell:Creating prefix util module '/home/vini_dunker/COSMOS-AFS/cosmos_ws/install/_local_setup_util_ps1.py'
[23.490s] INFO:colcon.colcon_core.shell:Creating prefix chain script '/home/vini_dunker/COSMOS-AFS/cosmos_ws/install/setup.ps1'
[23.492s] INFO:colcon.colcon_core.shell:Creating prefix script '/home/vini_dunker/COSMOS-AFS/cosmos_ws/install/local_setup.sh'
[23.493s] INFO:colcon.colcon_core.shell:Creating prefix util module '/home/vini_dunker/COSMOS-AFS/cosmos_ws/install/_local_setup_util_sh.py'
[23.493s] INFO:colcon.colcon_core.shell:Creating prefix chain script '/home/vini_dunker/COSMOS-AFS/cosmos_ws/install/setup.sh'
[23.495s] INFO:colcon.colcon_core.shell:Creating prefix script '/home/vini_dunker/COSMOS-AFS/cosmos_ws/install/local_setup.bash'
[23.496s] INFO:colcon.colcon_core.shell:Creating prefix chain script '/home/vini_dunker/COSMOS-AFS/cosmos_ws/install/setup.bash'
[23.497s] INFO:colcon.colcon_core.shell:Creating prefix script '/home/vini_dunker/COSMOS-AFS/cosmos_ws/install/local_setup.zsh'
[23.498s] INFO:colcon.colcon_core.shell:Creating prefix chain script '/home/vini_dunker/COSMOS-AFS/cosmos_ws/install/setup.zsh'
