[0.014s] Invoking command in '/home/vini_dunker/COSMOS-AFS/cosmos_ws/build/state_machine_pkg': CMAKE_PREFIX_PATH=${CMAKE_PREFIX_PATH}:/home/vini_dunker/Automation/mrt19ROS_ws/install/traverse_state_pkg:/home/vini_dunker/Automation/mrt19ROS_ws/install/state_machine_pkg:/home/vini_dunker/Automation/mrt19ROS_ws/install/mrt19_pkg:/home/vini_dunker/Automation/mrt19ROS_ws/install/drum_pkg:/home/vini_dunker/Automation/mrt19ROS_ws/install/data_acquition_pkg:/home/vini_dunker/udemy_ws/install/my_py_pkg:/home/vini_dunker/mrt_ws/install/traverse_stage:/home/vini_dunker/mrt_ws/install/state_machine:/home/vini_dunker/mrt_ws/install/data_acquisition:/opt/ros/humble /usr/bin/cmake --build /home/vini_dunker/COSMOS-AFS/cosmos_ws/build/state_machine_pkg -- -j12 -l12
[0.037s] [35m[1mConsolidate compiler generated dependencies of target state_machine[0m
[0.050s] [ 50%] [32mBuilding CXX object CMakeFiles/state_machine.dir/src/state_machine_node.cpp.o[0m
[2.312s] [100%] [32m[1mLinking CXX executable state_machine[0m
[2.568s] [100%] Built target state_machine
[2.576s] Invoked command in '/home/vini_dunker/COSMOS-AFS/cosmos_ws/build/state_machine_pkg' returned '0': CMAKE_PREFIX_PATH=${CMAKE_PREFIX_PATH}:/home/vini_dunker/Automation/mrt19ROS_ws/install/traverse_state_pkg:/home/vini_dunker/Automation/mrt19ROS_ws/install/state_machine_pkg:/home/vini_dunker/Automation/mrt19ROS_ws/install/mrt19_pkg:/home/vini_dunker/Automation/mrt19ROS_ws/install/drum_pkg:/home/vini_dunker/Automation/mrt19ROS_ws/install/data_acquition_pkg:/home/vini_dunker/udemy_ws/install/my_py_pkg:/home/vini_dunker/mrt_ws/install/traverse_stage:/home/vini_dunker/mrt_ws/install/state_machine:/home/vini_dunker/mrt_ws/install/data_acquisition:/opt/ros/humble /usr/bin/cmake --build /home/vini_dunker/COSMOS-AFS/cosmos_ws/build/state_machine_pkg -- -j12 -l12
[2.595s] Invoking command in '/home/vini_dunker/COSMOS-AFS/cosmos_ws/build/state_machine_pkg': CMAKE_PREFIX_PATH=${CMAKE_PREFIX_PATH}:/home/vini_dunker/Automation/mrt19ROS_ws/install/traverse_state_pkg:/home/vini_dunker/Automation/mrt19ROS_ws/install/state_machine_pkg:/home/vini_dunker/Automation/mrt19ROS_ws/install/mrt19_pkg:/home/vini_dunker/Automation/mrt19ROS_ws/install/drum_pkg:/home/vini_dunker/Automation/mrt19ROS_ws/install/data_acquition_pkg:/home/vini_dunker/udemy_ws/install/my_py_pkg:/home/vini_dunker/mrt_ws/install/traverse_stage:/home/vini_dunker/mrt_ws/install/state_machine:/home/vini_dunker/mrt_ws/install/data_acquisition:/opt/ros/humble /usr/bin/cmake --install /home/vini_dunker/COSMOS-AFS/cosmos_ws/build/state_machine_pkg
[2.599s] -- Install configuration: ""
[2.600s] -- Installing: /home/vini_dunker/COSMOS-AFS/cosmos_ws/install/state_machine_pkg/lib/state_machine_pkg/state_machine
[2.600s] -- Set runtime path of "/home/vini_dunker/COSMOS-AFS/cosmos_ws/install/state_machine_pkg/lib/state_machine_pkg/state_machine" to ""
[2.600s] -- Up-to-date: /home/vini_dunker/COSMOS-AFS/cosmos_ws/install/state_machine_pkg/share/ament_index/resource_index/package_run_dependencies/state_machine_pkg
[2.601s] -- Up-to-date: /home/vini_dunker/COSMOS-AFS/cosmos_ws/install/state_machine_pkg/share/ament_index/resource_index/parent_prefix_path/state_machine_pkg
[2.601s] -- Up-to-date: /home/vini_dunker/COSMOS-AFS/cosmos_ws/install/state_machine_pkg/share/state_machine_pkg/environment/ament_prefix_path.sh
[2.601s] -- Up-to-date: /home/vini_dunker/COSMOS-AFS/cosmos_ws/install/state_machine_pkg/share/state_machine_pkg/environment/ament_prefix_path.dsv
[2.601s] -- Up-to-date: /home/vini_dunker/COSMOS-AFS/cosmos_ws/install/state_machine_pkg/share/state_machine_pkg/environment/path.sh
[2.602s] -- Up-to-date: /home/vini_dunker/COSMOS-AFS/cosmos_ws/install/state_machine_pkg/share/state_machine_pkg/environment/path.dsv
[2.602s] -- Up-to-date: /home/vini_dunker/COSMOS-AFS/cosmos_ws/install/state_machine_pkg/share/state_machine_pkg/local_setup.bash
[2.602s] -- Up-to-date: /home/vini_dunker/COSMOS-AFS/cosmos_ws/install/state_machine_pkg/share/state_machine_pkg/local_setup.sh
[2.602s] -- Up-to-date: /home/vini_dunker/COSMOS-AFS/cosmos_ws/install/state_machine_pkg/share/state_machine_pkg/local_setup.zsh
[2.603s] -- Up-to-date: /home/vini_dunker/COSMOS-AFS/cosmos_ws/install/state_machine_pkg/share/state_machine_pkg/local_setup.dsv
[2.603s] -- Installing: /home/vini_dunker/COSMOS-AFS/cosmos_ws/install/state_machine_pkg/share/state_machine_pkg/package.dsv
[2.603s] -- Up-to-date: /home/vini_dunker/COSMOS-AFS/cosmos_ws/install/state_machine_pkg/share/ament_index/resource_index/packages/state_machine_pkg
[2.603s] -- Up-to-date: /home/vini_dunker/COSMOS-AFS/cosmos_ws/install/state_machine_pkg/share/state_machine_pkg/cmake/state_machine_pkgConfig.cmake
[2.603s] -- Up-to-date: /home/vini_dunker/COSMOS-AFS/cosmos_ws/install/state_machine_pkg/share/state_machine_pkg/cmake/state_machine_pkgConfig-version.cmake
[2.604s] -- Up-to-date: /home/vini_dunker/COSMOS-AFS/cosmos_ws/install/state_machine_pkg/share/state_machine_pkg/package.xml
[2.605s] Invoked command in '/home/vini_dunker/COSMOS-AFS/cosmos_ws/build/state_machine_pkg' returned '0': CMAKE_PREFIX_PATH=${CMAKE_PREFIX_PATH}:/home/vini_dunker/Automation/mrt19ROS_ws/install/traverse_state_pkg:/home/vini_dunker/Automation/mrt19ROS_ws/install/state_machine_pkg:/home/vini_dunker/Automation/mrt19ROS_ws/install/mrt19_pkg:/home/vini_dunker/Automation/mrt19ROS_ws/install/drum_pkg:/home/vini_dunker/Automation/mrt19ROS_ws/install/data_acquition_pkg:/home/vini_dunker/udemy_ws/install/my_py_pkg:/home/vini_dunker/mrt_ws/install/traverse_stage:/home/vini_dunker/mrt_ws/install/state_machine:/home/vini_dunker/mrt_ws/install/data_acquisition:/opt/ros/humble /usr/bin/cmake --install /home/vini_dunker/COSMOS-AFS/cosmos_ws/build/state_machine_pkg
