running egg_info
creating ../../build/sensors_pkg/sensors_pkg.egg-info
writing ../../build/sensors_pkg/sensors_pkg.egg-info/PKG-INFO
writing dependency_links to ../../build/sensors_pkg/sensors_pkg.egg-info/dependency_links.txt
writing entry points to ../../build/sensors_pkg/sensors_pkg.egg-info/entry_points.txt
writing requirements to ../../build/sensors_pkg/sensors_pkg.egg-info/requires.txt
writing top-level names to ../../build/sensors_pkg/sensors_pkg.egg-info/top_level.txt
writing manifest file '../../build/sensors_pkg/sensors_pkg.egg-info/SOURCES.txt'
reading manifest file '../../build/sensors_pkg/sensors_pkg.egg-info/SOURCES.txt'
writing manifest file '../../build/sensors_pkg/sensors_pkg.egg-info/SOURCES.txt'
running build
running build_py
creating /home/cosmos/COSMOS-AFS/cosmos_ws/build/sensors_pkg/build
creating /home/cosmos/COSMOS-AFS/cosmos_ws/build/sensors_pkg/build/lib
creating /home/cosmos/COSMOS-AFS/cosmos_ws/build/sensors_pkg/build/lib/sensors_pkg
copying sensors_pkg/daq_node.py -> /home/cosmos/COSMOS-AFS/cosmos_ws/build/sensors_pkg/build/lib/sensors_pkg
copying sensors_pkg/__init__.py -> /home/cosmos/COSMOS-AFS/cosmos_ws/build/sensors_pkg/build/lib/sensors_pkg
/usr/lib/python3/dist-packages/setuptools/command/install.py:34: SetuptoolsDeprecationWarning: setup.py install is deprecated. Use build and pip and other standards-based tools.
  warnings.warn(
running install
running install_lib
creating /home/cosmos/COSMOS-AFS/cosmos_ws/install/sensors_pkg/lib/python3.10/site-packages/sensors_pkg
copying /home/cosmos/COSMOS-AFS/cosmos_ws/build/sensors_pkg/build/lib/sensors_pkg/daq_node.py -> /home/cosmos/COSMOS-AFS/cosmos_ws/install/sensors_pkg/lib/python3.10/site-packages/sensors_pkg
copying /home/cosmos/COSMOS-AFS/cosmos_ws/build/sensors_pkg/build/lib/sensors_pkg/__init__.py -> /home/cosmos/COSMOS-AFS/cosmos_ws/install/sensors_pkg/lib/python3.10/site-packages/sensors_pkg
byte-compiling /home/cosmos/COSMOS-AFS/cosmos_ws/install/sensors_pkg/lib/python3.10/site-packages/sensors_pkg/daq_node.py to daq_node.cpython-310.pyc
byte-compiling /home/cosmos/COSMOS-AFS/cosmos_ws/install/sensors_pkg/lib/python3.10/site-packages/sensors_pkg/__init__.py to __init__.cpython-310.pyc
running install_data
creating /home/cosmos/COSMOS-AFS/cosmos_ws/install/sensors_pkg/share/ament_index
creating /home/cosmos/COSMOS-AFS/cosmos_ws/install/sensors_pkg/share/ament_index/resource_index
creating /home/cosmos/COSMOS-AFS/cosmos_ws/install/sensors_pkg/share/ament_index/resource_index/packages
copying resource/sensors_pkg -> /home/cosmos/COSMOS-AFS/cosmos_ws/install/sensors_pkg/share/ament_index/resource_index/packages
copying package.xml -> /home/cosmos/COSMOS-AFS/cosmos_ws/install/sensors_pkg/share/sensors_pkg
running install_egg_info
Copying ../../build/sensors_pkg/sensors_pkg.egg-info to /home/cosmos/COSMOS-AFS/cosmos_ws/install/sensors_pkg/lib/python3.10/site-packages/sensors_pkg-0.0.0-py3.10.egg-info
running install_scripts
Installing Data_Acquisition script to /home/cosmos/COSMOS-AFS/cosmos_ws/install/sensors_pkg/lib/sensors_pkg
writing list of installed files to '/home/cosmos/COSMOS-AFS/cosmos_ws/build/sensors_pkg/install.log'
