[0.904s] Invoking command in '/home/vini_dunker/COSMOS-AFS/cosmos_ws/src/communication_pkg': CMAKE_PREFIX_PATH=/home/vini_dunker/COSMOS-AFS/cosmos_ws/install/cosmos_interfaces:/home/vini_dunker/COSMOS-AFS/cosmos_ws/install/cosmos_bringup:/home/vini_dunker/COSMOS-AFS/cosmos_ws/install/state_machine_pkg:/home/vini_dunker/COSMOS-AFS/cosmos_ws/install/attitude_control_pkg:/home/vini_dunker/udemy_ws/install/udemy_bringup:/home/vini_dunker/udemy_ws/install/my_cpp_pkg:/home/vini_dunker/udemy_ws/install/udemy_interfaces PYTHONPATH=/home/vini_dunker/COSMOS-AFS/cosmos_ws/build/communication_pkg/prefix_override:/home/vini_dunker/COSMOS-AFS/cosmos_ws/install/communication_pkg/lib/python3.10/site-packages:${PYTHONPATH} /usr/bin/python3 setup.py egg_info --egg-base ../../build/communication_pkg build --build-base /home/vini_dunker/COSMOS-AFS/cosmos_ws/build/communication_pkg/build install --record /home/vini_dunker/COSMOS-AFS/cosmos_ws/build/communication_pkg/install.log --single-version-externally-managed
[1.138s] running egg_info
[1.138s] writing ../../build/communication_pkg/communication_pkg.egg-info/PKG-INFO
[1.138s] writing dependency_links to ../../build/communication_pkg/communication_pkg.egg-info/dependency_links.txt
[1.139s] writing entry points to ../../build/communication_pkg/communication_pkg.egg-info/entry_points.txt
[1.139s] writing requirements to ../../build/communication_pkg/communication_pkg.egg-info/requires.txt
[1.139s] writing top-level names to ../../build/communication_pkg/communication_pkg.egg-info/top_level.txt
[1.140s] reading manifest file '../../build/communication_pkg/communication_pkg.egg-info/SOURCES.txt'
[1.141s] writing manifest file '../../build/communication_pkg/communication_pkg.egg-info/SOURCES.txt'
[1.141s] running build
[1.141s] running build_py
[1.141s] running install
[1.142s] running install_lib
[1.143s] running install_data
[1.143s] running install_egg_info
[1.144s] removing '/home/vini_dunker/COSMOS-AFS/cosmos_ws/install/communication_pkg/lib/python3.10/site-packages/communication_pkg-0.0.0-py3.10.egg-info' (and everything under it)
[1.144s] Copying ../../build/communication_pkg/communication_pkg.egg-info to /home/vini_dunker/COSMOS-AFS/cosmos_ws/install/communication_pkg/lib/python3.10/site-packages/communication_pkg-0.0.0-py3.10.egg-info
[1.145s] running install_scripts
[1.162s] Installing SerialCommunication script to /home/vini_dunker/COSMOS-AFS/cosmos_ws/install/communication_pkg/lib/communication_pkg
[1.162s] writing list of installed files to '/home/vini_dunker/COSMOS-AFS/cosmos_ws/build/communication_pkg/install.log'
[1.187s] Invoked command in '/home/vini_dunker/COSMOS-AFS/cosmos_ws/src/communication_pkg' returned '0': CMAKE_PREFIX_PATH=/home/vini_dunker/COSMOS-AFS/cosmos_ws/install/cosmos_interfaces:/home/vini_dunker/COSMOS-AFS/cosmos_ws/install/cosmos_bringup:/home/vini_dunker/COSMOS-AFS/cosmos_ws/install/state_machine_pkg:/home/vini_dunker/COSMOS-AFS/cosmos_ws/install/attitude_control_pkg:/home/vini_dunker/udemy_ws/install/udemy_bringup:/home/vini_dunker/udemy_ws/install/my_cpp_pkg:/home/vini_dunker/udemy_ws/install/udemy_interfaces PYTHONPATH=/home/vini_dunker/COSMOS-AFS/cosmos_ws/build/communication_pkg/prefix_override:/home/vini_dunker/COSMOS-AFS/cosmos_ws/install/communication_pkg/lib/python3.10/site-packages:${PYTHONPATH} /usr/bin/python3 setup.py egg_info --egg-base ../../build/communication_pkg build --build-base /home/vini_dunker/COSMOS-AFS/cosmos_ws/build/communication_pkg/build install --record /home/vini_dunker/COSMOS-AFS/cosmos_ws/build/communication_pkg/install.log --single-version-externally-managed
