[1.225s] Invoking command in '/home/vini_dunker/COSMOS-AFS/cosmos_ws/src/sensors_pkg': PYTHONPATH=/home/vini_dunker/COSMOS-AFS/cosmos_ws/build/sensors_pkg/prefix_override:/home/vini_dunker/COSMOS-AFS/cosmos_ws/install/sensors_pkg/lib/python3.10/site-packages:${PYTHONPATH} /usr/bin/python3 setup.py egg_info --egg-base ../../build/sensors_pkg build --build-base /home/vini_dunker/COSMOS-AFS/cosmos_ws/build/sensors_pkg/build install --record /home/vini_dunker/COSMOS-AFS/cosmos_ws/build/sensors_pkg/install.log --single-version-externally-managed
[1.470s] running egg_info
[1.471s] creating ../../build/sensors_pkg/sensors_pkg.egg-info
[1.471s] writing ../../build/sensors_pkg/sensors_pkg.egg-info/PKG-INFO
[1.471s] writing dependency_links to ../../build/sensors_pkg/sensors_pkg.egg-info/dependency_links.txt
[1.472s] writing entry points to ../../build/sensors_pkg/sensors_pkg.egg-info/entry_points.txt
[1.472s] writing requirements to ../../build/sensors_pkg/sensors_pkg.egg-info/requires.txt
[1.472s] writing top-level names to ../../build/sensors_pkg/sensors_pkg.egg-info/top_level.txt
[1.472s] writing manifest file '../../build/sensors_pkg/sensors_pkg.egg-info/SOURCES.txt'
[1.473s] reading manifest file '../../build/sensors_pkg/sensors_pkg.egg-info/SOURCES.txt'
[1.474s] writing manifest file '../../build/sensors_pkg/sensors_pkg.egg-info/SOURCES.txt'
[1.474s] running build
[1.474s] running build_py
[1.474s] creating /home/vini_dunker/COSMOS-AFS/cosmos_ws/build/sensors_pkg/build
[1.475s] creating /home/vini_dunker/COSMOS-AFS/cosmos_ws/build/sensors_pkg/build/lib
[1.475s] creating /home/vini_dunker/COSMOS-AFS/cosmos_ws/build/sensors_pkg/build/lib/sensors_pkg
[1.475s] copying sensors_pkg/__init__.py -> /home/vini_dunker/COSMOS-AFS/cosmos_ws/build/sensors_pkg/build/lib/sensors_pkg
[1.476s] copying sensors_pkg/daq_node.py -> /home/vini_dunker/COSMOS-AFS/cosmos_ws/build/sensors_pkg/build/lib/sensors_pkg
[1.476s] running install
[1.476s] running install_lib
[1.477s] creating /home/vini_dunker/COSMOS-AFS/cosmos_ws/install/sensors_pkg/lib/python3.10/site-packages/sensors_pkg
[1.477s] copying /home/vini_dunker/COSMOS-AFS/cosmos_ws/build/sensors_pkg/build/lib/sensors_pkg/__init__.py -> /home/vini_dunker/COSMOS-AFS/cosmos_ws/install/sensors_pkg/lib/python3.10/site-packages/sensors_pkg
[1.477s] copying /home/vini_dunker/COSMOS-AFS/cosmos_ws/build/sensors_pkg/build/lib/sensors_pkg/daq_node.py -> /home/vini_dunker/COSMOS-AFS/cosmos_ws/install/sensors_pkg/lib/python3.10/site-packages/sensors_pkg
[1.478s] byte-compiling /home/vini_dunker/COSMOS-AFS/cosmos_ws/install/sensors_pkg/lib/python3.10/site-packages/sensors_pkg/__init__.py to __init__.cpython-310.pyc
[1.480s] byte-compiling /home/vini_dunker/COSMOS-AFS/cosmos_ws/install/sensors_pkg/lib/python3.10/site-packages/sensors_pkg/daq_node.py to daq_node.cpython-310.pyc
[1.481s] running install_data
[1.481s] creating /home/vini_dunker/COSMOS-AFS/cosmos_ws/install/sensors_pkg/share/ament_index
[1.481s] creating /home/vini_dunker/COSMOS-AFS/cosmos_ws/install/sensors_pkg/share/ament_index/resource_index
[1.481s] creating /home/vini_dunker/COSMOS-AFS/cosmos_ws/install/sensors_pkg/share/ament_index/resource_index/packages
[1.481s] copying resource/sensors_pkg -> /home/vini_dunker/COSMOS-AFS/cosmos_ws/install/sensors_pkg/share/ament_index/resource_index/packages
[1.481s] copying package.xml -> /home/vini_dunker/COSMOS-AFS/cosmos_ws/install/sensors_pkg/share/sensors_pkg
[1.481s] running install_egg_info
[1.483s] Copying ../../build/sensors_pkg/sensors_pkg.egg-info to /home/vini_dunker/COSMOS-AFS/cosmos_ws/install/sensors_pkg/lib/python3.10/site-packages/sensors_pkg-0.0.0-py3.10.egg-info
[1.483s] running install_scripts
[1.501s] Installing Data_Acquisition script to /home/vini_dunker/COSMOS-AFS/cosmos_ws/install/sensors_pkg/lib/sensors_pkg
[1.502s] writing list of installed files to '/home/vini_dunker/COSMOS-AFS/cosmos_ws/build/sensors_pkg/install.log'
[1.551s] Invoked command in '/home/vini_dunker/COSMOS-AFS/cosmos_ws/src/sensors_pkg' returned '0': PYTHONPATH=/home/vini_dunker/COSMOS-AFS/cosmos_ws/build/sensors_pkg/prefix_override:/home/vini_dunker/COSMOS-AFS/cosmos_ws/install/sensors_pkg/lib/python3.10/site-packages:${PYTHONPATH} /usr/bin/python3 setup.py egg_info --egg-base ../../build/sensors_pkg build --build-base /home/vini_dunker/COSMOS-AFS/cosmos_ws/build/sensors_pkg/build install --record /home/vini_dunker/COSMOS-AFS/cosmos_ws/build/sensors_pkg/install.log --single-version-externally-managed
