[0.059s] Invoking command in '/home/vini_dunker/COSMOS-AFS/cosmos_ws/build/cosmos_interfaces': CMAKE_PREFIX_PATH=${CMAKE_PREFIX_PATH}:/home/vini_dunker/MRT-19/ros_drone_ws/install/drone_control:/home/vini_dunker/udemy_ws/install/my_py_pkg:/home/vini_dunker/COSMOS-AFS/cosmos_ws/install/sensors_pkg:/home/vini_dunker/COSMOS-AFS/cosmos_ws/install/communication_pkg:/home/vini_dunker/COSMOS-AFS/cosmos_ws/install/camera_pkg:/home/vini_dunker/COSMOS-AFS/cosmos_ws/install/attitude_service_pkg:/home/vini_dunker/Automation/mrt19ROS_ws/install/traverse_state_pkg:/home/vini_dunker/Automation/mrt19ROS_ws/install/state_machine_pkg:/home/vini_dunker/Automation/mrt19ROS_ws/install/mrt19_pkg:/home/vini_dunker/Automation/mrt19ROS_ws/install/drum_pkg:/home/vini_dunker/Automation/mrt19ROS_ws/install/data_acquition_pkg:/home/vini_dunker/mrt_ws/install/traverse_stage:/home/vini_dunker/mrt_ws/install/state_machine:/home/vini_dunker/mrt_ws/install/data_acquisition:/opt/ros/humble /usr/bin/cmake --build /home/vini_dunker/COSMOS-AFS/cosmos_ws/build/cosmos_interfaces -- -j12 -l12
[0.615s] [  1%] Built target cosmos_interfaces__cpp
[0.615s] [ 12%] Built target cosmos_interfaces__rosidl_generator_c
[0.616s] [ 12%] Built target ament_cmake_python_copy_cosmos_interfaces
[0.616s] [ 24%] Built target cosmos_interfaces__rosidl_typesupport_introspection_cpp
[0.616s] [ 48%] Built target cosmos_interfaces__rosidl_typesupport_c
[0.616s] [ 45%] Built target cosmos_interfaces__rosidl_typesupport_introspection_c
[0.616s] [ 58%] Built target cosmos_interfaces__rosidl_typesupport_fastrtps_cpp
[0.616s] [ 75%] Built target cosmos_interfaces__rosidl_typesupport_fastrtps_c
[0.617s] [ 81%] Built target cosmos_interfaces__rosidl_typesupport_cpp
[0.617s] [ 81%] Built target cosmos_interfaces
[0.617s] [ 82%] Built target cosmos_interfaces__py
[0.617s] [ 92%] Built target cosmos_interfaces__rosidl_generator_py
[0.617s] [ 94%] Built target cosmos_interfaces__rosidl_typesupport_fastrtps_c__pyext
[0.618s] [ 97%] Built target cosmos_interfaces__rosidl_typesupport_introspection_c__pyext
[0.618s] [100%] Built target cosmos_interfaces__rosidl_typesupport_c__pyext
[0.618s] running egg_info
[0.618s] writing cosmos_interfaces.egg-info/PKG-INFO
[0.618s] writing dependency_links to cosmos_interfaces.egg-info/dependency_links.txt
[0.619s] writing top-level names to cosmos_interfaces.egg-info/top_level.txt
[0.620s] reading manifest file 'cosmos_interfaces.egg-info/SOURCES.txt'
[0.620s] writing manifest file 'cosmos_interfaces.egg-info/SOURCES.txt'
[0.620s] [100%] Built target ament_cmake_python_build_cosmos_interfaces_egg
[0.866s] Invoked command in '/home/vini_dunker/COSMOS-AFS/cosmos_ws/build/cosmos_interfaces' returned '0': CMAKE_PREFIX_PATH=${CMAKE_PREFIX_PATH}:/home/vini_dunker/MRT-19/ros_drone_ws/install/drone_control:/home/vini_dunker/udemy_ws/install/my_py_pkg:/home/vini_dunker/COSMOS-AFS/cosmos_ws/install/sensors_pkg:/home/vini_dunker/COSMOS-AFS/cosmos_ws/install/communication_pkg:/home/vini_dunker/COSMOS-AFS/cosmos_ws/install/camera_pkg:/home/vini_dunker/COSMOS-AFS/cosmos_ws/install/attitude_service_pkg:/home/vini_dunker/Automation/mrt19ROS_ws/install/traverse_state_pkg:/home/vini_dunker/Automation/mrt19ROS_ws/install/state_machine_pkg:/home/vini_dunker/Automation/mrt19ROS_ws/install/mrt19_pkg:/home/vini_dunker/Automation/mrt19ROS_ws/install/drum_pkg:/home/vini_dunker/Automation/mrt19ROS_ws/install/data_acquition_pkg:/home/vini_dunker/mrt_ws/install/traverse_stage:/home/vini_dunker/mrt_ws/install/state_machine:/home/vini_dunker/mrt_ws/install/data_acquisition:/opt/ros/humble /usr/bin/cmake --build /home/vini_dunker/COSMOS-AFS/cosmos_ws/build/cosmos_interfaces -- -j12 -l12
[1.017s] Invoking command in '/home/vini_dunker/COSMOS-AFS/cosmos_ws/build/cosmos_interfaces': CMAKE_PREFIX_PATH=${CMAKE_PREFIX_PATH}:/home/vini_dunker/MRT-19/ros_drone_ws/install/drone_control:/home/vini_dunker/udemy_ws/install/my_py_pkg:/home/vini_dunker/COSMOS-AFS/cosmos_ws/install/sensors_pkg:/home/vini_dunker/COSMOS-AFS/cosmos_ws/install/communication_pkg:/home/vini_dunker/COSMOS-AFS/cosmos_ws/install/camera_pkg:/home/vini_dunker/COSMOS-AFS/cosmos_ws/install/attitude_service_pkg:/home/vini_dunker/Automation/mrt19ROS_ws/install/traverse_state_pkg:/home/vini_dunker/Automation/mrt19ROS_ws/install/state_machine_pkg:/home/vini_dunker/Automation/mrt19ROS_ws/install/mrt19_pkg:/home/vini_dunker/Automation/mrt19ROS_ws/install/drum_pkg:/home/vini_dunker/Automation/mrt19ROS_ws/install/data_acquition_pkg:/home/vini_dunker/mrt_ws/install/traverse_stage:/home/vini_dunker/mrt_ws/install/state_machine:/home/vini_dunker/mrt_ws/install/data_acquisition:/opt/ros/humble /usr/bin/cmake --install /home/vini_dunker/COSMOS-AFS/cosmos_ws/build/cosmos_interfaces
[1.023s] -- Install configuration: ""
[1.023s] -- Up-to-date: /home/vini_dunker/COSMOS-AFS/cosmos_ws/install/cosmos_interfaces/share/ament_index/resource_index/rosidl_interfaces/cosmos_interfaces
[1.023s] -- Up-to-date: /home/vini_dunker/COSMOS-AFS/cosmos_ws/install/cosmos_interfaces/include/cosmos_interfaces/cosmos_interfaces
[1.024s] -- Up-to-date: /home/vini_dunker/COSMOS-AFS/cosmos_ws/install/cosmos_interfaces/include/cosmos_interfaces/cosmos_interfaces/srv
[1.024s] -- Up-to-date: /home/vini_dunker/COSMOS-AFS/cosmos_ws/install/cosmos_interfaces/include/cosmos_interfaces/cosmos_interfaces/srv/skew.h
[1.024s] -- Up-to-date: /home/vini_dunker/COSMOS-AFS/cosmos_ws/install/cosmos_interfaces/include/cosmos_interfaces/cosmos_interfaces/srv/detail
[1.024s] -- Up-to-date: /home/vini_dunker/COSMOS-AFS/cosmos_ws/install/cosmos_interfaces/include/cosmos_interfaces/cosmos_interfaces/srv/detail/aa_to_dcm__functions.c
[1.024s] -- Up-to-date: /home/vini_dunker/COSMOS-AFS/cosmos_ws/install/cosmos_interfaces/include/cosmos_interfaces/cosmos_interfaces/srv/detail/skew__functions.c
[1.025s] -- Up-to-date: /home/vini_dunker/COSMOS-AFS/cosmos_ws/install/cosmos_interfaces/include/cosmos_interfaces/cosmos_interfaces/srv/detail/skew__functions.h
[1.025s] -- Up-to-date: /home/vini_dunker/COSMOS-AFS/cosmos_ws/install/cosmos_interfaces/include/cosmos_interfaces/cosmos_interfaces/srv/detail/skew__struct.h
[1.025s] -- Up-to-date: /home/vini_dunker/COSMOS-AFS/cosmos_ws/install/cosmos_interfaces/include/cosmos_interfaces/cosmos_interfaces/srv/detail/aa_to_dcm__type_support.h
[1.025s] -- Up-to-date: /home/vini_dunker/COSMOS-AFS/cosmos_ws/install/cosmos_interfaces/include/cosmos_interfaces/cosmos_interfaces/srv/detail/aa_to_dcm__functions.h
[1.025s] -- Up-to-date: /home/vini_dunker/COSMOS-AFS/cosmos_ws/install/cosmos_interfaces/include/cosmos_interfaces/cosmos_interfaces/srv/detail/aa_to_dcm__struct.h
[1.026s] -- Up-to-date: /home/vini_dunker/COSMOS-AFS/cosmos_ws/install/cosmos_interfaces/include/cosmos_interfaces/cosmos_interfaces/srv/detail/skew__type_support.h
[1.026s] -- Up-to-date: /home/vini_dunker/COSMOS-AFS/cosmos_ws/install/cosmos_interfaces/include/cosmos_interfaces/cosmos_interfaces/srv/aa_to_dcm.h
[1.026s] -- Up-to-date: /home/vini_dunker/COSMOS-AFS/cosmos_ws/install/cosmos_interfaces/include/cosmos_interfaces/cosmos_interfaces/msg
[1.026s] -- Up-to-date: /home/vini_dunker/COSMOS-AFS/cosmos_ws/install/cosmos_interfaces/include/cosmos_interfaces/cosmos_interfaces/msg/position.h
[1.027s] -- Up-to-date: /home/vini_dunker/COSMOS-AFS/cosmos_ws/install/cosmos_interfaces/include/cosmos_interfaces/cosmos_interfaces/msg/state_machine.h
[1.027s] -- Up-to-date: /home/vini_dunker/COSMOS-AFS/cosmos_ws/install/cosmos_interfaces/include/cosmos_interfaces/cosmos_interfaces/msg/reaction_wheels.h
[1.028s] -- Up-to-date: /home/vini_dunker/COSMOS-AFS/cosmos_ws/install/cosmos_interfaces/include/cosmos_interfaces/cosmos_interfaces/msg/detail
[1.028s] -- Up-to-date: /home/vini_dunker/COSMOS-AFS/cosmos_ws/install/cosmos_interfaces/include/cosmos_interfaces/cosmos_interfaces/msg/detail/state_machine__functions.h
[1.028s] -- Up-to-date: /home/vini_dunker/COSMOS-AFS/cosmos_ws/install/cosmos_interfaces/include/cosmos_interfaces/cosmos_interfaces/msg/detail/camera__type_support.h
[1.028s] -- Up-to-date: /home/vini_dunker/COSMOS-AFS/cosmos_ws/install/cosmos_interfaces/include/cosmos_interfaces/cosmos_interfaces/msg/detail/attitude__functions.h
[1.028s] -- Up-to-date: /home/vini_dunker/COSMOS-AFS/cosmos_ws/install/cosmos_interfaces/include/cosmos_interfaces/cosmos_interfaces/msg/detail/position__struct.h
[1.029s] -- Up-to-date: /home/vini_dunker/COSMOS-AFS/cosmos_ws/install/cosmos_interfaces/include/cosmos_interfaces/cosmos_interfaces/msg/detail/camera__struct.h
[1.029s] -- Up-to-date: /home/vini_dunker/COSMOS-AFS/cosmos_ws/install/cosmos_interfaces/include/cosmos_interfaces/cosmos_interfaces/msg/detail/position__functions.c
[1.029s] -- Up-to-date: /home/vini_dunker/COSMOS-AFS/cosmos_ws/install/cosmos_interfaces/include/cosmos_interfaces/cosmos_interfaces/msg/detail/reaction_wheels__functions.c
[1.030s] -- Up-to-date: /home/vini_dunker/COSMOS-AFS/cosmos_ws/install/cosmos_interfaces/include/cosmos_interfaces/cosmos_interfaces/msg/detail/attitude__struct.h
[1.030s] -- Up-to-date: /home/vini_dunker/COSMOS-AFS/cosmos_ws/install/cosmos_interfaces/include/cosmos_interfaces/cosmos_interfaces/msg/detail/task__struct.h
[1.030s] -- Up-to-date: /home/vini_dunker/COSMOS-AFS/cosmos_ws/install/cosmos_interfaces/include/cosmos_interfaces/cosmos_interfaces/msg/detail/camera__functions.h
[1.031s] -- Up-to-date: /home/vini_dunker/COSMOS-AFS/cosmos_ws/install/cosmos_interfaces/include/cosmos_interfaces/cosmos_interfaces/msg/detail/task__functions.h
[1.031s] -- Up-to-date: /home/vini_dunker/COSMOS-AFS/cosmos_ws/install/cosmos_interfaces/include/cosmos_interfaces/cosmos_interfaces/msg/detail/task__functions.c
[1.031s] -- Up-to-date: /home/vini_dunker/COSMOS-AFS/cosmos_ws/install/cosmos_interfaces/include/cosmos_interfaces/cosmos_interfaces/msg/detail/position__functions.h
[1.031s] -- Up-to-date: /home/vini_dunker/COSMOS-AFS/cosmos_ws/install/cosmos_interfaces/include/cosmos_interfaces/cosmos_interfaces/msg/detail/position__type_support.h
[1.032s] -- Up-to-date: /home/vini_dunker/COSMOS-AFS/cosmos_ws/install/cosmos_interfaces/include/cosmos_interfaces/cosmos_interfaces/msg/detail/reaction_wheels__type_support.h
[1.032s] -- Up-to-date: /home/vini_dunker/COSMOS-AFS/cosmos_ws/install/cosmos_interfaces/include/cosmos_interfaces/cosmos_interfaces/msg/detail/task__type_support.h
[1.032s] -- Up-to-date: /home/vini_dunker/COSMOS-AFS/cosmos_ws/install/cosmos_interfaces/include/cosmos_interfaces/cosmos_interfaces/msg/detail/state_machine__functions.c
[1.032s] -- Up-to-date: /home/vini_dunker/COSMOS-AFS/cosmos_ws/install/cosmos_interfaces/include/cosmos_interfaces/cosmos_interfaces/msg/detail/attitude__functions.c
[1.033s] -- Up-to-date: /home/vini_dunker/COSMOS-AFS/cosmos_ws/install/cosmos_interfaces/include/cosmos_interfaces/cosmos_interfaces/msg/detail/state_machine__struct.h
[1.033s] -- Up-to-date: /home/vini_dunker/COSMOS-AFS/cosmos_ws/install/cosmos_interfaces/include/cosmos_interfaces/cosmos_interfaces/msg/detail/reaction_wheels__struct.h
[1.033s] -- Up-to-date: /home/vini_dunker/COSMOS-AFS/cosmos_ws/install/cosmos_interfaces/include/cosmos_interfaces/cosmos_interfaces/msg/detail/attitude__type_support.h
[1.034s] -- Up-to-date: /home/vini_dunker/COSMOS-AFS/cosmos_ws/install/cosmos_interfaces/include/cosmos_interfaces/cosmos_interfaces/msg/detail/camera__functions.c
[1.034s] -- Up-to-date: /home/vini_dunker/COSMOS-AFS/cosmos_ws/install/cosmos_interfaces/include/cosmos_interfaces/cosmos_interfaces/msg/detail/reaction_wheels__functions.h
[1.034s] -- Up-to-date: /home/vini_dunker/COSMOS-AFS/cosmos_ws/install/cosmos_interfaces/include/cosmos_interfaces/cosmos_interfaces/msg/detail/state_machine__type_support.h
[1.034s] -- Up-to-date: /home/vini_dunker/COSMOS-AFS/cosmos_ws/install/cosmos_interfaces/include/cosmos_interfaces/cosmos_interfaces/msg/rosidl_generator_c__visibility_control.h
[1.035s] -- Up-to-date: /home/vini_dunker/COSMOS-AFS/cosmos_ws/install/cosmos_interfaces/include/cosmos_interfaces/cosmos_interfaces/msg/attitude.h
[1.035s] -- Up-to-date: /home/vini_dunker/COSMOS-AFS/cosmos_ws/install/cosmos_interfaces/include/cosmos_interfaces/cosmos_interfaces/msg/camera.h
[1.036s] -- Up-to-date: /home/vini_dunker/COSMOS-AFS/cosmos_ws/install/cosmos_interfaces/include/cosmos_interfaces/cosmos_interfaces/msg/task.h
[1.036s] -- Up-to-date: /home/vini_dunker/COSMOS-AFS/cosmos_ws/install/cosmos_interfaces/share/cosmos_interfaces/environment/library_path.sh
[1.036s] -- Up-to-date: /home/vini_dunker/COSMOS-AFS/cosmos_ws/install/cosmos_interfaces/share/cosmos_interfaces/environment/library_path.dsv
[1.037s] -- Up-to-date: /home/vini_dunker/COSMOS-AFS/cosmos_ws/install/cosmos_interfaces/lib/libcosmos_interfaces__rosidl_generator_c.so
[1.037s] -- Up-to-date: /home/vini_dunker/COSMOS-AFS/cosmos_ws/install/cosmos_interfaces/include/cosmos_interfaces/cosmos_interfaces
[1.037s] -- Up-to-date: /home/vini_dunker/COSMOS-AFS/cosmos_ws/install/cosmos_interfaces/include/cosmos_interfaces/cosmos_interfaces/srv
[1.037s] -- Up-to-date: /home/vini_dunker/COSMOS-AFS/cosmos_ws/install/cosmos_interfaces/include/cosmos_interfaces/cosmos_interfaces/srv/detail
[1.038s] -- Up-to-date: /home/vini_dunker/COSMOS-AFS/cosmos_ws/install/cosmos_interfaces/include/cosmos_interfaces/cosmos_interfaces/srv/detail/aa_to_dcm__rosidl_typesupport_fastrtps_c.h
[1.038s] -- Up-to-date: /home/vini_dunker/COSMOS-AFS/cosmos_ws/install/cosmos_interfaces/include/cosmos_interfaces/cosmos_interfaces/srv/detail/skew__rosidl_typesupport_fastrtps_c.h
[1.038s] -- Up-to-date: /home/vini_dunker/COSMOS-AFS/cosmos_ws/install/cosmos_interfaces/include/cosmos_interfaces/cosmos_interfaces/msg
[1.038s] -- Up-to-date: /home/vini_dunker/COSMOS-AFS/cosmos_ws/install/cosmos_interfaces/include/cosmos_interfaces/cosmos_interfaces/msg/rosidl_typesupport_fastrtps_c__visibility_control.h
[1.039s] -- Up-to-date: /home/vini_dunker/COSMOS-AFS/cosmos_ws/install/cosmos_interfaces/include/cosmos_interfaces/cosmos_interfaces/msg/detail
[1.039s] -- Up-to-date: /home/vini_dunker/COSMOS-AFS/cosmos_ws/install/cosmos_interfaces/include/cosmos_interfaces/cosmos_interfaces/msg/detail/position__rosidl_typesupport_fastrtps_c.h
[1.039s] -- Up-to-date: /home/vini_dunker/COSMOS-AFS/cosmos_ws/install/cosmos_interfaces/include/cosmos_interfaces/cosmos_interfaces/msg/detail/task__rosidl_typesupport_fastrtps_c.h
[1.039s] -- Up-to-date: /home/vini_dunker/COSMOS-AFS/cosmos_ws/install/cosmos_interfaces/include/cosmos_interfaces/cosmos_interfaces/msg/detail/state_machine__rosidl_typesupport_fastrtps_c.h
[1.039s] -- Up-to-date: /home/vini_dunker/COSMOS-AFS/cosmos_ws/install/cosmos_interfaces/include/cosmos_interfaces/cosmos_interfaces/msg/detail/camera__rosidl_typesupport_fastrtps_c.h
[1.039s] -- Up-to-date: /home/vini_dunker/COSMOS-AFS/cosmos_ws/install/cosmos_interfaces/include/cosmos_interfaces/cosmos_interfaces/msg/detail/attitude__rosidl_typesupport_fastrtps_c.h
[1.039s] -- Up-to-date: /home/vini_dunker/COSMOS-AFS/cosmos_ws/install/cosmos_interfaces/include/cosmos_interfaces/cosmos_interfaces/msg/detail/reaction_wheels__rosidl_typesupport_fastrtps_c.h
[1.039s] -- Up-to-date: /home/vini_dunker/COSMOS-AFS/cosmos_ws/install/cosmos_interfaces/lib/libcosmos_interfaces__rosidl_typesupport_fastrtps_c.so
[1.039s] -- Up-to-date: /home/vini_dunker/COSMOS-AFS/cosmos_ws/install/cosmos_interfaces/include/cosmos_interfaces/cosmos_interfaces
[1.039s] -- Up-to-date: /home/vini_dunker/COSMOS-AFS/cosmos_ws/install/cosmos_interfaces/include/cosmos_interfaces/cosmos_interfaces/srv
[1.039s] -- Up-to-date: /home/vini_dunker/COSMOS-AFS/cosmos_ws/install/cosmos_interfaces/include/cosmos_interfaces/cosmos_interfaces/srv/detail
[1.040s] -- Up-to-date: /home/vini_dunker/COSMOS-AFS/cosmos_ws/install/cosmos_interfaces/include/cosmos_interfaces/cosmos_interfaces/srv/detail/skew__rosidl_typesupport_introspection_c.h
[1.040s] -- Up-to-date: /home/vini_dunker/COSMOS-AFS/cosmos_ws/install/cosmos_interfaces/include/cosmos_interfaces/cosmos_interfaces/srv/detail/aa_to_dcm__rosidl_typesupport_introspection_c.h
[1.040s] -- Up-to-date: /home/vini_dunker/COSMOS-AFS/cosmos_ws/install/cosmos_interfaces/include/cosmos_interfaces/cosmos_interfaces/srv/detail/aa_to_dcm__type_support.c
[1.040s] -- Up-to-date: /home/vini_dunker/COSMOS-AFS/cosmos_ws/install/cosmos_interfaces/include/cosmos_interfaces/cosmos_interfaces/srv/detail/skew__type_support.c
[1.040s] -- Up-to-date: /home/vini_dunker/COSMOS-AFS/cosmos_ws/install/cosmos_interfaces/include/cosmos_interfaces/cosmos_interfaces/msg
[1.040s] -- Up-to-date: /home/vini_dunker/COSMOS-AFS/cosmos_ws/install/cosmos_interfaces/include/cosmos_interfaces/cosmos_interfaces/msg/rosidl_typesupport_introspection_c__visibility_control.h
[1.040s] -- Up-to-date: /home/vini_dunker/COSMOS-AFS/cosmos_ws/install/cosmos_interfaces/include/cosmos_interfaces/cosmos_interfaces/msg/detail
[1.040s] -- Up-to-date: /home/vini_dunker/COSMOS-AFS/cosmos_ws/install/cosmos_interfaces/include/cosmos_interfaces/cosmos_interfaces/msg/detail/task__type_support.c
[1.040s] -- Up-to-date: /home/vini_dunker/COSMOS-AFS/cosmos_ws/install/cosmos_interfaces/include/cosmos_interfaces/cosmos_interfaces/msg/detail/position__rosidl_typesupport_introspection_c.h
[1.040s] -- Up-to-date: /home/vini_dunker/COSMOS-AFS/cosmos_ws/install/cosmos_interfaces/include/cosmos_interfaces/cosmos_interfaces/msg/detail/camera__type_support.c
[1.040s] -- Up-to-date: /home/vini_dunker/COSMOS-AFS/cosmos_ws/install/cosmos_interfaces/include/cosmos_interfaces/cosmos_interfaces/msg/detail/state_machine__rosidl_typesupport_introspection_c.h
[1.040s] -- Up-to-date: /home/vini_dunker/COSMOS-AFS/cosmos_ws/install/cosmos_interfaces/include/cosmos_interfaces/cosmos_interfaces/msg/detail/state_machine__type_support.c
[1.041s] -- Up-to-date: /home/vini_dunker/COSMOS-AFS/cosmos_ws/install/cosmos_interfaces/include/cosmos_interfaces/cosmos_interfaces/msg/detail/attitude__rosidl_typesupport_introspection_c.h
[1.041s] -- Up-to-date: /home/vini_dunker/COSMOS-AFS/cosmos_ws/install/cosmos_interfaces/include/cosmos_interfaces/cosmos_interfaces/msg/detail/camera__rosidl_typesupport_introspection_c.h
[1.041s] -- Up-to-date: /home/vini_dunker/COSMOS-AFS/cosmos_ws/install/cosmos_interfaces/include/cosmos_interfaces/cosmos_interfaces/msg/detail/position__type_support.c
[1.041s] -- Up-to-date: /home/vini_dunker/COSMOS-AFS/cosmos_ws/install/cosmos_interfaces/include/cosmos_interfaces/cosmos_interfaces/msg/detail/task__rosidl_typesupport_introspection_c.h
[1.041s] -- Up-to-date: /home/vini_dunker/COSMOS-AFS/cosmos_ws/install/cosmos_interfaces/include/cosmos_interfaces/cosmos_interfaces/msg/detail/attitude__type_support.c
[1.041s] -- Up-to-date: /home/vini_dunker/COSMOS-AFS/cosmos_ws/install/cosmos_interfaces/include/cosmos_interfaces/cosmos_interfaces/msg/detail/reaction_wheels__type_support.c
[1.041s] -- Up-to-date: /home/vini_dunker/COSMOS-AFS/cosmos_ws/install/cosmos_interfaces/include/cosmos_interfaces/cosmos_interfaces/msg/detail/reaction_wheels__rosidl_typesupport_introspection_c.h
[1.041s] -- Up-to-date: /home/vini_dunker/COSMOS-AFS/cosmos_ws/install/cosmos_interfaces/lib/libcosmos_interfaces__rosidl_typesupport_introspection_c.so
[1.041s] -- Up-to-date: /home/vini_dunker/COSMOS-AFS/cosmos_ws/install/cosmos_interfaces/lib/libcosmos_interfaces__rosidl_typesupport_c.so
[1.041s] -- Up-to-date: /home/vini_dunker/COSMOS-AFS/cosmos_ws/install/cosmos_interfaces/include/cosmos_interfaces/cosmos_interfaces
[1.041s] -- Up-to-date: /home/vini_dunker/COSMOS-AFS/cosmos_ws/install/cosmos_interfaces/include/cosmos_interfaces/cosmos_interfaces/srv
[1.041s] -- Up-to-date: /home/vini_dunker/COSMOS-AFS/cosmos_ws/install/cosmos_interfaces/include/cosmos_interfaces/cosmos_interfaces/srv/aa_to_dcm.hpp
[1.042s] -- Up-to-date: /home/vini_dunker/COSMOS-AFS/cosmos_ws/install/cosmos_interfaces/include/cosmos_interfaces/cosmos_interfaces/srv/skew.hpp
[1.042s] -- Up-to-date: /home/vini_dunker/COSMOS-AFS/cosmos_ws/install/cosmos_interfaces/include/cosmos_interfaces/cosmos_interfaces/srv/detail
[1.042s] -- Up-to-date: /home/vini_dunker/COSMOS-AFS/cosmos_ws/install/cosmos_interfaces/include/cosmos_interfaces/cosmos_interfaces/srv/detail/skew__builder.hpp
[1.042s] -- Up-to-date: /home/vini_dunker/COSMOS-AFS/cosmos_ws/install/cosmos_interfaces/include/cosmos_interfaces/cosmos_interfaces/srv/detail/skew__traits.hpp
[1.042s] -- Up-to-date: /home/vini_dunker/COSMOS-AFS/cosmos_ws/install/cosmos_interfaces/include/cosmos_interfaces/cosmos_interfaces/srv/detail/aa_to_dcm__traits.hpp
[1.042s] -- Up-to-date: /home/vini_dunker/COSMOS-AFS/cosmos_ws/install/cosmos_interfaces/include/cosmos_interfaces/cosmos_interfaces/srv/detail/aa_to_dcm__builder.hpp
[1.042s] -- Up-to-date: /home/vini_dunker/COSMOS-AFS/cosmos_ws/install/cosmos_interfaces/include/cosmos_interfaces/cosmos_interfaces/srv/detail/aa_to_dcm__struct.hpp
[1.042s] -- Up-to-date: /home/vini_dunker/COSMOS-AFS/cosmos_ws/install/cosmos_interfaces/include/cosmos_interfaces/cosmos_interfaces/srv/detail/skew__struct.hpp
[1.042s] -- Up-to-date: /home/vini_dunker/COSMOS-AFS/cosmos_ws/install/cosmos_interfaces/include/cosmos_interfaces/cosmos_interfaces/msg
[1.042s] -- Up-to-date: /home/vini_dunker/COSMOS-AFS/cosmos_ws/install/cosmos_interfaces/include/cosmos_interfaces/cosmos_interfaces/msg/reaction_wheels.hpp
[1.042s] -- Up-to-date: /home/vini_dunker/COSMOS-AFS/cosmos_ws/install/cosmos_interfaces/include/cosmos_interfaces/cosmos_interfaces/msg/attitude.hpp
[1.043s] -- Up-to-date: /home/vini_dunker/COSMOS-AFS/cosmos_ws/install/cosmos_interfaces/include/cosmos_interfaces/cosmos_interfaces/msg/position.hpp
[1.043s] -- Up-to-date: /home/vini_dunker/COSMOS-AFS/cosmos_ws/install/cosmos_interfaces/include/cosmos_interfaces/cosmos_interfaces/msg/camera.hpp
[1.043s] -- Up-to-date: /home/vini_dunker/COSMOS-AFS/cosmos_ws/install/cosmos_interfaces/include/cosmos_interfaces/cosmos_interfaces/msg/detail
[1.043s] -- Up-to-date: /home/vini_dunker/COSMOS-AFS/cosmos_ws/install/cosmos_interfaces/include/cosmos_interfaces/cosmos_interfaces/msg/detail/reaction_wheels__traits.hpp
[1.043s] -- Up-to-date: /home/vini_dunker/COSMOS-AFS/cosmos_ws/install/cosmos_interfaces/include/cosmos_interfaces/cosmos_interfaces/msg/detail/state_machine__traits.hpp
[1.043s] -- Up-to-date: /home/vini_dunker/COSMOS-AFS/cosmos_ws/install/cosmos_interfaces/include/cosmos_interfaces/cosmos_interfaces/msg/detail/reaction_wheels__builder.hpp
[1.043s] -- Up-to-date: /home/vini_dunker/COSMOS-AFS/cosmos_ws/install/cosmos_interfaces/include/cosmos_interfaces/cosmos_interfaces/msg/detail/attitude__builder.hpp
[1.043s] -- Up-to-date: /home/vini_dunker/COSMOS-AFS/cosmos_ws/install/cosmos_interfaces/include/cosmos_interfaces/cosmos_interfaces/msg/detail/position__traits.hpp
[1.043s] -- Up-to-date: /home/vini_dunker/COSMOS-AFS/cosmos_ws/install/cosmos_interfaces/include/cosmos_interfaces/cosmos_interfaces/msg/detail/camera__traits.hpp
[1.043s] -- Up-to-date: /home/vini_dunker/COSMOS-AFS/cosmos_ws/install/cosmos_interfaces/include/cosmos_interfaces/cosmos_interfaces/msg/detail/position__struct.hpp
[1.043s] -- Up-to-date: /home/vini_dunker/COSMOS-AFS/cosmos_ws/install/cosmos_interfaces/include/cosmos_interfaces/cosmos_interfaces/msg/detail/reaction_wheels__struct.hpp
[1.043s] -- Up-to-date: /home/vini_dunker/COSMOS-AFS/cosmos_ws/install/cosmos_interfaces/include/cosmos_interfaces/cosmos_interfaces/msg/detail/task__builder.hpp
[1.043s] -- Up-to-date: /home/vini_dunker/COSMOS-AFS/cosmos_ws/install/cosmos_interfaces/include/cosmos_interfaces/cosmos_interfaces/msg/detail/attitude__traits.hpp
[1.044s] -- Up-to-date: /home/vini_dunker/COSMOS-AFS/cosmos_ws/install/cosmos_interfaces/include/cosmos_interfaces/cosmos_interfaces/msg/detail/task__traits.hpp
[1.044s] -- Up-to-date: /home/vini_dunker/COSMOS-AFS/cosmos_ws/install/cosmos_interfaces/include/cosmos_interfaces/cosmos_interfaces/msg/detail/state_machine__builder.hpp
[1.044s] -- Up-to-date: /home/vini_dunker/COSMOS-AFS/cosmos_ws/install/cosmos_interfaces/include/cosmos_interfaces/cosmos_interfaces/msg/detail/attitude__struct.hpp
[1.044s] -- Up-to-date: /home/vini_dunker/COSMOS-AFS/cosmos_ws/install/cosmos_interfaces/include/cosmos_interfaces/cosmos_interfaces/msg/detail/task__struct.hpp
[1.044s] -- Up-to-date: /home/vini_dunker/COSMOS-AFS/cosmos_ws/install/cosmos_interfaces/include/cosmos_interfaces/cosmos_interfaces/msg/detail/position__builder.hpp
[1.044s] -- Up-to-date: /home/vini_dunker/COSMOS-AFS/cosmos_ws/install/cosmos_interfaces/include/cosmos_interfaces/cosmos_interfaces/msg/detail/camera__builder.hpp
[1.044s] -- Up-to-date: /home/vini_dunker/COSMOS-AFS/cosmos_ws/install/cosmos_interfaces/include/cosmos_interfaces/cosmos_interfaces/msg/detail/camera__struct.hpp
[1.044s] -- Up-to-date: /home/vini_dunker/COSMOS-AFS/cosmos_ws/install/cosmos_interfaces/include/cosmos_interfaces/cosmos_interfaces/msg/detail/state_machine__struct.hpp
[1.044s] -- Up-to-date: /home/vini_dunker/COSMOS-AFS/cosmos_ws/install/cosmos_interfaces/include/cosmos_interfaces/cosmos_interfaces/msg/task.hpp
[1.044s] -- Up-to-date: /home/vini_dunker/COSMOS-AFS/cosmos_ws/install/cosmos_interfaces/include/cosmos_interfaces/cosmos_interfaces/msg/state_machine.hpp
[1.044s] -- Up-to-date: /home/vini_dunker/COSMOS-AFS/cosmos_ws/install/cosmos_interfaces/include/cosmos_interfaces/cosmos_interfaces
[1.044s] -- Up-to-date: /home/vini_dunker/COSMOS-AFS/cosmos_ws/install/cosmos_interfaces/include/cosmos_interfaces/cosmos_interfaces/srv
[1.045s] -- Up-to-date: /home/vini_dunker/COSMOS-AFS/cosmos_ws/install/cosmos_interfaces/include/cosmos_interfaces/cosmos_interfaces/srv/detail
[1.045s] -- Up-to-date: /home/vini_dunker/COSMOS-AFS/cosmos_ws/install/cosmos_interfaces/include/cosmos_interfaces/cosmos_interfaces/srv/detail/aa_to_dcm__rosidl_typesupport_fastrtps_cpp.hpp
[1.045s] -- Up-to-date: /home/vini_dunker/COSMOS-AFS/cosmos_ws/install/cosmos_interfaces/include/cosmos_interfaces/cosmos_interfaces/srv/detail/dds_fastrtps
[1.045s] -- Up-to-date: /home/vini_dunker/COSMOS-AFS/cosmos_ws/install/cosmos_interfaces/include/cosmos_interfaces/cosmos_interfaces/srv/detail/skew__rosidl_typesupport_fastrtps_cpp.hpp
[1.045s] -- Up-to-date: /home/vini_dunker/COSMOS-AFS/cosmos_ws/install/cosmos_interfaces/include/cosmos_interfaces/cosmos_interfaces/msg
[1.045s] -- Up-to-date: /home/vini_dunker/COSMOS-AFS/cosmos_ws/install/cosmos_interfaces/include/cosmos_interfaces/cosmos_interfaces/msg/rosidl_typesupport_fastrtps_cpp__visibility_control.h
[1.045s] -- Up-to-date: /home/vini_dunker/COSMOS-AFS/cosmos_ws/install/cosmos_interfaces/include/cosmos_interfaces/cosmos_interfaces/msg/detail
[1.045s] -- Up-to-date: /home/vini_dunker/COSMOS-AFS/cosmos_ws/install/cosmos_interfaces/include/cosmos_interfaces/cosmos_interfaces/msg/detail/attitude__rosidl_typesupport_fastrtps_cpp.hpp
[1.045s] -- Up-to-date: /home/vini_dunker/COSMOS-AFS/cosmos_ws/install/cosmos_interfaces/include/cosmos_interfaces/cosmos_interfaces/msg/detail/reaction_wheels__rosidl_typesupport_fastrtps_cpp.hpp
[1.045s] -- Up-to-date: /home/vini_dunker/COSMOS-AFS/cosmos_ws/install/cosmos_interfaces/include/cosmos_interfaces/cosmos_interfaces/msg/detail/camera__rosidl_typesupport_fastrtps_cpp.hpp
[1.045s] -- Up-to-date: /home/vini_dunker/COSMOS-AFS/cosmos_ws/install/cosmos_interfaces/include/cosmos_interfaces/cosmos_interfaces/msg/detail/position__rosidl_typesupport_fastrtps_cpp.hpp
[1.046s] -- Up-to-date: /home/vini_dunker/COSMOS-AFS/cosmos_ws/install/cosmos_interfaces/include/cosmos_interfaces/cosmos_interfaces/msg/detail/state_machine__rosidl_typesupport_fastrtps_cpp.hpp
[1.046s] -- Up-to-date: /home/vini_dunker/COSMOS-AFS/cosmos_ws/install/cosmos_interfaces/include/cosmos_interfaces/cosmos_interfaces/msg/detail/dds_fastrtps
[1.046s] -- Up-to-date: /home/vini_dunker/COSMOS-AFS/cosmos_ws/install/cosmos_interfaces/include/cosmos_interfaces/cosmos_interfaces/msg/detail/task__rosidl_typesupport_fastrtps_cpp.hpp
[1.046s] -- Up-to-date: /home/vini_dunker/COSMOS-AFS/cosmos_ws/install/cosmos_interfaces/lib/libcosmos_interfaces__rosidl_typesupport_fastrtps_cpp.so
[1.046s] -- Up-to-date: /home/vini_dunker/COSMOS-AFS/cosmos_ws/install/cosmos_interfaces/include/cosmos_interfaces/cosmos_interfaces
[1.046s] -- Up-to-date: /home/vini_dunker/COSMOS-AFS/cosmos_ws/install/cosmos_interfaces/include/cosmos_interfaces/cosmos_interfaces/srv
[1.046s] -- Up-to-date: /home/vini_dunker/COSMOS-AFS/cosmos_ws/install/cosmos_interfaces/include/cosmos_interfaces/cosmos_interfaces/srv/detail
[1.046s] -- Up-to-date: /home/vini_dunker/COSMOS-AFS/cosmos_ws/install/cosmos_interfaces/include/cosmos_interfaces/cosmos_interfaces/srv/detail/skew__rosidl_typesupport_introspection_cpp.hpp
[1.046s] -- Up-to-date: /home/vini_dunker/COSMOS-AFS/cosmos_ws/install/cosmos_interfaces/include/cosmos_interfaces/cosmos_interfaces/srv/detail/aa_to_dcm__rosidl_typesupport_introspection_cpp.hpp
[1.046s] -- Up-to-date: /home/vini_dunker/COSMOS-AFS/cosmos_ws/install/cosmos_interfaces/include/cosmos_interfaces/cosmos_interfaces/srv/detail/aa_to_dcm__type_support.cpp
[1.046s] -- Up-to-date: /home/vini_dunker/COSMOS-AFS/cosmos_ws/install/cosmos_interfaces/include/cosmos_interfaces/cosmos_interfaces/srv/detail/skew__type_support.cpp
[1.047s] -- Up-to-date: /home/vini_dunker/COSMOS-AFS/cosmos_ws/install/cosmos_interfaces/include/cosmos_interfaces/cosmos_interfaces/msg
[1.047s] -- Up-to-date: /home/vini_dunker/COSMOS-AFS/cosmos_ws/install/cosmos_interfaces/include/cosmos_interfaces/cosmos_interfaces/msg/detail
[1.047s] -- Up-to-date: /home/vini_dunker/COSMOS-AFS/cosmos_ws/install/cosmos_interfaces/include/cosmos_interfaces/cosmos_interfaces/msg/detail/camera__type_support.cpp
[1.047s] -- Up-to-date: /home/vini_dunker/COSMOS-AFS/cosmos_ws/install/cosmos_interfaces/include/cosmos_interfaces/cosmos_interfaces/msg/detail/task__rosidl_typesupport_introspection_cpp.hpp
[1.047s] -- Up-to-date: /home/vini_dunker/COSMOS-AFS/cosmos_ws/install/cosmos_interfaces/include/cosmos_interfaces/cosmos_interfaces/msg/detail/camera__rosidl_typesupport_introspection_cpp.hpp
[1.047s] -- Up-to-date: /home/vini_dunker/COSMOS-AFS/cosmos_ws/install/cosmos_interfaces/include/cosmos_interfaces/cosmos_interfaces/msg/detail/attitude__rosidl_typesupport_introspection_cpp.hpp
[1.047s] -- Up-to-date: /home/vini_dunker/COSMOS-AFS/cosmos_ws/install/cosmos_interfaces/include/cosmos_interfaces/cosmos_interfaces/msg/detail/reaction_wheels__rosidl_typesupport_introspection_cpp.hpp
[1.047s] -- Up-to-date: /home/vini_dunker/COSMOS-AFS/cosmos_ws/install/cosmos_interfaces/include/cosmos_interfaces/cosmos_interfaces/msg/detail/reaction_wheels__type_support.cpp
[1.047s] -- Up-to-date: /home/vini_dunker/COSMOS-AFS/cosmos_ws/install/cosmos_interfaces/include/cosmos_interfaces/cosmos_interfaces/msg/detail/attitude__type_support.cpp
[1.047s] -- Up-to-date: /home/vini_dunker/COSMOS-AFS/cosmos_ws/install/cosmos_interfaces/include/cosmos_interfaces/cosmos_interfaces/msg/detail/task__type_support.cpp
[1.048s] -- Up-to-date: /home/vini_dunker/COSMOS-AFS/cosmos_ws/install/cosmos_interfaces/include/cosmos_interfaces/cosmos_interfaces/msg/detail/position__type_support.cpp
[1.048s] -- Up-to-date: /home/vini_dunker/COSMOS-AFS/cosmos_ws/install/cosmos_interfaces/include/cosmos_interfaces/cosmos_interfaces/msg/detail/state_machine__type_support.cpp
[1.048s] -- Up-to-date: /home/vini_dunker/COSMOS-AFS/cosmos_ws/install/cosmos_interfaces/include/cosmos_interfaces/cosmos_interfaces/msg/detail/position__rosidl_typesupport_introspection_cpp.hpp
[1.048s] -- Up-to-date: /home/vini_dunker/COSMOS-AFS/cosmos_ws/install/cosmos_interfaces/include/cosmos_interfaces/cosmos_interfaces/msg/detail/state_machine__rosidl_typesupport_introspection_cpp.hpp
[1.048s] -- Up-to-date: /home/vini_dunker/COSMOS-AFS/cosmos_ws/install/cosmos_interfaces/lib/libcosmos_interfaces__rosidl_typesupport_introspection_cpp.so
[1.048s] -- Up-to-date: /home/vini_dunker/COSMOS-AFS/cosmos_ws/install/cosmos_interfaces/lib/libcosmos_interfaces__rosidl_typesupport_cpp.so
[1.048s] -- Up-to-date: /home/vini_dunker/COSMOS-AFS/cosmos_ws/install/cosmos_interfaces/share/cosmos_interfaces/environment/pythonpath.sh
[1.048s] -- Up-to-date: /home/vini_dunker/COSMOS-AFS/cosmos_ws/install/cosmos_interfaces/share/cosmos_interfaces/environment/pythonpath.dsv
[1.048s] -- Up-to-date: /home/vini_dunker/COSMOS-AFS/cosmos_ws/install/cosmos_interfaces/local/lib/python3.10/dist-packages/cosmos_interfaces-0.0.0-py3.10.egg-info
[1.048s] -- Installing: /home/vini_dunker/COSMOS-AFS/cosmos_ws/install/cosmos_interfaces/local/lib/python3.10/dist-packages/cosmos_interfaces-0.0.0-py3.10.egg-info/dependency_links.txt
[1.048s] -- Installing: /home/vini_dunker/COSMOS-AFS/cosmos_ws/install/cosmos_interfaces/local/lib/python3.10/dist-packages/cosmos_interfaces-0.0.0-py3.10.egg-info/SOURCES.txt
[1.049s] -- Installing: /home/vini_dunker/COSMOS-AFS/cosmos_ws/install/cosmos_interfaces/local/lib/python3.10/dist-packages/cosmos_interfaces-0.0.0-py3.10.egg-info/top_level.txt
[1.049s] -- Installing: /home/vini_dunker/COSMOS-AFS/cosmos_ws/install/cosmos_interfaces/local/lib/python3.10/dist-packages/cosmos_interfaces-0.0.0-py3.10.egg-info/PKG-INFO
[1.049s] -- Up-to-date: /home/vini_dunker/COSMOS-AFS/cosmos_ws/install/cosmos_interfaces/local/lib/python3.10/dist-packages/cosmos_interfaces
[1.049s] -- Up-to-date: /home/vini_dunker/COSMOS-AFS/cosmos_ws/install/cosmos_interfaces/local/lib/python3.10/dist-packages/cosmos_interfaces/__init__.py
[1.049s] -- Up-to-date: /home/vini_dunker/COSMOS-AFS/cosmos_ws/install/cosmos_interfaces/local/lib/python3.10/dist-packages/cosmos_interfaces/_cosmos_interfaces_s.ep.rosidl_typesupport_fastrtps_c.c
[1.049s] -- Up-to-date: /home/vini_dunker/COSMOS-AFS/cosmos_ws/install/cosmos_interfaces/local/lib/python3.10/dist-packages/cosmos_interfaces/srv
[1.049s] -- Up-to-date: /home/vini_dunker/COSMOS-AFS/cosmos_ws/install/cosmos_interfaces/local/lib/python3.10/dist-packages/cosmos_interfaces/srv/__init__.py
[1.049s] -- Up-to-date: /home/vini_dunker/COSMOS-AFS/cosmos_ws/install/cosmos_interfaces/local/lib/python3.10/dist-packages/cosmos_interfaces/srv/_aa_to_dcm_s.c
[1.049s] -- Up-to-date: /home/vini_dunker/COSMOS-AFS/cosmos_ws/install/cosmos_interfaces/local/lib/python3.10/dist-packages/cosmos_interfaces/srv/_skew_s.c
[1.049s] -- Up-to-date: /home/vini_dunker/COSMOS-AFS/cosmos_ws/install/cosmos_interfaces/local/lib/python3.10/dist-packages/cosmos_interfaces/srv/_skew.py
[1.050s] -- Up-to-date: /home/vini_dunker/COSMOS-AFS/cosmos_ws/install/cosmos_interfaces/local/lib/python3.10/dist-packages/cosmos_interfaces/srv/_aa_to_dcm.py
[1.050s] -- Up-to-date: /home/vini_dunker/COSMOS-AFS/cosmos_ws/install/cosmos_interfaces/local/lib/python3.10/dist-packages/cosmos_interfaces/cosmos_interfaces_s__rosidl_typesupport_fastrtps_c.cpython-310-x86_64-linux-gnu.so
[1.050s] -- Up-to-date: /home/vini_dunker/COSMOS-AFS/cosmos_ws/install/cosmos_interfaces/local/lib/python3.10/dist-packages/cosmos_interfaces/cosmos_interfaces_s__rosidl_typesupport_introspection_c.cpython-310-x86_64-linux-gnu.so
[1.050s] -- Up-to-date: /home/vini_dunker/COSMOS-AFS/cosmos_ws/install/cosmos_interfaces/local/lib/python3.10/dist-packages/cosmos_interfaces/_cosmos_interfaces_s.ep.rosidl_typesupport_c.c
[1.050s] -- Up-to-date: /home/vini_dunker/COSMOS-AFS/cosmos_ws/install/cosmos_interfaces/local/lib/python3.10/dist-packages/cosmos_interfaces/_cosmos_interfaces_s.ep.rosidl_typesupport_introspection_c.c
[1.050s] -- Up-to-date: /home/vini_dunker/COSMOS-AFS/cosmos_ws/install/cosmos_interfaces/local/lib/python3.10/dist-packages/cosmos_interfaces/cosmos_interfaces_s__rosidl_typesupport_c.cpython-310-x86_64-linux-gnu.so
[1.051s] -- Up-to-date: /home/vini_dunker/COSMOS-AFS/cosmos_ws/install/cosmos_interfaces/local/lib/python3.10/dist-packages/cosmos_interfaces/libcosmos_interfaces__rosidl_generator_py.so
[1.051s] -- Up-to-date: /home/vini_dunker/COSMOS-AFS/cosmos_ws/install/cosmos_interfaces/local/lib/python3.10/dist-packages/cosmos_interfaces/msg
[1.051s] -- Up-to-date: /home/vini_dunker/COSMOS-AFS/cosmos_ws/install/cosmos_interfaces/local/lib/python3.10/dist-packages/cosmos_interfaces/msg/__init__.py
[1.051s] -- Up-to-date: /home/vini_dunker/COSMOS-AFS/cosmos_ws/install/cosmos_interfaces/local/lib/python3.10/dist-packages/cosmos_interfaces/msg/_position.py
[1.051s] -- Up-to-date: /home/vini_dunker/COSMOS-AFS/cosmos_ws/install/cosmos_interfaces/local/lib/python3.10/dist-packages/cosmos_interfaces/msg/_task_s.c
[1.051s] -- Up-to-date: /home/vini_dunker/COSMOS-AFS/cosmos_ws/install/cosmos_interfaces/local/lib/python3.10/dist-packages/cosmos_interfaces/msg/_reaction_wheels.py
[1.051s] -- Up-to-date: /home/vini_dunker/COSMOS-AFS/cosmos_ws/install/cosmos_interfaces/local/lib/python3.10/dist-packages/cosmos_interfaces/msg/_attitude.py
[1.051s] -- Up-to-date: /home/vini_dunker/COSMOS-AFS/cosmos_ws/install/cosmos_interfaces/local/lib/python3.10/dist-packages/cosmos_interfaces/msg/_task.py
[1.051s] -- Up-to-date: /home/vini_dunker/COSMOS-AFS/cosmos_ws/install/cosmos_interfaces/local/lib/python3.10/dist-packages/cosmos_interfaces/msg/_camera.py
[1.052s] -- Up-to-date: /home/vini_dunker/COSMOS-AFS/cosmos_ws/install/cosmos_interfaces/local/lib/python3.10/dist-packages/cosmos_interfaces/msg/_state_machine_s.c
[1.052s] -- Up-to-date: /home/vini_dunker/COSMOS-AFS/cosmos_ws/install/cosmos_interfaces/local/lib/python3.10/dist-packages/cosmos_interfaces/msg/_state_machine.py
[1.052s] -- Up-to-date: /home/vini_dunker/COSMOS-AFS/cosmos_ws/install/cosmos_interfaces/local/lib/python3.10/dist-packages/cosmos_interfaces/msg/_camera_s.c
[1.052s] -- Up-to-date: /home/vini_dunker/COSMOS-AFS/cosmos_ws/install/cosmos_interfaces/local/lib/python3.10/dist-packages/cosmos_interfaces/msg/_reaction_wheels_s.c
[1.052s] -- Up-to-date: /home/vini_dunker/COSMOS-AFS/cosmos_ws/install/cosmos_interfaces/local/lib/python3.10/dist-packages/cosmos_interfaces/msg/_position_s.c
[1.052s] -- Up-to-date: /home/vini_dunker/COSMOS-AFS/cosmos_ws/install/cosmos_interfaces/local/lib/python3.10/dist-packages/cosmos_interfaces/msg/_attitude_s.c
[1.073s] Listing '/home/vini_dunker/COSMOS-AFS/cosmos_ws/install/cosmos_interfaces/local/lib/python3.10/dist-packages/cosmos_interfaces'...
[1.074s] Listing '/home/vini_dunker/COSMOS-AFS/cosmos_ws/install/cosmos_interfaces/local/lib/python3.10/dist-packages/cosmos_interfaces/msg'...
[1.074s] Listing '/home/vini_dunker/COSMOS-AFS/cosmos_ws/install/cosmos_interfaces/local/lib/python3.10/dist-packages/cosmos_interfaces/srv'...
[1.077s] -- Up-to-date: /home/vini_dunker/COSMOS-AFS/cosmos_ws/install/cosmos_interfaces/local/lib/python3.10/dist-packages/cosmos_interfaces/cosmos_interfaces_s__rosidl_typesupport_fastrtps_c.cpython-310-x86_64-linux-gnu.so
[1.077s] -- Up-to-date: /home/vini_dunker/COSMOS-AFS/cosmos_ws/install/cosmos_interfaces/local/lib/python3.10/dist-packages/cosmos_interfaces/cosmos_interfaces_s__rosidl_typesupport_introspection_c.cpython-310-x86_64-linux-gnu.so
[1.077s] -- Up-to-date: /home/vini_dunker/COSMOS-AFS/cosmos_ws/install/cosmos_interfaces/local/lib/python3.10/dist-packages/cosmos_interfaces/cosmos_interfaces_s__rosidl_typesupport_c.cpython-310-x86_64-linux-gnu.so
[1.077s] -- Up-to-date: /home/vini_dunker/COSMOS-AFS/cosmos_ws/install/cosmos_interfaces/lib/libcosmos_interfaces__rosidl_generator_py.so
[1.078s] -- Up-to-date: /home/vini_dunker/COSMOS-AFS/cosmos_ws/install/cosmos_interfaces/share/cosmos_interfaces/msg/ReactionWheels.idl
[1.078s] -- Up-to-date: /home/vini_dunker/COSMOS-AFS/cosmos_ws/install/cosmos_interfaces/share/cosmos_interfaces/msg/Position.idl
[1.078s] -- Up-to-date: /home/vini_dunker/COSMOS-AFS/cosmos_ws/install/cosmos_interfaces/share/cosmos_interfaces/msg/Attitude.idl
[1.078s] -- Up-to-date: /home/vini_dunker/COSMOS-AFS/cosmos_ws/install/cosmos_interfaces/share/cosmos_interfaces/msg/StateMachine.idl
[1.079s] -- Up-to-date: /home/vini_dunker/COSMOS-AFS/cosmos_ws/install/cosmos_interfaces/share/cosmos_interfaces/msg/Camera.idl
[1.079s] -- Up-to-date: /home/vini_dunker/COSMOS-AFS/cosmos_ws/install/cosmos_interfaces/share/cosmos_interfaces/srv/AAToDCM.idl
[1.079s] -- Up-to-date: /home/vini_dunker/COSMOS-AFS/cosmos_ws/install/cosmos_interfaces/share/cosmos_interfaces/srv/Skew.idl
[1.079s] -- Up-to-date: /home/vini_dunker/COSMOS-AFS/cosmos_ws/install/cosmos_interfaces/share/cosmos_interfaces/msg/ReactionWheels.msg
[1.079s] -- Up-to-date: /home/vini_dunker/COSMOS-AFS/cosmos_ws/install/cosmos_interfaces/share/cosmos_interfaces/msg/Position.msg
[1.080s] -- Up-to-date: /home/vini_dunker/COSMOS-AFS/cosmos_ws/install/cosmos_interfaces/share/cosmos_interfaces/msg/Attitude.msg
[1.080s] -- Up-to-date: /home/vini_dunker/COSMOS-AFS/cosmos_ws/install/cosmos_interfaces/share/cosmos_interfaces/msg/StateMachine.msg
[1.080s] -- Up-to-date: /home/vini_dunker/COSMOS-AFS/cosmos_ws/install/cosmos_interfaces/share/cosmos_interfaces/msg/Camera.msg
[1.080s] -- Up-to-date: /home/vini_dunker/COSMOS-AFS/cosmos_ws/install/cosmos_interfaces/share/cosmos_interfaces/srv/AAToDCM.srv
[1.081s] -- Up-to-date: /home/vini_dunker/COSMOS-AFS/cosmos_ws/install/cosmos_interfaces/share/cosmos_interfaces/srv/AAToDCM_Request.msg
[1.081s] -- Up-to-date: /home/vini_dunker/COSMOS-AFS/cosmos_ws/install/cosmos_interfaces/share/cosmos_interfaces/srv/AAToDCM_Response.msg
[1.082s] -- Up-to-date: /home/vini_dunker/COSMOS-AFS/cosmos_ws/install/cosmos_interfaces/share/cosmos_interfaces/srv/Skew.srv
[1.082s] -- Up-to-date: /home/vini_dunker/COSMOS-AFS/cosmos_ws/install/cosmos_interfaces/share/cosmos_interfaces/srv/Skew_Request.msg
[1.082s] -- Up-to-date: /home/vini_dunker/COSMOS-AFS/cosmos_ws/install/cosmos_interfaces/share/cosmos_interfaces/srv/Skew_Response.msg
[1.082s] -- Up-to-date: /home/vini_dunker/COSMOS-AFS/cosmos_ws/install/cosmos_interfaces/share/ament_index/resource_index/package_run_dependencies/cosmos_interfaces
[1.082s] -- Up-to-date: /home/vini_dunker/COSMOS-AFS/cosmos_ws/install/cosmos_interfaces/share/ament_index/resource_index/parent_prefix_path/cosmos_interfaces
[1.082s] -- Up-to-date: /home/vini_dunker/COSMOS-AFS/cosmos_ws/install/cosmos_interfaces/share/cosmos_interfaces/environment/ament_prefix_path.sh
[1.083s] -- Up-to-date: /home/vini_dunker/COSMOS-AFS/cosmos_ws/install/cosmos_interfaces/share/cosmos_interfaces/environment/ament_prefix_path.dsv
[1.083s] -- Up-to-date: /home/vini_dunker/COSMOS-AFS/cosmos_ws/install/cosmos_interfaces/share/cosmos_interfaces/environment/path.sh
[1.083s] -- Up-to-date: /home/vini_dunker/COSMOS-AFS/cosmos_ws/install/cosmos_interfaces/share/cosmos_interfaces/environment/path.dsv
[1.083s] -- Up-to-date: /home/vini_dunker/COSMOS-AFS/cosmos_ws/install/cosmos_interfaces/share/cosmos_interfaces/local_setup.bash
[1.083s] -- Up-to-date: /home/vini_dunker/COSMOS-AFS/cosmos_ws/install/cosmos_interfaces/share/cosmos_interfaces/local_setup.sh
[1.083s] -- Up-to-date: /home/vini_dunker/COSMOS-AFS/cosmos_ws/install/cosmos_interfaces/share/cosmos_interfaces/local_setup.zsh
[1.083s] -- Up-to-date: /home/vini_dunker/COSMOS-AFS/cosmos_ws/install/cosmos_interfaces/share/cosmos_interfaces/local_setup.dsv
[1.083s] -- Installing: /home/vini_dunker/COSMOS-AFS/cosmos_ws/install/cosmos_interfaces/share/cosmos_interfaces/package.dsv
[1.083s] -- Up-to-date: /home/vini_dunker/COSMOS-AFS/cosmos_ws/install/cosmos_interfaces/share/ament_index/resource_index/packages/cosmos_interfaces
[1.083s] -- Up-to-date: /home/vini_dunker/COSMOS-AFS/cosmos_ws/install/cosmos_interfaces/share/cosmos_interfaces/cmake/export_cosmos_interfaces__rosidl_generator_cExport.cmake
[1.084s] -- Up-to-date: /home/vini_dunker/COSMOS-AFS/cosmos_ws/install/cosmos_interfaces/share/cosmos_interfaces/cmake/export_cosmos_interfaces__rosidl_generator_cExport-noconfig.cmake
[1.084s] -- Up-to-date: /home/vini_dunker/COSMOS-AFS/cosmos_ws/install/cosmos_interfaces/share/cosmos_interfaces/cmake/export_cosmos_interfaces__rosidl_typesupport_fastrtps_cExport.cmake
[1.084s] -- Up-to-date: /home/vini_dunker/COSMOS-AFS/cosmos_ws/install/cosmos_interfaces/share/cosmos_interfaces/cmake/export_cosmos_interfaces__rosidl_typesupport_fastrtps_cExport-noconfig.cmake
[1.084s] -- Up-to-date: /home/vini_dunker/COSMOS-AFS/cosmos_ws/install/cosmos_interfaces/share/cosmos_interfaces/cmake/cosmos_interfaces__rosidl_typesupport_introspection_cExport.cmake
[1.084s] -- Up-to-date: /home/vini_dunker/COSMOS-AFS/cosmos_ws/install/cosmos_interfaces/share/cosmos_interfaces/cmake/cosmos_interfaces__rosidl_typesupport_introspection_cExport-noconfig.cmake
[1.085s] -- Up-to-date: /home/vini_dunker/COSMOS-AFS/cosmos_ws/install/cosmos_interfaces/share/cosmos_interfaces/cmake/cosmos_interfaces__rosidl_typesupport_cExport.cmake
[1.085s] -- Up-to-date: /home/vini_dunker/COSMOS-AFS/cosmos_ws/install/cosmos_interfaces/share/cosmos_interfaces/cmake/cosmos_interfaces__rosidl_typesupport_cExport-noconfig.cmake
[1.085s] -- Up-to-date: /home/vini_dunker/COSMOS-AFS/cosmos_ws/install/cosmos_interfaces/share/cosmos_interfaces/cmake/export_cosmos_interfaces__rosidl_generator_cppExport.cmake
[1.085s] -- Up-to-date: /home/vini_dunker/COSMOS-AFS/cosmos_ws/install/cosmos_interfaces/share/cosmos_interfaces/cmake/export_cosmos_interfaces__rosidl_typesupport_fastrtps_cppExport.cmake
[1.086s] -- Up-to-date: /home/vini_dunker/COSMOS-AFS/cosmos_ws/install/cosmos_interfaces/share/cosmos_interfaces/cmake/export_cosmos_interfaces__rosidl_typesupport_fastrtps_cppExport-noconfig.cmake
[1.086s] -- Up-to-date: /home/vini_dunker/COSMOS-AFS/cosmos_ws/install/cosmos_interfaces/share/cosmos_interfaces/cmake/cosmos_interfaces__rosidl_typesupport_introspection_cppExport.cmake
[1.086s] -- Up-to-date: /home/vini_dunker/COSMOS-AFS/cosmos_ws/install/cosmos_interfaces/share/cosmos_interfaces/cmake/cosmos_interfaces__rosidl_typesupport_introspection_cppExport-noconfig.cmake
[1.086s] -- Up-to-date: /home/vini_dunker/COSMOS-AFS/cosmos_ws/install/cosmos_interfaces/share/cosmos_interfaces/cmake/cosmos_interfaces__rosidl_typesupport_cppExport.cmake
[1.087s] -- Up-to-date: /home/vini_dunker/COSMOS-AFS/cosmos_ws/install/cosmos_interfaces/share/cosmos_interfaces/cmake/cosmos_interfaces__rosidl_typesupport_cppExport-noconfig.cmake
[1.087s] -- Up-to-date: /home/vini_dunker/COSMOS-AFS/cosmos_ws/install/cosmos_interfaces/share/cosmos_interfaces/cmake/export_cosmos_interfaces__rosidl_generator_pyExport.cmake
[1.087s] -- Up-to-date: /home/vini_dunker/COSMOS-AFS/cosmos_ws/install/cosmos_interfaces/share/cosmos_interfaces/cmake/export_cosmos_interfaces__rosidl_generator_pyExport-noconfig.cmake
[1.087s] -- Up-to-date: /home/vini_dunker/COSMOS-AFS/cosmos_ws/install/cosmos_interfaces/share/cosmos_interfaces/cmake/rosidl_cmake-extras.cmake
[1.087s] -- Up-to-date: /home/vini_dunker/COSMOS-AFS/cosmos_ws/install/cosmos_interfaces/share/cosmos_interfaces/cmake/ament_cmake_export_include_directories-extras.cmake
[1.089s] -- Up-to-date: /home/vini_dunker/COSMOS-AFS/cosmos_ws/install/cosmos_interfaces/share/cosmos_interfaces/cmake/ament_cmake_export_libraries-extras.cmake
[1.089s] -- Up-to-date: /home/vini_dunker/COSMOS-AFS/cosmos_ws/install/cosmos_interfaces/share/cosmos_interfaces/cmake/ament_cmake_export_targets-extras.cmake
[1.089s] -- Up-to-date: /home/vini_dunker/COSMOS-AFS/cosmos_ws/install/cosmos_interfaces/share/cosmos_interfaces/cmake/rosidl_cmake_export_typesupport_targets-extras.cmake
[1.090s] -- Up-to-date: /home/vini_dunker/COSMOS-AFS/cosmos_ws/install/cosmos_interfaces/share/cosmos_interfaces/cmake/ament_cmake_export_dependencies-extras.cmake
[1.090s] -- Up-to-date: /home/vini_dunker/COSMOS-AFS/cosmos_ws/install/cosmos_interfaces/share/cosmos_interfaces/cmake/rosidl_cmake_export_typesupport_libraries-extras.cmake
[1.090s] -- Up-to-date: /home/vini_dunker/COSMOS-AFS/cosmos_ws/install/cosmos_interfaces/share/cosmos_interfaces/cmake/cosmos_interfacesConfig.cmake
[1.090s] -- Up-to-date: /home/vini_dunker/COSMOS-AFS/cosmos_ws/install/cosmos_interfaces/share/cosmos_interfaces/cmake/cosmos_interfacesConfig-version.cmake
[1.090s] -- Up-to-date: /home/vini_dunker/COSMOS-AFS/cosmos_ws/install/cosmos_interfaces/share/cosmos_interfaces/package.xml
[1.092s] Invoked command in '/home/vini_dunker/COSMOS-AFS/cosmos_ws/build/cosmos_interfaces' returned '0': CMAKE_PREFIX_PATH=${CMAKE_PREFIX_PATH}:/home/vini_dunker/MRT-19/ros_drone_ws/install/drone_control:/home/vini_dunker/udemy_ws/install/my_py_pkg:/home/vini_dunker/COSMOS-AFS/cosmos_ws/install/sensors_pkg:/home/vini_dunker/COSMOS-AFS/cosmos_ws/install/communication_pkg:/home/vini_dunker/COSMOS-AFS/cosmos_ws/install/camera_pkg:/home/vini_dunker/COSMOS-AFS/cosmos_ws/install/attitude_service_pkg:/home/vini_dunker/Automation/mrt19ROS_ws/install/traverse_state_pkg:/home/vini_dunker/Automation/mrt19ROS_ws/install/state_machine_pkg:/home/vini_dunker/Automation/mrt19ROS_ws/install/mrt19_pkg:/home/vini_dunker/Automation/mrt19ROS_ws/install/drum_pkg:/home/vini_dunker/Automation/mrt19ROS_ws/install/data_acquition_pkg:/home/vini_dunker/mrt_ws/install/traverse_stage:/home/vini_dunker/mrt_ws/install/state_machine:/home/vini_dunker/mrt_ws/install/data_acquisition:/opt/ros/humble /usr/bin/cmake --install /home/vini_dunker/COSMOS-AFS/cosmos_ws/build/cosmos_interfaces
