[0.261s] Invoking command in '/home/vini_dunker/COSMOS-AFS/cosmos_ws/build/state_machine_pkg': CMAKE_PREFIX_PATH=${CMAKE_PREFIX_PATH}:/home/vini_dunker/COSMOS-AFS/cosmos_ws/install/sensors_pkg:/home/vini_dunker/COSMOS-AFS/cosmos_ws/install/communication_pkg:/home/vini_dunker/COSMOS-AFS/cosmos_ws/install/camera_pkg:/home/vini_dunker/COSMOS-AFS/cosmos_ws/install/attitude_control_pkg:/home/vini_dunker/Automation/mrt19ROS_ws/install/traverse_state_pkg:/home/vini_dunker/Automation/mrt19ROS_ws/install/state_machine_pkg:/home/vini_dunker/Automation/mrt19ROS_ws/install/mrt19_pkg:/home/vini_dunker/Automation/mrt19ROS_ws/install/drum_pkg:/home/vini_dunker/Automation/mrt19ROS_ws/install/data_acquition_pkg:/home/vini_dunker/udemy_ws/install/my_py_pkg:/home/vini_dunker/mrt_ws/install/traverse_stage:/home/vini_dunker/mrt_ws/install/state_machine:/home/vini_dunker/mrt_ws/install/data_acquisition:/opt/ros/humble /usr/bin/cmake --build /home/vini_dunker/COSMOS-AFS/cosmos_ws/build/state_machine_pkg -- -j12 -l12
[0.702s] [100%] Built target state_machine
[0.921s] Invoked command in '/home/vini_dunker/COSMOS-AFS/cosmos_ws/build/state_machine_pkg' returned '0': CMAKE_PREFIX_PATH=${CMAKE_PREFIX_PATH}:/home/vini_dunker/COSMOS-AFS/cosmos_ws/install/sensors_pkg:/home/vini_dunker/COSMOS-AFS/cosmos_ws/install/communication_pkg:/home/vini_dunker/COSMOS-AFS/cosmos_ws/install/camera_pkg:/home/vini_dunker/COSMOS-AFS/cosmos_ws/install/attitude_control_pkg:/home/vini_dunker/Automation/mrt19ROS_ws/install/traverse_state_pkg:/home/vini_dunker/Automation/mrt19ROS_ws/install/state_machine_pkg:/home/vini_dunker/Automation/mrt19ROS_ws/install/mrt19_pkg:/home/vini_dunker/Automation/mrt19ROS_ws/install/drum_pkg:/home/vini_dunker/Automation/mrt19ROS_ws/install/data_acquition_pkg:/home/vini_dunker/udemy_ws/install/my_py_pkg:/home/vini_dunker/mrt_ws/install/traverse_stage:/home/vini_dunker/mrt_ws/install/state_machine:/home/vini_dunker/mrt_ws/install/data_acquisition:/opt/ros/humble /usr/bin/cmake --build /home/vini_dunker/COSMOS-AFS/cosmos_ws/build/state_machine_pkg -- -j12 -l12
[0.943s] Invoking command in '/home/vini_dunker/COSMOS-AFS/cosmos_ws/build/state_machine_pkg': CMAKE_PREFIX_PATH=${CMAKE_PREFIX_PATH}:/home/vini_dunker/COSMOS-AFS/cosmos_ws/install/sensors_pkg:/home/vini_dunker/COSMOS-AFS/cosmos_ws/install/communication_pkg:/home/vini_dunker/COSMOS-AFS/cosmos_ws/install/camera_pkg:/home/vini_dunker/COSMOS-AFS/cosmos_ws/install/attitude_control_pkg:/home/vini_dunker/Automation/mrt19ROS_ws/install/traverse_state_pkg:/home/vini_dunker/Automation/mrt19ROS_ws/install/state_machine_pkg:/home/vini_dunker/Automation/mrt19ROS_ws/install/mrt19_pkg:/home/vini_dunker/Automation/mrt19ROS_ws/install/drum_pkg:/home/vini_dunker/Automation/mrt19ROS_ws/install/data_acquition_pkg:/home/vini_dunker/udemy_ws/install/my_py_pkg:/home/vini_dunker/mrt_ws/install/traverse_stage:/home/vini_dunker/mrt_ws/install/state_machine:/home/vini_dunker/mrt_ws/install/data_acquisition:/opt/ros/humble /usr/bin/cmake --install /home/vini_dunker/COSMOS-AFS/cosmos_ws/build/state_machine_pkg
[0.948s] -- Install configuration: ""
[0.948s] -- Up-to-date: /home/vini_dunker/COSMOS-AFS/cosmos_ws/install/state_machine_pkg/lib/state_machine_pkg/state_machine
[0.949s] -- Up-to-date: /home/vini_dunker/COSMOS-AFS/cosmos_ws/install/state_machine_pkg/include/state_machine_pkg
[0.949s] -- Up-to-date: /home/vini_dunker/COSMOS-AFS/cosmos_ws/install/state_machine_pkg/include/state_machine_pkg/state_machine_pkg
[0.949s] -- Up-to-date: /home/vini_dunker/COSMOS-AFS/cosmos_ws/install/state_machine_pkg/include/state_machine_pkg/state_machine_pkg/state_machine_node.hpp
[0.949s] -- Up-to-date: /home/vini_dunker/COSMOS-AFS/cosmos_ws/install/state_machine_pkg/share/ament_index/resource_index/package_run_dependencies/state_machine_pkg
[0.950s] -- Up-to-date: /home/vini_dunker/COSMOS-AFS/cosmos_ws/install/state_machine_pkg/share/ament_index/resource_index/parent_prefix_path/state_machine_pkg
[0.950s] -- Up-to-date: /home/vini_dunker/COSMOS-AFS/cosmos_ws/install/state_machine_pkg/share/state_machine_pkg/environment/ament_prefix_path.sh
[0.950s] -- Up-to-date: /home/vini_dunker/COSMOS-AFS/cosmos_ws/install/state_machine_pkg/share/state_machine_pkg/environment/ament_prefix_path.dsv
[0.950s] -- Up-to-date: /home/vini_dunker/COSMOS-AFS/cosmos_ws/install/state_machine_pkg/share/state_machine_pkg/environment/path.sh
[0.950s] -- Up-to-date: /home/vini_dunker/COSMOS-AFS/cosmos_ws/install/state_machine_pkg/share/state_machine_pkg/environment/path.dsv
[0.950s] -- Up-to-date: /home/vini_dunker/COSMOS-AFS/cosmos_ws/install/state_machine_pkg/share/state_machine_pkg/local_setup.bash
[0.950s] -- Up-to-date: /home/vini_dunker/COSMOS-AFS/cosmos_ws/install/state_machine_pkg/share/state_machine_pkg/local_setup.sh
[0.951s] -- Up-to-date: /home/vini_dunker/COSMOS-AFS/cosmos_ws/install/state_machine_pkg/share/state_machine_pkg/local_setup.zsh
[0.951s] -- Up-to-date: /home/vini_dunker/COSMOS-AFS/cosmos_ws/install/state_machine_pkg/share/state_machine_pkg/local_setup.dsv
[0.951s] -- Installing: /home/vini_dunker/COSMOS-AFS/cosmos_ws/install/state_machine_pkg/share/state_machine_pkg/package.dsv
[0.951s] -- Up-to-date: /home/vini_dunker/COSMOS-AFS/cosmos_ws/install/state_machine_pkg/share/ament_index/resource_index/packages/state_machine_pkg
[0.952s] -- Up-to-date: /home/vini_dunker/COSMOS-AFS/cosmos_ws/install/state_machine_pkg/share/state_machine_pkg/cmake/state_machine_pkgConfig.cmake
[0.952s] -- Up-to-date: /home/vini_dunker/COSMOS-AFS/cosmos_ws/install/state_machine_pkg/share/state_machine_pkg/cmake/state_machine_pkgConfig-version.cmake
[0.952s] -- Up-to-date: /home/vini_dunker/COSMOS-AFS/cosmos_ws/install/state_machine_pkg/share/state_machine_pkg/package.xml
[0.953s] Invoked command in '/home/vini_dunker/COSMOS-AFS/cosmos_ws/build/state_machine_pkg' returned '0': CMAKE_PREFIX_PATH=${CMAKE_PREFIX_PATH}:/home/vini_dunker/COSMOS-AFS/cosmos_ws/install/sensors_pkg:/home/vini_dunker/COSMOS-AFS/cosmos_ws/install/communication_pkg:/home/vini_dunker/COSMOS-AFS/cosmos_ws/install/camera_pkg:/home/vini_dunker/COSMOS-AFS/cosmos_ws/install/attitude_control_pkg:/home/vini_dunker/Automation/mrt19ROS_ws/install/traverse_state_pkg:/home/vini_dunker/Automation/mrt19ROS_ws/install/state_machine_pkg:/home/vini_dunker/Automation/mrt19ROS_ws/install/mrt19_pkg:/home/vini_dunker/Automation/mrt19ROS_ws/install/drum_pkg:/home/vini_dunker/Automation/mrt19ROS_ws/install/data_acquition_pkg:/home/vini_dunker/udemy_ws/install/my_py_pkg:/home/vini_dunker/mrt_ws/install/traverse_stage:/home/vini_dunker/mrt_ws/install/state_machine:/home/vini_dunker/mrt_ws/install/data_acquisition:/opt/ros/humble /usr/bin/cmake --install /home/vini_dunker/COSMOS-AFS/cosmos_ws/build/state_machine_pkg
