[1.477s] Invoking command in '/home/vini_dunker/COSMOS-AFS/cosmos_ws/src/camera_pkg': PYTHONPATH=/home/vini_dunker/COSMOS-AFS/cosmos_ws/build/camera_pkg/prefix_override:/home/vini_dunker/COSMOS-AFS/cosmos_ws/install/camera_pkg/lib/python3.10/site-packages:${PYTHONPATH} /usr/bin/python3 setup.py egg_info --egg-base ../../build/camera_pkg build --build-base /home/vini_dunker/COSMOS-AFS/cosmos_ws/build/camera_pkg/build install --record /home/vini_dunker/COSMOS-AFS/cosmos_ws/build/camera_pkg/install.log --single-version-externally-managed
[1.785s] running egg_info
[1.785s] writing ../../build/camera_pkg/camera_pkg.egg-info/PKG-INFO
[1.786s] writing dependency_links to ../../build/camera_pkg/camera_pkg.egg-info/dependency_links.txt
[1.786s] writing entry points to ../../build/camera_pkg/camera_pkg.egg-info/entry_points.txt
[1.786s] writing requirements to ../../build/camera_pkg/camera_pkg.egg-info/requires.txt
[1.786s] writing top-level names to ../../build/camera_pkg/camera_pkg.egg-info/top_level.txt
[1.788s] reading manifest file '../../build/camera_pkg/camera_pkg.egg-info/SOURCES.txt'
[1.788s] writing manifest file '../../build/camera_pkg/camera_pkg.egg-info/SOURCES.txt'
[1.789s] running build
[1.789s] running build_py
[1.789s] running install
[1.789s] running install_lib
[1.790s] byte-compiling /home/vini_dunker/COSMOS-AFS/cosmos_ws/install/camera_pkg/lib/python3.10/site-packages/camera_pkg/image_to_pixel.py to image_to_pixel.cpython-310.pyc
[1.791s] Sorry: IndentationError: expected an indented block after function definition on line 6 (image_to_pixel.py, line 14)
[1.791s] running install_data
[1.792s] running install_egg_info
[1.793s] removing '/home/vini_dunker/COSMOS-AFS/cosmos_ws/install/camera_pkg/lib/python3.10/site-packages/camera_pkg-0.0.0-py3.10.egg-info' (and everything under it)
[1.793s] Copying ../../build/camera_pkg/camera_pkg.egg-info to /home/vini_dunker/COSMOS-AFS/cosmos_ws/install/camera_pkg/lib/python3.10/site-packages/camera_pkg-0.0.0-py3.10.egg-info
[1.794s] running install_scripts
[1.820s] Installing CameraSM script to /home/vini_dunker/COSMOS-AFS/cosmos_ws/install/camera_pkg/lib/camera_pkg
[1.821s] Installing GetImage script to /home/vini_dunker/COSMOS-AFS/cosmos_ws/install/camera_pkg/lib/camera_pkg
[1.821s] Installing ImageToPixel script to /home/vini_dunker/COSMOS-AFS/cosmos_ws/install/camera_pkg/lib/camera_pkg
[1.821s] writing list of installed files to '/home/vini_dunker/COSMOS-AFS/cosmos_ws/build/camera_pkg/install.log'
[1.954s] Invoked command in '/home/vini_dunker/COSMOS-AFS/cosmos_ws/src/camera_pkg' returned '0': PYTHONPATH=/home/vini_dunker/COSMOS-AFS/cosmos_ws/build/camera_pkg/prefix_override:/home/vini_dunker/COSMOS-AFS/cosmos_ws/install/camera_pkg/lib/python3.10/site-packages:${PYTHONPATH} /usr/bin/python3 setup.py egg_info --egg-base ../../build/camera_pkg build --build-base /home/vini_dunker/COSMOS-AFS/cosmos_ws/build/camera_pkg/build install --record /home/vini_dunker/COSMOS-AFS/cosmos_ws/build/camera_pkg/install.log --single-version-externally-managed
