[0.132s] Invoking command in '/home/vini_dunker/COSMOS-AFS/cosmos_ws/build/attitude_control_pkg': CMAKE_PREFIX_PATH=/home/vini_dunker/COSMOS-AFS/cosmos_ws/install/cosmos_interfaces:/home/vini_dunker/udemy_ws/install/udemy_bringup:/home/vini_dunker/udemy_ws/install/my_cpp_pkg:/home/vini_dunker/udemy_ws/install/udemy_interfaces:/home/vini_dunker/udemy_ws/install/px4_ros_com:/home/vini_dunker/udemy_ws/install/px4_msgs:/home/vini_dunker/COSMOS-AFS/cosmos_ws/install/cosmos_bringup:/home/vini_dunker/COSMOS-AFS/cosmos_ws/install/state_machine_pkg:/home/vini_dunker/COSMOS-AFS/cosmos_ws/install/attitude_control_pkg:/home/vini_dunker/MRT-19/ros_drone_ws/install/drone_control:/home/vini_dunker/udemy_ws/install/my_py_pkg:/home/vini_dunker/COSMOS-AFS/cosmos_ws/install/sensors_pkg:/home/vini_dunker/COSMOS-AFS/cosmos_ws/install/kinematics_pkg:/home/vini_dunker/COSMOS-AFS/cosmos_ws/install/communication_pkg:/home/vini_dunker/COSMOS-AFS/cosmos_ws/install/camera_pkg:/home/vini_dunker/COSMOS-AFS/cosmos_ws/install/attitude_service_pkg:/home/vini_dunker/Automation/mrt19ROS_ws/install/traverse_state_pkg:/home/vini_dunker/Automation/mrt19ROS_ws/install/state_machine_pkg:/home/vini_dunker/Automation/mrt19ROS_ws/install/mrt19_pkg:/home/vini_dunker/Automation/mrt19ROS_ws/install/drum_pkg:/home/vini_dunker/Automation/mrt19ROS_ws/install/data_acquition_pkg:/home/vini_dunker/mrt_ws/install/traverse_stage:/home/vini_dunker/mrt_ws/install/state_machine:/home/vini_dunker/mrt_ws/install/data_acquisition:/opt/ros/humble LD_LIBRARY_PATH=/home/vini_dunker/COSMOS-AFS/cosmos_ws/install/cosmos_interfaces/lib:/home/vini_dunker/udemy_ws/install/udemy_interfaces/lib:/home/vini_dunker/udemy_ws/install/px4_ros_com/lib:/home/vini_dunker/udemy_ws/install/px4_msgs/lib:/opt/ros/humble/opt/rviz_ogre_vendor/lib:/opt/ros/humble/lib/x86_64-linux-gnu:/opt/ros/humble/lib /usr/bin/cmake /home/vini_dunker/COSMOS-AFS/cosmos_ws/src/attitude_control_pkg -DCMAKE_INSTALL_PREFIX=/home/vini_dunker/COSMOS-AFS/cosmos_ws/install/attitude_control_pkg
[0.280s] -- The C compiler identification is GNU 11.4.0
[0.878s] -- The CXX compiler identification is GNU 11.4.0
[1.110s] -- Detecting C compiler ABI info
[1.235s] -- Detecting C compiler ABI info - done
[1.242s] -- Check for working C compiler: /usr/bin/cc - skipped
[1.242s] -- Detecting C compile features
[1.242s] -- Detecting C compile features - done
[1.245s] -- Detecting CXX compiler ABI info
[1.397s] -- Detecting CXX compiler ABI info - done
[1.404s] -- Check for working CXX compiler: /usr/bin/c++ - skipped
[1.404s] -- Detecting CXX compile features
[1.404s] -- Detecting CXX compile features - done
[1.407s] -- Found ament_cmake: 1.3.4 (/opt/ros/humble/share/ament_cmake/cmake)
[1.567s] -- Found Python3: /usr/bin/python3.10 (found version "3.10.6") found components: Interpreter 
[1.660s] -- Found rclcpp: 16.0.4 (/opt/ros/humble/share/rclcpp/cmake)
[1.868s] -- Found rosidl_generator_c: 3.1.4 (/opt/ros/humble/share/rosidl_generator_c/cmake)
[1.876s] -- Found rosidl_adapter: 3.1.4 (/opt/ros/humble/share/rosidl_adapter/cmake)
[1.888s] -- Found rosidl_generator_cpp: 3.1.4 (/opt/ros/humble/share/rosidl_generator_cpp/cmake)
[1.909s] -- Using all available rosidl_typesupport_c: rosidl_typesupport_fastrtps_c;rosidl_typesupport_introspection_c
[1.937s] -- Using all available rosidl_typesupport_cpp: rosidl_typesupport_fastrtps_cpp;rosidl_typesupport_introspection_cpp
[2.031s] -- Found rmw_implementation_cmake: 6.1.1 (/opt/ros/humble/share/rmw_implementation_cmake/cmake)
[2.037s] -- Found rmw_fastrtps_cpp: 6.2.2 (/opt/ros/humble/share/rmw_fastrtps_cpp/cmake)
[3.775s] -- Found OpenSSL: /usr/lib/x86_64-linux-gnu/libcrypto.so (found version "3.0.2")  
[5.510s] -- Found FastRTPS: /opt/ros/humble/include  
[8.671s] -- Using RMW implementation 'rmw_fastrtps_cpp' as default
[8.689s] -- Looking for pthread.h
[8.843s] -- Looking for pthread.h - found
[8.843s] -- Performing Test CMAKE_HAVE_LIBC_PTHREAD
[9.002s] -- Performing Test CMAKE_HAVE_LIBC_PTHREAD - Success
[9.003s] -- Found Threads: TRUE  
[9.195s] -- Found cosmos_interfaces: 0.0.0 (/home/vini_dunker/COSMOS-AFS/cosmos_ws/install/cosmos_interfaces/share/cosmos_interfaces/cmake)
[9.282s] -- Configuring done
[9.291s] -- Generating done
[9.293s] -- Build files have been written to: /home/vini_dunker/COSMOS-AFS/cosmos_ws/build/attitude_control_pkg
[9.301s] Invoked command in '/home/vini_dunker/COSMOS-AFS/cosmos_ws/build/attitude_control_pkg' returned '0': CMAKE_PREFIX_PATH=/home/vini_dunker/COSMOS-AFS/cosmos_ws/install/cosmos_interfaces:/home/vini_dunker/udemy_ws/install/udemy_bringup:/home/vini_dunker/udemy_ws/install/my_cpp_pkg:/home/vini_dunker/udemy_ws/install/udemy_interfaces:/home/vini_dunker/udemy_ws/install/px4_ros_com:/home/vini_dunker/udemy_ws/install/px4_msgs:/home/vini_dunker/COSMOS-AFS/cosmos_ws/install/cosmos_bringup:/home/vini_dunker/COSMOS-AFS/cosmos_ws/install/state_machine_pkg:/home/vini_dunker/COSMOS-AFS/cosmos_ws/install/attitude_control_pkg:/home/vini_dunker/MRT-19/ros_drone_ws/install/drone_control:/home/vini_dunker/udemy_ws/install/my_py_pkg:/home/vini_dunker/COSMOS-AFS/cosmos_ws/install/sensors_pkg:/home/vini_dunker/COSMOS-AFS/cosmos_ws/install/kinematics_pkg:/home/vini_dunker/COSMOS-AFS/cosmos_ws/install/communication_pkg:/home/vini_dunker/COSMOS-AFS/cosmos_ws/install/camera_pkg:/home/vini_dunker/COSMOS-AFS/cosmos_ws/install/attitude_service_pkg:/home/vini_dunker/Automation/mrt19ROS_ws/install/traverse_state_pkg:/home/vini_dunker/Automation/mrt19ROS_ws/install/state_machine_pkg:/home/vini_dunker/Automation/mrt19ROS_ws/install/mrt19_pkg:/home/vini_dunker/Automation/mrt19ROS_ws/install/drum_pkg:/home/vini_dunker/Automation/mrt19ROS_ws/install/data_acquition_pkg:/home/vini_dunker/mrt_ws/install/traverse_stage:/home/vini_dunker/mrt_ws/install/state_machine:/home/vini_dunker/mrt_ws/install/data_acquisition:/opt/ros/humble LD_LIBRARY_PATH=/home/vini_dunker/COSMOS-AFS/cosmos_ws/install/cosmos_interfaces/lib:/home/vini_dunker/udemy_ws/install/udemy_interfaces/lib:/home/vini_dunker/udemy_ws/install/px4_ros_com/lib:/home/vini_dunker/udemy_ws/install/px4_msgs/lib:/opt/ros/humble/opt/rviz_ogre_vendor/lib:/opt/ros/humble/lib/x86_64-linux-gnu:/opt/ros/humble/lib /usr/bin/cmake /home/vini_dunker/COSMOS-AFS/cosmos_ws/src/attitude_control_pkg -DCMAKE_INSTALL_PREFIX=/home/vini_dunker/COSMOS-AFS/cosmos_ws/install/attitude_control_pkg
[9.302s] Invoking command in '/home/vini_dunker/COSMOS-AFS/cosmos_ws/build/attitude_control_pkg': CMAKE_PREFIX_PATH=/home/vini_dunker/COSMOS-AFS/cosmos_ws/install/cosmos_interfaces:/home/vini_dunker/udemy_ws/install/udemy_bringup:/home/vini_dunker/udemy_ws/install/my_cpp_pkg:/home/vini_dunker/udemy_ws/install/udemy_interfaces:/home/vini_dunker/udemy_ws/install/px4_ros_com:/home/vini_dunker/udemy_ws/install/px4_msgs:/home/vini_dunker/COSMOS-AFS/cosmos_ws/install/cosmos_bringup:/home/vini_dunker/COSMOS-AFS/cosmos_ws/install/state_machine_pkg:/home/vini_dunker/COSMOS-AFS/cosmos_ws/install/attitude_control_pkg:/home/vini_dunker/MRT-19/ros_drone_ws/install/drone_control:/home/vini_dunker/udemy_ws/install/my_py_pkg:/home/vini_dunker/COSMOS-AFS/cosmos_ws/install/sensors_pkg:/home/vini_dunker/COSMOS-AFS/cosmos_ws/install/kinematics_pkg:/home/vini_dunker/COSMOS-AFS/cosmos_ws/install/communication_pkg:/home/vini_dunker/COSMOS-AFS/cosmos_ws/install/camera_pkg:/home/vini_dunker/COSMOS-AFS/cosmos_ws/install/attitude_service_pkg:/home/vini_dunker/Automation/mrt19ROS_ws/install/traverse_state_pkg:/home/vini_dunker/Automation/mrt19ROS_ws/install/state_machine_pkg:/home/vini_dunker/Automation/mrt19ROS_ws/install/mrt19_pkg:/home/vini_dunker/Automation/mrt19ROS_ws/install/drum_pkg:/home/vini_dunker/Automation/mrt19ROS_ws/install/data_acquition_pkg:/home/vini_dunker/mrt_ws/install/traverse_stage:/home/vini_dunker/mrt_ws/install/state_machine:/home/vini_dunker/mrt_ws/install/data_acquisition:/opt/ros/humble LD_LIBRARY_PATH=/home/vini_dunker/COSMOS-AFS/cosmos_ws/install/cosmos_interfaces/lib:/home/vini_dunker/udemy_ws/install/udemy_interfaces/lib:/home/vini_dunker/udemy_ws/install/px4_ros_com/lib:/home/vini_dunker/udemy_ws/install/px4_msgs/lib:/opt/ros/humble/opt/rviz_ogre_vendor/lib:/opt/ros/humble/lib/x86_64-linux-gnu:/opt/ros/humble/lib /usr/bin/cmake --build /home/vini_dunker/COSMOS-AFS/cosmos_ws/build/attitude_control_pkg -- -j12 -l12
[9.338s] [ 50%] [32mBuilding CXX object CMakeFiles/attitude_control.dir/src/attitude_control_node.cpp.o[0m
[18.596s] [100%] [32m[1mLinking CXX executable attitude_control[0m
[19.123s] [100%] Built target attitude_control
