[1.338s] Invoking command in '/home/vini_dunker/COSMOS-AFS/cosmos_ws/src/sensors_pkg': PYTHONPATH=/home/vini_dunker/COSMOS-AFS/cosmos_ws/build/sensors_pkg/prefix_override:/home/vini_dunker/COSMOS-AFS/cosmos_ws/install/sensors_pkg/lib/python3.10/site-packages:${PYTHONPATH} /usr/bin/python3 setup.py egg_info --egg-base ../../build/sensors_pkg build --build-base /home/vini_dunker/COSMOS-AFS/cosmos_ws/build/sensors_pkg/build install --record /home/vini_dunker/COSMOS-AFS/cosmos_ws/build/sensors_pkg/install.log --single-version-externally-managed
[1.647s] running egg_info
[1.648s] writing ../../build/sensors_pkg/sensors_pkg.egg-info/PKG-INFO
[1.648s] writing dependency_links to ../../build/sensors_pkg/sensors_pkg.egg-info/dependency_links.txt
[1.649s] writing entry points to ../../build/sensors_pkg/sensors_pkg.egg-info/entry_points.txt
[1.649s] writing requirements to ../../build/sensors_pkg/sensors_pkg.egg-info/requires.txt
[1.649s] writing top-level names to ../../build/sensors_pkg/sensors_pkg.egg-info/top_level.txt
[1.651s] reading manifest file '../../build/sensors_pkg/sensors_pkg.egg-info/SOURCES.txt'
[1.652s] writing manifest file '../../build/sensors_pkg/sensors_pkg.egg-info/SOURCES.txt'
[1.652s] running build
[1.653s] running build_py
[1.653s] running install
[1.653s] running install_lib
[1.655s] running install_data
[1.656s] running install_egg_info
[1.658s] removing '/home/vini_dunker/COSMOS-AFS/cosmos_ws/install/sensors_pkg/lib/python3.10/site-packages/sensors_pkg-0.0.0-py3.10.egg-info' (and everything under it)
[1.659s] Copying ../../build/sensors_pkg/sensors_pkg.egg-info to /home/vini_dunker/COSMOS-AFS/cosmos_ws/install/sensors_pkg/lib/python3.10/site-packages/sensors_pkg-0.0.0-py3.10.egg-info
[1.660s] running install_scripts
[1.679s] Installing Data_Acquisition script to /home/vini_dunker/COSMOS-AFS/cosmos_ws/install/sensors_pkg/lib/sensors_pkg
[1.680s] writing list of installed files to '/home/vini_dunker/COSMOS-AFS/cosmos_ws/build/sensors_pkg/install.log'
[1.762s] Invoked command in '/home/vini_dunker/COSMOS-AFS/cosmos_ws/src/sensors_pkg' returned '0': PYTHONPATH=/home/vini_dunker/COSMOS-AFS/cosmos_ws/build/sensors_pkg/prefix_override:/home/vini_dunker/COSMOS-AFS/cosmos_ws/install/sensors_pkg/lib/python3.10/site-packages:${PYTHONPATH} /usr/bin/python3 setup.py egg_info --egg-base ../../build/sensors_pkg build --build-base /home/vini_dunker/COSMOS-AFS/cosmos_ws/build/sensors_pkg/build install --record /home/vini_dunker/COSMOS-AFS/cosmos_ws/build/sensors_pkg/install.log --single-version-externally-managed
