[1.985s] Invoking command in '/home/vini_dunker/COSMOS-AFS/cosmos_ws/src/camera_pkg': PYTHONPATH=/home/vini_dunker/COSMOS-AFS/cosmos_ws/build/camera_pkg/prefix_override:/home/vini_dunker/COSMOS-AFS/cosmos_ws/install/camera_pkg/lib/python3.10/site-packages:${PYTHONPATH} /usr/bin/python3 setup.py egg_info --egg-base ../../build/camera_pkg build --build-base /home/vini_dunker/COSMOS-AFS/cosmos_ws/build/camera_pkg/build install --record /home/vini_dunker/COSMOS-AFS/cosmos_ws/build/camera_pkg/install.log --single-version-externally-managed
[2.280s] running egg_info
[2.281s] writing ../../build/camera_pkg/camera_pkg.egg-info/PKG-INFO
[2.281s] writing dependency_links to ../../build/camera_pkg/camera_pkg.egg-info/dependency_links.txt
[2.281s] writing entry points to ../../build/camera_pkg/camera_pkg.egg-info/entry_points.txt
[2.282s] writing requirements to ../../build/camera_pkg/camera_pkg.egg-info/requires.txt
[2.282s] writing top-level names to ../../build/camera_pkg/camera_pkg.egg-info/top_level.txt
[2.283s] reading manifest file '../../build/camera_pkg/camera_pkg.egg-info/SOURCES.txt'
[2.284s] writing manifest file '../../build/camera_pkg/camera_pkg.egg-info/SOURCES.txt'
[2.284s] running build
[2.284s] running build_py
[2.285s] running install
[2.285s] running install_lib
[2.287s] byte-compiling /home/vini_dunker/COSMOS-AFS/cosmos_ws/install/camera_pkg/lib/python3.10/site-packages/camera_pkg/image_to_pixel.py to image_to_pixel.cpython-310.pyc
[2.287s] running install_data
[2.287s] Sorry: IndentationError: expected an indented block after function definition on line 6 (image_to_pixel.py, line 14)
[2.287s] running install_egg_info
[2.289s] removing '/home/vini_dunker/COSMOS-AFS/cosmos_ws/install/camera_pkg/lib/python3.10/site-packages/camera_pkg-0.0.0-py3.10.egg-info' (and everything under it)
[2.289s] Copying ../../build/camera_pkg/camera_pkg.egg-info to /home/vini_dunker/COSMOS-AFS/cosmos_ws/install/camera_pkg/lib/python3.10/site-packages/camera_pkg-0.0.0-py3.10.egg-info
[2.291s] running install_scripts
[2.309s] Installing CameraSM script to /home/vini_dunker/COSMOS-AFS/cosmos_ws/install/camera_pkg/lib/camera_pkg
[2.310s] Installing GetImage script to /home/vini_dunker/COSMOS-AFS/cosmos_ws/install/camera_pkg/lib/camera_pkg
[2.310s] Installing ImageToPixel script to /home/vini_dunker/COSMOS-AFS/cosmos_ws/install/camera_pkg/lib/camera_pkg
[2.310s] writing list of installed files to '/home/vini_dunker/COSMOS-AFS/cosmos_ws/build/camera_pkg/install.log'
[2.352s] Invoked command in '/home/vini_dunker/COSMOS-AFS/cosmos_ws/src/camera_pkg' returned '0': PYTHONPATH=/home/vini_dunker/COSMOS-AFS/cosmos_ws/build/camera_pkg/prefix_override:/home/vini_dunker/COSMOS-AFS/cosmos_ws/install/camera_pkg/lib/python3.10/site-packages:${PYTHONPATH} /usr/bin/python3 setup.py egg_info --egg-base ../../build/camera_pkg build --build-base /home/vini_dunker/COSMOS-AFS/cosmos_ws/build/camera_pkg/build install --record /home/vini_dunker/COSMOS-AFS/cosmos_ws/build/camera_pkg/install.log --single-version-externally-managed
