[1.164s] Invoking command in '/home/vini_dunker/COSMOS-AFS/cosmos_ws/src/sensors_pkg': PYTHONPATH=/home/vini_dunker/COSMOS-AFS/cosmos_ws/build/sensors_pkg/prefix_override:/home/vini_dunker/COSMOS-AFS/cosmos_ws/install/sensors_pkg/lib/python3.10/site-packages:${PYTHONPATH} /usr/bin/python3 setup.py egg_info --egg-base ../../build/sensors_pkg build --build-base /home/vini_dunker/COSMOS-AFS/cosmos_ws/build/sensors_pkg/build install --record /home/vini_dunker/COSMOS-AFS/cosmos_ws/build/sensors_pkg/install.log --single-version-externally-managed
[1.452s] running egg_info
[1.453s] writing ../../build/sensors_pkg/sensors_pkg.egg-info/PKG-INFO
[1.453s] writing dependency_links to ../../build/sensors_pkg/sensors_pkg.egg-info/dependency_links.txt
[1.454s] writing entry points to ../../build/sensors_pkg/sensors_pkg.egg-info/entry_points.txt
[1.454s] writing requirements to ../../build/sensors_pkg/sensors_pkg.egg-info/requires.txt
[1.454s] writing top-level names to ../../build/sensors_pkg/sensors_pkg.egg-info/top_level.txt
[1.455s] reading manifest file '../../build/sensors_pkg/sensors_pkg.egg-info/SOURCES.txt'
[1.455s] writing manifest file '../../build/sensors_pkg/sensors_pkg.egg-info/SOURCES.txt'
[1.455s] running build
[1.455s] running build_py
[1.455s] running install
[1.455s] running install_lib
[1.456s] running install_data
[1.457s] running install_egg_info
[1.458s] removing '/home/vini_dunker/COSMOS-AFS/cosmos_ws/install/sensors_pkg/lib/python3.10/site-packages/sensors_pkg-0.0.0-py3.10.egg-info' (and everything under it)
[1.458s] Copying ../../build/sensors_pkg/sensors_pkg.egg-info to /home/vini_dunker/COSMOS-AFS/cosmos_ws/install/sensors_pkg/lib/python3.10/site-packages/sensors_pkg-0.0.0-py3.10.egg-info
[1.459s] running install_scripts
[1.478s] Installing Data_Acquisition script to /home/vini_dunker/COSMOS-AFS/cosmos_ws/install/sensors_pkg/lib/sensors_pkg
[1.479s] writing list of installed files to '/home/vini_dunker/COSMOS-AFS/cosmos_ws/build/sensors_pkg/install.log'
[1.646s] Invoked command in '/home/vini_dunker/COSMOS-AFS/cosmos_ws/src/sensors_pkg' returned '0': PYTHONPATH=/home/vini_dunker/COSMOS-AFS/cosmos_ws/build/sensors_pkg/prefix_override:/home/vini_dunker/COSMOS-AFS/cosmos_ws/install/sensors_pkg/lib/python3.10/site-packages:${PYTHONPATH} /usr/bin/python3 setup.py egg_info --egg-base ../../build/sensors_pkg build --build-base /home/vini_dunker/COSMOS-AFS/cosmos_ws/build/sensors_pkg/build install --record /home/vini_dunker/COSMOS-AFS/cosmos_ws/build/sensors_pkg/install.log --single-version-externally-managed
