[0.134s] Invoking command in '/home/vini_dunker/COSMOS-AFS/cosmos_ws/build/attitude_control_pkg': CMAKE_PREFIX_PATH=/home/vini_dunker/COSMOS-AFS/cosmos_ws/install/cosmos_interfaces:/home/vini_dunker/udemy_ws/install/udemy_bringup:/home/vini_dunker/udemy_ws/install/my_cpp_pkg:/home/vini_dunker/udemy_ws/install/udemy_interfaces:/home/vini_dunker/udemy_ws/install/px4_ros_com:/home/vini_dunker/udemy_ws/install/px4_msgs:/home/vini_dunker/COSMOS-AFS/cosmos_ws/install/cosmos_bringup:/home/vini_dunker/COSMOS-AFS/cosmos_ws/install/state_machine_pkg:/home/vini_dunker/COSMOS-AFS/cosmos_ws/install/attitude_control_pkg:/home/vini_dunker/MRT-19/ros_drone_ws/install/drone_control:/home/vini_dunker/udemy_ws/install/my_py_pkg:/home/vini_dunker/COSMOS-AFS/cosmos_ws/install/sensors_pkg:/home/vini_dunker/COSMOS-AFS/cosmos_ws/install/kinematics_pkg:/home/vini_dunker/COSMOS-AFS/cosmos_ws/install/communication_pkg:/home/vini_dunker/COSMOS-AFS/cosmos_ws/install/camera_pkg:/home/vini_dunker/COSMOS-AFS/cosmos_ws/install/attitude_service_pkg:/home/vini_dunker/Automation/mrt19ROS_ws/install/traverse_state_pkg:/home/vini_dunker/Automation/mrt19ROS_ws/install/state_machine_pkg:/home/vini_dunker/Automation/mrt19ROS_ws/install/mrt19_pkg:/home/vini_dunker/Automation/mrt19ROS_ws/install/drum_pkg:/home/vini_dunker/Automation/mrt19ROS_ws/install/data_acquition_pkg:/home/vini_dunker/mrt_ws/install/traverse_stage:/home/vini_dunker/mrt_ws/install/state_machine:/home/vini_dunker/mrt_ws/install/data_acquisition:/opt/ros/humble LD_LIBRARY_PATH=/home/vini_dunker/COSMOS-AFS/cosmos_ws/install/cosmos_interfaces/lib:/home/vini_dunker/udemy_ws/install/udemy_interfaces/lib:/home/vini_dunker/udemy_ws/install/px4_ros_com/lib:/home/vini_dunker/udemy_ws/install/px4_msgs/lib:/opt/ros/humble/opt/rviz_ogre_vendor/lib:/opt/ros/humble/lib/x86_64-linux-gnu:/opt/ros/humble/lib /usr/bin/cmake --build /home/vini_dunker/COSMOS-AFS/cosmos_ws/build/attitude_control_pkg -- -j12 -l12
[0.168s] -- Found ament_cmake: 1.3.4 (/opt/ros/humble/share/ament_cmake/cmake)
[0.327s] -- Found rclcpp: 16.0.4 (/opt/ros/humble/share/rclcpp/cmake)
[0.515s] -- Found rosidl_generator_c: 3.1.4 (/opt/ros/humble/share/rosidl_generator_c/cmake)
[0.517s] -- Found rosidl_adapter: 3.1.4 (/opt/ros/humble/share/rosidl_adapter/cmake)
[0.522s] -- Found rosidl_generator_cpp: 3.1.4 (/opt/ros/humble/share/rosidl_generator_cpp/cmake)
[0.532s] -- Using all available rosidl_typesupport_c: rosidl_typesupport_fastrtps_c;rosidl_typesupport_introspection_c
[0.545s] -- Using all available rosidl_typesupport_cpp: rosidl_typesupport_fastrtps_cpp;rosidl_typesupport_introspection_cpp
[0.636s] -- Found rmw_implementation_cmake: 6.1.1 (/opt/ros/humble/share/rmw_implementation_cmake/cmake)
[0.640s] -- Found rmw_fastrtps_cpp: 6.2.2 (/opt/ros/humble/share/rmw_fastrtps_cpp/cmake)
[8.349s] -- Using RMW implementation 'rmw_fastrtps_cpp' as default
[8.568s] -- Found cosmos_interfaces: 0.0.0 (/home/vini_dunker/COSMOS-AFS/cosmos_ws/install/cosmos_interfaces/share/cosmos_interfaces/cmake)
[8.681s] -- Configuring done
[8.694s] -- Generating done
[8.696s] -- Build files have been written to: /home/vini_dunker/COSMOS-AFS/cosmos_ws/build/attitude_control_pkg
[8.720s] [35m[1mConsolidate compiler generated dependencies of target attitude_control[0m
[8.737s] [ 50%] [32mBuilding CXX object CMakeFiles/attitude_control.dir/src/attitude_control_node.cpp.o[0m
[20.009s] [100%] [32m[1mLinking CXX executable attitude_control[0m
[20.530s] [100%] Built target attitude_control
[20.539s] Invoked command in '/home/vini_dunker/COSMOS-AFS/cosmos_ws/build/attitude_control_pkg' returned '0': CMAKE_PREFIX_PATH=/home/vini_dunker/COSMOS-AFS/cosmos_ws/install/cosmos_interfaces:/home/vini_dunker/udemy_ws/install/udemy_bringup:/home/vini_dunker/udemy_ws/install/my_cpp_pkg:/home/vini_dunker/udemy_ws/install/udemy_interfaces:/home/vini_dunker/udemy_ws/install/px4_ros_com:/home/vini_dunker/udemy_ws/install/px4_msgs:/home/vini_dunker/COSMOS-AFS/cosmos_ws/install/cosmos_bringup:/home/vini_dunker/COSMOS-AFS/cosmos_ws/install/state_machine_pkg:/home/vini_dunker/COSMOS-AFS/cosmos_ws/install/attitude_control_pkg:/home/vini_dunker/MRT-19/ros_drone_ws/install/drone_control:/home/vini_dunker/udemy_ws/install/my_py_pkg:/home/vini_dunker/COSMOS-AFS/cosmos_ws/install/sensors_pkg:/home/vini_dunker/COSMOS-AFS/cosmos_ws/install/kinematics_pkg:/home/vini_dunker/COSMOS-AFS/cosmos_ws/install/communication_pkg:/home/vini_dunker/COSMOS-AFS/cosmos_ws/install/camera_pkg:/home/vini_dunker/COSMOS-AFS/cosmos_ws/install/attitude_service_pkg:/home/vini_dunker/Automation/mrt19ROS_ws/install/traverse_state_pkg:/home/vini_dunker/Automation/mrt19ROS_ws/install/state_machine_pkg:/home/vini_dunker/Automation/mrt19ROS_ws/install/mrt19_pkg:/home/vini_dunker/Automation/mrt19ROS_ws/install/drum_pkg:/home/vini_dunker/Automation/mrt19ROS_ws/install/data_acquition_pkg:/home/vini_dunker/mrt_ws/install/traverse_stage:/home/vini_dunker/mrt_ws/install/state_machine:/home/vini_dunker/mrt_ws/install/data_acquisition:/opt/ros/humble LD_LIBRARY_PATH=/home/vini_dunker/COSMOS-AFS/cosmos_ws/install/cosmos_interfaces/lib:/home/vini_dunker/udemy_ws/install/udemy_interfaces/lib:/home/vini_dunker/udemy_ws/install/px4_ros_com/lib:/home/vini_dunker/udemy_ws/install/px4_msgs/lib:/opt/ros/humble/opt/rviz_ogre_vendor/lib:/opt/ros/humble/lib/x86_64-linux-gnu:/opt/ros/humble/lib /usr/bin/cmake --build /home/vini_dunker/COSMOS-AFS/cosmos_ws/build/attitude_control_pkg -- -j12 -l12
[20.558s] Invoking command in '/home/vini_dunker/COSMOS-AFS/cosmos_ws/build/attitude_control_pkg': CMAKE_PREFIX_PATH=/home/vini_dunker/COSMOS-AFS/cosmos_ws/install/cosmos_interfaces:/home/vini_dunker/udemy_ws/install/udemy_bringup:/home/vini_dunker/udemy_ws/install/my_cpp_pkg:/home/vini_dunker/udemy_ws/install/udemy_interfaces:/home/vini_dunker/udemy_ws/install/px4_ros_com:/home/vini_dunker/udemy_ws/install/px4_msgs:/home/vini_dunker/COSMOS-AFS/cosmos_ws/install/cosmos_bringup:/home/vini_dunker/COSMOS-AFS/cosmos_ws/install/state_machine_pkg:/home/vini_dunker/COSMOS-AFS/cosmos_ws/install/attitude_control_pkg:/home/vini_dunker/MRT-19/ros_drone_ws/install/drone_control:/home/vini_dunker/udemy_ws/install/my_py_pkg:/home/vini_dunker/COSMOS-AFS/cosmos_ws/install/sensors_pkg:/home/vini_dunker/COSMOS-AFS/cosmos_ws/install/kinematics_pkg:/home/vini_dunker/COSMOS-AFS/cosmos_ws/install/communication_pkg:/home/vini_dunker/COSMOS-AFS/cosmos_ws/install/camera_pkg:/home/vini_dunker/COSMOS-AFS/cosmos_ws/install/attitude_service_pkg:/home/vini_dunker/Automation/mrt19ROS_ws/install/traverse_state_pkg:/home/vini_dunker/Automation/mrt19ROS_ws/install/state_machine_pkg:/home/vini_dunker/Automation/mrt19ROS_ws/install/mrt19_pkg:/home/vini_dunker/Automation/mrt19ROS_ws/install/drum_pkg:/home/vini_dunker/Automation/mrt19ROS_ws/install/data_acquition_pkg:/home/vini_dunker/mrt_ws/install/traverse_stage:/home/vini_dunker/mrt_ws/install/state_machine:/home/vini_dunker/mrt_ws/install/data_acquisition:/opt/ros/humble LD_LIBRARY_PATH=/home/vini_dunker/COSMOS-AFS/cosmos_ws/install/cosmos_interfaces/lib:/home/vini_dunker/udemy_ws/install/udemy_interfaces/lib:/home/vini_dunker/udemy_ws/install/px4_ros_com/lib:/home/vini_dunker/udemy_ws/install/px4_msgs/lib:/opt/ros/humble/opt/rviz_ogre_vendor/lib:/opt/ros/humble/lib/x86_64-linux-gnu:/opt/ros/humble/lib /usr/bin/cmake --install /home/vini_dunker/COSMOS-AFS/cosmos_ws/build/attitude_control_pkg
[20.564s] -- Install configuration: ""
[20.565s] -- Installing: /home/vini_dunker/COSMOS-AFS/cosmos_ws/install/attitude_control_pkg/lib/attitude_control_pkg/attitude_control
[20.570s] -- Set runtime path of "/home/vini_dunker/COSMOS-AFS/cosmos_ws/install/attitude_control_pkg/lib/attitude_control_pkg/attitude_control" to ""
[20.570s] -- Up-to-date: /home/vini_dunker/COSMOS-AFS/cosmos_ws/install/attitude_control_pkg/include/attitude_control_pkg
[20.570s] -- Up-to-date: /home/vini_dunker/COSMOS-AFS/cosmos_ws/install/attitude_control_pkg/include/attitude_control_pkg/attitude_control_pkg
[20.571s] -- Up-to-date: /home/vini_dunker/COSMOS-AFS/cosmos_ws/install/attitude_control_pkg/include/attitude_control_pkg/attitude_control_pkg/attitude_control_node.hpp
[20.571s] -- Up-to-date: /home/vini_dunker/COSMOS-AFS/cosmos_ws/install/attitude_control_pkg/share/ament_index/resource_index/package_run_dependencies/attitude_control_pkg
[20.571s] -- Installing: /home/vini_dunker/COSMOS-AFS/cosmos_ws/install/attitude_control_pkg/share/ament_index/resource_index/parent_prefix_path/attitude_control_pkg
[20.571s] -- Up-to-date: /home/vini_dunker/COSMOS-AFS/cosmos_ws/install/attitude_control_pkg/share/attitude_control_pkg/environment/ament_prefix_path.sh
[20.571s] -- Installing: /home/vini_dunker/COSMOS-AFS/cosmos_ws/install/attitude_control_pkg/share/attitude_control_pkg/environment/ament_prefix_path.dsv
[20.572s] -- Up-to-date: /home/vini_dunker/COSMOS-AFS/cosmos_ws/install/attitude_control_pkg/share/attitude_control_pkg/environment/path.sh
[20.572s] -- Installing: /home/vini_dunker/COSMOS-AFS/cosmos_ws/install/attitude_control_pkg/share/attitude_control_pkg/environment/path.dsv
[20.572s] -- Up-to-date: /home/vini_dunker/COSMOS-AFS/cosmos_ws/install/attitude_control_pkg/share/attitude_control_pkg/local_setup.bash
[20.572s] -- Up-to-date: /home/vini_dunker/COSMOS-AFS/cosmos_ws/install/attitude_control_pkg/share/attitude_control_pkg/local_setup.sh
[20.572s] -- Up-to-date: /home/vini_dunker/COSMOS-AFS/cosmos_ws/install/attitude_control_pkg/share/attitude_control_pkg/local_setup.zsh
[20.572s] -- Installing: /home/vini_dunker/COSMOS-AFS/cosmos_ws/install/attitude_control_pkg/share/attitude_control_pkg/local_setup.dsv
[20.572s] -- Installing: /home/vini_dunker/COSMOS-AFS/cosmos_ws/install/attitude_control_pkg/share/attitude_control_pkg/package.dsv
[20.572s] -- Up-to-date: /home/vini_dunker/COSMOS-AFS/cosmos_ws/install/attitude_control_pkg/share/ament_index/resource_index/packages/attitude_control_pkg
[20.572s] -- Up-to-date: /home/vini_dunker/COSMOS-AFS/cosmos_ws/install/attitude_control_pkg/share/attitude_control_pkg/cmake/attitude_control_pkgConfig.cmake
[20.572s] -- Up-to-date: /home/vini_dunker/COSMOS-AFS/cosmos_ws/install/attitude_control_pkg/share/attitude_control_pkg/cmake/attitude_control_pkgConfig-version.cmake
[20.572s] -- Up-to-date: /home/vini_dunker/COSMOS-AFS/cosmos_ws/install/attitude_control_pkg/share/attitude_control_pkg/package.xml
[20.576s] Invoked command in '/home/vini_dunker/COSMOS-AFS/cosmos_ws/build/attitude_control_pkg' returned '0': CMAKE_PREFIX_PATH=/home/vini_dunker/COSMOS-AFS/cosmos_ws/install/cosmos_interfaces:/home/vini_dunker/udemy_ws/install/udemy_bringup:/home/vini_dunker/udemy_ws/install/my_cpp_pkg:/home/vini_dunker/udemy_ws/install/udemy_interfaces:/home/vini_dunker/udemy_ws/install/px4_ros_com:/home/vini_dunker/udemy_ws/install/px4_msgs:/home/vini_dunker/COSMOS-AFS/cosmos_ws/install/cosmos_bringup:/home/vini_dunker/COSMOS-AFS/cosmos_ws/install/state_machine_pkg:/home/vini_dunker/COSMOS-AFS/cosmos_ws/install/attitude_control_pkg:/home/vini_dunker/MRT-19/ros_drone_ws/install/drone_control:/home/vini_dunker/udemy_ws/install/my_py_pkg:/home/vini_dunker/COSMOS-AFS/cosmos_ws/install/sensors_pkg:/home/vini_dunker/COSMOS-AFS/cosmos_ws/install/kinematics_pkg:/home/vini_dunker/COSMOS-AFS/cosmos_ws/install/communication_pkg:/home/vini_dunker/COSMOS-AFS/cosmos_ws/install/camera_pkg:/home/vini_dunker/COSMOS-AFS/cosmos_ws/install/attitude_service_pkg:/home/vini_dunker/Automation/mrt19ROS_ws/install/traverse_state_pkg:/home/vini_dunker/Automation/mrt19ROS_ws/install/state_machine_pkg:/home/vini_dunker/Automation/mrt19ROS_ws/install/mrt19_pkg:/home/vini_dunker/Automation/mrt19ROS_ws/install/drum_pkg:/home/vini_dunker/Automation/mrt19ROS_ws/install/data_acquition_pkg:/home/vini_dunker/mrt_ws/install/traverse_stage:/home/vini_dunker/mrt_ws/install/state_machine:/home/vini_dunker/mrt_ws/install/data_acquisition:/opt/ros/humble LD_LIBRARY_PATH=/home/vini_dunker/COSMOS-AFS/cosmos_ws/install/cosmos_interfaces/lib:/home/vini_dunker/udemy_ws/install/udemy_interfaces/lib:/home/vini_dunker/udemy_ws/install/px4_ros_com/lib:/home/vini_dunker/udemy_ws/install/px4_msgs/lib:/opt/ros/humble/opt/rviz_ogre_vendor/lib:/opt/ros/humble/lib/x86_64-linux-gnu:/opt/ros/humble/lib /usr/bin/cmake --install /home/vini_dunker/COSMOS-AFS/cosmos_ws/build/attitude_control_pkg
