[1.442s] Invoking command in '/home/vini_dunker/COSMOS-AFS/cosmos_ws/src/camera_pkg': PYTHONPATH=/home/vini_dunker/COSMOS-AFS/cosmos_ws/build/camera_pkg/prefix_override:/home/vini_dunker/COSMOS-AFS/cosmos_ws/install/camera_pkg/lib/python3.10/site-packages:${PYTHONPATH} /usr/bin/python3 setup.py egg_info --egg-base ../../build/camera_pkg build --build-base /home/vini_dunker/COSMOS-AFS/cosmos_ws/build/camera_pkg/build install --record /home/vini_dunker/COSMOS-AFS/cosmos_ws/build/camera_pkg/install.log --single-version-externally-managed
[1.827s] running egg_info
[1.828s] writing ../../build/camera_pkg/camera_pkg.egg-info/PKG-INFO
[1.828s] writing dependency_links to ../../build/camera_pkg/camera_pkg.egg-info/dependency_links.txt
[1.828s] writing entry points to ../../build/camera_pkg/camera_pkg.egg-info/entry_points.txt
[1.829s] writing requirements to ../../build/camera_pkg/camera_pkg.egg-info/requires.txt
[1.830s] writing top-level names to ../../build/camera_pkg/camera_pkg.egg-info/top_level.txt
[1.833s] reading manifest file '../../build/camera_pkg/camera_pkg.egg-info/SOURCES.txt'
[1.835s] writing manifest file '../../build/camera_pkg/camera_pkg.egg-info/SOURCES.txt'
[1.836s] running build
[1.836s] running build_py
[1.838s] copying camera_pkg/GetImage.py -> /home/vini_dunker/COSMOS-AFS/cosmos_ws/build/camera_pkg/build/lib/camera_pkg
[1.838s] running install
[1.838s] running install_lib
[1.840s] copying /home/vini_dunker/COSMOS-AFS/cosmos_ws/build/camera_pkg/build/lib/camera_pkg/GetImage.py -> /home/vini_dunker/COSMOS-AFS/cosmos_ws/install/camera_pkg/lib/python3.10/site-packages/camera_pkg
[1.840s] Sorry: IndentationError: expected an indented block after function definition on line 6 (image_to_pixel.py, line 14)
[1.841s] byte-compiling /home/vini_dunker/COSMOS-AFS/cosmos_ws/install/camera_pkg/lib/python3.10/site-packages/camera_pkg/image_to_pixel.py to image_to_pixel.cpython-310.pyc
[1.841s] byte-compiling /home/vini_dunker/COSMOS-AFS/cosmos_ws/install/camera_pkg/lib/python3.10/site-packages/camera_pkg/GetImage.py to GetImage.cpython-310.pyc
[1.844s] running install_data
[1.844s] running install_egg_info
[1.846s] removing '/home/vini_dunker/COSMOS-AFS/cosmos_ws/install/camera_pkg/lib/python3.10/site-packages/camera_pkg-0.0.0-py3.10.egg-info' (and everything under it)
[1.846s] Copying ../../build/camera_pkg/camera_pkg.egg-info to /home/vini_dunker/COSMOS-AFS/cosmos_ws/install/camera_pkg/lib/python3.10/site-packages/camera_pkg-0.0.0-py3.10.egg-info
[1.848s] running install_scripts
[1.872s] Installing CameraSM script to /home/vini_dunker/COSMOS-AFS/cosmos_ws/install/camera_pkg/lib/camera_pkg
[1.872s] Installing GetImage script to /home/vini_dunker/COSMOS-AFS/cosmos_ws/install/camera_pkg/lib/camera_pkg
[1.873s] Installing ImageToDCM script to /home/vini_dunker/COSMOS-AFS/cosmos_ws/install/camera_pkg/lib/camera_pkg
[1.874s] writing list of installed files to '/home/vini_dunker/COSMOS-AFS/cosmos_ws/build/camera_pkg/install.log'
[2.062s] Invoked command in '/home/vini_dunker/COSMOS-AFS/cosmos_ws/src/camera_pkg' returned '0': PYTHONPATH=/home/vini_dunker/COSMOS-AFS/cosmos_ws/build/camera_pkg/prefix_override:/home/vini_dunker/COSMOS-AFS/cosmos_ws/install/camera_pkg/lib/python3.10/site-packages:${PYTHONPATH} /usr/bin/python3 setup.py egg_info --egg-base ../../build/camera_pkg build --build-base /home/vini_dunker/COSMOS-AFS/cosmos_ws/build/camera_pkg/build install --record /home/vini_dunker/COSMOS-AFS/cosmos_ws/build/camera_pkg/install.log --single-version-externally-managed
