[1.471s] Invoking command in '/home/vini_dunker/COSMOS-AFS/cosmos_ws/src/sensors_pkg': PYTHONPATH=/home/vini_dunker/COSMOS-AFS/cosmos_ws/build/sensors_pkg/prefix_override:/home/vini_dunker/COSMOS-AFS/cosmos_ws/install/sensors_pkg/lib/python3.10/site-packages:${PYTHONPATH} /usr/bin/python3 setup.py egg_info --egg-base ../../build/sensors_pkg build --build-base /home/vini_dunker/COSMOS-AFS/cosmos_ws/build/sensors_pkg/build install --record /home/vini_dunker/COSMOS-AFS/cosmos_ws/build/sensors_pkg/install.log --single-version-externally-managed
[1.862s] running egg_info
[1.863s] writing ../../build/sensors_pkg/sensors_pkg.egg-info/PKG-INFO
[1.864s] writing dependency_links to ../../build/sensors_pkg/sensors_pkg.egg-info/dependency_links.txt
[1.864s] writing entry points to ../../build/sensors_pkg/sensors_pkg.egg-info/entry_points.txt
[1.864s] writing requirements to ../../build/sensors_pkg/sensors_pkg.egg-info/requires.txt
[1.865s] writing top-level names to ../../build/sensors_pkg/sensors_pkg.egg-info/top_level.txt
[1.868s] reading manifest file '../../build/sensors_pkg/sensors_pkg.egg-info/SOURCES.txt'
[1.869s] writing manifest file '../../build/sensors_pkg/sensors_pkg.egg-info/SOURCES.txt'
[1.869s] running build
[1.869s] running build_py
[1.869s] running install
[1.870s] running install_lib
[1.872s] running install_data
[1.872s] running install_egg_info
[1.874s] removing '/home/vini_dunker/COSMOS-AFS/cosmos_ws/install/sensors_pkg/lib/python3.10/site-packages/sensors_pkg-0.0.0-py3.10.egg-info' (and everything under it)
[1.875s] Copying ../../build/sensors_pkg/sensors_pkg.egg-info to /home/vini_dunker/COSMOS-AFS/cosmos_ws/install/sensors_pkg/lib/python3.10/site-packages/sensors_pkg-0.0.0-py3.10.egg-info
[1.876s] running install_scripts
[1.903s] Installing Data_Acquisition script to /home/vini_dunker/COSMOS-AFS/cosmos_ws/install/sensors_pkg/lib/sensors_pkg
[1.903s] writing list of installed files to '/home/vini_dunker/COSMOS-AFS/cosmos_ws/build/sensors_pkg/install.log'
[2.084s] Invoked command in '/home/vini_dunker/COSMOS-AFS/cosmos_ws/src/sensors_pkg' returned '0': PYTHONPATH=/home/vini_dunker/COSMOS-AFS/cosmos_ws/build/sensors_pkg/prefix_override:/home/vini_dunker/COSMOS-AFS/cosmos_ws/install/sensors_pkg/lib/python3.10/site-packages:${PYTHONPATH} /usr/bin/python3 setup.py egg_info --egg-base ../../build/sensors_pkg build --build-base /home/vini_dunker/COSMOS-AFS/cosmos_ws/build/sensors_pkg/build install --record /home/vini_dunker/COSMOS-AFS/cosmos_ws/build/sensors_pkg/install.log --single-version-externally-managed
