[0.887s] Invoking command in '/home/vini_dunker/COSMOS-AFS/cosmos_ws/build/state_machine_pkg': CMAKE_PREFIX_PATH=${CMAKE_PREFIX_PATH}:/home/vini_dunker/COSMOS-AFS/cosmos_ws/install/sensors_pkg:/home/vini_dunker/COSMOS-AFS/cosmos_ws/install/communication_pkg:/home/vini_dunker/COSMOS-AFS/cosmos_ws/install/camera_pkg:/home/vini_dunker/COSMOS-AFS/cosmos_ws/install/attitude_control_pkg:/home/vini_dunker/Automation/mrt19ROS_ws/install/traverse_state_pkg:/home/vini_dunker/Automation/mrt19ROS_ws/install/state_machine_pkg:/home/vini_dunker/Automation/mrt19ROS_ws/install/mrt19_pkg:/home/vini_dunker/Automation/mrt19ROS_ws/install/drum_pkg:/home/vini_dunker/Automation/mrt19ROS_ws/install/data_acquition_pkg:/home/vini_dunker/udemy_ws/install/my_py_pkg:/home/vini_dunker/mrt_ws/install/traverse_stage:/home/vini_dunker/mrt_ws/install/state_machine:/home/vini_dunker/mrt_ws/install/data_acquisition:/opt/ros/humble /usr/bin/cmake --build /home/vini_dunker/COSMOS-AFS/cosmos_ws/build/state_machine_pkg -- -j12 -l12
[0.910s] -- Found ament_cmake: 1.3.4 (/opt/ros/humble/share/ament_cmake/cmake)
[1.061s] -- Found rclcpp: 16.0.4 (/opt/ros/humble/share/rclcpp/cmake)
[1.383s] -- Found rosidl_generator_c: 3.1.4 (/opt/ros/humble/share/rosidl_generator_c/cmake)
[1.387s] -- Found rosidl_adapter: 3.1.4 (/opt/ros/humble/share/rosidl_adapter/cmake)
[1.393s] -- Found rosidl_generator_cpp: 3.1.4 (/opt/ros/humble/share/rosidl_generator_cpp/cmake)
[1.404s] -- Using all available rosidl_typesupport_c: rosidl_typesupport_fastrtps_c;rosidl_typesupport_introspection_c
[1.418s] -- Using all available rosidl_typesupport_cpp: rosidl_typesupport_fastrtps_cpp;rosidl_typesupport_introspection_cpp
[1.479s] -- Found rmw_implementation_cmake: 6.1.1 (/opt/ros/humble/share/rmw_implementation_cmake/cmake)
[1.481s] -- Found rmw_fastrtps_cpp: 6.2.2 (/opt/ros/humble/share/rmw_fastrtps_cpp/cmake)
[9.670s] -- Using RMW implementation 'rmw_fastrtps_cpp' as default
[9.867s] -- Configuring done
[9.873s] -- Generating done
[9.875s] -- Build files have been written to: /home/vini_dunker/COSMOS-AFS/cosmos_ws/build/state_machine_pkg
[9.891s] [35m[1mConsolidate compiler generated dependencies of target state_machine[0m
[9.903s] [ 50%] [32mBuilding CXX object CMakeFiles/state_machine.dir/src/state_machine_node.cpp.o[0m
[12.388s] [100%] [32m[1mLinking CXX executable state_machine[0m
[12.660s] [100%] Built target state_machine
[12.670s] Invoked command in '/home/vini_dunker/COSMOS-AFS/cosmos_ws/build/state_machine_pkg' returned '0': CMAKE_PREFIX_PATH=${CMAKE_PREFIX_PATH}:/home/vini_dunker/COSMOS-AFS/cosmos_ws/install/sensors_pkg:/home/vini_dunker/COSMOS-AFS/cosmos_ws/install/communication_pkg:/home/vini_dunker/COSMOS-AFS/cosmos_ws/install/camera_pkg:/home/vini_dunker/COSMOS-AFS/cosmos_ws/install/attitude_control_pkg:/home/vini_dunker/Automation/mrt19ROS_ws/install/traverse_state_pkg:/home/vini_dunker/Automation/mrt19ROS_ws/install/state_machine_pkg:/home/vini_dunker/Automation/mrt19ROS_ws/install/mrt19_pkg:/home/vini_dunker/Automation/mrt19ROS_ws/install/drum_pkg:/home/vini_dunker/Automation/mrt19ROS_ws/install/data_acquition_pkg:/home/vini_dunker/udemy_ws/install/my_py_pkg:/home/vini_dunker/mrt_ws/install/traverse_stage:/home/vini_dunker/mrt_ws/install/state_machine:/home/vini_dunker/mrt_ws/install/data_acquisition:/opt/ros/humble /usr/bin/cmake --build /home/vini_dunker/COSMOS-AFS/cosmos_ws/build/state_machine_pkg -- -j12 -l12
[12.694s] Invoking command in '/home/vini_dunker/COSMOS-AFS/cosmos_ws/build/state_machine_pkg': CMAKE_PREFIX_PATH=${CMAKE_PREFIX_PATH}:/home/vini_dunker/COSMOS-AFS/cosmos_ws/install/sensors_pkg:/home/vini_dunker/COSMOS-AFS/cosmos_ws/install/communication_pkg:/home/vini_dunker/COSMOS-AFS/cosmos_ws/install/camera_pkg:/home/vini_dunker/COSMOS-AFS/cosmos_ws/install/attitude_control_pkg:/home/vini_dunker/Automation/mrt19ROS_ws/install/traverse_state_pkg:/home/vini_dunker/Automation/mrt19ROS_ws/install/state_machine_pkg:/home/vini_dunker/Automation/mrt19ROS_ws/install/mrt19_pkg:/home/vini_dunker/Automation/mrt19ROS_ws/install/drum_pkg:/home/vini_dunker/Automation/mrt19ROS_ws/install/data_acquition_pkg:/home/vini_dunker/udemy_ws/install/my_py_pkg:/home/vini_dunker/mrt_ws/install/traverse_stage:/home/vini_dunker/mrt_ws/install/state_machine:/home/vini_dunker/mrt_ws/install/data_acquisition:/opt/ros/humble /usr/bin/cmake --install /home/vini_dunker/COSMOS-AFS/cosmos_ws/build/state_machine_pkg
[12.699s] -- Install configuration: ""
[12.700s] -- Installing: /home/vini_dunker/COSMOS-AFS/cosmos_ws/install/state_machine_pkg/lib/state_machine_pkg/state_machine
[12.700s] -- Set runtime path of "/home/vini_dunker/COSMOS-AFS/cosmos_ws/install/state_machine_pkg/lib/state_machine_pkg/state_machine" to ""
[12.700s] -- Installing: /home/vini_dunker/COSMOS-AFS/cosmos_ws/install/state_machine_pkg/include/state_machine_pkg
[12.701s] -- Installing: /home/vini_dunker/COSMOS-AFS/cosmos_ws/install/state_machine_pkg/include/state_machine_pkg/state_machine_pkg
[12.701s] -- Installing: /home/vini_dunker/COSMOS-AFS/cosmos_ws/install/state_machine_pkg/include/state_machine_pkg/state_machine_pkg/state_machine_node.hpp
[12.701s] -- Up-to-date: /home/vini_dunker/COSMOS-AFS/cosmos_ws/install/state_machine_pkg/share/ament_index/resource_index/package_run_dependencies/state_machine_pkg
[12.701s] -- Up-to-date: /home/vini_dunker/COSMOS-AFS/cosmos_ws/install/state_machine_pkg/share/ament_index/resource_index/parent_prefix_path/state_machine_pkg
[12.701s] -- Up-to-date: /home/vini_dunker/COSMOS-AFS/cosmos_ws/install/state_machine_pkg/share/state_machine_pkg/environment/ament_prefix_path.sh
[12.701s] -- Installing: /home/vini_dunker/COSMOS-AFS/cosmos_ws/install/state_machine_pkg/share/state_machine_pkg/environment/ament_prefix_path.dsv
[12.702s] -- Up-to-date: /home/vini_dunker/COSMOS-AFS/cosmos_ws/install/state_machine_pkg/share/state_machine_pkg/environment/path.sh
[12.702s] -- Installing: /home/vini_dunker/COSMOS-AFS/cosmos_ws/install/state_machine_pkg/share/state_machine_pkg/environment/path.dsv
[12.702s] -- Up-to-date: /home/vini_dunker/COSMOS-AFS/cosmos_ws/install/state_machine_pkg/share/state_machine_pkg/local_setup.bash
[12.702s] -- Up-to-date: /home/vini_dunker/COSMOS-AFS/cosmos_ws/install/state_machine_pkg/share/state_machine_pkg/local_setup.sh
[12.702s] -- Up-to-date: /home/vini_dunker/COSMOS-AFS/cosmos_ws/install/state_machine_pkg/share/state_machine_pkg/local_setup.zsh
[12.702s] -- Installing: /home/vini_dunker/COSMOS-AFS/cosmos_ws/install/state_machine_pkg/share/state_machine_pkg/local_setup.dsv
[12.703s] -- Installing: /home/vini_dunker/COSMOS-AFS/cosmos_ws/install/state_machine_pkg/share/state_machine_pkg/package.dsv
[12.703s] -- Up-to-date: /home/vini_dunker/COSMOS-AFS/cosmos_ws/install/state_machine_pkg/share/ament_index/resource_index/packages/state_machine_pkg
[12.703s] -- Up-to-date: /home/vini_dunker/COSMOS-AFS/cosmos_ws/install/state_machine_pkg/share/state_machine_pkg/cmake/state_machine_pkgConfig.cmake
[12.703s] -- Up-to-date: /home/vini_dunker/COSMOS-AFS/cosmos_ws/install/state_machine_pkg/share/state_machine_pkg/cmake/state_machine_pkgConfig-version.cmake
[12.703s] -- Up-to-date: /home/vini_dunker/COSMOS-AFS/cosmos_ws/install/state_machine_pkg/share/state_machine_pkg/package.xml
[12.706s] Invoked command in '/home/vini_dunker/COSMOS-AFS/cosmos_ws/build/state_machine_pkg' returned '0': CMAKE_PREFIX_PATH=${CMAKE_PREFIX_PATH}:/home/vini_dunker/COSMOS-AFS/cosmos_ws/install/sensors_pkg:/home/vini_dunker/COSMOS-AFS/cosmos_ws/install/communication_pkg:/home/vini_dunker/COSMOS-AFS/cosmos_ws/install/camera_pkg:/home/vini_dunker/COSMOS-AFS/cosmos_ws/install/attitude_control_pkg:/home/vini_dunker/Automation/mrt19ROS_ws/install/traverse_state_pkg:/home/vini_dunker/Automation/mrt19ROS_ws/install/state_machine_pkg:/home/vini_dunker/Automation/mrt19ROS_ws/install/mrt19_pkg:/home/vini_dunker/Automation/mrt19ROS_ws/install/drum_pkg:/home/vini_dunker/Automation/mrt19ROS_ws/install/data_acquition_pkg:/home/vini_dunker/udemy_ws/install/my_py_pkg:/home/vini_dunker/mrt_ws/install/traverse_stage:/home/vini_dunker/mrt_ws/install/state_machine:/home/vini_dunker/mrt_ws/install/data_acquisition:/opt/ros/humble /usr/bin/cmake --install /home/vini_dunker/COSMOS-AFS/cosmos_ws/build/state_machine_pkg
