[1.309s] Invoking command in '/home/vini_dunker/COSMOS-AFS/cosmos_ws/src/communication_pkg': PYTHONPATH=/home/vini_dunker/COSMOS-AFS/cosmos_ws/build/communication_pkg/prefix_override:/home/vini_dunker/COSMOS-AFS/cosmos_ws/install/communication_pkg/lib/python3.10/site-packages:${PYTHONPATH} /usr/bin/python3 setup.py egg_info --egg-base ../../build/communication_pkg build --build-base /home/vini_dunker/COSMOS-AFS/cosmos_ws/build/communication_pkg/build install --record /home/vini_dunker/COSMOS-AFS/cosmos_ws/build/communication_pkg/install.log --single-version-externally-managed
[1.622s] running egg_info
[1.623s] writing ../../build/communication_pkg/communication_pkg.egg-info/PKG-INFO
[1.623s] writing dependency_links to ../../build/communication_pkg/communication_pkg.egg-info/dependency_links.txt
[1.623s] writing entry points to ../../build/communication_pkg/communication_pkg.egg-info/entry_points.txt
[1.623s] writing requirements to ../../build/communication_pkg/communication_pkg.egg-info/requires.txt
[1.623s] writing top-level names to ../../build/communication_pkg/communication_pkg.egg-info/top_level.txt
[1.626s] reading manifest file '../../build/communication_pkg/communication_pkg.egg-info/SOURCES.txt'
[1.627s] writing manifest file '../../build/communication_pkg/communication_pkg.egg-info/SOURCES.txt'
[1.627s] running build
[1.627s] running build_py
[1.627s] running install
[1.628s] running install_lib
[1.629s] running install_data
[1.630s] running install_egg_info
[1.632s] removing '/home/vini_dunker/COSMOS-AFS/cosmos_ws/install/communication_pkg/lib/python3.10/site-packages/communication_pkg-0.0.0-py3.10.egg-info' (and everything under it)
[1.632s] Copying ../../build/communication_pkg/communication_pkg.egg-info to /home/vini_dunker/COSMOS-AFS/cosmos_ws/install/communication_pkg/lib/python3.10/site-packages/communication_pkg-0.0.0-py3.10.egg-info
[1.634s] running install_scripts
[1.662s] Installing Ground_Station script to /home/vini_dunker/COSMOS-AFS/cosmos_ws/install/communication_pkg/lib/communication_pkg
[1.662s] writing list of installed files to '/home/vini_dunker/COSMOS-AFS/cosmos_ws/build/communication_pkg/install.log'
[1.727s] Invoked command in '/home/vini_dunker/COSMOS-AFS/cosmos_ws/src/communication_pkg' returned '0': PYTHONPATH=/home/vini_dunker/COSMOS-AFS/cosmos_ws/build/communication_pkg/prefix_override:/home/vini_dunker/COSMOS-AFS/cosmos_ws/install/communication_pkg/lib/python3.10/site-packages:${PYTHONPATH} /usr/bin/python3 setup.py egg_info --egg-base ../../build/communication_pkg build --build-base /home/vini_dunker/COSMOS-AFS/cosmos_ws/build/communication_pkg/build install --record /home/vini_dunker/COSMOS-AFS/cosmos_ws/build/communication_pkg/install.log --single-version-externally-managed
