[1.717s] Invoking command in '/home/vini_dunker/COSMOS-AFS/cosmos_ws/src/attitude_service_pkg': PYTHONPATH=/home/vini_dunker/COSMOS-AFS/cosmos_ws/build/attitude_service_pkg/prefix_override:/home/vini_dunker/COSMOS-AFS/cosmos_ws/install/attitude_service_pkg/lib/python3.10/site-packages:${PYTHONPATH} /usr/bin/python3 setup.py egg_info --egg-base ../../build/attitude_service_pkg build --build-base /home/vini_dunker/COSMOS-AFS/cosmos_ws/build/attitude_service_pkg/build install --record /home/vini_dunker/COSMOS-AFS/cosmos_ws/build/attitude_service_pkg/install.log --single-version-externally-managed
[2.131s] running egg_info
[2.132s] writing ../../build/attitude_service_pkg/attitude_service_pkg.egg-info/PKG-INFO
[2.132s] writing dependency_links to ../../build/attitude_service_pkg/attitude_service_pkg.egg-info/dependency_links.txt
[2.133s] writing entry points to ../../build/attitude_service_pkg/attitude_service_pkg.egg-info/entry_points.txt
[2.133s] writing requirements to ../../build/attitude_service_pkg/attitude_service_pkg.egg-info/requires.txt
[2.133s] writing top-level names to ../../build/attitude_service_pkg/attitude_service_pkg.egg-info/top_level.txt
[2.136s] reading manifest file '../../build/attitude_service_pkg/attitude_service_pkg.egg-info/SOURCES.txt'
[2.136s] writing manifest file '../../build/attitude_service_pkg/attitude_service_pkg.egg-info/SOURCES.txt'
[2.136s] running build
[2.137s] running build_py
[2.137s] running install
[2.137s] running install_lib
[2.141s] running install_data
[2.142s] running install_egg_info
[2.143s] removing '/home/vini_dunker/COSMOS-AFS/cosmos_ws/install/attitude_service_pkg/lib/python3.10/site-packages/attitude_service_pkg-0.0.0-py3.10.egg-info' (and everything under it)
[2.144s] Copying ../../build/attitude_service_pkg/attitude_service_pkg.egg-info to /home/vini_dunker/COSMOS-AFS/cosmos_ws/install/attitude_service_pkg/lib/python3.10/site-packages/attitude_service_pkg-0.0.0-py3.10.egg-info
[2.146s] running install_scripts
[2.172s] Installing AxisAngleToDCM script to /home/vini_dunker/COSMOS-AFS/cosmos_ws/install/attitude_service_pkg/lib/attitude_service_pkg
[2.172s] Installing SkewServ script to /home/vini_dunker/COSMOS-AFS/cosmos_ws/install/attitude_service_pkg/lib/attitude_service_pkg
[2.172s] writing list of installed files to '/home/vini_dunker/COSMOS-AFS/cosmos_ws/build/attitude_service_pkg/install.log'
[2.236s] Invoked command in '/home/vini_dunker/COSMOS-AFS/cosmos_ws/src/attitude_service_pkg' returned '0': PYTHONPATH=/home/vini_dunker/COSMOS-AFS/cosmos_ws/build/attitude_service_pkg/prefix_override:/home/vini_dunker/COSMOS-AFS/cosmos_ws/install/attitude_service_pkg/lib/python3.10/site-packages:${PYTHONPATH} /usr/bin/python3 setup.py egg_info --egg-base ../../build/attitude_service_pkg build --build-base /home/vini_dunker/COSMOS-AFS/cosmos_ws/build/attitude_service_pkg/build install --record /home/vini_dunker/COSMOS-AFS/cosmos_ws/build/attitude_service_pkg/install.log --single-version-externally-managed
