running egg_info
creating ../../build/sensors_pkg/sensors_pkg.egg-info
writing ../../build/sensors_pkg/sensors_pkg.egg-info/PKG-INFO
writing dependency_links to ../../build/sensors_pkg/sensors_pkg.egg-info/dependency_links.txt
writing entry points to ../../build/sensors_pkg/sensors_pkg.egg-info/entry_points.txt
writing requirements to ../../build/sensors_pkg/sensors_pkg.egg-info/requires.txt
writing top-level names to ../../build/sensors_pkg/sensors_pkg.egg-info/top_level.txt
writing manifest file '../../build/sensors_pkg/sensors_pkg.egg-info/SOURCES.txt'
reading manifest file '../../build/sensors_pkg/sensors_pkg.egg-info/SOURCES.txt'
writing manifest file '../../build/sensors_pkg/sensors_pkg.egg-info/SOURCES.txt'
running build
running build_py
creating /home/vini_dunker/COSMOS-AFS/cosmos_ws/build/sensors_pkg/build
creating /home/vini_dunker/COSMOS-AFS/cosmos_ws/build/sensors_pkg/build/lib
creating /home/vini_dunker/COSMOS-AFS/cosmos_ws/build/sensors_pkg/build/lib/sensors_pkg
copying sensors_pkg/__init__.py -> /home/vini_dunker/COSMOS-AFS/cosmos_ws/build/sensors_pkg/build/lib/sensors_pkg
copying sensors_pkg/daq_node.py -> /home/vini_dunker/COSMOS-AFS/cosmos_ws/build/sensors_pkg/build/lib/sensors_pkg
running install
running install_lib
running install_data
running install_egg_info
removing '/home/vini_dunker/COSMOS-AFS/cosmos_ws/install/sensors_pkg/lib/python3.10/site-packages/sensors_pkg-0.0.0-py3.10.egg-info' (and everything under it)
Copying ../../build/sensors_pkg/sensors_pkg.egg-info to /home/vini_dunker/COSMOS-AFS/cosmos_ws/install/sensors_pkg/lib/python3.10/site-packages/sensors_pkg-0.0.0-py3.10.egg-info
running install_scripts
Installing Data_Acquisition script to /home/vini_dunker/COSMOS-AFS/cosmos_ws/install/sensors_pkg/lib/sensors_pkg
writing list of installed files to '/home/vini_dunker/COSMOS-AFS/cosmos_ws/build/sensors_pkg/install.log'
