[1.236s] Invoking command in '/home/vini_dunker/COSMOS-AFS/cosmos_ws/src/sensors_pkg': PYTHONPATH=/home/vini_dunker/COSMOS-AFS/cosmos_ws/build/sensors_pkg/prefix_override:/home/vini_dunker/COSMOS-AFS/cosmos_ws/install/sensors_pkg/lib/python3.10/site-packages:${PYTHONPATH} /usr/bin/python3 setup.py egg_info --egg-base ../../build/sensors_pkg build --build-base /home/vini_dunker/COSMOS-AFS/cosmos_ws/build/sensors_pkg/build install --record /home/vini_dunker/COSMOS-AFS/cosmos_ws/build/sensors_pkg/install.log --single-version-externally-managed
[1.488s] running egg_info
[1.489s] creating ../../build/sensors_pkg/sensors_pkg.egg-info
[1.490s] writing ../../build/sensors_pkg/sensors_pkg.egg-info/PKG-INFO
[1.490s] writing dependency_links to ../../build/sensors_pkg/sensors_pkg.egg-info/dependency_links.txt
[1.490s] writing entry points to ../../build/sensors_pkg/sensors_pkg.egg-info/entry_points.txt
[1.490s] writing requirements to ../../build/sensors_pkg/sensors_pkg.egg-info/requires.txt
[1.491s] writing top-level names to ../../build/sensors_pkg/sensors_pkg.egg-info/top_level.txt
[1.491s] writing manifest file '../../build/sensors_pkg/sensors_pkg.egg-info/SOURCES.txt'
[1.492s] reading manifest file '../../build/sensors_pkg/sensors_pkg.egg-info/SOURCES.txt'
[1.493s] writing manifest file '../../build/sensors_pkg/sensors_pkg.egg-info/SOURCES.txt'
[1.493s] running build
[1.494s] running build_py
[1.494s] creating /home/vini_dunker/COSMOS-AFS/cosmos_ws/build/sensors_pkg/build
[1.495s] creating /home/vini_dunker/COSMOS-AFS/cosmos_ws/build/sensors_pkg/build/lib
[1.495s] creating /home/vini_dunker/COSMOS-AFS/cosmos_ws/build/sensors_pkg/build/lib/sensors_pkg
[1.495s] copying sensors_pkg/__init__.py -> /home/vini_dunker/COSMOS-AFS/cosmos_ws/build/sensors_pkg/build/lib/sensors_pkg
[1.495s] copying sensors_pkg/daq_node.py -> /home/vini_dunker/COSMOS-AFS/cosmos_ws/build/sensors_pkg/build/lib/sensors_pkg
[1.495s] running install
[1.495s] running install_lib
[1.497s] running install_data
[1.497s] running install_egg_info
[1.500s] removing '/home/vini_dunker/COSMOS-AFS/cosmos_ws/install/sensors_pkg/lib/python3.10/site-packages/sensors_pkg-0.0.0-py3.10.egg-info' (and everything under it)
[1.500s] Copying ../../build/sensors_pkg/sensors_pkg.egg-info to /home/vini_dunker/COSMOS-AFS/cosmos_ws/install/sensors_pkg/lib/python3.10/site-packages/sensors_pkg-0.0.0-py3.10.egg-info
[1.502s] running install_scripts
[1.520s] Installing Data_Acquisition script to /home/vini_dunker/COSMOS-AFS/cosmos_ws/install/sensors_pkg/lib/sensors_pkg
[1.521s] writing list of installed files to '/home/vini_dunker/COSMOS-AFS/cosmos_ws/build/sensors_pkg/install.log'
[1.582s] Invoked command in '/home/vini_dunker/COSMOS-AFS/cosmos_ws/src/sensors_pkg' returned '0': PYTHONPATH=/home/vini_dunker/COSMOS-AFS/cosmos_ws/build/sensors_pkg/prefix_override:/home/vini_dunker/COSMOS-AFS/cosmos_ws/install/sensors_pkg/lib/python3.10/site-packages:${PYTHONPATH} /usr/bin/python3 setup.py egg_info --egg-base ../../build/sensors_pkg build --build-base /home/vini_dunker/COSMOS-AFS/cosmos_ws/build/sensors_pkg/build install --record /home/vini_dunker/COSMOS-AFS/cosmos_ws/build/sensors_pkg/install.log --single-version-externally-managed
