[1.318s] Invoking command in '/home/vini_dunker/COSMOS-AFS/cosmos_ws/src/attitude_control_pkg': PYTHONPATH=/home/vini_dunker/COSMOS-AFS/cosmos_ws/build/attitude_control_pkg/prefix_override:/home/vini_dunker/COSMOS-AFS/cosmos_ws/install/attitude_control_pkg/lib/python3.10/site-packages:${PYTHONPATH} /usr/bin/python3 setup.py egg_info --egg-base ../../build/attitude_control_pkg build --build-base /home/vini_dunker/COSMOS-AFS/cosmos_ws/build/attitude_control_pkg/build install --record /home/vini_dunker/COSMOS-AFS/cosmos_ws/build/attitude_control_pkg/install.log --single-version-externally-managed
[1.559s] running egg_info
[1.560s] writing ../../build/attitude_control_pkg/attitude_control_pkg.egg-info/PKG-INFO
[1.561s] writing dependency_links to ../../build/attitude_control_pkg/attitude_control_pkg.egg-info/dependency_links.txt
[1.561s] writing entry points to ../../build/attitude_control_pkg/attitude_control_pkg.egg-info/entry_points.txt
[1.561s] writing requirements to ../../build/attitude_control_pkg/attitude_control_pkg.egg-info/requires.txt
[1.562s] writing top-level names to ../../build/attitude_control_pkg/attitude_control_pkg.egg-info/top_level.txt
[1.564s] reading manifest file '../../build/attitude_control_pkg/attitude_control_pkg.egg-info/SOURCES.txt'
[1.565s] writing manifest file '../../build/attitude_control_pkg/attitude_control_pkg.egg-info/SOURCES.txt'
[1.565s] running build
[1.565s] running build_py
[1.565s] running install
[1.566s] running install_lib
[1.568s] running install_data
[1.569s] running install_egg_info
[1.571s] removing '/home/vini_dunker/COSMOS-AFS/cosmos_ws/install/attitude_control_pkg/lib/python3.10/site-packages/attitude_control_pkg-0.0.0-py3.10.egg-info' (and everything under it)
[1.571s] Copying ../../build/attitude_control_pkg/attitude_control_pkg.egg-info to /home/vini_dunker/COSMOS-AFS/cosmos_ws/install/attitude_control_pkg/lib/python3.10/site-packages/attitude_control_pkg-0.0.0-py3.10.egg-info
[1.572s] running install_scripts
[1.592s] writing list of installed files to '/home/vini_dunker/COSMOS-AFS/cosmos_ws/build/attitude_control_pkg/install.log'
[1.625s] Invoked command in '/home/vini_dunker/COSMOS-AFS/cosmos_ws/src/attitude_control_pkg' returned '0': PYTHONPATH=/home/vini_dunker/COSMOS-AFS/cosmos_ws/build/attitude_control_pkg/prefix_override:/home/vini_dunker/COSMOS-AFS/cosmos_ws/install/attitude_control_pkg/lib/python3.10/site-packages:${PYTHONPATH} /usr/bin/python3 setup.py egg_info --egg-base ../../build/attitude_control_pkg build --build-base /home/vini_dunker/COSMOS-AFS/cosmos_ws/build/attitude_control_pkg/build install --record /home/vini_dunker/COSMOS-AFS/cosmos_ws/build/attitude_control_pkg/install.log --single-version-externally-managed
