[0.064s] Invoking command in '/home/vini_dunker/COSMOS-AFS/cosmos_ws/build/cosmos_interfaces': CMAKE_PREFIX_PATH=${CMAKE_PREFIX_PATH}:/home/vini_dunker/MRT-19/ros_drone_ws/install/drone_control:/home/vini_dunker/udemy_ws/install/my_py_pkg:/home/vini_dunker/COSMOS-AFS/cosmos_ws/install/sensors_pkg:/home/vini_dunker/COSMOS-AFS/cosmos_ws/install/communication_pkg:/home/vini_dunker/COSMOS-AFS/cosmos_ws/install/camera_pkg:/home/vini_dunker/COSMOS-AFS/cosmos_ws/install/attitude_service_pkg:/home/vini_dunker/Automation/mrt19ROS_ws/install/traverse_state_pkg:/home/vini_dunker/Automation/mrt19ROS_ws/install/state_machine_pkg:/home/vini_dunker/Automation/mrt19ROS_ws/install/mrt19_pkg:/home/vini_dunker/Automation/mrt19ROS_ws/install/drum_pkg:/home/vini_dunker/Automation/mrt19ROS_ws/install/data_acquition_pkg:/home/vini_dunker/mrt_ws/install/traverse_stage:/home/vini_dunker/mrt_ws/install/state_machine:/home/vini_dunker/mrt_ws/install/data_acquisition:/opt/ros/humble /usr/bin/cmake --build /home/vini_dunker/COSMOS-AFS/cosmos_ws/build/cosmos_interfaces -- -j12 -l12
[0.780s] [35m[1mConsolidate compiler generated dependencies of target cosmos_interfaces__rosidl_generator_c[0m
[0.781s] [  1%] Built target cosmos_interfaces__cpp
[0.781s] [ 12%] Built target cosmos_interfaces__rosidl_generator_c
[0.781s] [ 12%] Built target ament_cmake_python_copy_cosmos_interfaces
[0.781s] [35m[1mConsolidate compiler generated dependencies of target cosmos_interfaces__rosidl_typesupport_cpp[0m
[0.781s] [35m[1mConsolidate compiler generated dependencies of target cosmos_interfaces__rosidl_typesupport_fastrtps_cpp[0m
[0.782s] [35m[1mConsolidate compiler generated dependencies of target cosmos_interfaces__rosidl_typesupport_introspection_cpp[0m
[0.782s] [35m[1mConsolidate compiler generated dependencies of target cosmos_interfaces__rosidl_typesupport_c[0m
[0.782s] [35m[1mConsolidate compiler generated dependencies of target cosmos_interfaces__rosidl_typesupport_fastrtps_c[0m
[0.782s] [35m[1mConsolidate compiler generated dependencies of target cosmos_interfaces__rosidl_typesupport_introspection_c[0m
[0.782s] [ 23%] Built target cosmos_interfaces__rosidl_typesupport_introspection_cpp
[0.783s] [ 34%] Built target cosmos_interfaces__rosidl_typesupport_introspection_c
[0.783s] [ 46%] Built target cosmos_interfaces__rosidl_typesupport_cpp
[0.783s] [ 57%] Built target cosmos_interfaces__rosidl_typesupport_c
[0.783s] [ 79%] Built target cosmos_interfaces__rosidl_typesupport_fastrtps_c
[0.784s] [ 79%] Built target cosmos_interfaces__rosidl_typesupport_fastrtps_cpp
[0.785s] [ 79%] Built target cosmos_interfaces
[0.785s] [ 80%] Built target cosmos_interfaces__py
[0.786s] [35m[1mConsolidate compiler generated dependencies of target cosmos_interfaces__rosidl_generator_py[0m
[0.786s] [ 90%] Built target cosmos_interfaces__rosidl_generator_py
[0.786s] [35m[1mConsolidate compiler generated dependencies of target cosmos_interfaces__rosidl_typesupport_introspection_c__pyext[0m
[0.786s] [35m[1mConsolidate compiler generated dependencies of target cosmos_interfaces__rosidl_typesupport_fastrtps_c__pyext[0m
[0.786s] [35m[1mConsolidate compiler generated dependencies of target cosmos_interfaces__rosidl_typesupport_c__pyext[0m
[0.787s] [ 96%] Built target cosmos_interfaces__rosidl_typesupport_fastrtps_c__pyext
[0.787s] [ 96%] Built target cosmos_interfaces__rosidl_typesupport_introspection_c__pyext
[0.787s] [100%] Built target cosmos_interfaces__rosidl_typesupport_c__pyext
[0.787s] running egg_info
[0.787s] writing cosmos_interfaces.egg-info/PKG-INFO
[0.788s] writing dependency_links to cosmos_interfaces.egg-info/dependency_links.txt
[0.788s] writing top-level names to cosmos_interfaces.egg-info/top_level.txt
[0.788s] reading manifest file 'cosmos_interfaces.egg-info/SOURCES.txt'
[0.788s] writing manifest file 'cosmos_interfaces.egg-info/SOURCES.txt'
[0.788s] [100%] Built target ament_cmake_python_build_cosmos_interfaces_egg
[1.082s] Invoked command in '/home/vini_dunker/COSMOS-AFS/cosmos_ws/build/cosmos_interfaces' returned '0': CMAKE_PREFIX_PATH=${CMAKE_PREFIX_PATH}:/home/vini_dunker/MRT-19/ros_drone_ws/install/drone_control:/home/vini_dunker/udemy_ws/install/my_py_pkg:/home/vini_dunker/COSMOS-AFS/cosmos_ws/install/sensors_pkg:/home/vini_dunker/COSMOS-AFS/cosmos_ws/install/communication_pkg:/home/vini_dunker/COSMOS-AFS/cosmos_ws/install/camera_pkg:/home/vini_dunker/COSMOS-AFS/cosmos_ws/install/attitude_service_pkg:/home/vini_dunker/Automation/mrt19ROS_ws/install/traverse_state_pkg:/home/vini_dunker/Automation/mrt19ROS_ws/install/state_machine_pkg:/home/vini_dunker/Automation/mrt19ROS_ws/install/mrt19_pkg:/home/vini_dunker/Automation/mrt19ROS_ws/install/drum_pkg:/home/vini_dunker/Automation/mrt19ROS_ws/install/data_acquition_pkg:/home/vini_dunker/mrt_ws/install/traverse_stage:/home/vini_dunker/mrt_ws/install/state_machine:/home/vini_dunker/mrt_ws/install/data_acquisition:/opt/ros/humble /usr/bin/cmake --build /home/vini_dunker/COSMOS-AFS/cosmos_ws/build/cosmos_interfaces -- -j12 -l12
[1.222s] Invoking command in '/home/vini_dunker/COSMOS-AFS/cosmos_ws/build/cosmos_interfaces': CMAKE_PREFIX_PATH=${CMAKE_PREFIX_PATH}:/home/vini_dunker/MRT-19/ros_drone_ws/install/drone_control:/home/vini_dunker/udemy_ws/install/my_py_pkg:/home/vini_dunker/COSMOS-AFS/cosmos_ws/install/sensors_pkg:/home/vini_dunker/COSMOS-AFS/cosmos_ws/install/communication_pkg:/home/vini_dunker/COSMOS-AFS/cosmos_ws/install/camera_pkg:/home/vini_dunker/COSMOS-AFS/cosmos_ws/install/attitude_service_pkg:/home/vini_dunker/Automation/mrt19ROS_ws/install/traverse_state_pkg:/home/vini_dunker/Automation/mrt19ROS_ws/install/state_machine_pkg:/home/vini_dunker/Automation/mrt19ROS_ws/install/mrt19_pkg:/home/vini_dunker/Automation/mrt19ROS_ws/install/drum_pkg:/home/vini_dunker/Automation/mrt19ROS_ws/install/data_acquition_pkg:/home/vini_dunker/mrt_ws/install/traverse_stage:/home/vini_dunker/mrt_ws/install/state_machine:/home/vini_dunker/mrt_ws/install/data_acquisition:/opt/ros/humble /usr/bin/cmake --install /home/vini_dunker/COSMOS-AFS/cosmos_ws/build/cosmos_interfaces
[1.228s] -- Install configuration: ""
[1.228s] -- Up-to-date: /home/vini_dunker/COSMOS-AFS/cosmos_ws/install/cosmos_interfaces/share/ament_index/resource_index/rosidl_interfaces/cosmos_interfaces
[1.228s] -- Up-to-date: /home/vini_dunker/COSMOS-AFS/cosmos_ws/install/cosmos_interfaces/include/cosmos_interfaces/cosmos_interfaces
[1.229s] -- Up-to-date: /home/vini_dunker/COSMOS-AFS/cosmos_ws/install/cosmos_interfaces/include/cosmos_interfaces/cosmos_interfaces/srv
[1.229s] -- Up-to-date: /home/vini_dunker/COSMOS-AFS/cosmos_ws/install/cosmos_interfaces/include/cosmos_interfaces/cosmos_interfaces/srv/skew.h
[1.229s] -- Up-to-date: /home/vini_dunker/COSMOS-AFS/cosmos_ws/install/cosmos_interfaces/include/cosmos_interfaces/cosmos_interfaces/srv/detail
[1.229s] -- Up-to-date: /home/vini_dunker/COSMOS-AFS/cosmos_ws/install/cosmos_interfaces/include/cosmos_interfaces/cosmos_interfaces/srv/detail/aa_to_dcm__functions.c
[1.229s] -- Up-to-date: /home/vini_dunker/COSMOS-AFS/cosmos_ws/install/cosmos_interfaces/include/cosmos_interfaces/cosmos_interfaces/srv/detail/skew__functions.c
[1.229s] -- Up-to-date: /home/vini_dunker/COSMOS-AFS/cosmos_ws/install/cosmos_interfaces/include/cosmos_interfaces/cosmos_interfaces/srv/detail/skew__functions.h
[1.230s] -- Up-to-date: /home/vini_dunker/COSMOS-AFS/cosmos_ws/install/cosmos_interfaces/include/cosmos_interfaces/cosmos_interfaces/srv/detail/skew__struct.h
[1.230s] -- Up-to-date: /home/vini_dunker/COSMOS-AFS/cosmos_ws/install/cosmos_interfaces/include/cosmos_interfaces/cosmos_interfaces/srv/detail/aa_to_dcm__type_support.h
[1.230s] -- Up-to-date: /home/vini_dunker/COSMOS-AFS/cosmos_ws/install/cosmos_interfaces/include/cosmos_interfaces/cosmos_interfaces/srv/detail/aa_to_dcm__functions.h
[1.230s] -- Up-to-date: /home/vini_dunker/COSMOS-AFS/cosmos_ws/install/cosmos_interfaces/include/cosmos_interfaces/cosmos_interfaces/srv/detail/aa_to_dcm__struct.h
[1.230s] -- Up-to-date: /home/vini_dunker/COSMOS-AFS/cosmos_ws/install/cosmos_interfaces/include/cosmos_interfaces/cosmos_interfaces/srv/detail/skew__type_support.h
[1.230s] -- Up-to-date: /home/vini_dunker/COSMOS-AFS/cosmos_ws/install/cosmos_interfaces/include/cosmos_interfaces/cosmos_interfaces/srv/aa_to_dcm.h
[1.230s] -- Up-to-date: /home/vini_dunker/COSMOS-AFS/cosmos_ws/install/cosmos_interfaces/include/cosmos_interfaces/cosmos_interfaces/msg
[1.230s] -- Up-to-date: /home/vini_dunker/COSMOS-AFS/cosmos_ws/install/cosmos_interfaces/include/cosmos_interfaces/cosmos_interfaces/msg/position.h
[1.231s] -- Up-to-date: /home/vini_dunker/COSMOS-AFS/cosmos_ws/install/cosmos_interfaces/include/cosmos_interfaces/cosmos_interfaces/msg/reaction_wheels.h
[1.231s] -- Up-to-date: /home/vini_dunker/COSMOS-AFS/cosmos_ws/install/cosmos_interfaces/include/cosmos_interfaces/cosmos_interfaces/msg/detail
[1.231s] -- Up-to-date: /home/vini_dunker/COSMOS-AFS/cosmos_ws/install/cosmos_interfaces/include/cosmos_interfaces/cosmos_interfaces/msg/detail/attitude__functions.h
[1.231s] -- Up-to-date: /home/vini_dunker/COSMOS-AFS/cosmos_ws/install/cosmos_interfaces/include/cosmos_interfaces/cosmos_interfaces/msg/detail/position__struct.h
[1.232s] -- Up-to-date: /home/vini_dunker/COSMOS-AFS/cosmos_ws/install/cosmos_interfaces/include/cosmos_interfaces/cosmos_interfaces/msg/detail/position__functions.c
[1.232s] -- Up-to-date: /home/vini_dunker/COSMOS-AFS/cosmos_ws/install/cosmos_interfaces/include/cosmos_interfaces/cosmos_interfaces/msg/detail/reaction_wheels__functions.c
[1.232s] -- Up-to-date: /home/vini_dunker/COSMOS-AFS/cosmos_ws/install/cosmos_interfaces/include/cosmos_interfaces/cosmos_interfaces/msg/detail/attitude__struct.h
[1.232s] -- Up-to-date: /home/vini_dunker/COSMOS-AFS/cosmos_ws/install/cosmos_interfaces/include/cosmos_interfaces/cosmos_interfaces/msg/detail/task__struct.h
[1.233s] -- Up-to-date: /home/vini_dunker/COSMOS-AFS/cosmos_ws/install/cosmos_interfaces/include/cosmos_interfaces/cosmos_interfaces/msg/detail/task__functions.h
[1.233s] -- Up-to-date: /home/vini_dunker/COSMOS-AFS/cosmos_ws/install/cosmos_interfaces/include/cosmos_interfaces/cosmos_interfaces/msg/detail/task__functions.c
[1.233s] -- Up-to-date: /home/vini_dunker/COSMOS-AFS/cosmos_ws/install/cosmos_interfaces/include/cosmos_interfaces/cosmos_interfaces/msg/detail/position__functions.h
[1.234s] -- Up-to-date: /home/vini_dunker/COSMOS-AFS/cosmos_ws/install/cosmos_interfaces/include/cosmos_interfaces/cosmos_interfaces/msg/detail/position__type_support.h
[1.234s] -- Up-to-date: /home/vini_dunker/COSMOS-AFS/cosmos_ws/install/cosmos_interfaces/include/cosmos_interfaces/cosmos_interfaces/msg/detail/reaction_wheels__type_support.h
[1.235s] -- Up-to-date: /home/vini_dunker/COSMOS-AFS/cosmos_ws/install/cosmos_interfaces/include/cosmos_interfaces/cosmos_interfaces/msg/detail/task__type_support.h
[1.235s] -- Up-to-date: /home/vini_dunker/COSMOS-AFS/cosmos_ws/install/cosmos_interfaces/include/cosmos_interfaces/cosmos_interfaces/msg/detail/attitude__functions.c
[1.235s] -- Up-to-date: /home/vini_dunker/COSMOS-AFS/cosmos_ws/install/cosmos_interfaces/include/cosmos_interfaces/cosmos_interfaces/msg/detail/reaction_wheels__struct.h
[1.235s] -- Up-to-date: /home/vini_dunker/COSMOS-AFS/cosmos_ws/install/cosmos_interfaces/include/cosmos_interfaces/cosmos_interfaces/msg/detail/attitude__type_support.h
[1.236s] -- Up-to-date: /home/vini_dunker/COSMOS-AFS/cosmos_ws/install/cosmos_interfaces/include/cosmos_interfaces/cosmos_interfaces/msg/detail/reaction_wheels__functions.h
[1.236s] -- Up-to-date: /home/vini_dunker/COSMOS-AFS/cosmos_ws/install/cosmos_interfaces/include/cosmos_interfaces/cosmos_interfaces/msg/rosidl_generator_c__visibility_control.h
[1.236s] -- Up-to-date: /home/vini_dunker/COSMOS-AFS/cosmos_ws/install/cosmos_interfaces/include/cosmos_interfaces/cosmos_interfaces/msg/attitude.h
[1.236s] -- Up-to-date: /home/vini_dunker/COSMOS-AFS/cosmos_ws/install/cosmos_interfaces/include/cosmos_interfaces/cosmos_interfaces/msg/task.h
[1.237s] -- Up-to-date: /home/vini_dunker/COSMOS-AFS/cosmos_ws/install/cosmos_interfaces/share/cosmos_interfaces/environment/library_path.sh
[1.237s] -- Up-to-date: /home/vini_dunker/COSMOS-AFS/cosmos_ws/install/cosmos_interfaces/share/cosmos_interfaces/environment/library_path.dsv
[1.237s] -- Up-to-date: /home/vini_dunker/COSMOS-AFS/cosmos_ws/install/cosmos_interfaces/lib/libcosmos_interfaces__rosidl_generator_c.so
[1.238s] -- Up-to-date: /home/vini_dunker/COSMOS-AFS/cosmos_ws/install/cosmos_interfaces/include/cosmos_interfaces/cosmos_interfaces
[1.238s] -- Up-to-date: /home/vini_dunker/COSMOS-AFS/cosmos_ws/install/cosmos_interfaces/include/cosmos_interfaces/cosmos_interfaces/srv
[1.238s] -- Up-to-date: /home/vini_dunker/COSMOS-AFS/cosmos_ws/install/cosmos_interfaces/include/cosmos_interfaces/cosmos_interfaces/srv/detail
[1.238s] -- Up-to-date: /home/vini_dunker/COSMOS-AFS/cosmos_ws/install/cosmos_interfaces/include/cosmos_interfaces/cosmos_interfaces/srv/detail/aa_to_dcm__rosidl_typesupport_fastrtps_c.h
[1.238s] -- Up-to-date: /home/vini_dunker/COSMOS-AFS/cosmos_ws/install/cosmos_interfaces/include/cosmos_interfaces/cosmos_interfaces/srv/detail/skew__rosidl_typesupport_fastrtps_c.h
[1.239s] -- Up-to-date: /home/vini_dunker/COSMOS-AFS/cosmos_ws/install/cosmos_interfaces/include/cosmos_interfaces/cosmos_interfaces/msg
[1.239s] -- Up-to-date: /home/vini_dunker/COSMOS-AFS/cosmos_ws/install/cosmos_interfaces/include/cosmos_interfaces/cosmos_interfaces/msg/rosidl_typesupport_fastrtps_c__visibility_control.h
[1.240s] -- Up-to-date: /home/vini_dunker/COSMOS-AFS/cosmos_ws/install/cosmos_interfaces/include/cosmos_interfaces/cosmos_interfaces/msg/detail
[1.240s] -- Up-to-date: /home/vini_dunker/COSMOS-AFS/cosmos_ws/install/cosmos_interfaces/include/cosmos_interfaces/cosmos_interfaces/msg/detail/position__rosidl_typesupport_fastrtps_c.h
[1.240s] -- Up-to-date: /home/vini_dunker/COSMOS-AFS/cosmos_ws/install/cosmos_interfaces/include/cosmos_interfaces/cosmos_interfaces/msg/detail/task__rosidl_typesupport_fastrtps_c.h
[1.240s] -- Up-to-date: /home/vini_dunker/COSMOS-AFS/cosmos_ws/install/cosmos_interfaces/include/cosmos_interfaces/cosmos_interfaces/msg/detail/attitude__rosidl_typesupport_fastrtps_c.h
[1.240s] -- Up-to-date: /home/vini_dunker/COSMOS-AFS/cosmos_ws/install/cosmos_interfaces/include/cosmos_interfaces/cosmos_interfaces/msg/detail/reaction_wheels__rosidl_typesupport_fastrtps_c.h
[1.240s] -- Up-to-date: /home/vini_dunker/COSMOS-AFS/cosmos_ws/install/cosmos_interfaces/lib/libcosmos_interfaces__rosidl_typesupport_fastrtps_c.so
[1.240s] -- Up-to-date: /home/vini_dunker/COSMOS-AFS/cosmos_ws/install/cosmos_interfaces/include/cosmos_interfaces/cosmos_interfaces
[1.240s] -- Up-to-date: /home/vini_dunker/COSMOS-AFS/cosmos_ws/install/cosmos_interfaces/include/cosmos_interfaces/cosmos_interfaces/srv
[1.240s] -- Up-to-date: /home/vini_dunker/COSMOS-AFS/cosmos_ws/install/cosmos_interfaces/include/cosmos_interfaces/cosmos_interfaces/srv/detail
[1.240s] -- Up-to-date: /home/vini_dunker/COSMOS-AFS/cosmos_ws/install/cosmos_interfaces/include/cosmos_interfaces/cosmos_interfaces/srv/detail/skew__rosidl_typesupport_introspection_c.h
[1.241s] -- Up-to-date: /home/vini_dunker/COSMOS-AFS/cosmos_ws/install/cosmos_interfaces/include/cosmos_interfaces/cosmos_interfaces/srv/detail/aa_to_dcm__rosidl_typesupport_introspection_c.h
[1.241s] -- Up-to-date: /home/vini_dunker/COSMOS-AFS/cosmos_ws/install/cosmos_interfaces/include/cosmos_interfaces/cosmos_interfaces/srv/detail/aa_to_dcm__type_support.c
[1.241s] -- Up-to-date: /home/vini_dunker/COSMOS-AFS/cosmos_ws/install/cosmos_interfaces/include/cosmos_interfaces/cosmos_interfaces/srv/detail/skew__type_support.c
[1.241s] -- Up-to-date: /home/vini_dunker/COSMOS-AFS/cosmos_ws/install/cosmos_interfaces/include/cosmos_interfaces/cosmos_interfaces/msg
[1.241s] -- Up-to-date: /home/vini_dunker/COSMOS-AFS/cosmos_ws/install/cosmos_interfaces/include/cosmos_interfaces/cosmos_interfaces/msg/rosidl_typesupport_introspection_c__visibility_control.h
[1.241s] -- Up-to-date: /home/vini_dunker/COSMOS-AFS/cosmos_ws/install/cosmos_interfaces/include/cosmos_interfaces/cosmos_interfaces/msg/detail
[1.241s] -- Up-to-date: /home/vini_dunker/COSMOS-AFS/cosmos_ws/install/cosmos_interfaces/include/cosmos_interfaces/cosmos_interfaces/msg/detail/task__type_support.c
[1.241s] -- Up-to-date: /home/vini_dunker/COSMOS-AFS/cosmos_ws/install/cosmos_interfaces/include/cosmos_interfaces/cosmos_interfaces/msg/detail/position__rosidl_typesupport_introspection_c.h
[1.241s] -- Up-to-date: /home/vini_dunker/COSMOS-AFS/cosmos_ws/install/cosmos_interfaces/include/cosmos_interfaces/cosmos_interfaces/msg/detail/attitude__rosidl_typesupport_introspection_c.h
[1.241s] -- Up-to-date: /home/vini_dunker/COSMOS-AFS/cosmos_ws/install/cosmos_interfaces/include/cosmos_interfaces/cosmos_interfaces/msg/detail/position__type_support.c
[1.241s] -- Up-to-date: /home/vini_dunker/COSMOS-AFS/cosmos_ws/install/cosmos_interfaces/include/cosmos_interfaces/cosmos_interfaces/msg/detail/task__rosidl_typesupport_introspection_c.h
[1.242s] -- Up-to-date: /home/vini_dunker/COSMOS-AFS/cosmos_ws/install/cosmos_interfaces/include/cosmos_interfaces/cosmos_interfaces/msg/detail/attitude__type_support.c
[1.242s] -- Up-to-date: /home/vini_dunker/COSMOS-AFS/cosmos_ws/install/cosmos_interfaces/include/cosmos_interfaces/cosmos_interfaces/msg/detail/reaction_wheels__type_support.c
[1.242s] -- Up-to-date: /home/vini_dunker/COSMOS-AFS/cosmos_ws/install/cosmos_interfaces/include/cosmos_interfaces/cosmos_interfaces/msg/detail/reaction_wheels__rosidl_typesupport_introspection_c.h
[1.242s] -- Up-to-date: /home/vini_dunker/COSMOS-AFS/cosmos_ws/install/cosmos_interfaces/lib/libcosmos_interfaces__rosidl_typesupport_introspection_c.so
[1.242s] -- Up-to-date: /home/vini_dunker/COSMOS-AFS/cosmos_ws/install/cosmos_interfaces/lib/libcosmos_interfaces__rosidl_typesupport_c.so
[1.242s] -- Up-to-date: /home/vini_dunker/COSMOS-AFS/cosmos_ws/install/cosmos_interfaces/include/cosmos_interfaces/cosmos_interfaces
[1.242s] -- Up-to-date: /home/vini_dunker/COSMOS-AFS/cosmos_ws/install/cosmos_interfaces/include/cosmos_interfaces/cosmos_interfaces/srv
[1.242s] -- Up-to-date: /home/vini_dunker/COSMOS-AFS/cosmos_ws/install/cosmos_interfaces/include/cosmos_interfaces/cosmos_interfaces/srv/aa_to_dcm.hpp
[1.242s] -- Up-to-date: /home/vini_dunker/COSMOS-AFS/cosmos_ws/install/cosmos_interfaces/include/cosmos_interfaces/cosmos_interfaces/srv/skew.hpp
[1.242s] -- Up-to-date: /home/vini_dunker/COSMOS-AFS/cosmos_ws/install/cosmos_interfaces/include/cosmos_interfaces/cosmos_interfaces/srv/detail
[1.242s] -- Up-to-date: /home/vini_dunker/COSMOS-AFS/cosmos_ws/install/cosmos_interfaces/include/cosmos_interfaces/cosmos_interfaces/srv/detail/skew__builder.hpp
[1.242s] -- Up-to-date: /home/vini_dunker/COSMOS-AFS/cosmos_ws/install/cosmos_interfaces/include/cosmos_interfaces/cosmos_interfaces/srv/detail/skew__traits.hpp
[1.242s] -- Up-to-date: /home/vini_dunker/COSMOS-AFS/cosmos_ws/install/cosmos_interfaces/include/cosmos_interfaces/cosmos_interfaces/srv/detail/aa_to_dcm__traits.hpp
[1.243s] -- Up-to-date: /home/vini_dunker/COSMOS-AFS/cosmos_ws/install/cosmos_interfaces/include/cosmos_interfaces/cosmos_interfaces/srv/detail/aa_to_dcm__builder.hpp
[1.243s] -- Up-to-date: /home/vini_dunker/COSMOS-AFS/cosmos_ws/install/cosmos_interfaces/include/cosmos_interfaces/cosmos_interfaces/srv/detail/aa_to_dcm__struct.hpp
[1.243s] -- Up-to-date: /home/vini_dunker/COSMOS-AFS/cosmos_ws/install/cosmos_interfaces/include/cosmos_interfaces/cosmos_interfaces/srv/detail/skew__struct.hpp
[1.243s] -- Up-to-date: /home/vini_dunker/COSMOS-AFS/cosmos_ws/install/cosmos_interfaces/include/cosmos_interfaces/cosmos_interfaces/msg
[1.243s] -- Up-to-date: /home/vini_dunker/COSMOS-AFS/cosmos_ws/install/cosmos_interfaces/include/cosmos_interfaces/cosmos_interfaces/msg/reaction_wheels.hpp
[1.243s] -- Up-to-date: /home/vini_dunker/COSMOS-AFS/cosmos_ws/install/cosmos_interfaces/include/cosmos_interfaces/cosmos_interfaces/msg/attitude.hpp
[1.243s] -- Up-to-date: /home/vini_dunker/COSMOS-AFS/cosmos_ws/install/cosmos_interfaces/include/cosmos_interfaces/cosmos_interfaces/msg/position.hpp
[1.243s] -- Up-to-date: /home/vini_dunker/COSMOS-AFS/cosmos_ws/install/cosmos_interfaces/include/cosmos_interfaces/cosmos_interfaces/msg/detail
[1.243s] -- Up-to-date: /home/vini_dunker/COSMOS-AFS/cosmos_ws/install/cosmos_interfaces/include/cosmos_interfaces/cosmos_interfaces/msg/detail/reaction_wheels__traits.hpp
[1.243s] -- Up-to-date: /home/vini_dunker/COSMOS-AFS/cosmos_ws/install/cosmos_interfaces/include/cosmos_interfaces/cosmos_interfaces/msg/detail/reaction_wheels__builder.hpp
[1.243s] -- Up-to-date: /home/vini_dunker/COSMOS-AFS/cosmos_ws/install/cosmos_interfaces/include/cosmos_interfaces/cosmos_interfaces/msg/detail/attitude__builder.hpp
[1.244s] -- Up-to-date: /home/vini_dunker/COSMOS-AFS/cosmos_ws/install/cosmos_interfaces/include/cosmos_interfaces/cosmos_interfaces/msg/detail/position__traits.hpp
[1.244s] -- Up-to-date: /home/vini_dunker/COSMOS-AFS/cosmos_ws/install/cosmos_interfaces/include/cosmos_interfaces/cosmos_interfaces/msg/detail/position__struct.hpp
[1.244s] -- Up-to-date: /home/vini_dunker/COSMOS-AFS/cosmos_ws/install/cosmos_interfaces/include/cosmos_interfaces/cosmos_interfaces/msg/detail/reaction_wheels__struct.hpp
[1.244s] -- Up-to-date: /home/vini_dunker/COSMOS-AFS/cosmos_ws/install/cosmos_interfaces/include/cosmos_interfaces/cosmos_interfaces/msg/detail/task__builder.hpp
[1.244s] -- Up-to-date: /home/vini_dunker/COSMOS-AFS/cosmos_ws/install/cosmos_interfaces/include/cosmos_interfaces/cosmos_interfaces/msg/detail/attitude__traits.hpp
[1.244s] -- Up-to-date: /home/vini_dunker/COSMOS-AFS/cosmos_ws/install/cosmos_interfaces/include/cosmos_interfaces/cosmos_interfaces/msg/detail/task__traits.hpp
[1.244s] -- Up-to-date: /home/vini_dunker/COSMOS-AFS/cosmos_ws/install/cosmos_interfaces/include/cosmos_interfaces/cosmos_interfaces/msg/detail/attitude__struct.hpp
[1.244s] -- Up-to-date: /home/vini_dunker/COSMOS-AFS/cosmos_ws/install/cosmos_interfaces/include/cosmos_interfaces/cosmos_interfaces/msg/detail/task__struct.hpp
[1.244s] -- Up-to-date: /home/vini_dunker/COSMOS-AFS/cosmos_ws/install/cosmos_interfaces/include/cosmos_interfaces/cosmos_interfaces/msg/detail/position__builder.hpp
[1.244s] -- Up-to-date: /home/vini_dunker/COSMOS-AFS/cosmos_ws/install/cosmos_interfaces/include/cosmos_interfaces/cosmos_interfaces/msg/task.hpp
[1.244s] -- Up-to-date: /home/vini_dunker/COSMOS-AFS/cosmos_ws/install/cosmos_interfaces/include/cosmos_interfaces/cosmos_interfaces
[1.245s] -- Up-to-date: /home/vini_dunker/COSMOS-AFS/cosmos_ws/install/cosmos_interfaces/include/cosmos_interfaces/cosmos_interfaces/srv
[1.245s] -- Up-to-date: /home/vini_dunker/COSMOS-AFS/cosmos_ws/install/cosmos_interfaces/include/cosmos_interfaces/cosmos_interfaces/srv/detail
[1.245s] -- Up-to-date: /home/vini_dunker/COSMOS-AFS/cosmos_ws/install/cosmos_interfaces/include/cosmos_interfaces/cosmos_interfaces/srv/detail/aa_to_dcm__rosidl_typesupport_fastrtps_cpp.hpp
[1.245s] -- Up-to-date: /home/vini_dunker/COSMOS-AFS/cosmos_ws/install/cosmos_interfaces/include/cosmos_interfaces/cosmos_interfaces/srv/detail/dds_fastrtps
[1.245s] -- Up-to-date: /home/vini_dunker/COSMOS-AFS/cosmos_ws/install/cosmos_interfaces/include/cosmos_interfaces/cosmos_interfaces/srv/detail/skew__rosidl_typesupport_fastrtps_cpp.hpp
[1.246s] -- Up-to-date: /home/vini_dunker/COSMOS-AFS/cosmos_ws/install/cosmos_interfaces/include/cosmos_interfaces/cosmos_interfaces/msg
[1.246s] -- Up-to-date: /home/vini_dunker/COSMOS-AFS/cosmos_ws/install/cosmos_interfaces/include/cosmos_interfaces/cosmos_interfaces/msg/rosidl_typesupport_fastrtps_cpp__visibility_control.h
[1.246s] -- Up-to-date: /home/vini_dunker/COSMOS-AFS/cosmos_ws/install/cosmos_interfaces/include/cosmos_interfaces/cosmos_interfaces/msg/detail
[1.246s] -- Up-to-date: /home/vini_dunker/COSMOS-AFS/cosmos_ws/install/cosmos_interfaces/include/cosmos_interfaces/cosmos_interfaces/msg/detail/attitude__rosidl_typesupport_fastrtps_cpp.hpp
[1.246s] -- Up-to-date: /home/vini_dunker/COSMOS-AFS/cosmos_ws/install/cosmos_interfaces/include/cosmos_interfaces/cosmos_interfaces/msg/detail/reaction_wheels__rosidl_typesupport_fastrtps_cpp.hpp
[1.246s] -- Up-to-date: /home/vini_dunker/COSMOS-AFS/cosmos_ws/install/cosmos_interfaces/include/cosmos_interfaces/cosmos_interfaces/msg/detail/position__rosidl_typesupport_fastrtps_cpp.hpp
[1.246s] -- Up-to-date: /home/vini_dunker/COSMOS-AFS/cosmos_ws/install/cosmos_interfaces/include/cosmos_interfaces/cosmos_interfaces/msg/detail/dds_fastrtps
[1.246s] -- Up-to-date: /home/vini_dunker/COSMOS-AFS/cosmos_ws/install/cosmos_interfaces/include/cosmos_interfaces/cosmos_interfaces/msg/detail/task__rosidl_typesupport_fastrtps_cpp.hpp
[1.246s] -- Up-to-date: /home/vini_dunker/COSMOS-AFS/cosmos_ws/install/cosmos_interfaces/lib/libcosmos_interfaces__rosidl_typesupport_fastrtps_cpp.so
[1.246s] -- Up-to-date: /home/vini_dunker/COSMOS-AFS/cosmos_ws/install/cosmos_interfaces/include/cosmos_interfaces/cosmos_interfaces
[1.247s] -- Up-to-date: /home/vini_dunker/COSMOS-AFS/cosmos_ws/install/cosmos_interfaces/include/cosmos_interfaces/cosmos_interfaces/srv
[1.247s] -- Up-to-date: /home/vini_dunker/COSMOS-AFS/cosmos_ws/install/cosmos_interfaces/include/cosmos_interfaces/cosmos_interfaces/srv/detail
[1.248s] -- Up-to-date: /home/vini_dunker/COSMOS-AFS/cosmos_ws/install/cosmos_interfaces/include/cosmos_interfaces/cosmos_interfaces/srv/detail/skew__rosidl_typesupport_introspection_cpp.hpp
[1.248s] -- Up-to-date: /home/vini_dunker/COSMOS-AFS/cosmos_ws/install/cosmos_interfaces/include/cosmos_interfaces/cosmos_interfaces/srv/detail/aa_to_dcm__rosidl_typesupport_introspection_cpp.hpp
[1.248s] -- Up-to-date: /home/vini_dunker/COSMOS-AFS/cosmos_ws/install/cosmos_interfaces/include/cosmos_interfaces/cosmos_interfaces/srv/detail/aa_to_dcm__type_support.cpp
[1.248s] -- Up-to-date: /home/vini_dunker/COSMOS-AFS/cosmos_ws/install/cosmos_interfaces/include/cosmos_interfaces/cosmos_interfaces/srv/detail/skew__type_support.cpp
[1.248s] -- Up-to-date: /home/vini_dunker/COSMOS-AFS/cosmos_ws/install/cosmos_interfaces/include/cosmos_interfaces/cosmos_interfaces/msg
[1.248s] -- Up-to-date: /home/vini_dunker/COSMOS-AFS/cosmos_ws/install/cosmos_interfaces/include/cosmos_interfaces/cosmos_interfaces/msg/detail
[1.248s] -- Up-to-date: /home/vini_dunker/COSMOS-AFS/cosmos_ws/install/cosmos_interfaces/include/cosmos_interfaces/cosmos_interfaces/msg/detail/task__rosidl_typesupport_introspection_cpp.hpp
[1.248s] -- Up-to-date: /home/vini_dunker/COSMOS-AFS/cosmos_ws/install/cosmos_interfaces/include/cosmos_interfaces/cosmos_interfaces/msg/detail/attitude__rosidl_typesupport_introspection_cpp.hpp
[1.248s] -- Up-to-date: /home/vini_dunker/COSMOS-AFS/cosmos_ws/install/cosmos_interfaces/include/cosmos_interfaces/cosmos_interfaces/msg/detail/reaction_wheels__rosidl_typesupport_introspection_cpp.hpp
[1.249s] -- Up-to-date: /home/vini_dunker/COSMOS-AFS/cosmos_ws/install/cosmos_interfaces/include/cosmos_interfaces/cosmos_interfaces/msg/detail/reaction_wheels__type_support.cpp
[1.249s] -- Up-to-date: /home/vini_dunker/COSMOS-AFS/cosmos_ws/install/cosmos_interfaces/include/cosmos_interfaces/cosmos_interfaces/msg/detail/attitude__type_support.cpp
[1.249s] -- Up-to-date: /home/vini_dunker/COSMOS-AFS/cosmos_ws/install/cosmos_interfaces/include/cosmos_interfaces/cosmos_interfaces/msg/detail/task__type_support.cpp
[1.249s] -- Up-to-date: /home/vini_dunker/COSMOS-AFS/cosmos_ws/install/cosmos_interfaces/include/cosmos_interfaces/cosmos_interfaces/msg/detail/position__type_support.cpp
[1.249s] -- Up-to-date: /home/vini_dunker/COSMOS-AFS/cosmos_ws/install/cosmos_interfaces/include/cosmos_interfaces/cosmos_interfaces/msg/detail/position__rosidl_typesupport_introspection_cpp.hpp
[1.249s] -- Up-to-date: /home/vini_dunker/COSMOS-AFS/cosmos_ws/install/cosmos_interfaces/lib/libcosmos_interfaces__rosidl_typesupport_introspection_cpp.so
[1.249s] -- Up-to-date: /home/vini_dunker/COSMOS-AFS/cosmos_ws/install/cosmos_interfaces/lib/libcosmos_interfaces__rosidl_typesupport_cpp.so
[1.249s] -- Up-to-date: /home/vini_dunker/COSMOS-AFS/cosmos_ws/install/cosmos_interfaces/share/cosmos_interfaces/environment/pythonpath.sh
[1.249s] -- Up-to-date: /home/vini_dunker/COSMOS-AFS/cosmos_ws/install/cosmos_interfaces/share/cosmos_interfaces/environment/pythonpath.dsv
[1.249s] -- Up-to-date: /home/vini_dunker/COSMOS-AFS/cosmos_ws/install/cosmos_interfaces/local/lib/python3.10/dist-packages/cosmos_interfaces-0.0.0-py3.10.egg-info
[1.249s] -- Installing: /home/vini_dunker/COSMOS-AFS/cosmos_ws/install/cosmos_interfaces/local/lib/python3.10/dist-packages/cosmos_interfaces-0.0.0-py3.10.egg-info/dependency_links.txt
[1.249s] -- Installing: /home/vini_dunker/COSMOS-AFS/cosmos_ws/install/cosmos_interfaces/local/lib/python3.10/dist-packages/cosmos_interfaces-0.0.0-py3.10.egg-info/SOURCES.txt
[1.249s] -- Installing: /home/vini_dunker/COSMOS-AFS/cosmos_ws/install/cosmos_interfaces/local/lib/python3.10/dist-packages/cosmos_interfaces-0.0.0-py3.10.egg-info/top_level.txt
[1.249s] -- Installing: /home/vini_dunker/COSMOS-AFS/cosmos_ws/install/cosmos_interfaces/local/lib/python3.10/dist-packages/cosmos_interfaces-0.0.0-py3.10.egg-info/PKG-INFO
[1.250s] -- Up-to-date: /home/vini_dunker/COSMOS-AFS/cosmos_ws/install/cosmos_interfaces/local/lib/python3.10/dist-packages/cosmos_interfaces
[1.250s] -- Up-to-date: /home/vini_dunker/COSMOS-AFS/cosmos_ws/install/cosmos_interfaces/local/lib/python3.10/dist-packages/cosmos_interfaces/__init__.py
[1.250s] -- Up-to-date: /home/vini_dunker/COSMOS-AFS/cosmos_ws/install/cosmos_interfaces/local/lib/python3.10/dist-packages/cosmos_interfaces/_cosmos_interfaces_s.ep.rosidl_typesupport_fastrtps_c.c
[1.250s] -- Up-to-date: /home/vini_dunker/COSMOS-AFS/cosmos_ws/install/cosmos_interfaces/local/lib/python3.10/dist-packages/cosmos_interfaces/srv
[1.250s] -- Up-to-date: /home/vini_dunker/COSMOS-AFS/cosmos_ws/install/cosmos_interfaces/local/lib/python3.10/dist-packages/cosmos_interfaces/srv/__init__.py
[1.250s] -- Up-to-date: /home/vini_dunker/COSMOS-AFS/cosmos_ws/install/cosmos_interfaces/local/lib/python3.10/dist-packages/cosmos_interfaces/srv/_aa_to_dcm_s.c
[1.250s] -- Up-to-date: /home/vini_dunker/COSMOS-AFS/cosmos_ws/install/cosmos_interfaces/local/lib/python3.10/dist-packages/cosmos_interfaces/srv/_skew_s.c
[1.250s] -- Up-to-date: /home/vini_dunker/COSMOS-AFS/cosmos_ws/install/cosmos_interfaces/local/lib/python3.10/dist-packages/cosmos_interfaces/srv/_skew.py
[1.250s] -- Up-to-date: /home/vini_dunker/COSMOS-AFS/cosmos_ws/install/cosmos_interfaces/local/lib/python3.10/dist-packages/cosmos_interfaces/srv/_aa_to_dcm.py
[1.250s] -- Up-to-date: /home/vini_dunker/COSMOS-AFS/cosmos_ws/install/cosmos_interfaces/local/lib/python3.10/dist-packages/cosmos_interfaces/cosmos_interfaces_s__rosidl_typesupport_fastrtps_c.cpython-310-x86_64-linux-gnu.so
[1.251s] -- Up-to-date: /home/vini_dunker/COSMOS-AFS/cosmos_ws/install/cosmos_interfaces/local/lib/python3.10/dist-packages/cosmos_interfaces/cosmos_interfaces_s__rosidl_typesupport_introspection_c.cpython-310-x86_64-linux-gnu.so
[1.251s] -- Up-to-date: /home/vini_dunker/COSMOS-AFS/cosmos_ws/install/cosmos_interfaces/local/lib/python3.10/dist-packages/cosmos_interfaces/_cosmos_interfaces_s.ep.rosidl_typesupport_c.c
[1.251s] -- Up-to-date: /home/vini_dunker/COSMOS-AFS/cosmos_ws/install/cosmos_interfaces/local/lib/python3.10/dist-packages/cosmos_interfaces/_cosmos_interfaces_s.ep.rosidl_typesupport_introspection_c.c
[1.251s] -- Up-to-date: /home/vini_dunker/COSMOS-AFS/cosmos_ws/install/cosmos_interfaces/local/lib/python3.10/dist-packages/cosmos_interfaces/cosmos_interfaces_s__rosidl_typesupport_c.cpython-310-x86_64-linux-gnu.so
[1.251s] -- Up-to-date: /home/vini_dunker/COSMOS-AFS/cosmos_ws/install/cosmos_interfaces/local/lib/python3.10/dist-packages/cosmos_interfaces/libcosmos_interfaces__rosidl_generator_py.so
[1.251s] -- Up-to-date: /home/vini_dunker/COSMOS-AFS/cosmos_ws/install/cosmos_interfaces/local/lib/python3.10/dist-packages/cosmos_interfaces/msg
[1.251s] -- Up-to-date: /home/vini_dunker/COSMOS-AFS/cosmos_ws/install/cosmos_interfaces/local/lib/python3.10/dist-packages/cosmos_interfaces/msg/__init__.py
[1.251s] -- Up-to-date: /home/vini_dunker/COSMOS-AFS/cosmos_ws/install/cosmos_interfaces/local/lib/python3.10/dist-packages/cosmos_interfaces/msg/_position.py
[1.252s] -- Up-to-date: /home/vini_dunker/COSMOS-AFS/cosmos_ws/install/cosmos_interfaces/local/lib/python3.10/dist-packages/cosmos_interfaces/msg/_task_s.c
[1.252s] -- Up-to-date: /home/vini_dunker/COSMOS-AFS/cosmos_ws/install/cosmos_interfaces/local/lib/python3.10/dist-packages/cosmos_interfaces/msg/_reaction_wheels.py
[1.252s] -- Up-to-date: /home/vini_dunker/COSMOS-AFS/cosmos_ws/install/cosmos_interfaces/local/lib/python3.10/dist-packages/cosmos_interfaces/msg/_attitude.py
[1.252s] -- Up-to-date: /home/vini_dunker/COSMOS-AFS/cosmos_ws/install/cosmos_interfaces/local/lib/python3.10/dist-packages/cosmos_interfaces/msg/_task.py
[1.252s] -- Up-to-date: /home/vini_dunker/COSMOS-AFS/cosmos_ws/install/cosmos_interfaces/local/lib/python3.10/dist-packages/cosmos_interfaces/msg/_reaction_wheels_s.c
[1.252s] -- Up-to-date: /home/vini_dunker/COSMOS-AFS/cosmos_ws/install/cosmos_interfaces/local/lib/python3.10/dist-packages/cosmos_interfaces/msg/_position_s.c
[1.252s] -- Up-to-date: /home/vini_dunker/COSMOS-AFS/cosmos_ws/install/cosmos_interfaces/local/lib/python3.10/dist-packages/cosmos_interfaces/msg/_attitude_s.c
[1.289s] Listing '/home/vini_dunker/COSMOS-AFS/cosmos_ws/install/cosmos_interfaces/local/lib/python3.10/dist-packages/cosmos_interfaces'...
[1.289s] Listing '/home/vini_dunker/COSMOS-AFS/cosmos_ws/install/cosmos_interfaces/local/lib/python3.10/dist-packages/cosmos_interfaces/msg'...
[1.289s] Listing '/home/vini_dunker/COSMOS-AFS/cosmos_ws/install/cosmos_interfaces/local/lib/python3.10/dist-packages/cosmos_interfaces/srv'...
[1.294s] -- Up-to-date: /home/vini_dunker/COSMOS-AFS/cosmos_ws/install/cosmos_interfaces/local/lib/python3.10/dist-packages/cosmos_interfaces/cosmos_interfaces_s__rosidl_typesupport_fastrtps_c.cpython-310-x86_64-linux-gnu.so
[1.294s] -- Up-to-date: /home/vini_dunker/COSMOS-AFS/cosmos_ws/install/cosmos_interfaces/local/lib/python3.10/dist-packages/cosmos_interfaces/cosmos_interfaces_s__rosidl_typesupport_introspection_c.cpython-310-x86_64-linux-gnu.so
[1.294s] -- Up-to-date: /home/vini_dunker/COSMOS-AFS/cosmos_ws/install/cosmos_interfaces/local/lib/python3.10/dist-packages/cosmos_interfaces/cosmos_interfaces_s__rosidl_typesupport_c.cpython-310-x86_64-linux-gnu.so
[1.295s] -- Up-to-date: /home/vini_dunker/COSMOS-AFS/cosmos_ws/install/cosmos_interfaces/lib/libcosmos_interfaces__rosidl_generator_py.so
[1.295s] -- Up-to-date: /home/vini_dunker/COSMOS-AFS/cosmos_ws/install/cosmos_interfaces/share/cosmos_interfaces/msg/ReactionWheels.idl
[1.295s] -- Up-to-date: /home/vini_dunker/COSMOS-AFS/cosmos_ws/install/cosmos_interfaces/share/cosmos_interfaces/msg/Position.idl
[1.296s] -- Up-to-date: /home/vini_dunker/COSMOS-AFS/cosmos_ws/install/cosmos_interfaces/share/cosmos_interfaces/msg/Attitude.idl
[1.296s] -- Up-to-date: /home/vini_dunker/COSMOS-AFS/cosmos_ws/install/cosmos_interfaces/share/cosmos_interfaces/srv/AAToDCM.idl
[1.296s] -- Up-to-date: /home/vini_dunker/COSMOS-AFS/cosmos_ws/install/cosmos_interfaces/share/cosmos_interfaces/srv/Skew.idl
[1.296s] -- Up-to-date: /home/vini_dunker/COSMOS-AFS/cosmos_ws/install/cosmos_interfaces/share/cosmos_interfaces/msg/ReactionWheels.msg
[1.297s] -- Up-to-date: /home/vini_dunker/COSMOS-AFS/cosmos_ws/install/cosmos_interfaces/share/cosmos_interfaces/msg/Position.msg
[1.297s] -- Up-to-date: /home/vini_dunker/COSMOS-AFS/cosmos_ws/install/cosmos_interfaces/share/cosmos_interfaces/msg/Attitude.msg
[1.297s] -- Up-to-date: /home/vini_dunker/COSMOS-AFS/cosmos_ws/install/cosmos_interfaces/share/cosmos_interfaces/srv/AAToDCM.srv
[1.297s] -- Up-to-date: /home/vini_dunker/COSMOS-AFS/cosmos_ws/install/cosmos_interfaces/share/cosmos_interfaces/srv/AAToDCM_Request.msg
[1.297s] -- Up-to-date: /home/vini_dunker/COSMOS-AFS/cosmos_ws/install/cosmos_interfaces/share/cosmos_interfaces/srv/AAToDCM_Response.msg
[1.297s] -- Up-to-date: /home/vini_dunker/COSMOS-AFS/cosmos_ws/install/cosmos_interfaces/share/cosmos_interfaces/srv/Skew.srv
[1.297s] -- Up-to-date: /home/vini_dunker/COSMOS-AFS/cosmos_ws/install/cosmos_interfaces/share/cosmos_interfaces/srv/Skew_Request.msg
[1.298s] -- Up-to-date: /home/vini_dunker/COSMOS-AFS/cosmos_ws/install/cosmos_interfaces/share/cosmos_interfaces/srv/Skew_Response.msg
[1.298s] -- Up-to-date: /home/vini_dunker/COSMOS-AFS/cosmos_ws/install/cosmos_interfaces/share/ament_index/resource_index/package_run_dependencies/cosmos_interfaces
[1.298s] -- Up-to-date: /home/vini_dunker/COSMOS-AFS/cosmos_ws/install/cosmos_interfaces/share/ament_index/resource_index/parent_prefix_path/cosmos_interfaces
[1.298s] -- Up-to-date: /home/vini_dunker/COSMOS-AFS/cosmos_ws/install/cosmos_interfaces/share/cosmos_interfaces/environment/ament_prefix_path.sh
[1.298s] -- Up-to-date: /home/vini_dunker/COSMOS-AFS/cosmos_ws/install/cosmos_interfaces/share/cosmos_interfaces/environment/ament_prefix_path.dsv
[1.298s] -- Up-to-date: /home/vini_dunker/COSMOS-AFS/cosmos_ws/install/cosmos_interfaces/share/cosmos_interfaces/environment/path.sh
[1.299s] -- Up-to-date: /home/vini_dunker/COSMOS-AFS/cosmos_ws/install/cosmos_interfaces/share/cosmos_interfaces/environment/path.dsv
[1.299s] -- Up-to-date: /home/vini_dunker/COSMOS-AFS/cosmos_ws/install/cosmos_interfaces/share/cosmos_interfaces/local_setup.bash
[1.299s] -- Up-to-date: /home/vini_dunker/COSMOS-AFS/cosmos_ws/install/cosmos_interfaces/share/cosmos_interfaces/local_setup.sh
[1.299s] -- Up-to-date: /home/vini_dunker/COSMOS-AFS/cosmos_ws/install/cosmos_interfaces/share/cosmos_interfaces/local_setup.zsh
[1.300s] -- Up-to-date: /home/vini_dunker/COSMOS-AFS/cosmos_ws/install/cosmos_interfaces/share/cosmos_interfaces/local_setup.dsv
[1.300s] -- Installing: /home/vini_dunker/COSMOS-AFS/cosmos_ws/install/cosmos_interfaces/share/cosmos_interfaces/package.dsv
[1.300s] -- Up-to-date: /home/vini_dunker/COSMOS-AFS/cosmos_ws/install/cosmos_interfaces/share/ament_index/resource_index/packages/cosmos_interfaces
[1.300s] -- Up-to-date: /home/vini_dunker/COSMOS-AFS/cosmos_ws/install/cosmos_interfaces/share/cosmos_interfaces/cmake/export_cosmos_interfaces__rosidl_generator_cExport.cmake
[1.300s] -- Up-to-date: /home/vini_dunker/COSMOS-AFS/cosmos_ws/install/cosmos_interfaces/share/cosmos_interfaces/cmake/export_cosmos_interfaces__rosidl_generator_cExport-noconfig.cmake
[1.300s] -- Up-to-date: /home/vini_dunker/COSMOS-AFS/cosmos_ws/install/cosmos_interfaces/share/cosmos_interfaces/cmake/export_cosmos_interfaces__rosidl_typesupport_fastrtps_cExport.cmake
[1.300s] -- Up-to-date: /home/vini_dunker/COSMOS-AFS/cosmos_ws/install/cosmos_interfaces/share/cosmos_interfaces/cmake/export_cosmos_interfaces__rosidl_typesupport_fastrtps_cExport-noconfig.cmake
[1.300s] -- Up-to-date: /home/vini_dunker/COSMOS-AFS/cosmos_ws/install/cosmos_interfaces/share/cosmos_interfaces/cmake/cosmos_interfaces__rosidl_typesupport_introspection_cExport.cmake
[1.300s] -- Up-to-date: /home/vini_dunker/COSMOS-AFS/cosmos_ws/install/cosmos_interfaces/share/cosmos_interfaces/cmake/cosmos_interfaces__rosidl_typesupport_introspection_cExport-noconfig.cmake
[1.301s] -- Up-to-date: /home/vini_dunker/COSMOS-AFS/cosmos_ws/install/cosmos_interfaces/share/cosmos_interfaces/cmake/cosmos_interfaces__rosidl_typesupport_cExport.cmake
[1.301s] -- Up-to-date: /home/vini_dunker/COSMOS-AFS/cosmos_ws/install/cosmos_interfaces/share/cosmos_interfaces/cmake/cosmos_interfaces__rosidl_typesupport_cExport-noconfig.cmake
[1.301s] -- Up-to-date: /home/vini_dunker/COSMOS-AFS/cosmos_ws/install/cosmos_interfaces/share/cosmos_interfaces/cmake/export_cosmos_interfaces__rosidl_generator_cppExport.cmake
[1.301s] -- Up-to-date: /home/vini_dunker/COSMOS-AFS/cosmos_ws/install/cosmos_interfaces/share/cosmos_interfaces/cmake/export_cosmos_interfaces__rosidl_typesupport_fastrtps_cppExport.cmake
[1.301s] -- Up-to-date: /home/vini_dunker/COSMOS-AFS/cosmos_ws/install/cosmos_interfaces/share/cosmos_interfaces/cmake/export_cosmos_interfaces__rosidl_typesupport_fastrtps_cppExport-noconfig.cmake
[1.301s] -- Up-to-date: /home/vini_dunker/COSMOS-AFS/cosmos_ws/install/cosmos_interfaces/share/cosmos_interfaces/cmake/cosmos_interfaces__rosidl_typesupport_introspection_cppExport.cmake
[1.301s] -- Up-to-date: /home/vini_dunker/COSMOS-AFS/cosmos_ws/install/cosmos_interfaces/share/cosmos_interfaces/cmake/cosmos_interfaces__rosidl_typesupport_introspection_cppExport-noconfig.cmake
[1.302s] -- Up-to-date: /home/vini_dunker/COSMOS-AFS/cosmos_ws/install/cosmos_interfaces/share/cosmos_interfaces/cmake/cosmos_interfaces__rosidl_typesupport_cppExport.cmake
[1.303s] -- Up-to-date: /home/vini_dunker/COSMOS-AFS/cosmos_ws/install/cosmos_interfaces/share/cosmos_interfaces/cmake/cosmos_interfaces__rosidl_typesupport_cppExport-noconfig.cmake
[1.303s] -- Up-to-date: /home/vini_dunker/COSMOS-AFS/cosmos_ws/install/cosmos_interfaces/share/cosmos_interfaces/cmake/export_cosmos_interfaces__rosidl_generator_pyExport.cmake
[1.304s] -- Up-to-date: /home/vini_dunker/COSMOS-AFS/cosmos_ws/install/cosmos_interfaces/share/cosmos_interfaces/cmake/export_cosmos_interfaces__rosidl_generator_pyExport-noconfig.cmake
[1.304s] -- Up-to-date: /home/vini_dunker/COSMOS-AFS/cosmos_ws/install/cosmos_interfaces/share/cosmos_interfaces/cmake/rosidl_cmake-extras.cmake
[1.305s] -- Up-to-date: /home/vini_dunker/COSMOS-AFS/cosmos_ws/install/cosmos_interfaces/share/cosmos_interfaces/cmake/ament_cmake_export_include_directories-extras.cmake
[1.307s] -- Up-to-date: /home/vini_dunker/COSMOS-AFS/cosmos_ws/install/cosmos_interfaces/share/cosmos_interfaces/cmake/ament_cmake_export_libraries-extras.cmake
[1.308s] -- Up-to-date: /home/vini_dunker/COSMOS-AFS/cosmos_ws/install/cosmos_interfaces/share/cosmos_interfaces/cmake/ament_cmake_export_targets-extras.cmake
[1.308s] -- Up-to-date: /home/vini_dunker/COSMOS-AFS/cosmos_ws/install/cosmos_interfaces/share/cosmos_interfaces/cmake/rosidl_cmake_export_typesupport_targets-extras.cmake
[1.309s] -- Up-to-date: /home/vini_dunker/COSMOS-AFS/cosmos_ws/install/cosmos_interfaces/share/cosmos_interfaces/cmake/ament_cmake_export_dependencies-extras.cmake
[1.310s] -- Up-to-date: /home/vini_dunker/COSMOS-AFS/cosmos_ws/install/cosmos_interfaces/share/cosmos_interfaces/cmake/rosidl_cmake_export_typesupport_libraries-extras.cmake
[1.311s] -- Up-to-date: /home/vini_dunker/COSMOS-AFS/cosmos_ws/install/cosmos_interfaces/share/cosmos_interfaces/cmake/cosmos_interfacesConfig.cmake
[1.314s] -- Up-to-date: /home/vini_dunker/COSMOS-AFS/cosmos_ws/install/cosmos_interfaces/share/cosmos_interfaces/cmake/cosmos_interfacesConfig-version.cmake
[1.314s] -- Up-to-date: /home/vini_dunker/COSMOS-AFS/cosmos_ws/install/cosmos_interfaces/share/cosmos_interfaces/package.xml
[1.314s] Invoked command in '/home/vini_dunker/COSMOS-AFS/cosmos_ws/build/cosmos_interfaces' returned '0': CMAKE_PREFIX_PATH=${CMAKE_PREFIX_PATH}:/home/vini_dunker/MRT-19/ros_drone_ws/install/drone_control:/home/vini_dunker/udemy_ws/install/my_py_pkg:/home/vini_dunker/COSMOS-AFS/cosmos_ws/install/sensors_pkg:/home/vini_dunker/COSMOS-AFS/cosmos_ws/install/communication_pkg:/home/vini_dunker/COSMOS-AFS/cosmos_ws/install/camera_pkg:/home/vini_dunker/COSMOS-AFS/cosmos_ws/install/attitude_service_pkg:/home/vini_dunker/Automation/mrt19ROS_ws/install/traverse_state_pkg:/home/vini_dunker/Automation/mrt19ROS_ws/install/state_machine_pkg:/home/vini_dunker/Automation/mrt19ROS_ws/install/mrt19_pkg:/home/vini_dunker/Automation/mrt19ROS_ws/install/drum_pkg:/home/vini_dunker/Automation/mrt19ROS_ws/install/data_acquition_pkg:/home/vini_dunker/mrt_ws/install/traverse_stage:/home/vini_dunker/mrt_ws/install/state_machine:/home/vini_dunker/mrt_ws/install/data_acquisition:/opt/ros/humble /usr/bin/cmake --install /home/vini_dunker/COSMOS-AFS/cosmos_ws/build/cosmos_interfaces
