[5.542s] Invoking command in '/home/cosmos/COSMOS-AFS/cosmos_ws/build/attitude_control_pkg': CMAKE_PREFIX_PATH=/home/cosmos/COSMOS-AFS/cosmos_ws/install/cosmos_interfaces:/home/cosmos/COSMOS-AFS/cosmos_ws/install/cosmos_bringup:/home/cosmos/COSMOS-AFS/cosmos_ws/install/state_machine_pkg:/home/cosmos/COSMOS-AFS/cosmos_ws/install/attitude_control_pkg:/home/cosmos/COSMOS-AFS/cosmos_ws/install/sensors_pkg:/home/cosmos/COSMOS-AFS/cosmos_ws/install/kinematics_pkg:/home/cosmos/COSMOS-AFS/cosmos_ws/install/communication_pkg:/home/cosmos/COSMOS-AFS/cosmos_ws/install/camera_pkg:/home/cosmos/COSMOS-AFS/cosmos_ws/install/attitude_service_pkg:/opt/ros/humble /usr/bin/cmake /home/cosmos/COSMOS-AFS/cosmos_ws/src/attitude_control_pkg -DCMAKE_INSTALL_PREFIX=/home/cosmos/COSMOS-AFS/cosmos_ws/install/attitude_control_pkg
[12.158s] -- The C compiler identification is GNU 11.4.0
[12.162s] -- The CXX compiler identification is GNU 11.4.0
[12.164s] -- Detecting C compiler ABI info
[12.165s] -- Detecting C compiler ABI info - done
[12.166s] -- Check for working C compiler: /usr/bin/cc - skipped
[12.167s] -- Detecting C compile features
[12.172s] -- Detecting C compile features - done
[12.205s] -- Detecting CXX compiler ABI info
[12.210s] -- Detecting CXX compiler ABI info - done
[12.212s] -- Check for working CXX compiler: /usr/bin/c++ - skipped
[12.222s] -- Detecting CXX compile features
[12.224s] -- Detecting CXX compile features - done
[12.242s] -- Found ament_cmake: 1.3.5 (/opt/ros/humble/share/ament_cmake/cmake)
[12.246s] -- Found Python3: /usr/bin/python3.10 (found version "3.10.12") found components: Interpreter 
[13.495s] -- Found rclcpp: 16.0.6 (/opt/ros/humble/share/rclcpp/cmake)
[14.426s] -- Found rosidl_generator_c: 3.1.5 (/opt/ros/humble/share/rosidl_generator_c/cmake)
[14.566s] -- Found rosidl_adapter: 3.1.5 (/opt/ros/humble/share/rosidl_adapter/cmake)
[14.674s] -- Found rosidl_generator_cpp: 3.1.5 (/opt/ros/humble/share/rosidl_generator_cpp/cmake)
[14.828s] -- Using all available rosidl_typesupport_c: rosidl_typesupport_fastrtps_c;rosidl_typesupport_introspection_c
[15.313s] -- Using all available rosidl_typesupport_cpp: rosidl_typesupport_fastrtps_cpp;rosidl_typesupport_introspection_cpp
[16.810s] -- Found rmw_implementation_cmake: 6.1.1 (/opt/ros/humble/share/rmw_implementation_cmake/cmake)
[16.908s] -- Found rmw_fastrtps_cpp: 6.2.4 (/opt/ros/humble/share/rmw_fastrtps_cpp/cmake)
[19.186s] -- Found OpenSSL: /usr/lib/aarch64-linux-gnu/libcrypto.so (found version "3.0.2")  
[19.929s] -- Found FastRTPS: /opt/ros/humble/include  
[21.135s] -- Using RMW implementation 'rmw_fastrtps_cpp' as default
[21.402s] -- Looking for pthread.h
[22.838s] -- Looking for pthread.h - found
[22.850s] -- Performing Test CMAKE_HAVE_LIBC_PTHREAD
[24.071s] -- Performing Test CMAKE_HAVE_LIBC_PTHREAD - Success
[24.078s] -- Found Threads: TRUE  
[26.310s] -- Found cosmos_interfaces: 0.0.0 (/home/cosmos/COSMOS-AFS/cosmos_ws/install/cosmos_interfaces/share/cosmos_interfaces/cmake)
[27.615s] -- Configuring done
[27.747s] -- Generating done
[27.772s] -- Build files have been written to: /home/cosmos/COSMOS-AFS/cosmos_ws/build/attitude_control_pkg
[27.880s] Invoked command in '/home/cosmos/COSMOS-AFS/cosmos_ws/build/attitude_control_pkg' returned '0': CMAKE_PREFIX_PATH=/home/cosmos/COSMOS-AFS/cosmos_ws/install/cosmos_interfaces:/home/cosmos/COSMOS-AFS/cosmos_ws/install/cosmos_bringup:/home/cosmos/COSMOS-AFS/cosmos_ws/install/state_machine_pkg:/home/cosmos/COSMOS-AFS/cosmos_ws/install/attitude_control_pkg:/home/cosmos/COSMOS-AFS/cosmos_ws/install/sensors_pkg:/home/cosmos/COSMOS-AFS/cosmos_ws/install/kinematics_pkg:/home/cosmos/COSMOS-AFS/cosmos_ws/install/communication_pkg:/home/cosmos/COSMOS-AFS/cosmos_ws/install/camera_pkg:/home/cosmos/COSMOS-AFS/cosmos_ws/install/attitude_service_pkg:/opt/ros/humble /usr/bin/cmake /home/cosmos/COSMOS-AFS/cosmos_ws/src/attitude_control_pkg -DCMAKE_INSTALL_PREFIX=/home/cosmos/COSMOS-AFS/cosmos_ws/install/attitude_control_pkg
[27.889s] Invoking command in '/home/cosmos/COSMOS-AFS/cosmos_ws/build/attitude_control_pkg': CMAKE_PREFIX_PATH=/home/cosmos/COSMOS-AFS/cosmos_ws/install/cosmos_interfaces:/home/cosmos/COSMOS-AFS/cosmos_ws/install/cosmos_bringup:/home/cosmos/COSMOS-AFS/cosmos_ws/install/state_machine_pkg:/home/cosmos/COSMOS-AFS/cosmos_ws/install/attitude_control_pkg:/home/cosmos/COSMOS-AFS/cosmos_ws/install/sensors_pkg:/home/cosmos/COSMOS-AFS/cosmos_ws/install/kinematics_pkg:/home/cosmos/COSMOS-AFS/cosmos_ws/install/communication_pkg:/home/cosmos/COSMOS-AFS/cosmos_ws/install/camera_pkg:/home/cosmos/COSMOS-AFS/cosmos_ws/install/attitude_service_pkg:/opt/ros/humble /usr/bin/cmake --build /home/cosmos/COSMOS-AFS/cosmos_ws/build/attitude_control_pkg -- -j4 -l4
[28.471s] [ 50%] [32mBuilding CXX object CMakeFiles/attitude_control.dir/src/attitude_control_node.cpp.o[0m
[47.499s] In file included from [01m[K/usr/include/eigen3/Eigen/Core:214[m[K,
[47.500s]                  from [01m[K/usr/include/eigen3/Eigen/Geometry:11[m[K,
[47.501s]                  from [01m[K/home/cosmos/COSMOS-AFS/cosmos_ws/src/attitude_control_pkg/include/attitude_control_pkg/attitude_control_node.hpp:13[m[K,
[47.502s]                  from [01m[K/home/cosmos/COSMOS-AFS/cosmos_ws/src/attitude_control_pkg/src/attitude_control_node.cpp:1[m[K:
[47.503s] [01m[K/usr/include/eigen3/Eigen/src/Core/arch/NEON/PacketMath.h:[m[K In function ‘[01m[KPacket Eigen::internal::pload(const typename Eigen::internal::unpacket_traits<T>::type*) [with Packet = Eigen::internal::eigen_packet_wrapper<int, 2>; typename Eigen::internal::unpacket_traits<T>::type = signed char][m[K’:
[47.504s] [01m[K/usr/include/eigen3/Eigen/src/Core/arch/NEON/PacketMath.h:1671:9:[m[K [01;35m[Kwarning: [m[K‘[01m[Kvoid* memcpy(void*, const void*, size_t)[m[K’ copying an object of non-trivial type ‘[01m[KEigen::internal::Packet4c[m[K’ {aka ‘[01m[Kstruct Eigen::internal::eigen_packet_wrapper<int, 2>[m[K’} from an array of ‘[01m[Kconst int8_t[m[K’ {aka ‘[01m[Kconst signed char[m[K’} [[01;35m[K]8;;https://gcc.gnu.org/onlinedocs/gcc/Warning-Options.html#index-Wclass-memaccess-Wclass-memaccess]8;;[m[K]
[47.517s]  1671 |   [01;35m[Kmemcpy(&res, from, sizeof(Packet4c))[m[K;
[47.518s]       |   [01;35m[K~~~~~~^~~~~~~~~~~~~~~~~~~~~~~~~~~~~~[m[K
[47.530s] In file included from [01m[K/usr/include/eigen3/Eigen/Core:172[m[K,
[47.531s]                  from [01m[K/usr/include/eigen3/Eigen/Geometry:11[m[K,
[47.531s]                  from [01m[K/home/cosmos/COSMOS-AFS/cosmos_ws/src/attitude_control_pkg/include/attitude_control_pkg/attitude_control_node.hpp:13[m[K,
[47.532s]                  from [01m[K/home/cosmos/COSMOS-AFS/cosmos_ws/src/attitude_control_pkg/src/attitude_control_node.cpp:1[m[K:
[47.533s] [01m[K/usr/include/eigen3/Eigen/src/Core/GenericPacketMath.h:159:8:[m[K [01;36m[Knote: [m[K‘[01m[KEigen::internal::Packet4c[m[K’ {aka ‘[01m[Kstruct Eigen::internal::eigen_packet_wrapper<int, 2>[m[K’} declared here
[47.534s]   159 | struct [01;36m[Keigen_packet_wrapper[m[K
[47.535s]       |        [01;36m[K^~~~~~~~~~~~~~~~~~~~[m[K
[47.536s] In file included from [01m[K/usr/include/eigen3/Eigen/Core:214[m[K,
[47.544s]                  from [01m[K/usr/include/eigen3/Eigen/Geometry:11[m[K,
[47.545s]                  from [01m[K/home/cosmos/COSMOS-AFS/cosmos_ws/src/attitude_control_pkg/include/attitude_control_pkg/attitude_control_node.hpp:13[m[K,
[47.546s]                  from [01m[K/home/cosmos/COSMOS-AFS/cosmos_ws/src/attitude_control_pkg/src/attitude_control_node.cpp:1[m[K:
[47.547s] [01m[K/usr/include/eigen3/Eigen/src/Core/arch/NEON/PacketMath.h:[m[K In function ‘[01m[KPacket Eigen::internal::ploadu(const typename Eigen::internal::unpacket_traits<T>::type*) [with Packet = Eigen::internal::eigen_packet_wrapper<int, 2>; typename Eigen::internal::unpacket_traits<T>::type = signed char][m[K’:
[47.547s] [01m[K/usr/include/eigen3/Eigen/src/Core/arch/NEON/PacketMath.h:1716:9:[m[K [01;35m[Kwarning: [m[K‘[01m[Kvoid* memcpy(void*, const void*, size_t)[m[K’ copying an object of non-trivial type ‘[01m[KEigen::internal::Packet4c[m[K’ {aka ‘[01m[Kstruct Eigen::internal::eigen_packet_wrapper<int, 2>[m[K’} from an array of ‘[01m[Kconst int8_t[m[K’ {aka ‘[01m[Kconst signed char[m[K’} [[01;35m[K]8;;https://gcc.gnu.org/onlinedocs/gcc/Warning-Options.html#index-Wclass-memaccess-Wclass-memaccess]8;;[m[K]
[47.548s]  1716 |   [01;35m[Kmemcpy(&res, from, sizeof(Packet4c))[m[K;
[47.549s]       |   [01;35m[K~~~~~~^~~~~~~~~~~~~~~~~~~~~~~~~~~~~~[m[K
[47.550s] In file included from [01m[K/usr/include/eigen3/Eigen/Core:172[m[K,
[47.550s]                  from [01m[K/usr/include/eigen3/Eigen/Geometry:11[m[K,
[47.551s]                  from [01m[K/home/cosmos/COSMOS-AFS/cosmos_ws/src/attitude_control_pkg/include/attitude_control_pkg/attitude_control_node.hpp:13[m[K,
[47.552s]                  from [01m[K/home/cosmos/COSMOS-AFS/cosmos_ws/src/attitude_control_pkg/src/attitude_control_node.cpp:1[m[K:
[47.553s] [01m[K/usr/include/eigen3/Eigen/src/Core/GenericPacketMath.h:159:8:[m[K [01;36m[Knote: [m[K‘[01m[KEigen::internal::Packet4c[m[K’ {aka ‘[01m[Kstruct Eigen::internal::eigen_packet_wrapper<int, 2>[m[K’} declared here
[47.554s]   159 | struct [01;36m[Keigen_packet_wrapper[m[K
[47.555s]       |        [01;36m[K^~~~~~~~~~~~~~~~~~~~[m[K
[104.362s] [100%] [32m[1mLinking CXX executable attitude_control[0m
[107.325s] [100%] Built target attitude_control
[107.373s] Invoked command in '/home/cosmos/COSMOS-AFS/cosmos_ws/build/attitude_control_pkg' returned '0': CMAKE_PREFIX_PATH=/home/cosmos/COSMOS-AFS/cosmos_ws/install/cosmos_interfaces:/home/cosmos/COSMOS-AFS/cosmos_ws/install/cosmos_bringup:/home/cosmos/COSMOS-AFS/cosmos_ws/install/state_machine_pkg:/home/cosmos/COSMOS-AFS/cosmos_ws/install/attitude_control_pkg:/home/cosmos/COSMOS-AFS/cosmos_ws/install/sensors_pkg:/home/cosmos/COSMOS-AFS/cosmos_ws/install/kinematics_pkg:/home/cosmos/COSMOS-AFS/cosmos_ws/install/communication_pkg:/home/cosmos/COSMOS-AFS/cosmos_ws/install/camera_pkg:/home/cosmos/COSMOS-AFS/cosmos_ws/install/attitude_service_pkg:/opt/ros/humble /usr/bin/cmake --build /home/cosmos/COSMOS-AFS/cosmos_ws/build/attitude_control_pkg -- -j4 -l4
[107.530s] Invoking command in '/home/cosmos/COSMOS-AFS/cosmos_ws/build/attitude_control_pkg': CMAKE_PREFIX_PATH=/home/cosmos/COSMOS-AFS/cosmos_ws/install/cosmos_interfaces:/home/cosmos/COSMOS-AFS/cosmos_ws/install/cosmos_bringup:/home/cosmos/COSMOS-AFS/cosmos_ws/install/state_machine_pkg:/home/cosmos/COSMOS-AFS/cosmos_ws/install/attitude_control_pkg:/home/cosmos/COSMOS-AFS/cosmos_ws/install/sensors_pkg:/home/cosmos/COSMOS-AFS/cosmos_ws/install/kinematics_pkg:/home/cosmos/COSMOS-AFS/cosmos_ws/install/communication_pkg:/home/cosmos/COSMOS-AFS/cosmos_ws/install/camera_pkg:/home/cosmos/COSMOS-AFS/cosmos_ws/install/attitude_service_pkg:/opt/ros/humble /usr/bin/cmake --install /home/cosmos/COSMOS-AFS/cosmos_ws/build/attitude_control_pkg
[107.559s] -- Install configuration: ""
[107.560s] -- Installing: /home/cosmos/COSMOS-AFS/cosmos_ws/install/attitude_control_pkg/lib/attitude_control_pkg/attitude_control
[107.606s] -- Set runtime path of "/home/cosmos/COSMOS-AFS/cosmos_ws/install/attitude_control_pkg/lib/attitude_control_pkg/attitude_control" to ""
[107.606s] -- Installing: /home/cosmos/COSMOS-AFS/cosmos_ws/install/attitude_control_pkg/include/attitude_control_pkg
[107.607s] -- Installing: /home/cosmos/COSMOS-AFS/cosmos_ws/install/attitude_control_pkg/include/attitude_control_pkg/attitude_control_pkg
[107.608s] -- Installing: /home/cosmos/COSMOS-AFS/cosmos_ws/install/attitude_control_pkg/include/attitude_control_pkg/attitude_control_pkg/attitude_control_node.hpp
[107.610s] -- Installing: /home/cosmos/COSMOS-AFS/cosmos_ws/install/attitude_control_pkg/share/ament_index/resource_index/package_run_dependencies/attitude_control_pkg
[107.612s] -- Installing: /home/cosmos/COSMOS-AFS/cosmos_ws/install/attitude_control_pkg/share/ament_index/resource_index/parent_prefix_path/attitude_control_pkg
[107.614s] -- Installing: /home/cosmos/COSMOS-AFS/cosmos_ws/install/attitude_control_pkg/share/attitude_control_pkg/environment/ament_prefix_path.sh
[107.615s] -- Installing: /home/cosmos/COSMOS-AFS/cosmos_ws/install/attitude_control_pkg/share/attitude_control_pkg/environment/ament_prefix_path.dsv
[107.617s] -- Installing: /home/cosmos/COSMOS-AFS/cosmos_ws/install/attitude_control_pkg/share/attitude_control_pkg/environment/path.sh
[107.618s] -- Installing: /home/cosmos/COSMOS-AFS/cosmos_ws/install/attitude_control_pkg/share/attitude_control_pkg/environment/path.dsv
[107.620s] -- Installing: /home/cosmos/COSMOS-AFS/cosmos_ws/install/attitude_control_pkg/share/attitude_control_pkg/local_setup.bash
[107.621s] -- Installing: /home/cosmos/COSMOS-AFS/cosmos_ws/install/attitude_control_pkg/share/attitude_control_pkg/local_setup.sh
[107.623s] -- Installing: /home/cosmos/COSMOS-AFS/cosmos_ws/install/attitude_control_pkg/share/attitude_control_pkg/local_setup.zsh
[107.625s] -- Installing: /home/cosmos/COSMOS-AFS/cosmos_ws/install/attitude_control_pkg/share/attitude_control_pkg/local_setup.dsv
[107.626s] -- Installing: /home/cosmos/COSMOS-AFS/cosmos_ws/install/attitude_control_pkg/share/attitude_control_pkg/package.dsv
[107.628s] -- Installing: /home/cosmos/COSMOS-AFS/cosmos_ws/install/attitude_control_pkg/share/ament_index/resource_index/packages/attitude_control_pkg
[107.630s] -- Installing: /home/cosmos/COSMOS-AFS/cosmos_ws/install/attitude_control_pkg/share/attitude_control_pkg/cmake/attitude_control_pkgConfig.cmake
[107.632s] -- Installing: /home/cosmos/COSMOS-AFS/cosmos_ws/install/attitude_control_pkg/share/attitude_control_pkg/cmake/attitude_control_pkgConfig-version.cmake
[107.634s] -- Installing: /home/cosmos/COSMOS-AFS/cosmos_ws/install/attitude_control_pkg/share/attitude_control_pkg/package.xml
[107.642s] Invoked command in '/home/cosmos/COSMOS-AFS/cosmos_ws/build/attitude_control_pkg' returned '0': CMAKE_PREFIX_PATH=/home/cosmos/COSMOS-AFS/cosmos_ws/install/cosmos_interfaces:/home/cosmos/COSMOS-AFS/cosmos_ws/install/cosmos_bringup:/home/cosmos/COSMOS-AFS/cosmos_ws/install/state_machine_pkg:/home/cosmos/COSMOS-AFS/cosmos_ws/install/attitude_control_pkg:/home/cosmos/COSMOS-AFS/cosmos_ws/install/sensors_pkg:/home/cosmos/COSMOS-AFS/cosmos_ws/install/kinematics_pkg:/home/cosmos/COSMOS-AFS/cosmos_ws/install/communication_pkg:/home/cosmos/COSMOS-AFS/cosmos_ws/install/camera_pkg:/home/cosmos/COSMOS-AFS/cosmos_ws/install/attitude_service_pkg:/opt/ros/humble /usr/bin/cmake --install /home/cosmos/COSMOS-AFS/cosmos_ws/build/attitude_control_pkg
