[  3%] Built target cosmos_interfaces__cpp
[ 12%] Built target cosmos_interfaces__rosidl_generator_c
[ 12%] Built target ament_cmake_python_copy_cosmos_interfaces
[ 22%] Built target cosmos_interfaces__rosidl_typesupport_cpp
[ 54%] Built target cosmos_interfaces__rosidl_typesupport_introspection_cpp
[ 54%] Built target cosmos_interfaces__rosidl_typesupport_fastrtps_cpp
[ 54%] Built target cosmos_interfaces__rosidl_typesupport_c
[ 61%] Built target cosmos_interfaces__rosidl_typesupport_introspection_c
[ 70%] Built target cosmos_interfaces__rosidl_typesupport_fastrtps_c
[ 70%] Built target cosmos_interfaces
[ 74%] Built target cosmos_interfaces__py
[ 80%] Built target cosmos_interfaces__rosidl_generator_py
[ 93%] Built target cosmos_interfaces__rosidl_typesupport_c__pyext
[ 93%] Built target cosmos_interfaces__rosidl_typesupport_introspection_c__pyext
[100%] Built target cosmos_interfaces__rosidl_typesupport_fastrtps_c__pyext
running egg_info
writing cosmos_interfaces.egg-info/PKG-INFO
writing dependency_links to cosmos_interfaces.egg-info/dependency_links.txt
writing top-level names to cosmos_interfaces.egg-info/top_level.txt
reading manifest file 'cosmos_interfaces.egg-info/SOURCES.txt'
writing manifest file 'cosmos_interfaces.egg-info/SOURCES.txt'
[100%] Built target ament_cmake_python_build_cosmos_interfaces_egg
