[0.054s] Invoking command in '/home/vini_dunker/COSMOS-AFS/cosmos_ws/build/cosmos_interfaces': CMAKE_PREFIX_PATH=${CMAKE_PREFIX_PATH}:/home/vini_dunker/COSMOS-AFS/cosmos_ws/install/sensors_pkg:/home/vini_dunker/COSMOS-AFS/cosmos_ws/install/communication_pkg:/home/vini_dunker/COSMOS-AFS/cosmos_ws/install/camera_pkg:/home/vini_dunker/COSMOS-AFS/cosmos_ws/install/attitude_control_pkg:/home/vini_dunker/Automation/mrt19ROS_ws/install/traverse_state_pkg:/home/vini_dunker/Automation/mrt19ROS_ws/install/state_machine_pkg:/home/vini_dunker/Automation/mrt19ROS_ws/install/mrt19_pkg:/home/vini_dunker/Automation/mrt19ROS_ws/install/drum_pkg:/home/vini_dunker/Automation/mrt19ROS_ws/install/data_acquition_pkg:/home/vini_dunker/udemy_ws/install/my_py_pkg:/home/vini_dunker/mrt_ws/install/traverse_stage:/home/vini_dunker/mrt_ws/install/state_machine:/home/vini_dunker/mrt_ws/install/data_acquisition:/opt/ros/humble /usr/bin/cmake --build /home/vini_dunker/COSMOS-AFS/cosmos_ws/build/cosmos_interfaces -- -j12 -l12
[0.303s] [  3%] Built target cosmos_interfaces__cpp
[0.305s] [ 12%] Built target cosmos_interfaces__rosidl_generator_c
[0.306s] [ 12%] Built target ament_cmake_python_copy_cosmos_interfaces
[0.306s] [ 22%] Built target cosmos_interfaces__rosidl_typesupport_cpp
[0.307s] [ 54%] Built target cosmos_interfaces__rosidl_typesupport_introspection_cpp
[0.307s] [ 54%] Built target cosmos_interfaces__rosidl_typesupport_fastrtps_cpp
[0.307s] [ 54%] Built target cosmos_interfaces__rosidl_typesupport_c
[0.307s] [ 61%] Built target cosmos_interfaces__rosidl_typesupport_introspection_c
[0.307s] [ 70%] Built target cosmos_interfaces__rosidl_typesupport_fastrtps_c
[0.308s] [ 70%] Built target cosmos_interfaces
[0.308s] [ 74%] Built target cosmos_interfaces__py
[0.308s] [ 80%] Built target cosmos_interfaces__rosidl_generator_py
[0.308s] [ 93%] Built target cosmos_interfaces__rosidl_typesupport_c__pyext
[0.308s] [ 93%] Built target cosmos_interfaces__rosidl_typesupport_introspection_c__pyext
[0.309s] [100%] Built target cosmos_interfaces__rosidl_typesupport_fastrtps_c__pyext
[0.323s] running egg_info
[0.323s] writing cosmos_interfaces.egg-info/PKG-INFO
[0.323s] writing dependency_links to cosmos_interfaces.egg-info/dependency_links.txt
[0.324s] writing top-level names to cosmos_interfaces.egg-info/top_level.txt
[0.325s] reading manifest file 'cosmos_interfaces.egg-info/SOURCES.txt'
[0.325s] writing manifest file 'cosmos_interfaces.egg-info/SOURCES.txt'
[0.344s] [100%] Built target ament_cmake_python_build_cosmos_interfaces_egg
[0.553s] Invoked command in '/home/vini_dunker/COSMOS-AFS/cosmos_ws/build/cosmos_interfaces' returned '0': CMAKE_PREFIX_PATH=${CMAKE_PREFIX_PATH}:/home/vini_dunker/COSMOS-AFS/cosmos_ws/install/sensors_pkg:/home/vini_dunker/COSMOS-AFS/cosmos_ws/install/communication_pkg:/home/vini_dunker/COSMOS-AFS/cosmos_ws/install/camera_pkg:/home/vini_dunker/COSMOS-AFS/cosmos_ws/install/attitude_control_pkg:/home/vini_dunker/Automation/mrt19ROS_ws/install/traverse_state_pkg:/home/vini_dunker/Automation/mrt19ROS_ws/install/state_machine_pkg:/home/vini_dunker/Automation/mrt19ROS_ws/install/mrt19_pkg:/home/vini_dunker/Automation/mrt19ROS_ws/install/drum_pkg:/home/vini_dunker/Automation/mrt19ROS_ws/install/data_acquition_pkg:/home/vini_dunker/udemy_ws/install/my_py_pkg:/home/vini_dunker/mrt_ws/install/traverse_stage:/home/vini_dunker/mrt_ws/install/state_machine:/home/vini_dunker/mrt_ws/install/data_acquisition:/opt/ros/humble /usr/bin/cmake --build /home/vini_dunker/COSMOS-AFS/cosmos_ws/build/cosmos_interfaces -- -j12 -l12
