[1.329s] Invoking command in '/home/vini_dunker/COSMOS-AFS/cosmos_ws/src/attitude_control_pkg': PYTHONPATH=/home/vini_dunker/COSMOS-AFS/cosmos_ws/build/attitude_control_pkg/prefix_override:/home/vini_dunker/COSMOS-AFS/cosmos_ws/install/attitude_control_pkg/lib/python3.10/site-packages:${PYTHONPATH} /usr/bin/python3 setup.py egg_info --egg-base ../../build/attitude_control_pkg build --build-base /home/vini_dunker/COSMOS-AFS/cosmos_ws/build/attitude_control_pkg/build install --record /home/vini_dunker/COSMOS-AFS/cosmos_ws/build/attitude_control_pkg/install.log --single-version-externally-managed
[1.585s] running egg_info
[1.586s] writing ../../build/attitude_control_pkg/attitude_control_pkg.egg-info/PKG-INFO
[1.586s] writing dependency_links to ../../build/attitude_control_pkg/attitude_control_pkg.egg-info/dependency_links.txt
[1.587s] writing entry points to ../../build/attitude_control_pkg/attitude_control_pkg.egg-info/entry_points.txt
[1.587s] writing requirements to ../../build/attitude_control_pkg/attitude_control_pkg.egg-info/requires.txt
[1.588s] writing top-level names to ../../build/attitude_control_pkg/attitude_control_pkg.egg-info/top_level.txt
[1.590s] reading manifest file '../../build/attitude_control_pkg/attitude_control_pkg.egg-info/SOURCES.txt'
[1.592s] writing manifest file '../../build/attitude_control_pkg/attitude_control_pkg.egg-info/SOURCES.txt'
[1.592s] running build
[1.592s] running build_py
[1.594s] running install
[1.594s] running install_lib
[1.595s] running install_data
[1.595s] running install_egg_info
[1.597s] removing '/home/vini_dunker/COSMOS-AFS/cosmos_ws/install/attitude_control_pkg/lib/python3.10/site-packages/attitude_control_pkg-0.0.0-py3.10.egg-info' (and everything under it)
[1.597s] Copying ../../build/attitude_control_pkg/attitude_control_pkg.egg-info to /home/vini_dunker/COSMOS-AFS/cosmos_ws/install/attitude_control_pkg/lib/python3.10/site-packages/attitude_control_pkg-0.0.0-py3.10.egg-info
[1.598s] running install_scripts
[1.621s] writing list of installed files to '/home/vini_dunker/COSMOS-AFS/cosmos_ws/build/attitude_control_pkg/install.log'
[1.668s] Invoked command in '/home/vini_dunker/COSMOS-AFS/cosmos_ws/src/attitude_control_pkg' returned '0': PYTHONPATH=/home/vini_dunker/COSMOS-AFS/cosmos_ws/build/attitude_control_pkg/prefix_override:/home/vini_dunker/COSMOS-AFS/cosmos_ws/install/attitude_control_pkg/lib/python3.10/site-packages:${PYTHONPATH} /usr/bin/python3 setup.py egg_info --egg-base ../../build/attitude_control_pkg build --build-base /home/vini_dunker/COSMOS-AFS/cosmos_ws/build/attitude_control_pkg/build install --record /home/vini_dunker/COSMOS-AFS/cosmos_ws/build/attitude_control_pkg/install.log --single-version-externally-managed
