[01m[K/home/vini_dunker/COSMOS-AFS/cosmos_ws/src/state_machine_pkg/src/state_machine_node.cpp:[m[K In member function ‘[01m[Kvoid StateMachine::gStationCallback(std_msgs::msg::Int32_<std::allocator<void> >::SharedPtr)[m[K’:
[01m[K/home/vini_dunker/COSMOS-AFS/cosmos_ws/src/state_machine_pkg/src/state_machine_node.cpp:27:14:[m[K [01;31m[Kerror: [m[Kjump to case label
   27 |         case [01;31m[K1[m[K:
      |              [01;31m[K^[m[K
[01m[K/home/vini_dunker/COSMOS-AFS/cosmos_ws/src/state_machine_pkg/src/state_machine_node.cpp:20:18:[m[K [01;36m[Knote: [m[K  crosses initialization of ‘[01m[Kcosmos_interfaces::msg::ReactionWheels_<std::allocator<void> > command[m[K’
   20 |             auto [01;36m[Kcommand[m[K = cosmos_interfaces::msg::ReactionWheels();
      |                  [01;36m[K^~~~~~~[m[K
[01m[K/home/vini_dunker/COSMOS-AFS/cosmos_ws/src/state_machine_pkg/src/state_machine_node.cpp:30:14:[m[K [01;31m[Kerror: [m[Kjump to case label
   30 |         case [01;31m[K2[m[K:
      |              [01;31m[K^[m[K
[01m[K/home/vini_dunker/COSMOS-AFS/cosmos_ws/src/state_machine_pkg/src/state_machine_node.cpp:20:18:[m[K [01;36m[Knote: [m[K  crosses initialization of ‘[01m[Kcosmos_interfaces::msg::ReactionWheels_<std::allocator<void> > command[m[K’
   20 |             auto [01;36m[Kcommand[m[K = cosmos_interfaces::msg::ReactionWheels();
      |                  [01;36m[K^~~~~~~[m[K
[01m[K/home/vini_dunker/COSMOS-AFS/cosmos_ws/src/state_machine_pkg/src/state_machine_node.cpp:33:9:[m[K [01;31m[Kerror: [m[Kjump to case label
   33 |         [01;31m[Kdefault[m[K:
      |         [01;31m[K^~~~~~~[m[K
[01m[K/home/vini_dunker/COSMOS-AFS/cosmos_ws/src/state_machine_pkg/src/state_machine_node.cpp:20:18:[m[K [01;36m[Knote: [m[K  crosses initialization of ‘[01m[Kcosmos_interfaces::msg::ReactionWheels_<std::allocator<void> > command[m[K’
   20 |             auto [01;36m[Kcommand[m[K = cosmos_interfaces::msg::ReactionWheels();
      |                  [01;36m[K^~~~~~~[m[K
gmake[2]: *** [CMakeFiles/state_machine.dir/build.make:76: CMakeFiles/state_machine.dir/src/state_machine_node.cpp.o] Error 1
gmake[1]: *** [CMakeFiles/Makefile2:137: CMakeFiles/state_machine.dir/all] Error 2
gmake: *** [Makefile:146: all] Error 2
